21:18:50.181 [background-preinit] INFO  o.h.v.i.util.Version - [<clinit>,21] - HV000001: Hibernate Validator 6.2.0.Final
21:18:51.059 [main] INFO  c.a.n.c.c.i.LocalConfigInfoProcessor - [<clinit>,212] - LOCAL_SNAPSHOT_PATH:C:\Users\Administrator\nacos\config
21:18:51.103 [main] INFO  o.r.Reflections - [scan,232] - Reflections took 29 ms to scan 1 urls, producing 3 keys and 6 values 
21:18:51.124 [main] INFO  o.r.Reflections - [scan,232] - Reflections took 12 ms to scan 1 urls, producing 4 keys and 9 values 
21:18:51.137 [main] INFO  o.r.Reflections - [scan,232] - Reflections took 11 ms to scan 1 urls, producing 3 keys and 10 values 
21:18:51.882 [main] INFO  o.r.Reflections - [scan,232] - Reflections took 743 ms to scan 222 urls, producing 0 keys and 0 values 
21:18:51.910 [main] INFO  o.r.Reflections - [scan,232] - Reflections took 9 ms to scan 1 urls, producing 1 keys and 5 values 
21:18:51.921 [main] INFO  o.r.Reflections - [scan,232] - Reflections took 9 ms to scan 1 urls, producing 1 keys and 7 values 
21:18:51.932 [main] INFO  o.r.Reflections - [scan,232] - Reflections took 9 ms to scan 1 urls, producing 2 keys and 8 values 
21:18:52.093 [main] INFO  o.r.Reflections - [scan,232] - Reflections took 159 ms to scan 222 urls, producing 0 keys and 0 values 
21:18:52.094 [main] INFO  c.a.n.c.r.client - [printIfInfoEnabled,60] - [config-0-00d56c80-a0f3-420f-b5f0-b1f5fbb2be6e]RpcClient init label, labels={module=config, Vipserver-Tag=null, source=sdk, Amory-Tag=null, Location-Tag=null, taskId=0, AppName=unknown}
21:18:52.095 [main] INFO  c.a.n.c.r.client - [printIfInfoEnabled,60] - [config-0-00d56c80-a0f3-420f-b5f0-b1f5fbb2be6e]Register server push request handler:com.alibaba.nacos.client.config.impl.ClientWorker$ConfigRpcTransportClient$$Lambda$328/1373577787
21:18:52.095 [main] INFO  c.a.n.c.r.client - [printIfInfoEnabled,60] - [config-0-00d56c80-a0f3-420f-b5f0-b1f5fbb2be6e]Register server push request handler:com.alibaba.nacos.client.config.impl.ClientWorker$ConfigRpcTransportClient$$Lambda$329/265577219
21:18:52.096 [main] INFO  c.a.n.c.r.client - [printIfInfoEnabled,60] - [config-0-00d56c80-a0f3-420f-b5f0-b1f5fbb2be6e]Registry connection listener to current client:com.alibaba.nacos.client.config.impl.ClientWorker$ConfigRpcTransportClient$1
21:18:52.096 [main] INFO  c.a.n.c.r.client - [printIfInfoEnabled,60] - [config-0-00d56c80-a0f3-420f-b5f0-b1f5fbb2be6e]RpcClient init, ServerListFactory =com.alibaba.nacos.client.config.impl.ClientWorker$ConfigRpcTransportClient$2
21:18:52.098 [main] INFO  c.a.n.c.r.client - [printIfInfoEnabled,60] - [config-0-00d56c80-a0f3-420f-b5f0-b1f5fbb2be6e] Try to connect to server on start up, server: {serverIp='127.0.0.1', server main port=8848}
21:18:53.798 [main] INFO  c.a.n.c.r.client - [printIfInfoEnabled,60] - [config-0-00d56c80-a0f3-420f-b5f0-b1f5fbb2be6e] Success to connect to server [127.0.0.1:8848] on start up,connectionId=1663420733570_127.0.0.1_1411
21:18:53.799 [com.alibaba.nacos.client.remote.worker] INFO  c.a.n.c.r.client - [printIfInfoEnabled,60] - [config-0-00d56c80-a0f3-420f-b5f0-b1f5fbb2be6e]Notify connected event to listeners.
21:18:53.799 [main] INFO  c.a.n.c.r.client - [printIfInfoEnabled,60] - [config-0-00d56c80-a0f3-420f-b5f0-b1f5fbb2be6e]Register server push request handler:com.alibaba.nacos.common.remote.client.RpcClient$ConnectResetRequestHandler
21:18:53.799 [com.alibaba.nacos.client.remote.worker] INFO  c.a.n.c.c.i.ClientWorker - [onConnected,625] - [config-0-00d56c80-a0f3-420f-b5f0-b1f5fbb2be6e] Connected,notify listen context...
21:18:53.799 [main] INFO  c.a.n.c.r.client - [printIfInfoEnabled,60] - [config-0-00d56c80-a0f3-420f-b5f0-b1f5fbb2be6e]Register server push request handler:com.alibaba.nacos.common.remote.client.RpcClient$4
21:18:53.830 [main] INFO  c.a.n.c.c.i.Limiter - [<clinit>,54] - limitTime:5.0
21:18:53.842 [main] INFO  c.a.n.c.c.u.JvmUtil - [<clinit>,49] - isMultiInstance:false
21:18:53.879 [main] INFO  c.s.r.ReservoirApplication - [logStartupProfileInfo,667] - The following profiles are active: dev
21:18:56.550 [main] INFO  o.a.c.h.Http11NioProtocol - [log,173] - Initializing ProtocolHandler ["http-nio-9500"]
21:18:56.551 [main] INFO  o.a.c.c.StandardService - [log,173] - Starting service [Tomcat]
21:18:56.551 [main] INFO  o.a.c.c.StandardEngine - [log,173] - Starting Servlet engine: [Apache Tomcat/9.0.46]
21:18:56.662 [main] INFO  o.a.c.c.C.[.[.[/] - [log,173] - Initializing Spring embedded WebApplicationContext
21:18:56.965 [main] INFO  c.a.d.p.DruidDataSource - [init,990] - {dataSource-1,master} inited
21:18:56.966 [main] INFO  c.b.d.d.DynamicRoutingDataSource - [addDataSource,144] - dynamic-datasource - add a datasource named [master] success
21:18:56.966 [main] INFO  c.b.d.d.DynamicRoutingDataSource - [afterPropertiesSet,235] - dynamic-datasource initial loaded [1] datasource,primary datasource named [master]
21:18:58.058 [main] INFO  c.b.d.d.DynamicRoutingDataSource - [destroy,215] - dynamic-datasource start closing ....
21:18:58.125 [main] INFO  c.a.d.p.DruidDataSource - [close,2043] - {dataSource-1} closing ...
21:18:58.147 [main] INFO  c.a.d.p.DruidDataSource - [close,2116] - {dataSource-1} closed
21:18:58.148 [main] INFO  c.b.d.d.DynamicRoutingDataSource - [destroy,219] - dynamic-datasource all closed success,bye
21:18:58.149 [main] INFO  o.a.c.c.StandardService - [log,173] - Stopping service [Tomcat]
21:25:40.079 [background-preinit] INFO  o.h.v.i.util.Version - [<clinit>,21] - HV000001: Hibernate Validator 6.2.0.Final
21:25:41.155 [main] INFO  c.a.n.c.c.i.LocalConfigInfoProcessor - [<clinit>,212] - LOCAL_SNAPSHOT_PATH:C:\Users\Administrator\nacos\config
21:25:41.401 [main] INFO  o.r.Reflections - [scan,232] - Reflections took 57 ms to scan 1 urls, producing 3 keys and 6 values 
21:25:41.442 [main] INFO  o.r.Reflections - [scan,232] - Reflections took 13 ms to scan 1 urls, producing 4 keys and 9 values 
21:25:41.458 [main] INFO  o.r.Reflections - [scan,232] - Reflections took 14 ms to scan 1 urls, producing 3 keys and 10 values 
21:25:41.849 [main] INFO  o.r.Reflections - [scan,232] - Reflections took 388 ms to scan 222 urls, producing 0 keys and 0 values 
21:25:41.861 [main] INFO  o.r.Reflections - [scan,232] - Reflections took 11 ms to scan 1 urls, producing 1 keys and 5 values 
21:25:41.872 [main] INFO  o.r.Reflections - [scan,232] - Reflections took 9 ms to scan 1 urls, producing 1 keys and 7 values 
21:25:41.883 [main] INFO  o.r.Reflections - [scan,232] - Reflections took 9 ms to scan 1 urls, producing 2 keys and 8 values 
21:25:42.071 [main] INFO  o.r.Reflections - [scan,232] - Reflections took 186 ms to scan 222 urls, producing 0 keys and 0 values 
21:25:42.073 [main] INFO  c.a.n.c.r.client - [printIfInfoEnabled,60] - [config-0-fdc4c097-9256-4701-9056-c0be26cda99e]RpcClient init label, labels={module=config, Vipserver-Tag=null, source=sdk, Amory-Tag=null, Location-Tag=null, taskId=0, AppName=unknown}
21:25:42.074 [main] INFO  c.a.n.c.r.client - [printIfInfoEnabled,60] - [config-0-fdc4c097-9256-4701-9056-c0be26cda99e]Register server push request handler:com.alibaba.nacos.client.config.impl.ClientWorker$ConfigRpcTransportClient$$Lambda$328/1107579932
21:25:42.074 [main] INFO  c.a.n.c.r.client - [printIfInfoEnabled,60] - [config-0-fdc4c097-9256-4701-9056-c0be26cda99e]Register server push request handler:com.alibaba.nacos.client.config.impl.ClientWorker$ConfigRpcTransportClient$$Lambda$329/1784834205
21:25:42.075 [main] INFO  c.a.n.c.r.client - [printIfInfoEnabled,60] - [config-0-fdc4c097-9256-4701-9056-c0be26cda99e]Registry connection listener to current client:com.alibaba.nacos.client.config.impl.ClientWorker$ConfigRpcTransportClient$1
21:25:42.075 [main] INFO  c.a.n.c.r.client - [printIfInfoEnabled,60] - [config-0-fdc4c097-9256-4701-9056-c0be26cda99e]RpcClient init, ServerListFactory =com.alibaba.nacos.client.config.impl.ClientWorker$ConfigRpcTransportClient$2
21:25:42.077 [main] INFO  c.a.n.c.r.client - [printIfInfoEnabled,60] - [config-0-fdc4c097-9256-4701-9056-c0be26cda99e] Try to connect to server on start up, server: {serverIp='127.0.0.1', server main port=8848}
21:25:44.085 [main] INFO  c.a.n.c.r.client - [printIfInfoEnabled,60] - [config-0-fdc4c097-9256-4701-9056-c0be26cda99e] Success to connect to server [127.0.0.1:8848] on start up,connectionId=1663421143847_127.0.0.1_3069
21:25:44.178 [com.alibaba.nacos.client.remote.worker] INFO  c.a.n.c.r.client - [printIfInfoEnabled,60] - [config-0-fdc4c097-9256-4701-9056-c0be26cda99e]Notify connected event to listeners.
21:25:44.178 [main] INFO  c.a.n.c.r.client - [printIfInfoEnabled,60] - [config-0-fdc4c097-9256-4701-9056-c0be26cda99e]Register server push request handler:com.alibaba.nacos.common.remote.client.RpcClient$ConnectResetRequestHandler
21:25:44.178 [com.alibaba.nacos.client.remote.worker] INFO  c.a.n.c.c.i.ClientWorker - [onConnected,625] - [config-0-fdc4c097-9256-4701-9056-c0be26cda99e] Connected,notify listen context...
21:25:44.178 [main] INFO  c.a.n.c.r.client - [printIfInfoEnabled,60] - [config-0-fdc4c097-9256-4701-9056-c0be26cda99e]Register server push request handler:com.alibaba.nacos.common.remote.client.RpcClient$4
21:25:44.219 [main] INFO  c.a.n.c.c.i.Limiter - [<clinit>,54] - limitTime:5.0
21:25:44.231 [main] INFO  c.a.n.c.c.u.JvmUtil - [<clinit>,49] - isMultiInstance:false
21:25:44.267 [main] INFO  c.s.r.ReservoirApplication - [logStartupProfileInfo,667] - The following profiles are active: dev
21:25:47.609 [main] INFO  o.a.c.h.Http11NioProtocol - [log,173] - Initializing ProtocolHandler ["http-nio-9500"]
21:25:47.610 [main] INFO  o.a.c.c.StandardService - [log,173] - Starting service [Tomcat]
21:25:47.610 [main] INFO  o.a.c.c.StandardEngine - [log,173] - Starting Servlet engine: [Apache Tomcat/9.0.46]
21:25:47.723 [main] INFO  o.a.c.c.C.[.[.[/] - [log,173] - Initializing Spring embedded WebApplicationContext
21:25:48.249 [main] INFO  c.a.d.p.DruidDataSource - [init,990] - {dataSource-1,master} inited
21:25:48.249 [main] INFO  c.b.d.d.DynamicRoutingDataSource - [addDataSource,144] - dynamic-datasource - add a datasource named [master] success
21:25:48.250 [main] INFO  c.b.d.d.DynamicRoutingDataSource - [afterPropertiesSet,235] - dynamic-datasource initial loaded [1] datasource,primary datasource named [master]
21:25:49.201 [main] INFO  c.b.d.d.DynamicRoutingDataSource - [destroy,215] - dynamic-datasource start closing ....
21:25:49.204 [main] INFO  c.a.d.p.DruidDataSource - [close,2043] - {dataSource-1} closing ...
21:25:49.207 [main] INFO  c.a.d.p.DruidDataSource - [close,2116] - {dataSource-1} closed
21:25:49.207 [main] INFO  c.b.d.d.DynamicRoutingDataSource - [destroy,219] - dynamic-datasource all closed success,bye
21:25:49.208 [main] INFO  o.a.c.c.StandardService - [log,173] - Stopping service [Tomcat]
