18:36:57.412 [background-preinit] INFO  o.h.v.i.util.Version - [<clinit>,21] - HV000001: Hibernate Validator 6.2.0.Final
18:36:58.202 [main] INFO  c.a.n.c.c.i.LocalConfigInfoProcessor - [<clinit>,212] - LOCAL_SNAPSHOT_PATH:C:\Users\Administrator\nacos\config
18:36:58.247 [main] INFO  o.r.Reflections - [scan,232] - Reflections took 31 ms to scan 1 urls, producing 3 keys and 6 values 
18:36:58.266 [main] INFO  o.r.Reflections - [scan,232] - Reflections took 10 ms to scan 1 urls, producing 4 keys and 9 values 
18:36:58.278 [main] INFO  o.r.Reflections - [scan,232] - Reflections took 10 ms to scan 1 urls, producing 3 keys and 10 values 
18:36:58.428 [main] INFO  o.r.Reflections - [scan,232] - Reflections took 148 ms to scan 222 urls, producing 0 keys and 0 values 
18:36:58.438 [main] INFO  o.r.Reflections - [scan,232] - Reflections took 9 ms to scan 1 urls, producing 1 keys and 5 values 
18:36:58.450 [main] INFO  o.r.Reflections - [scan,232] - Reflections took 9 ms to scan 1 urls, producing 1 keys and 7 values 
18:36:58.460 [main] INFO  o.r.Reflections - [scan,232] - Reflections took 9 ms to scan 1 urls, producing 2 keys and 8 values 
18:36:58.601 [main] INFO  o.r.Reflections - [scan,232] - Reflections took 138 ms to scan 222 urls, producing 0 keys and 0 values 
18:36:58.601 [main] INFO  c.a.n.c.r.client - [printIfInfoEnabled,60] - [config-0-1c0554b3-0b18-4066-8527-1bf436d6e512]RpcClient init label, labels={module=config, Vipserver-Tag=null, source=sdk, Amory-Tag=null, Location-Tag=null, taskId=0, AppName=unknown}
18:36:58.602 [main] INFO  c.a.n.c.r.client - [printIfInfoEnabled,60] - [config-0-1c0554b3-0b18-4066-8527-1bf436d6e512]Register server push request handler:com.alibaba.nacos.client.config.impl.ClientWorker$ConfigRpcTransportClient$$Lambda$328/1174586025
18:36:58.602 [main] INFO  c.a.n.c.r.client - [printIfInfoEnabled,60] - [config-0-1c0554b3-0b18-4066-8527-1bf436d6e512]Register server push request handler:com.alibaba.nacos.client.config.impl.ClientWorker$ConfigRpcTransportClient$$Lambda$329/1627010197
18:36:58.603 [main] INFO  c.a.n.c.r.client - [printIfInfoEnabled,60] - [config-0-1c0554b3-0b18-4066-8527-1bf436d6e512]Registry connection listener to current client:com.alibaba.nacos.client.config.impl.ClientWorker$ConfigRpcTransportClient$1
18:36:58.603 [main] INFO  c.a.n.c.r.client - [printIfInfoEnabled,60] - [config-0-1c0554b3-0b18-4066-8527-1bf436d6e512]RpcClient init, ServerListFactory =com.alibaba.nacos.client.config.impl.ClientWorker$ConfigRpcTransportClient$2
18:36:58.605 [main] INFO  c.a.n.c.r.client - [printIfInfoEnabled,60] - [config-0-1c0554b3-0b18-4066-8527-1bf436d6e512] Try to connect to server on start up, server: {serverIp='127.0.0.1', server main port=8848}
18:36:59.949 [main] INFO  c.a.n.c.r.client - [printIfInfoEnabled,60] - [config-0-1c0554b3-0b18-4066-8527-1bf436d6e512] Success to connect to server [127.0.0.1:8848] on start up,connectionId=1647081419728_127.0.0.1_12449
18:36:59.949 [com.alibaba.nacos.client.remote.worker] INFO  c.a.n.c.r.client - [printIfInfoEnabled,60] - [config-0-1c0554b3-0b18-4066-8527-1bf436d6e512]Notify connected event to listeners.
18:36:59.949 [main] INFO  c.a.n.c.r.client - [printIfInfoEnabled,60] - [config-0-1c0554b3-0b18-4066-8527-1bf436d6e512]Register server push request handler:com.alibaba.nacos.common.remote.client.RpcClient$ConnectResetRequestHandler
18:36:59.949 [com.alibaba.nacos.client.remote.worker] INFO  c.a.n.c.c.i.ClientWorker - [onConnected,625] - [config-0-1c0554b3-0b18-4066-8527-1bf436d6e512] Connected,notify listen context...
18:36:59.950 [main] INFO  c.a.n.c.r.client - [printIfInfoEnabled,60] - [config-0-1c0554b3-0b18-4066-8527-1bf436d6e512]Register server push request handler:com.alibaba.nacos.common.remote.client.RpcClient$4
18:36:59.977 [main] INFO  c.a.n.c.c.i.Limiter - [<clinit>,54] - limitTime:5.0
18:36:59.989 [main] INFO  c.a.n.c.c.u.JvmUtil - [<clinit>,49] - isMultiInstance:false
18:37:00.028 [main] INFO  c.s.r.ReservoirApplication - [logStartupProfileInfo,667] - The following profiles are active: dev
18:37:02.272 [main] INFO  o.a.c.h.Http11NioProtocol - [log,173] - Initializing ProtocolHandler ["http-nio-9500"]
18:37:02.273 [main] INFO  o.a.c.c.StandardService - [log,173] - Starting service [Tomcat]
18:37:02.273 [main] INFO  o.a.c.c.StandardEngine - [log,173] - Starting Servlet engine: [Apache Tomcat/9.0.46]
18:37:02.355 [main] INFO  o.a.c.c.C.[.[.[/] - [log,173] - Initializing Spring embedded WebApplicationContext
18:37:02.630 [main] INFO  c.a.d.p.DruidDataSource - [init,990] - {dataSource-1,master} inited
18:37:02.631 [main] INFO  c.b.d.d.DynamicRoutingDataSource - [addDataSource,144] - dynamic-datasource - add a datasource named [master] success
18:37:02.631 [main] INFO  c.b.d.d.DynamicRoutingDataSource - [afterPropertiesSet,235] - dynamic-datasource initial loaded [1] datasource,primary datasource named [master]
18:37:03.602 [main] INFO  c.b.d.d.DynamicRoutingDataSource - [destroy,215] - dynamic-datasource start closing ....
18:37:03.621 [main] INFO  c.a.d.p.DruidDataSource - [close,2043] - {dataSource-1} closing ...
18:37:03.625 [main] INFO  c.a.d.p.DruidDataSource - [close,2116] - {dataSource-1} closed
18:37:03.625 [main] INFO  c.b.d.d.DynamicRoutingDataSource - [destroy,219] - dynamic-datasource all closed success,bye
18:37:03.626 [main] INFO  o.a.c.c.StandardService - [log,173] - Stopping service [Tomcat]
