22:06:32.803 [main] ERROR c.a.n.c.r.client - [printIfErrorEnabled,99] - Send request fail, request=ConfigQueryRequest{headers={charset=UTF-8, exConfigInfo=true, Client-AppName=unknown, Client-RequestTS=1630937192530, Client-RequestToken=db5f5f19bdd913b502f63e2e4e134259, Timestamp=1630937192531, notify=false}, requestId='null'}, retryTimes=0,errorMessage=Client not connected,current status:STARTING
22:06:32.904 [main] ERROR c.a.n.c.r.client - [printIfErrorEnabled,99] - Send request fail, request=ConfigQueryRequest{headers={charset=UTF-8, exConfigInfo=true, Client-AppName=unknown, Client-RequestTS=1630937192530, Client-RequestToken=db5f5f19bdd913b502f63e2e4e134259, Timestamp=1630937192531, notify=false}, requestId='null'}, retryTimes=1,errorMessage=Client not connected,current status:STARTING
22:06:33.005 [main] ERROR c.a.n.c.r.client - [printIfErrorEnabled,99] - Send request fail, request=ConfigQueryRequest{headers={charset=UTF-8, exConfigInfo=true, Client-AppName=unknown, Client-RequestTS=1630937192530, Client-RequestToken=db5f5f19bdd913b502f63e2e4e134259, Timestamp=1630937192531, notify=false}, requestId='null'}, retryTimes=2,errorMessage=Client not connected,current status:STARTING
22:06:33.114 [main] ERROR c.a.n.c.r.client - [printIfErrorEnabled,99] - Send request fail, request=ConfigQueryRequest{headers={charset=UTF-8, exConfigInfo=true, Client-AppName=unknown, Client-RequestTS=1630937193014, Client-RequestToken=00feda070ddfc70da5b49dc5d95525d1, Timestamp=1630937193014, notify=false}, requestId='null'}, retryTimes=0,errorMessage=Client not connected,current status:STARTING
22:06:33.215 [main] ERROR c.a.n.c.r.client - [printIfErrorEnabled,99] - Send request fail, request=ConfigQueryRequest{headers={charset=UTF-8, exConfigInfo=true, Client-AppName=unknown, Client-RequestTS=1630937193014, Client-RequestToken=00feda070ddfc70da5b49dc5d95525d1, Timestamp=1630937193014, notify=false}, requestId='null'}, retryTimes=1,errorMessage=Client not connected,current status:STARTING
22:06:33.317 [main] ERROR c.a.n.c.r.client - [printIfErrorEnabled,99] - Send request fail, request=ConfigQueryRequest{headers={charset=UTF-8, exConfigInfo=true, Client-AppName=unknown, Client-RequestTS=1630937193014, Client-RequestToken=00feda070ddfc70da5b49dc5d95525d1, Timestamp=1630937193014, notify=false}, requestId='null'}, retryTimes=2,errorMessage=Client not connected,current status:STARTING
22:06:33.419 [main] ERROR c.a.n.c.r.client - [printIfErrorEnabled,99] - Send request fail, request=ConfigQueryRequest{headers={charset=UTF-8, exConfigInfo=true, Client-AppName=unknown, Client-RequestTS=1630937193318, Client-RequestToken=6012bda3153fa81b786db218a19edf00, Timestamp=1630937193319, notify=false}, requestId='null'}, retryTimes=0,errorMessage=Client not connected,current status:STARTING
22:06:33.557 [main] ERROR c.a.n.c.r.client - [printIfErrorEnabled,99] - Send request fail, request=ConfigQueryRequest{headers={charset=UTF-8, exConfigInfo=true, Client-AppName=unknown, Client-RequestTS=1630937193318, Client-RequestToken=6012bda3153fa81b786db218a19edf00, Timestamp=1630937193319, notify=false}, requestId='null'}, retryTimes=1,errorMessage=Client not connected,current status:STARTING
22:06:33.672 [main] ERROR c.a.n.c.r.client - [printIfErrorEnabled,99] - Send request fail, request=ConfigQueryRequest{headers={charset=UTF-8, exConfigInfo=true, Client-AppName=unknown, Client-RequestTS=1630937193318, Client-RequestToken=6012bda3153fa81b786db218a19edf00, Timestamp=1630937193319, notify=false}, requestId='null'}, retryTimes=2,errorMessage=Client not connected,current status:STARTING
22:06:33.814 [main] ERROR c.a.n.c.r.client - [printIfErrorEnabled,99] - Send request fail, request=ConfigQueryRequest{headers={charset=UTF-8, exConfigInfo=true, Client-AppName=unknown, Client-RequestTS=1630937193673, Client-RequestToken=418b5cb49ff31353f99bd577b8824c9f, Timestamp=1630937193673, notify=false}, requestId='null'}, retryTimes=0,errorMessage=Client not connected,current status:STARTING
22:06:33.948 [main] ERROR c.a.n.c.r.client - [printIfErrorEnabled,99] - Send request fail, request=ConfigQueryRequest{headers={charset=UTF-8, exConfigInfo=true, Client-AppName=unknown, Client-RequestTS=1630937193673, Client-RequestToken=418b5cb49ff31353f99bd577b8824c9f, Timestamp=1630937193673, notify=false}, requestId='null'}, retryTimes=1,errorMessage=Client not connected,current status:STARTING
22:06:34.049 [main] ERROR c.a.n.c.r.client - [printIfErrorEnabled,99] - Send request fail, request=ConfigQueryRequest{headers={charset=UTF-8, exConfigInfo=true, Client-AppName=unknown, Client-RequestTS=1630937193673, Client-RequestToken=418b5cb49ff31353f99bd577b8824c9f, Timestamp=1630937193673, notify=false}, requestId='null'}, retryTimes=2,errorMessage=Client not connected,current status:STARTING
22:06:48.024 [main] ERROR c.a.n.c.r.client - [printIfErrorEnabled,99] - Send request fail, request=SubscribeServiceRequest{headers={app=unknown}, requestId='null'}, retryTimes=0,errorMessage=Client not connected,current status:STARTING
22:06:48.125 [main] ERROR c.a.n.c.r.client - [printIfErrorEnabled,99] - Send request fail, request=SubscribeServiceRequest{headers={app=unknown}, requestId='null'}, retryTimes=1,errorMessage=Client not connected,current status:STARTING
22:06:48.226 [main] ERROR c.a.n.c.r.client - [printIfErrorEnabled,99] - Send request fail, request=SubscribeServiceRequest{headers={app=unknown}, requestId='null'}, retryTimes=2,errorMessage=Client not connected,current status:STARTING
22:06:48.297 [main] ERROR c.a.c.n.d.NacosWatch - [start,127] - namingService subscribe failed, properties:NacosDiscoveryProperties{serverAddr='127.0.0.1:8848', endpoint='', namespace='', watchDelay=30000, logName='', service='ruoyi-gen', weight=1.0, clusterName='DEFAULT', group='DEFAULT_GROUP', namingLoadCacheAtStart='false', metadata={preserved.register.source=SPRING_CLOUD}, registerEnabled=true, ip='192.168.0.126', networkInterface='', port=-1, secure=false, accessKey='', secretKey='', heartBeatInterval=null, heartBeatTimeout=null, ipDeleteTimeout=null}
com.alibaba.nacos.api.exception.NacosException: Request nacos server failed: 
	at com.alibaba.nacos.client.naming.remote.gprc.NamingGrpcClientProxy.requestToServer(NamingGrpcClientProxy.java:213)
	at com.alibaba.nacos.client.naming.remote.gprc.NamingGrpcClientProxy.subscribe(NamingGrpcClientProxy.java:172)
	at com.alibaba.nacos.client.naming.remote.NamingClientProxyDelegate.subscribe(NamingClientProxyDelegate.java:146)
	at com.alibaba.nacos.client.naming.NacosNamingService.subscribe(NacosNamingService.java:387)
	at com.alibaba.cloud.nacos.discovery.NacosWatch.start(NacosWatch.java:123)
	at org.springframework.context.support.DefaultLifecycleProcessor.doStart(DefaultLifecycleProcessor.java:178)
	at org.springframework.context.support.DefaultLifecycleProcessor.access$200(DefaultLifecycleProcessor.java:54)
	at org.springframework.context.support.DefaultLifecycleProcessor$LifecycleGroup.start(DefaultLifecycleProcessor.java:356)
	at java.lang.Iterable.forEach(Iterable.java:75)
	at org.springframework.context.support.DefaultLifecycleProcessor.startBeans(DefaultLifecycleProcessor.java:155)
	at org.springframework.context.support.DefaultLifecycleProcessor.onRefresh(DefaultLifecycleProcessor.java:123)
	at org.springframework.context.support.AbstractApplicationContext.finishRefresh(AbstractApplicationContext.java:935)
	at org.springframework.context.support.AbstractApplicationContext.refresh(AbstractApplicationContext.java:586)
	at org.springframework.boot.web.servlet.context.ServletWebServerApplicationContext.refresh(ServletWebServerApplicationContext.java:145)
	at org.springframework.boot.SpringApplication.refresh(SpringApplication.java:758)
	at org.springframework.boot.SpringApplication.refreshContext(SpringApplication.java:438)
	at org.springframework.boot.SpringApplication.run(SpringApplication.java:337)
	at org.springframework.boot.SpringApplication.run(SpringApplication.java:1336)
	at org.springframework.boot.SpringApplication.run(SpringApplication.java:1325)
	at com.ruoyi.gen.CFGenApplication.main(CFGenApplication.java:22)
Caused by: com.alibaba.nacos.api.exception.NacosException: Client not connected,current status:STARTING
	at com.alibaba.nacos.common.remote.client.RpcClient.request(RpcClient.java:628)
	at com.alibaba.nacos.common.remote.client.RpcClient.request(RpcClient.java:608)
	at com.alibaba.nacos.client.naming.remote.gprc.NamingGrpcClientProxy.requestToServer(NamingGrpcClientProxy.java:203)
	... 19 common frames omitted
22:06:48.422 [main] ERROR c.a.n.c.r.client - [printIfErrorEnabled,99] - Send request fail, request=InstanceRequest{headers={app=unknown}, requestId='null'}, retryTimes=0,errorMessage=Client not connected,current status:STARTING
22:06:48.523 [main] ERROR c.a.n.c.r.client - [printIfErrorEnabled,99] - Send request fail, request=InstanceRequest{headers={app=unknown}, requestId='null'}, retryTimes=1,errorMessage=Client not connected,current status:STARTING
22:06:48.624 [main] ERROR c.a.n.c.r.client - [printIfErrorEnabled,99] - Send request fail, request=InstanceRequest{headers={app=unknown}, requestId='null'}, retryTimes=2,errorMessage=Client not connected,current status:STARTING
22:06:48.624 [main] ERROR c.a.c.n.r.NacosServiceRegistry - [register,79] - nacos registry, ruoyi-gen register failed...NacosRegistration{nacosDiscoveryProperties=NacosDiscoveryProperties{serverAddr='127.0.0.1:8848', endpoint='', namespace='', watchDelay=30000, logName='', service='ruoyi-gen', weight=1.0, clusterName='DEFAULT', group='DEFAULT_GROUP', namingLoadCacheAtStart='false', metadata={preserved.register.source=SPRING_CLOUD}, registerEnabled=true, ip='192.168.0.126', networkInterface='', port=9202, secure=false, accessKey='', secretKey='', heartBeatInterval=null, heartBeatTimeout=null, ipDeleteTimeout=null}},
com.alibaba.nacos.api.exception.NacosException: Request nacos server failed: 
	at com.alibaba.nacos.client.naming.remote.gprc.NamingGrpcClientProxy.requestToServer(NamingGrpcClientProxy.java:213)
	at com.alibaba.nacos.client.naming.remote.gprc.NamingGrpcClientProxy.registerService(NamingGrpcClientProxy.java:101)
	at com.alibaba.nacos.client.naming.remote.NamingClientProxyDelegate.registerService(NamingClientProxyDelegate.java:95)
	at com.alibaba.nacos.client.naming.NacosNamingService.registerInstance(NacosNamingService.java:139)
	at com.alibaba.cloud.nacos.registry.NacosServiceRegistry.register(NacosServiceRegistry.java:74)
	at org.springframework.cloud.client.serviceregistry.AbstractAutoServiceRegistration.register(AbstractAutoServiceRegistration.java:232)
	at com.alibaba.cloud.nacos.registry.NacosAutoServiceRegistration.register(NacosAutoServiceRegistration.java:78)
	at org.springframework.cloud.client.serviceregistry.AbstractAutoServiceRegistration.start(AbstractAutoServiceRegistration.java:133)
	at org.springframework.cloud.client.serviceregistry.AbstractAutoServiceRegistration.bind(AbstractAutoServiceRegistration.java:98)
	at org.springframework.cloud.client.serviceregistry.AbstractAutoServiceRegistration.onApplicationEvent(AbstractAutoServiceRegistration.java:86)
	at org.springframework.cloud.client.serviceregistry.AbstractAutoServiceRegistration.onApplicationEvent(AbstractAutoServiceRegistration.java:47)
	at org.springframework.context.event.SimpleApplicationEventMulticaster.doInvokeListener(SimpleApplicationEventMulticaster.java:176)
	at org.springframework.context.event.SimpleApplicationEventMulticaster.invokeListener(SimpleApplicationEventMulticaster.java:169)
	at org.springframework.context.event.SimpleApplicationEventMulticaster.multicastEvent(SimpleApplicationEventMulticaster.java:143)
	at org.springframework.context.support.AbstractApplicationContext.publishEvent(AbstractApplicationContext.java:421)
	at org.springframework.context.support.AbstractApplicationContext.publishEvent(AbstractApplicationContext.java:378)
	at org.springframework.boot.web.servlet.context.WebServerStartStopLifecycle.start(WebServerStartStopLifecycle.java:46)
	at org.springframework.context.support.DefaultLifecycleProcessor.doStart(DefaultLifecycleProcessor.java:178)
	at org.springframework.context.support.DefaultLifecycleProcessor.access$200(DefaultLifecycleProcessor.java:54)
	at org.springframework.context.support.DefaultLifecycleProcessor$LifecycleGroup.start(DefaultLifecycleProcessor.java:356)
	at java.lang.Iterable.forEach(Iterable.java:75)
	at org.springframework.context.support.DefaultLifecycleProcessor.startBeans(DefaultLifecycleProcessor.java:155)
	at org.springframework.context.support.DefaultLifecycleProcessor.onRefresh(DefaultLifecycleProcessor.java:123)
	at org.springframework.context.support.AbstractApplicationContext.finishRefresh(AbstractApplicationContext.java:935)
	at org.springframework.context.support.AbstractApplicationContext.refresh(AbstractApplicationContext.java:586)
	at org.springframework.boot.web.servlet.context.ServletWebServerApplicationContext.refresh(ServletWebServerApplicationContext.java:145)
	at org.springframework.boot.SpringApplication.refresh(SpringApplication.java:758)
	at org.springframework.boot.SpringApplication.refreshContext(SpringApplication.java:438)
	at org.springframework.boot.SpringApplication.run(SpringApplication.java:337)
	at org.springframework.boot.SpringApplication.run(SpringApplication.java:1336)
	at org.springframework.boot.SpringApplication.run(SpringApplication.java:1325)
	at com.ruoyi.gen.CFGenApplication.main(CFGenApplication.java:22)
Caused by: com.alibaba.nacos.api.exception.NacosException: Client not connected,current status:STARTING
	at com.alibaba.nacos.common.remote.client.RpcClient.request(RpcClient.java:628)
	at com.alibaba.nacos.common.remote.client.RpcClient.request(RpcClient.java:608)
	at com.alibaba.nacos.client.naming.remote.gprc.NamingGrpcClientProxy.requestToServer(NamingGrpcClientProxy.java:203)
	... 31 common frames omitted
22:06:50.093 [main] ERROR o.s.b.SpringApplication - [reportFailure,847] - Application run failed
org.springframework.context.ApplicationContextException: Failed to start bean 'webServerStartStop'; nested exception is java.lang.reflect.UndeclaredThrowableException
	at org.springframework.context.support.DefaultLifecycleProcessor.doStart(DefaultLifecycleProcessor.java:181)
	at org.springframework.context.support.DefaultLifecycleProcessor.access$200(DefaultLifecycleProcessor.java:54)
	at org.springframework.context.support.DefaultLifecycleProcessor$LifecycleGroup.start(DefaultLifecycleProcessor.java:356)
	at java.lang.Iterable.forEach(Iterable.java:75)
	at org.springframework.context.support.DefaultLifecycleProcessor.startBeans(DefaultLifecycleProcessor.java:155)
	at org.springframework.context.support.DefaultLifecycleProcessor.onRefresh(DefaultLifecycleProcessor.java:123)
	at org.springframework.context.support.AbstractApplicationContext.finishRefresh(AbstractApplicationContext.java:935)
	at org.springframework.context.support.AbstractApplicationContext.refresh(AbstractApplicationContext.java:586)
	at org.springframework.boot.web.servlet.context.ServletWebServerApplicationContext.refresh(ServletWebServerApplicationContext.java:145)
	at org.springframework.boot.SpringApplication.refresh(SpringApplication.java:758)
	at org.springframework.boot.SpringApplication.refreshContext(SpringApplication.java:438)
	at org.springframework.boot.SpringApplication.run(SpringApplication.java:337)
	at org.springframework.boot.SpringApplication.run(SpringApplication.java:1336)
	at org.springframework.boot.SpringApplication.run(SpringApplication.java:1325)
	at com.ruoyi.gen.CFGenApplication.main(CFGenApplication.java:22)
Caused by: java.lang.reflect.UndeclaredThrowableException: null
	at org.springframework.util.ReflectionUtils.rethrowRuntimeException(ReflectionUtils.java:147)
	at com.alibaba.cloud.nacos.registry.NacosServiceRegistry.register(NacosServiceRegistry.java:83)
	at org.springframework.cloud.client.serviceregistry.AbstractAutoServiceRegistration.register(AbstractAutoServiceRegistration.java:232)
	at com.alibaba.cloud.nacos.registry.NacosAutoServiceRegistration.register(NacosAutoServiceRegistration.java:78)
	at org.springframework.cloud.client.serviceregistry.AbstractAutoServiceRegistration.start(AbstractAutoServiceRegistration.java:133)
	at org.springframework.cloud.client.serviceregistry.AbstractAutoServiceRegistration.bind(AbstractAutoServiceRegistration.java:98)
	at org.springframework.cloud.client.serviceregistry.AbstractAutoServiceRegistration.onApplicationEvent(AbstractAutoServiceRegistration.java:86)
	at org.springframework.cloud.client.serviceregistry.AbstractAutoServiceRegistration.onApplicationEvent(AbstractAutoServiceRegistration.java:47)
	at org.springframework.context.event.SimpleApplicationEventMulticaster.doInvokeListener(SimpleApplicationEventMulticaster.java:176)
	at org.springframework.context.event.SimpleApplicationEventMulticaster.invokeListener(SimpleApplicationEventMulticaster.java:169)
	at org.springframework.context.event.SimpleApplicationEventMulticaster.multicastEvent(SimpleApplicationEventMulticaster.java:143)
	at org.springframework.context.support.AbstractApplicationContext.publishEvent(AbstractApplicationContext.java:421)
	at org.springframework.context.support.AbstractApplicationContext.publishEvent(AbstractApplicationContext.java:378)
	at org.springframework.boot.web.servlet.context.WebServerStartStopLifecycle.start(WebServerStartStopLifecycle.java:46)
	at org.springframework.context.support.DefaultLifecycleProcessor.doStart(DefaultLifecycleProcessor.java:178)
	... 14 common frames omitted
Caused by: com.alibaba.nacos.api.exception.NacosException: Request nacos server failed: 
	at com.alibaba.nacos.client.naming.remote.gprc.NamingGrpcClientProxy.requestToServer(NamingGrpcClientProxy.java:213)
	at com.alibaba.nacos.client.naming.remote.gprc.NamingGrpcClientProxy.registerService(NamingGrpcClientProxy.java:101)
	at com.alibaba.nacos.client.naming.remote.NamingClientProxyDelegate.registerService(NamingClientProxyDelegate.java:95)
	at com.alibaba.nacos.client.naming.NacosNamingService.registerInstance(NacosNamingService.java:139)
	at com.alibaba.cloud.nacos.registry.NacosServiceRegistry.register(NacosServiceRegistry.java:74)
	... 27 common frames omitted
Caused by: com.alibaba.nacos.api.exception.NacosException: Client not connected,current status:STARTING
	at com.alibaba.nacos.common.remote.client.RpcClient.request(RpcClient.java:628)
	at com.alibaba.nacos.common.remote.client.RpcClient.request(RpcClient.java:608)
	at com.alibaba.nacos.client.naming.remote.gprc.NamingGrpcClientProxy.requestToServer(NamingGrpcClientProxy.java:203)
	... 31 common frames omitted
