21:23:24.010 [background-preinit] INFO  o.h.v.i.util.Version - [<clinit>,21] - HV000001: Hibernate Validator 6.2.0.Final
21:23:25.262 [main] INFO  c.a.n.c.c.i.LocalConfigInfoProcessor - [<clinit>,212] - LOCAL_SNAPSHOT_PATH:C:\Users\Administrator\nacos\config
21:23:25.319 [main] INFO  o.r.Reflections - [scan,232] - Reflections took 33 ms to scan 1 urls, producing 3 keys and 6 values 
21:23:25.351 [main] INFO  o.r.Reflections - [scan,232] - Reflections took 19 ms to scan 1 urls, producing 4 keys and 9 values 
21:23:25.368 [main] INFO  o.r.Reflections - [scan,232] - Reflections took 13 ms to scan 1 urls, producing 3 keys and 10 values 
21:23:25.626 [main] INFO  o.r.Reflections - [scan,232] - Reflections took 256 ms to scan 185 urls, producing 0 keys and 0 values 
21:23:25.638 [main] INFO  o.r.Reflections - [scan,232] - Reflections took 11 ms to scan 1 urls, producing 1 keys and 5 values 
21:23:25.655 [main] INFO  o.r.Reflections - [scan,232] - Reflections took 14 ms to scan 1 urls, producing 1 keys and 7 values 
21:23:25.669 [main] INFO  o.r.Reflections - [scan,232] - Reflections took 12 ms to scan 1 urls, producing 2 keys and 8 values 
21:23:25.855 [main] INFO  o.r.Reflections - [scan,232] - Reflections took 184 ms to scan 185 urls, producing 0 keys and 0 values 
21:23:25.856 [main] INFO  c.a.n.c.r.client - [printIfInfoEnabled,60] - [config-0-d828ee59-8154-453b-b81a-040bdd65c52a]RpcClient init label, labels={module=config, Vipserver-Tag=null, source=sdk, Amory-Tag=null, Location-Tag=null, taskId=0, AppName=unknown}
21:23:25.857 [main] INFO  c.a.n.c.r.client - [printIfInfoEnabled,60] - [config-0-d828ee59-8154-453b-b81a-040bdd65c52a]Register server push request handler:com.alibaba.nacos.client.config.impl.ClientWorker$ConfigRpcTransportClient$$Lambda$327/1821100643
21:23:25.857 [main] INFO  c.a.n.c.r.client - [printIfInfoEnabled,60] - [config-0-d828ee59-8154-453b-b81a-040bdd65c52a]Register server push request handler:com.alibaba.nacos.client.config.impl.ClientWorker$ConfigRpcTransportClient$$Lambda$328/593768538
21:23:25.858 [main] INFO  c.a.n.c.r.client - [printIfInfoEnabled,60] - [config-0-d828ee59-8154-453b-b81a-040bdd65c52a]Registry connection listener to current client:com.alibaba.nacos.client.config.impl.ClientWorker$ConfigRpcTransportClient$1
21:23:25.858 [main] INFO  c.a.n.c.r.client - [printIfInfoEnabled,60] - [config-0-d828ee59-8154-453b-b81a-040bdd65c52a]RpcClient init, ServerListFactory =com.alibaba.nacos.client.config.impl.ClientWorker$ConfigRpcTransportClient$2
21:23:25.861 [main] INFO  c.a.n.c.r.client - [printIfInfoEnabled,60] - [config-0-d828ee59-8154-453b-b81a-040bdd65c52a] Try to connect to server on start up, server: {serverIp='127.0.0.1', server main port=8848}
21:23:28.224 [main] INFO  c.a.n.c.r.client - [printIfInfoEnabled,60] - [config-0-d828ee59-8154-453b-b81a-040bdd65c52a] Success to connect to server [127.0.0.1:8848] on start up,connectionId=1663421007940_127.0.0.1_2124
21:23:28.224 [com.alibaba.nacos.client.remote.worker] INFO  c.a.n.c.r.client - [printIfInfoEnabled,60] - [config-0-d828ee59-8154-453b-b81a-040bdd65c52a]Notify connected event to listeners.
21:23:28.224 [com.alibaba.nacos.client.remote.worker] INFO  c.a.n.c.c.i.ClientWorker - [onConnected,625] - [config-0-d828ee59-8154-453b-b81a-040bdd65c52a] Connected,notify listen context...
21:23:28.224 [main] INFO  c.a.n.c.r.client - [printIfInfoEnabled,60] - [config-0-d828ee59-8154-453b-b81a-040bdd65c52a]Register server push request handler:com.alibaba.nacos.common.remote.client.RpcClient$ConnectResetRequestHandler
21:23:28.225 [main] INFO  c.a.n.c.r.client - [printIfInfoEnabled,60] - [config-0-d828ee59-8154-453b-b81a-040bdd65c52a]Register server push request handler:com.alibaba.nacos.common.remote.client.RpcClient$4
21:23:28.261 [main] INFO  c.a.n.c.c.i.Limiter - [<clinit>,54] - limitTime:5.0
21:23:28.279 [main] INFO  c.a.n.c.c.u.JvmUtil - [<clinit>,49] - isMultiInstance:false
21:23:28.309 [main] INFO  c.r.g.CFGenApplication - [logStartupProfileInfo,667] - The following profiles are active: dev
21:23:31.232 [main] INFO  o.a.c.h.Http11NioProtocol - [log,173] - Initializing ProtocolHandler ["http-nio-9202"]
21:23:31.233 [main] INFO  o.a.c.c.StandardService - [log,173] - Starting service [Tomcat]
21:23:31.233 [main] INFO  o.a.c.c.StandardEngine - [log,173] - Starting Servlet engine: [Apache Tomcat/9.0.46]
21:23:31.439 [main] INFO  o.a.c.c.C.[.[.[/] - [log,173] - Initializing Spring embedded WebApplicationContext
21:23:32.556 [main] INFO  c.a.c.s.SentinelWebAutoConfiguration - [addInterceptors,80] - [Sentinel Starter] register SentinelWebInterceptor with urlPatterns: [/**].
21:23:33.978 [main] INFO  c.a.n.client.naming - [call,65] - initializer namespace from System Property :null
21:23:33.979 [main] INFO  c.a.n.client.naming - [call,74] - initializer namespace from System Environment :null
21:23:33.980 [main] INFO  c.a.n.client.naming - [call,84] - initializer namespace from System Property :null
21:23:34.003 [main] INFO  c.a.n.c.r.client - [printIfInfoEnabled,60] - [e975e801-aad3-4e12-ae76-47b7fc1e5d08]RpcClient init label, labels={module=naming, source=sdk}
21:23:34.004 [main] INFO  c.a.n.c.r.client - [printIfInfoEnabled,60] - [e975e801-aad3-4e12-ae76-47b7fc1e5d08]RpcClient init, ServerListFactory =com.alibaba.nacos.client.naming.core.ServerListManager
21:23:34.005 [main] INFO  c.a.n.c.r.client - [printIfInfoEnabled,60] - [e975e801-aad3-4e12-ae76-47b7fc1e5d08] Try to connect to server on start up, server: {serverIp='127.0.0.1', server main port=8848}
21:23:34.117 [main] INFO  c.a.n.c.r.client - [printIfInfoEnabled,60] - [e975e801-aad3-4e12-ae76-47b7fc1e5d08] Success to connect to server [127.0.0.1:8848] on start up,connectionId=1663421014010_127.0.0.1_2229
21:23:34.117 [main] INFO  c.a.n.c.r.client - [printIfInfoEnabled,60] - [e975e801-aad3-4e12-ae76-47b7fc1e5d08]Register server push request handler:com.alibaba.nacos.common.remote.client.RpcClient$ConnectResetRequestHandler
21:23:34.118 [main] INFO  c.a.n.c.r.client - [printIfInfoEnabled,60] - [e975e801-aad3-4e12-ae76-47b7fc1e5d08]Register server push request handler:com.alibaba.nacos.common.remote.client.RpcClient$4
21:23:34.119 [main] INFO  c.a.n.c.r.client - [printIfInfoEnabled,60] - [e975e801-aad3-4e12-ae76-47b7fc1e5d08]Register server push request handler:com.alibaba.nacos.client.naming.remote.gprc.NamingPushRequestHandler
21:23:34.119 [main] INFO  c.a.n.c.r.client - [printIfInfoEnabled,60] - [e975e801-aad3-4e12-ae76-47b7fc1e5d08]Registry connection listener to current client:com.alibaba.nacos.client.naming.remote.gprc.NamingGrpcConnectionEventListener
21:23:34.501 [main] INFO  s.d.s.w.PropertySourcedRequestMappingHandlerMapping - [initHandlerMethods,69] - Mapped URL path [/v2/api-docs] onto method [springfox.documentation.swagger2.web.Swagger2Controller#getDocumentation(String, HttpServletRequest)]
21:23:36.166 [main] INFO  c.a.n.c.i.CredentialWatcher - [loadCredential,165] - null No credential found
21:23:36.191 [main] INFO  c.a.n.client.naming - [isChangedServiceInfo,167] - init new ips(0) service: DEFAULT_GROUP@@ruoyi-gen@@DEFAULT -> []
21:23:36.200 [main] INFO  c.a.n.client.naming - [processServiceInfo,152] - current ips:(0) service: DEFAULT_GROUP@@ruoyi-gen@@DEFAULT -> []
21:23:36.207 [main] INFO  o.a.c.h.Http11NioProtocol - [log,173] - Starting ProtocolHandler ["http-nio-9202"]
21:23:36.220 [main] INFO  c.a.n.client.naming - [registerService,97] - [REGISTER-SERVICE] public registering service ruoyi-gen with instance Instance{instanceId='null', ip='192.168.0.131', port=9202, weight=1.0, healthy=true, enabled=true, ephemeral=true, clusterName='DEFAULT', serviceName='null', metadata={preserved.register.source=SPRING_CLOUD}}
21:23:36.225 [main] INFO  c.a.c.n.r.NacosServiceRegistry - [register,75] - nacos registry, DEFAULT_GROUP ruoyi-gen 192.168.0.131:9202 register finished
21:23:36.757 [nacos-grpc-client-executor-8] INFO  c.a.n.c.r.client - [printIfInfoEnabled,60] - [e975e801-aad3-4e12-ae76-47b7fc1e5d08]receive server push request,request=NotifySubscriberRequest,requestId=14
21:23:36.761 [nacos-grpc-client-executor-8] INFO  c.a.n.client.naming - [isChangedServiceInfo,167] - init new ips(1) service: DEFAULT_GROUP@@ruoyi-gen -> [{"ip":"192.168.0.131","port":9202,"weight":1.0,"healthy":true,"enabled":true,"ephemeral":true,"clusterName":"DEFAULT","serviceName":"DEFAULT_GROUP@@ruoyi-gen","metadata":{"preserved.register.source":"SPRING_CLOUD"},"instanceHeartBeatInterval":5000,"instanceHeartBeatTimeOut":15000,"ipDeleteTimeout":30000}]
21:23:36.762 [nacos-grpc-client-executor-8] INFO  c.a.n.client.naming - [processServiceInfo,152] - current ips:(1) service: DEFAULT_GROUP@@ruoyi-gen -> [{"ip":"192.168.0.131","port":9202,"weight":1.0,"healthy":true,"enabled":true,"ephemeral":true,"clusterName":"DEFAULT","serviceName":"DEFAULT_GROUP@@ruoyi-gen","metadata":{"preserved.register.source":"SPRING_CLOUD"},"instanceHeartBeatInterval":5000,"instanceHeartBeatTimeOut":15000,"ipDeleteTimeout":30000}]
21:23:36.763 [nacos-grpc-client-executor-8] INFO  c.a.n.c.r.client - [printIfInfoEnabled,60] - [e975e801-aad3-4e12-ae76-47b7fc1e5d08]ack server push request,request=NotifySubscriberRequest,requestId=14
21:23:36.845 [main] INFO  s.d.s.w.p.DocumentationPluginsBootstrapper - [start,160] - Context refreshed
21:23:36.855 [main] INFO  s.d.s.w.p.DocumentationPluginsBootstrapper - [start,163] - Found 1 custom documentation plugin(s)
21:23:36.890 [main] INFO  s.d.s.w.s.ApiListingReferenceScanner - [scan,41] - Scanning for api listing references
21:23:37.057 [main] INFO  c.r.g.CFGenApplication - [logStarted,61] - Started CFGenApplication in 14.42 seconds (JVM running for 15.721)
21:23:37.067 [main] INFO  c.a.n.c.c.i.ClientWorker - [addCacheDataIfAbsent,346] - [config_rpc_client] [subscribe] ruoyi-gen+DEFAULT_GROUP
21:23:37.067 [main] INFO  c.a.n.c.c.i.CacheData - [addListener,128] - [config_rpc_client] [add-listener] ok, tenant=, dataId=ruoyi-gen, group=DEFAULT_GROUP, cnt=1
21:23:37.068 [main] INFO  c.a.n.c.c.i.ClientWorker - [addCacheDataIfAbsent,346] - [config_rpc_client] [subscribe] ruoyi-gen-dev.yml+DEFAULT_GROUP
21:23:37.068 [main] INFO  c.a.n.c.c.i.CacheData - [addListener,128] - [config_rpc_client] [add-listener] ok, tenant=, dataId=ruoyi-gen-dev.yml, group=DEFAULT_GROUP, cnt=1
21:23:37.069 [main] INFO  c.a.n.c.c.i.ClientWorker - [addCacheDataIfAbsent,346] - [config_rpc_client] [subscribe] ruoyi-gen.yml+DEFAULT_GROUP
21:23:37.069 [main] INFO  c.a.n.c.c.i.CacheData - [addListener,128] - [config_rpc_client] [add-listener] ok, tenant=, dataId=ruoyi-gen.yml, group=DEFAULT_GROUP, cnt=1
21:23:37.197 [com.alibaba.nacos.client.naming.updater.0] INFO  c.a.n.client.naming - [isChangedServiceInfo,221] - new ips(1) service: DEFAULT_GROUP@@ruoyi-gen@@DEFAULT -> [{"ip":"192.168.0.131","port":9202,"weight":1.0,"healthy":true,"enabled":true,"ephemeral":true,"clusterName":"DEFAULT","serviceName":"DEFAULT_GROUP@@ruoyi-gen","metadata":{"preserved.register.source":"SPRING_CLOUD"},"instanceHeartBeatInterval":5000,"instanceHeartBeatTimeOut":15000,"ipDeleteTimeout":30000}]
21:23:37.197 [com.alibaba.nacos.client.naming.updater.0] INFO  c.a.n.client.naming - [processServiceInfo,152] - current ips:(1) service: DEFAULT_GROUP@@ruoyi-gen@@DEFAULT -> [{"ip":"192.168.0.131","port":9202,"weight":1.0,"healthy":true,"enabled":true,"ephemeral":true,"clusterName":"DEFAULT","serviceName":"DEFAULT_GROUP@@ruoyi-gen","metadata":{"preserved.register.source":"SPRING_CLOUD"},"instanceHeartBeatInterval":5000,"instanceHeartBeatTimeOut":15000,"ipDeleteTimeout":30000}]
21:23:44.143 [http-nio-9202-exec-1] INFO  o.a.c.c.C.[.[.[/] - [log,173] - Initializing Spring DispatcherServlet 'dispatcherServlet'
21:23:44.310 [http-nio-9202-exec-1] INFO  c.z.h.HikariDataSource - [getConnection,110] - HikariPool-1 - Starting...
21:23:44.572 [http-nio-9202-exec-1] INFO  c.z.h.HikariDataSource - [getConnection,123] - HikariPool-1 - Start completed.
