11:08:40.729 [background-preinit] INFO  o.h.v.i.util.Version - [<clinit>,21] - HV000001: Hibernate Validator 6.2.0.Final
11:08:41.316 [main] INFO  c.a.n.c.c.i.LocalConfigInfoProcessor - [<clinit>,212] - LOCAL_SNAPSHOT_PATH:C:\Users\Administrator\nacos\config
11:08:41.352 [main] INFO  o.r.Reflections - [scan,232] - Reflections took 22 ms to scan 1 urls, producing 3 keys and 6 values 
11:08:41.375 [main] INFO  o.r.Reflections - [scan,232] - Reflections took 13 ms to scan 1 urls, producing 4 keys and 9 values 
11:08:41.387 [main] INFO  o.r.Reflections - [scan,232] - Reflections took 10 ms to scan 1 urls, producing 3 keys and 10 values 
11:08:41.521 [main] INFO  o.r.Reflections - [scan,232] - Reflections took 132 ms to scan 184 urls, producing 0 keys and 0 values 
11:08:41.531 [main] INFO  o.r.Reflections - [scan,232] - Reflections took 9 ms to scan 1 urls, producing 1 keys and 5 values 
11:08:41.542 [main] INFO  o.r.Reflections - [scan,232] - Reflections took 9 ms to scan 1 urls, producing 1 keys and 7 values 
11:08:41.554 [main] INFO  o.r.Reflections - [scan,232] - Reflections took 10 ms to scan 1 urls, producing 2 keys and 8 values 
11:08:41.672 [main] INFO  o.r.Reflections - [scan,232] - Reflections took 117 ms to scan 184 urls, producing 0 keys and 0 values 
11:08:41.673 [main] INFO  c.a.n.c.r.client - [printIfInfoEnabled,60] - [config-0-40ea90ed-3619-4e35-93d0-cee401a4559b]RpcClient init label, labels={module=config, Vipserver-Tag=null, source=sdk, Amory-Tag=null, Location-Tag=null, taskId=0, AppName=unknown}
11:08:41.674 [main] INFO  c.a.n.c.r.client - [printIfInfoEnabled,60] - [config-0-40ea90ed-3619-4e35-93d0-cee401a4559b]Register server push request handler:com.alibaba.nacos.client.config.impl.ClientWorker$ConfigRpcTransportClient$$Lambda$327/466032056
11:08:41.674 [main] INFO  c.a.n.c.r.client - [printIfInfoEnabled,60] - [config-0-40ea90ed-3619-4e35-93d0-cee401a4559b]Register server push request handler:com.alibaba.nacos.client.config.impl.ClientWorker$ConfigRpcTransportClient$$Lambda$328/690822257
11:08:41.674 [main] INFO  c.a.n.c.r.client - [printIfInfoEnabled,60] - [config-0-40ea90ed-3619-4e35-93d0-cee401a4559b]Registry connection listener to current client:com.alibaba.nacos.client.config.impl.ClientWorker$ConfigRpcTransportClient$1
11:08:41.675 [main] INFO  c.a.n.c.r.client - [printIfInfoEnabled,60] - [config-0-40ea90ed-3619-4e35-93d0-cee401a4559b]RpcClient init, ServerListFactory =com.alibaba.nacos.client.config.impl.ClientWorker$ConfigRpcTransportClient$2
11:08:41.677 [main] INFO  c.a.n.c.r.client - [printIfInfoEnabled,60] - [config-0-40ea90ed-3619-4e35-93d0-cee401a4559b] Try to connect to server on start up, server: {serverIp='127.0.0.1', server main port=8848}
11:08:42.761 [main] INFO  c.a.n.c.r.client - [printIfInfoEnabled,60] - [config-0-40ea90ed-3619-4e35-93d0-cee401a4559b] Success to connect to server [127.0.0.1:8848] on start up,connectionId=1629083322541_127.0.0.1_50272
11:08:42.761 [com.alibaba.nacos.client.remote.worker] INFO  c.a.n.c.r.client - [printIfInfoEnabled,60] - [config-0-40ea90ed-3619-4e35-93d0-cee401a4559b]Notify connected event to listeners.
11:08:42.762 [com.alibaba.nacos.client.remote.worker] INFO  c.a.n.c.c.i.ClientWorker - [onConnected,625] - [config-0-40ea90ed-3619-4e35-93d0-cee401a4559b] Connected,notify listen context...
11:08:42.762 [main] INFO  c.a.n.c.r.client - [printIfInfoEnabled,60] - [config-0-40ea90ed-3619-4e35-93d0-cee401a4559b]Register server push request handler:com.alibaba.nacos.common.remote.client.RpcClient$ConnectResetRequestHandler
11:08:42.762 [main] INFO  c.a.n.c.r.client - [printIfInfoEnabled,60] - [config-0-40ea90ed-3619-4e35-93d0-cee401a4559b]Register server push request handler:com.alibaba.nacos.common.remote.client.RpcClient$4
11:08:42.799 [main] INFO  c.a.n.c.c.i.Limiter - [<clinit>,54] - limitTime:5.0
11:08:42.814 [main] INFO  c.a.n.c.c.u.JvmUtil - [<clinit>,49] - isMultiInstance:false
11:08:42.842 [main] INFO  c.r.j.CFJobApplication - [logStartupProfileInfo,667] - The following profiles are active: dev
11:08:44.522 [main] INFO  o.a.c.h.Http11NioProtocol - [log,173] - Initializing ProtocolHandler ["http-nio-9203"]
11:08:44.522 [main] INFO  o.a.c.c.StandardService - [log,173] - Starting service [Tomcat]
11:08:44.522 [main] INFO  o.a.c.c.StandardEngine - [log,173] - Starting Servlet engine: [Apache Tomcat/9.0.46]
11:08:44.600 [main] INFO  o.a.c.c.C.[.[.[/] - [log,173] - Initializing Spring embedded WebApplicationContext
11:08:44.699 [main] INFO  o.a.c.c.StandardService - [log,173] - Stopping service [Tomcat]
11:15:53.572 [background-preinit] INFO  o.h.v.i.util.Version - [<clinit>,21] - HV000001: Hibernate Validator 6.2.0.Final
11:15:54.161 [main] INFO  c.a.n.c.c.i.LocalConfigInfoProcessor - [<clinit>,212] - LOCAL_SNAPSHOT_PATH:C:\Users\Administrator\nacos\config
11:15:54.195 [main] INFO  o.r.Reflections - [scan,232] - Reflections took 20 ms to scan 1 urls, producing 3 keys and 6 values 
11:15:54.216 [main] INFO  o.r.Reflections - [scan,232] - Reflections took 12 ms to scan 1 urls, producing 4 keys and 9 values 
11:15:54.229 [main] INFO  o.r.Reflections - [scan,232] - Reflections took 10 ms to scan 1 urls, producing 3 keys and 10 values 
11:15:54.366 [main] INFO  o.r.Reflections - [scan,232] - Reflections took 135 ms to scan 184 urls, producing 0 keys and 0 values 
11:15:54.376 [main] INFO  o.r.Reflections - [scan,232] - Reflections took 10 ms to scan 1 urls, producing 1 keys and 5 values 
11:15:54.387 [main] INFO  o.r.Reflections - [scan,232] - Reflections took 9 ms to scan 1 urls, producing 1 keys and 7 values 
11:15:54.401 [main] INFO  o.r.Reflections - [scan,232] - Reflections took 11 ms to scan 1 urls, producing 2 keys and 8 values 
11:15:54.525 [main] INFO  o.r.Reflections - [scan,232] - Reflections took 121 ms to scan 184 urls, producing 0 keys and 0 values 
11:15:54.525 [main] INFO  c.a.n.c.r.client - [printIfInfoEnabled,60] - [config-0-3ea1e4c1-af83-46bb-a858-e2e2802ca5e0]RpcClient init label, labels={module=config, Vipserver-Tag=null, source=sdk, Amory-Tag=null, Location-Tag=null, taskId=0, AppName=unknown}
11:15:54.526 [main] INFO  c.a.n.c.r.client - [printIfInfoEnabled,60] - [config-0-3ea1e4c1-af83-46bb-a858-e2e2802ca5e0]Register server push request handler:com.alibaba.nacos.client.config.impl.ClientWorker$ConfigRpcTransportClient$$Lambda$327/466032056
11:15:54.526 [main] INFO  c.a.n.c.r.client - [printIfInfoEnabled,60] - [config-0-3ea1e4c1-af83-46bb-a858-e2e2802ca5e0]Register server push request handler:com.alibaba.nacos.client.config.impl.ClientWorker$ConfigRpcTransportClient$$Lambda$328/690822257
11:15:54.527 [main] INFO  c.a.n.c.r.client - [printIfInfoEnabled,60] - [config-0-3ea1e4c1-af83-46bb-a858-e2e2802ca5e0]Registry connection listener to current client:com.alibaba.nacos.client.config.impl.ClientWorker$ConfigRpcTransportClient$1
11:15:54.527 [main] INFO  c.a.n.c.r.client - [printIfInfoEnabled,60] - [config-0-3ea1e4c1-af83-46bb-a858-e2e2802ca5e0]RpcClient init, ServerListFactory =com.alibaba.nacos.client.config.impl.ClientWorker$ConfigRpcTransportClient$2
11:15:54.529 [main] INFO  c.a.n.c.r.client - [printIfInfoEnabled,60] - [config-0-3ea1e4c1-af83-46bb-a858-e2e2802ca5e0] Try to connect to server on start up, server: {serverIp='127.0.0.1', server main port=8848}
11:15:55.605 [main] INFO  c.a.n.c.r.client - [printIfInfoEnabled,60] - [config-0-3ea1e4c1-af83-46bb-a858-e2e2802ca5e0] Success to connect to server [127.0.0.1:8848] on start up,connectionId=1629083755385_127.0.0.1_56285
11:15:55.605 [com.alibaba.nacos.client.remote.worker] INFO  c.a.n.c.r.client - [printIfInfoEnabled,60] - [config-0-3ea1e4c1-af83-46bb-a858-e2e2802ca5e0]Notify connected event to listeners.
11:15:55.605 [main] INFO  c.a.n.c.r.client - [printIfInfoEnabled,60] - [config-0-3ea1e4c1-af83-46bb-a858-e2e2802ca5e0]Register server push request handler:com.alibaba.nacos.common.remote.client.RpcClient$ConnectResetRequestHandler
11:15:55.605 [com.alibaba.nacos.client.remote.worker] INFO  c.a.n.c.c.i.ClientWorker - [onConnected,625] - [config-0-3ea1e4c1-af83-46bb-a858-e2e2802ca5e0] Connected,notify listen context...
11:15:55.606 [main] INFO  c.a.n.c.r.client - [printIfInfoEnabled,60] - [config-0-3ea1e4c1-af83-46bb-a858-e2e2802ca5e0]Register server push request handler:com.alibaba.nacos.common.remote.client.RpcClient$4
11:15:55.632 [main] INFO  c.a.n.c.c.i.Limiter - [<clinit>,54] - limitTime:5.0
11:15:55.644 [main] INFO  c.a.n.c.c.u.JvmUtil - [<clinit>,49] - isMultiInstance:false
11:15:55.664 [main] INFO  c.r.j.CFJobApplication - [logStartupProfileInfo,667] - The following profiles are active: dev
11:15:57.179 [main] INFO  o.a.c.h.Http11NioProtocol - [log,173] - Initializing ProtocolHandler ["http-nio-9203"]
11:15:57.179 [main] INFO  o.a.c.c.StandardService - [log,173] - Starting service [Tomcat]
11:15:57.179 [main] INFO  o.a.c.c.StandardEngine - [log,173] - Starting Servlet engine: [Apache Tomcat/9.0.46]
11:15:57.257 [main] INFO  o.a.c.c.C.[.[.[/] - [log,173] - Initializing Spring embedded WebApplicationContext
11:15:57.427 [main] INFO  o.q.i.StdSchedulerFactory - [instantiate,1220] - Using default implementation for ThreadExecutor
11:15:57.436 [main] INFO  o.q.c.SchedulerSignalerImpl - [<init>,61] - Initialized Scheduler Signaller of type: class org.quartz.core.SchedulerSignalerImpl
11:15:57.436 [main] INFO  o.q.c.QuartzScheduler - [<init>,229] - Quartz Scheduler v.2.3.2 created.
11:15:57.442 [main] INFO  c.z.h.HikariDataSource - [getConnection,110] - HikariPool-1 - Starting...
11:15:58.531 [main] INFO  o.q.c.QuartzScheduler - [initialize,294] - Scheduler meta-data: Quartz Scheduler (v2.3.2) 'RuoyiScheduler' with instanceId 'PC-2020102314021629083757429'
  Scheduler class: 'org.quartz.core.QuartzScheduler' - running locally.
  NOT STARTED.
  Currently in standby mode.
  Number of jobs executed: 0
  Using thread pool 'org.quartz.simpl.SimpleThreadPool' - with 20 threads.
  Using job-store 'org.springframework.scheduling.quartz.LocalDataSourceJobStore' - which supports persistence. and is clustered.

11:15:58.532 [main] INFO  o.q.i.StdSchedulerFactory - [instantiate,1374] - Quartz scheduler 'RuoyiScheduler' initialized from an externally provided properties instance.
11:15:58.532 [main] INFO  o.q.i.StdSchedulerFactory - [instantiate,1378] - Quartz scheduler version: 2.3.2
11:15:58.532 [main] INFO  o.q.c.QuartzScheduler - [setJobFactory,2293] - JobFactory set to: org.springframework.scheduling.quartz.AdaptableJobFactory@47be41c6
11:15:58.697 [main] INFO  c.z.h.HikariDataSource - [getConnection,110] - HikariPool-1 - Starting...
11:15:59.700 [main] INFO  o.q.c.QuartzScheduler - [shutdown,666] - Scheduler RuoyiScheduler_$_PC-2020102314021629083757429 shutting down.
11:15:59.700 [main] INFO  o.q.c.QuartzScheduler - [standby,585] - Scheduler RuoyiScheduler_$_PC-2020102314021629083757429 paused.
11:15:59.701 [main] INFO  o.q.c.QuartzScheduler - [shutdown,740] - Scheduler RuoyiScheduler_$_PC-2020102314021629083757429 shutdown complete.
11:15:59.702 [main] INFO  o.a.c.c.StandardService - [log,173] - Stopping service [Tomcat]
11:18:41.419 [background-preinit] INFO  o.h.v.i.util.Version - [<clinit>,21] - HV000001: Hibernate Validator 6.2.0.Final
11:18:42.035 [main] INFO  c.a.n.c.c.i.LocalConfigInfoProcessor - [<clinit>,212] - LOCAL_SNAPSHOT_PATH:C:\Users\Administrator\nacos\config
11:18:42.069 [main] INFO  o.r.Reflections - [scan,232] - Reflections took 21 ms to scan 1 urls, producing 3 keys and 6 values 
11:18:42.091 [main] INFO  o.r.Reflections - [scan,232] - Reflections took 12 ms to scan 1 urls, producing 4 keys and 9 values 
11:18:42.105 [main] INFO  o.r.Reflections - [scan,232] - Reflections took 11 ms to scan 1 urls, producing 3 keys and 10 values 
11:18:42.242 [main] INFO  o.r.Reflections - [scan,232] - Reflections took 135 ms to scan 184 urls, producing 0 keys and 0 values 
11:18:42.253 [main] INFO  o.r.Reflections - [scan,232] - Reflections took 10 ms to scan 1 urls, producing 1 keys and 5 values 
11:18:42.263 [main] INFO  o.r.Reflections - [scan,232] - Reflections took 9 ms to scan 1 urls, producing 1 keys and 7 values 
11:18:42.276 [main] INFO  o.r.Reflections - [scan,232] - Reflections took 11 ms to scan 1 urls, producing 2 keys and 8 values 
11:18:42.400 [main] INFO  o.r.Reflections - [scan,232] - Reflections took 122 ms to scan 184 urls, producing 0 keys and 0 values 
11:18:42.401 [main] INFO  c.a.n.c.r.client - [printIfInfoEnabled,60] - [config-0-e5a89fbf-a5b7-4582-8c79-307f88297da5]RpcClient init label, labels={module=config, Vipserver-Tag=null, source=sdk, Amory-Tag=null, Location-Tag=null, taskId=0, AppName=unknown}
11:18:42.401 [main] INFO  c.a.n.c.r.client - [printIfInfoEnabled,60] - [config-0-e5a89fbf-a5b7-4582-8c79-307f88297da5]Register server push request handler:com.alibaba.nacos.client.config.impl.ClientWorker$ConfigRpcTransportClient$$Lambda$327/466032056
11:18:42.402 [main] INFO  c.a.n.c.r.client - [printIfInfoEnabled,60] - [config-0-e5a89fbf-a5b7-4582-8c79-307f88297da5]Register server push request handler:com.alibaba.nacos.client.config.impl.ClientWorker$ConfigRpcTransportClient$$Lambda$328/690822257
11:18:42.402 [main] INFO  c.a.n.c.r.client - [printIfInfoEnabled,60] - [config-0-e5a89fbf-a5b7-4582-8c79-307f88297da5]Registry connection listener to current client:com.alibaba.nacos.client.config.impl.ClientWorker$ConfigRpcTransportClient$1
11:18:42.402 [main] INFO  c.a.n.c.r.client - [printIfInfoEnabled,60] - [config-0-e5a89fbf-a5b7-4582-8c79-307f88297da5]RpcClient init, ServerListFactory =com.alibaba.nacos.client.config.impl.ClientWorker$ConfigRpcTransportClient$2
11:18:42.405 [main] INFO  c.a.n.c.r.client - [printIfInfoEnabled,60] - [config-0-e5a89fbf-a5b7-4582-8c79-307f88297da5] Try to connect to server on start up, server: {serverIp='127.0.0.1', server main port=8848}
11:18:43.486 [main] INFO  c.a.n.c.r.client - [printIfInfoEnabled,60] - [config-0-e5a89fbf-a5b7-4582-8c79-307f88297da5] Success to connect to server [127.0.0.1:8848] on start up,connectionId=1629083923262_127.0.0.1_55927
11:18:43.487 [com.alibaba.nacos.client.remote.worker] INFO  c.a.n.c.r.client - [printIfInfoEnabled,60] - [config-0-e5a89fbf-a5b7-4582-8c79-307f88297da5]Notify connected event to listeners.
11:18:43.487 [main] INFO  c.a.n.c.r.client - [printIfInfoEnabled,60] - [config-0-e5a89fbf-a5b7-4582-8c79-307f88297da5]Register server push request handler:com.alibaba.nacos.common.remote.client.RpcClient$ConnectResetRequestHandler
11:18:43.487 [com.alibaba.nacos.client.remote.worker] INFO  c.a.n.c.c.i.ClientWorker - [onConnected,625] - [config-0-e5a89fbf-a5b7-4582-8c79-307f88297da5] Connected,notify listen context...
11:18:43.487 [main] INFO  c.a.n.c.r.client - [printIfInfoEnabled,60] - [config-0-e5a89fbf-a5b7-4582-8c79-307f88297da5]Register server push request handler:com.alibaba.nacos.common.remote.client.RpcClient$4
11:18:43.514 [main] INFO  c.a.n.c.c.i.Limiter - [<clinit>,54] - limitTime:5.0
11:18:43.525 [main] INFO  c.a.n.c.c.u.JvmUtil - [<clinit>,49] - isMultiInstance:false
11:18:43.545 [main] INFO  c.r.j.CFJobApplication - [logStartupProfileInfo,667] - The following profiles are active: dev
11:18:45.136 [main] INFO  o.a.c.h.Http11NioProtocol - [log,173] - Initializing ProtocolHandler ["http-nio-9203"]
11:18:45.136 [main] INFO  o.a.c.c.StandardService - [log,173] - Starting service [Tomcat]
11:18:45.137 [main] INFO  o.a.c.c.StandardEngine - [log,173] - Starting Servlet engine: [Apache Tomcat/9.0.46]
11:18:45.213 [main] INFO  o.a.c.c.C.[.[.[/] - [log,173] - Initializing Spring embedded WebApplicationContext
11:18:45.353 [main] INFO  o.q.i.StdSchedulerFactory - [instantiate,1220] - Using default implementation for ThreadExecutor
11:18:45.362 [main] INFO  o.q.c.SchedulerSignalerImpl - [<init>,61] - Initialized Scheduler Signaller of type: class org.quartz.core.SchedulerSignalerImpl
11:18:45.362 [main] INFO  o.q.c.QuartzScheduler - [<init>,229] - Quartz Scheduler v.2.3.2 created.
11:18:45.368 [main] INFO  c.z.h.HikariDataSource - [getConnection,110] - HikariPool-1 - Starting...
11:18:45.456 [main] INFO  c.z.h.HikariDataSource - [getConnection,123] - HikariPool-1 - Start completed.
11:18:45.464 [main] INFO  o.q.c.QuartzScheduler - [initialize,294] - Scheduler meta-data: Quartz Scheduler (v2.3.2) 'RuoyiScheduler' with instanceId 'PC-2020102314021629083925354'
  Scheduler class: 'org.quartz.core.QuartzScheduler' - running locally.
  NOT STARTED.
  Currently in standby mode.
  Number of jobs executed: 0
  Using thread pool 'org.quartz.simpl.SimpleThreadPool' - with 20 threads.
  Using job-store 'org.springframework.scheduling.quartz.LocalDataSourceJobStore' - which supports persistence. and is clustered.

11:18:45.464 [main] INFO  o.q.i.StdSchedulerFactory - [instantiate,1374] - Quartz scheduler 'RuoyiScheduler' initialized from an externally provided properties instance.
11:18:45.464 [main] INFO  o.q.i.StdSchedulerFactory - [instantiate,1378] - Quartz scheduler version: 2.3.2
11:18:45.465 [main] INFO  o.q.c.QuartzScheduler - [setJobFactory,2293] - JobFactory set to: org.springframework.scheduling.quartz.AdaptableJobFactory@284d4885
11:18:46.135 [main] INFO  c.a.c.s.SentinelWebAutoConfiguration - [addInterceptors,80] - [Sentinel Starter] register SentinelWebInterceptor with urlPatterns: [/**].
11:18:46.623 [main] INFO  c.a.n.client.naming - [call,65] - initializer namespace from System Property :null
11:18:46.623 [main] INFO  c.a.n.client.naming - [call,74] - initializer namespace from System Environment :null
11:18:46.624 [main] INFO  c.a.n.client.naming - [call,84] - initializer namespace from System Property :null
11:18:46.637 [main] INFO  c.a.n.c.r.client - [printIfInfoEnabled,60] - [fd22bba3-cdde-437b-bcf5-674b0200b940]RpcClient init label, labels={module=naming, source=sdk}
11:18:46.638 [main] INFO  c.a.n.c.r.client - [printIfInfoEnabled,60] - [fd22bba3-cdde-437b-bcf5-674b0200b940]RpcClient init, ServerListFactory =com.alibaba.nacos.client.naming.core.ServerListManager
11:18:46.639 [main] INFO  c.a.n.c.r.client - [printIfInfoEnabled,60] - [fd22bba3-cdde-437b-bcf5-674b0200b940] Try to connect to server on start up, server: {serverIp='127.0.0.1', server main port=8848}
11:18:46.748 [main] INFO  c.a.n.c.r.client - [printIfInfoEnabled,60] - [fd22bba3-cdde-437b-bcf5-674b0200b940] Success to connect to server [127.0.0.1:8848] on start up,connectionId=1629083926644_127.0.0.1_63528
11:18:46.748 [main] INFO  c.a.n.c.r.client - [printIfInfoEnabled,60] - [fd22bba3-cdde-437b-bcf5-674b0200b940]Register server push request handler:com.alibaba.nacos.common.remote.client.RpcClient$ConnectResetRequestHandler
11:18:46.748 [main] INFO  c.a.n.c.r.client - [printIfInfoEnabled,60] - [fd22bba3-cdde-437b-bcf5-674b0200b940]Register server push request handler:com.alibaba.nacos.common.remote.client.RpcClient$4
11:18:46.749 [main] INFO  c.a.n.c.r.client - [printIfInfoEnabled,60] - [fd22bba3-cdde-437b-bcf5-674b0200b940]Register server push request handler:com.alibaba.nacos.client.naming.remote.gprc.NamingPushRequestHandler
11:18:46.749 [main] INFO  c.a.n.c.r.client - [printIfInfoEnabled,60] - [fd22bba3-cdde-437b-bcf5-674b0200b940]Registry connection listener to current client:com.alibaba.nacos.client.naming.remote.gprc.NamingGrpcConnectionEventListener
11:18:46.958 [main] INFO  s.d.s.w.PropertySourcedRequestMappingHandlerMapping - [initHandlerMethods,69] - Mapped URL path [/v2/api-docs] onto method [springfox.documentation.swagger2.web.Swagger2Controller#getDocumentation(String, HttpServletRequest)]
11:18:47.940 [main] INFO  c.a.n.c.i.CredentialWatcher - [loadCredential,165] - null No credential found
11:18:47.954 [main] INFO  c.a.n.client.naming - [isChangedServiceInfo,167] - init new ips(0) service: DEFAULT_GROUP@@ruoyi-job@@DEFAULT -> []
11:18:47.960 [main] INFO  c.a.n.client.naming - [processServiceInfo,152] - current ips:(0) service: DEFAULT_GROUP@@ruoyi-job@@DEFAULT -> []
11:18:47.965 [main] INFO  o.a.c.h.Http11NioProtocol - [log,173] - Starting ProtocolHandler ["http-nio-9203"]
11:18:47.976 [main] INFO  c.a.n.client.naming - [registerService,97] - [REGISTER-SERVICE] public registering service ruoyi-job with instance Instance{instanceId='null', ip='192.168.0.126', port=9203, weight=1.0, healthy=true, enabled=true, ephemeral=true, clusterName='DEFAULT', serviceName='null', metadata={preserved.register.source=SPRING_CLOUD}}
11:18:47.981 [main] INFO  c.a.c.n.r.NacosServiceRegistry - [register,75] - nacos registry, DEFAULT_GROUP ruoyi-job 192.168.0.126:9203 register finished
11:18:48.224 [main] INFO  s.d.s.w.p.DocumentationPluginsBootstrapper - [start,160] - Context refreshed
11:18:48.233 [main] INFO  s.d.s.w.p.DocumentationPluginsBootstrapper - [start,163] - Found 1 custom documentation plugin(s)
11:18:48.262 [main] INFO  s.d.s.w.s.ApiListingReferenceScanner - [scan,41] - Scanning for api listing references
11:18:48.349 [main] INFO  s.d.s.w.r.o.CachingOperationNameGenerator - [startingWith,40] - Generating unique operation named: exportUsingPOST_1
11:18:48.350 [main] INFO  s.d.s.w.r.o.CachingOperationNameGenerator - [startingWith,40] - Generating unique operation named: getInfoUsingGET_1
11:18:48.352 [main] INFO  s.d.s.w.r.o.CachingOperationNameGenerator - [startingWith,40] - Generating unique operation named: listUsingGET_1
11:18:48.353 [main] INFO  s.d.s.w.r.o.CachingOperationNameGenerator - [startingWith,40] - Generating unique operation named: removeUsingDELETE_1
11:18:48.371 [main] INFO  c.r.j.CFJobApplication - [logStarted,61] - Started CFJobApplication in 7.651 seconds (JVM running for 8.39)
11:18:48.378 [main] INFO  c.a.n.c.c.i.ClientWorker - [addCacheDataIfAbsent,346] - [config_rpc_client] [subscribe] ruoyi-job+DEFAULT_GROUP
11:18:48.379 [main] INFO  c.a.n.c.c.i.CacheData - [addListener,128] - [config_rpc_client] [add-listener] ok, tenant=, dataId=ruoyi-job, group=DEFAULT_GROUP, cnt=1
11:18:48.380 [main] INFO  c.a.n.c.c.i.ClientWorker - [addCacheDataIfAbsent,346] - [config_rpc_client] [subscribe] ruoyi-job-dev.yml+DEFAULT_GROUP
11:18:48.380 [main] INFO  c.a.n.c.c.i.CacheData - [addListener,128] - [config_rpc_client] [add-listener] ok, tenant=, dataId=ruoyi-job-dev.yml, group=DEFAULT_GROUP, cnt=1
11:18:48.380 [main] INFO  c.a.n.c.c.i.ClientWorker - [addCacheDataIfAbsent,346] - [config_rpc_client] [subscribe] ruoyi-job.yml+DEFAULT_GROUP
11:18:48.380 [main] INFO  c.a.n.c.c.i.CacheData - [addListener,128] - [config_rpc_client] [add-listener] ok, tenant=, dataId=ruoyi-job.yml, group=DEFAULT_GROUP, cnt=1
11:18:48.465 [nacos-grpc-client-executor-6] INFO  c.a.n.c.r.client - [printIfInfoEnabled,60] - [fd22bba3-cdde-437b-bcf5-674b0200b940]receive server push request,request=NotifySubscriberRequest,requestId=39
11:18:48.468 [nacos-grpc-client-executor-6] INFO  c.a.n.client.naming - [isChangedServiceInfo,167] - init new ips(1) service: DEFAULT_GROUP@@ruoyi-job -> [{"ip":"192.168.0.126","port":9203,"weight":1.0,"healthy":true,"enabled":true,"ephemeral":true,"clusterName":"DEFAULT","serviceName":"DEFAULT_GROUP@@ruoyi-job","metadata":{"preserved.register.source":"SPRING_CLOUD"},"instanceHeartBeatTimeOut":15000,"ipDeleteTimeout":30000,"instanceHeartBeatInterval":5000}]
11:18:48.468 [nacos-grpc-client-executor-6] INFO  c.a.n.client.naming - [processServiceInfo,152] - current ips:(1) service: DEFAULT_GROUP@@ruoyi-job -> [{"ip":"192.168.0.126","port":9203,"weight":1.0,"healthy":true,"enabled":true,"ephemeral":true,"clusterName":"DEFAULT","serviceName":"DEFAULT_GROUP@@ruoyi-job","metadata":{"preserved.register.source":"SPRING_CLOUD"},"instanceHeartBeatTimeOut":15000,"ipDeleteTimeout":30000,"instanceHeartBeatInterval":5000}]
11:18:48.469 [nacos-grpc-client-executor-6] INFO  c.a.n.c.r.client - [printIfInfoEnabled,60] - [fd22bba3-cdde-437b-bcf5-674b0200b940]ack server push request,request=NotifySubscriberRequest,requestId=39
11:18:48.959 [com.alibaba.nacos.client.naming.updater.0] INFO  c.a.n.client.naming - [isChangedServiceInfo,221] - new ips(1) service: DEFAULT_GROUP@@ruoyi-job@@DEFAULT -> [{"ip":"192.168.0.126","port":9203,"weight":1.0,"healthy":true,"enabled":true,"ephemeral":true,"clusterName":"DEFAULT","serviceName":"DEFAULT_GROUP@@ruoyi-job","metadata":{"preserved.register.source":"SPRING_CLOUD"},"instanceHeartBeatTimeOut":15000,"ipDeleteTimeout":30000,"instanceHeartBeatInterval":5000}]
11:18:48.959 [com.alibaba.nacos.client.naming.updater.0] INFO  c.a.n.client.naming - [processServiceInfo,152] - current ips:(1) service: DEFAULT_GROUP@@ruoyi-job@@DEFAULT -> [{"ip":"192.168.0.126","port":9203,"weight":1.0,"healthy":true,"enabled":true,"ephemeral":true,"clusterName":"DEFAULT","serviceName":"DEFAULT_GROUP@@ruoyi-job","metadata":{"preserved.register.source":"SPRING_CLOUD"},"instanceHeartBeatTimeOut":15000,"ipDeleteTimeout":30000,"instanceHeartBeatInterval":5000}]
11:18:49.371 [Quartz Scheduler [RuoyiScheduler]] INFO  o.q.c.QuartzScheduler - [start,547] - Scheduler RuoyiScheduler_$_PC-2020102314021629083925354 started.
