17:41:33.469 [background-preinit] INFO  o.h.v.i.util.Version - [<clinit>,21] - HV000001: Hibernate Validator 6.2.0.Final
17:41:34.272 [main] INFO  c.a.n.c.c.i.LocalConfigInfoProcessor - [<clinit>,212] - LOCAL_SNAPSHOT_PATH:C:\Users\Administrator\nacos\config
17:41:34.520 [main] INFO  o.r.Reflections - [scan,232] - Reflections took 48 ms to scan 1 urls, producing 3 keys and 6 values 
17:41:34.577 [main] INFO  o.r.Reflections - [scan,232] - Reflections took 14 ms to scan 1 urls, producing 4 keys and 9 values 
17:41:34.591 [main] INFO  o.r.Reflections - [scan,232] - Reflections took 11 ms to scan 1 urls, producing 3 keys and 10 values 
17:41:34.767 [main] INFO  o.r.Reflections - [scan,232] - Reflections took 173 ms to scan 212 urls, producing 0 keys and 0 values 
17:41:34.779 [main] INFO  o.r.Reflections - [scan,232] - Reflections took 11 ms to scan 1 urls, producing 1 keys and 5 values 
17:41:34.792 [main] INFO  o.r.Reflections - [scan,232] - Reflections took 11 ms to scan 1 urls, producing 1 keys and 7 values 
17:41:34.803 [main] INFO  o.r.Reflections - [scan,232] - Reflections took 9 ms to scan 1 urls, producing 2 keys and 8 values 
17:41:34.951 [main] INFO  o.r.Reflections - [scan,232] - Reflections took 146 ms to scan 212 urls, producing 0 keys and 0 values 
17:41:34.952 [main] INFO  c.a.n.c.r.client - [printIfInfoEnabled,60] - [config-0-e99bb00d-17dc-47a2-919a-85f945648cfc]RpcClient init label, labels={module=config, Vipserver-Tag=null, source=sdk, Amory-Tag=null, Location-Tag=null, taskId=0, AppName=unknown}
17:41:34.952 [main] INFO  c.a.n.c.r.client - [printIfInfoEnabled,60] - [config-0-e99bb00d-17dc-47a2-919a-85f945648cfc]Register server push request handler:com.alibaba.nacos.client.config.impl.ClientWorker$ConfigRpcTransportClient$$Lambda$328/879311295
17:41:34.953 [main] INFO  c.a.n.c.r.client - [printIfInfoEnabled,60] - [config-0-e99bb00d-17dc-47a2-919a-85f945648cfc]Register server push request handler:com.alibaba.nacos.client.config.impl.ClientWorker$ConfigRpcTransportClient$$Lambda$329/1274247563
17:41:34.953 [main] INFO  c.a.n.c.r.client - [printIfInfoEnabled,60] - [config-0-e99bb00d-17dc-47a2-919a-85f945648cfc]Registry connection listener to current client:com.alibaba.nacos.client.config.impl.ClientWorker$ConfigRpcTransportClient$1
17:41:34.954 [main] INFO  c.a.n.c.r.client - [printIfInfoEnabled,60] - [config-0-e99bb00d-17dc-47a2-919a-85f945648cfc]RpcClient init, ServerListFactory =com.alibaba.nacos.client.config.impl.ClientWorker$ConfigRpcTransportClient$2
17:41:34.956 [main] INFO  c.a.n.c.r.client - [printIfInfoEnabled,60] - [config-0-e99bb00d-17dc-47a2-919a-85f945648cfc] Try to connect to server on start up, server: {serverIp='127.0.0.1', server main port=8848}
17:41:36.552 [main] INFO  c.a.n.c.r.client - [printIfInfoEnabled,60] - [config-0-e99bb00d-17dc-47a2-919a-85f945648cfc] Success to connect to server [127.0.0.1:8848] on start up,connectionId=1658396496325_127.0.0.1_43005
17:41:36.553 [com.alibaba.nacos.client.remote.worker] INFO  c.a.n.c.r.client - [printIfInfoEnabled,60] - [config-0-e99bb00d-17dc-47a2-919a-85f945648cfc]Notify connected event to listeners.
17:41:36.553 [com.alibaba.nacos.client.remote.worker] INFO  c.a.n.c.c.i.ClientWorker - [onConnected,625] - [config-0-e99bb00d-17dc-47a2-919a-85f945648cfc] Connected,notify listen context...
17:41:36.553 [main] INFO  c.a.n.c.r.client - [printIfInfoEnabled,60] - [config-0-e99bb00d-17dc-47a2-919a-85f945648cfc]Register server push request handler:com.alibaba.nacos.common.remote.client.RpcClient$ConnectResetRequestHandler
17:41:36.553 [main] INFO  c.a.n.c.r.client - [printIfInfoEnabled,60] - [config-0-e99bb00d-17dc-47a2-919a-85f945648cfc]Register server push request handler:com.alibaba.nacos.common.remote.client.RpcClient$4
17:41:36.581 [main] INFO  c.a.n.c.c.i.Limiter - [<clinit>,54] - limitTime:5.0
17:41:36.593 [main] INFO  c.a.n.c.c.u.JvmUtil - [<clinit>,49] - isMultiInstance:false
17:41:36.614 [main] INFO  c.r.f.CFFileApplication - [logStartupProfileInfo,667] - The following profiles are active: dev
17:41:38.120 [main] INFO  i.s.s.b.a.SeataAutoConfiguration - [globalTransactionScanner,65] - Automatically configure Seata
17:41:38.212 [main] INFO  i.s.c.ConfigurationFactory - [<clinit>,65] - load Configuration:FileConfiguration$$EnhancerByCGLIB$$862af1eb
17:41:38.241 [main] INFO  i.s.c.ConfigurationFactory - [buildConfiguration,123] - load Configuration:FileConfiguration$$EnhancerByCGLIB$$862af1eb
17:41:38.353 [main] INFO  i.s.s.a.GlobalTransactionScanner - [initClient,164] - Initializing Global Transaction Clients ... 
17:41:38.463 [main] INFO  i.s.c.r.n.NettyClientBootstrap - [start,147] - NettyClientBootstrap has started
17:41:38.463 [main] INFO  i.s.s.a.GlobalTransactionScanner - [initClient,172] - Transaction Manager Client is initialized. applicationId[ruoyi-file] txServiceGroup[ruoyi-file-seata-service-group]
17:41:38.520 [main] INFO  i.s.r.d.AsyncWorker - [init,125] - Async Commit Buffer Limit: 10000
17:41:38.520 [main] INFO  i.s.r.d.x.ResourceManagerXA - [init,40] - ResourceManagerXA init ...
17:41:38.544 [main] INFO  i.s.c.r.n.NettyClientBootstrap - [start,147] - NettyClientBootstrap has started
17:41:38.545 [main] INFO  i.s.s.a.GlobalTransactionScanner - [initClient,177] - Resource Manager is initialized. applicationId[ruoyi-file] txServiceGroup[ruoyi-file-seata-service-group]
17:41:38.545 [main] INFO  i.s.s.a.GlobalTransactionScanner - [initClient,181] - Global Transaction Clients are initialized. 
17:41:39.042 [main] INFO  o.a.c.h.Http11NioProtocol - [log,173] - Initializing ProtocolHandler ["http-nio-9300"]
17:41:39.042 [main] INFO  o.a.c.c.StandardService - [log,173] - Starting service [Tomcat]
17:41:39.043 [main] INFO  o.a.c.c.StandardEngine - [log,173] - Starting Servlet engine: [Apache Tomcat/9.0.46]
17:41:39.147 [main] INFO  o.a.c.c.C.[.[.[/] - [log,173] - Initializing Spring embedded WebApplicationContext
17:41:39.359 [main] INFO  i.s.s.a.d.SeataAutoDataSourceProxyCreator - [getAdvicesAndAdvisorsForBean,45] - Auto proxy of [dataSource]
17:41:40.630 [main] INFO  c.a.c.s.SentinelWebAutoConfiguration - [addInterceptors,80] - [Sentinel Starter] register SentinelWebInterceptor with urlPatterns: [/**].
17:41:41.908 [main] INFO  c.a.n.client.naming - [call,65] - initializer namespace from System Property :null
17:41:41.909 [main] INFO  c.a.n.client.naming - [call,74] - initializer namespace from System Environment :null
17:41:41.909 [main] INFO  c.a.n.client.naming - [call,84] - initializer namespace from System Property :null
17:41:41.924 [main] INFO  c.a.n.c.r.client - [printIfInfoEnabled,60] - [5e11b353-ede5-4f6e-810d-e7a7f8941802]RpcClient init label, labels={module=naming, source=sdk}
17:41:41.924 [main] INFO  c.a.n.c.r.client - [printIfInfoEnabled,60] - [5e11b353-ede5-4f6e-810d-e7a7f8941802]RpcClient init, ServerListFactory =com.alibaba.nacos.client.naming.core.ServerListManager
17:41:41.925 [main] INFO  c.a.n.c.r.client - [printIfInfoEnabled,60] - [5e11b353-ede5-4f6e-810d-e7a7f8941802] Try to connect to server on start up, server: {serverIp='127.0.0.1', server main port=8848}
17:41:42.035 [main] INFO  c.a.n.c.r.client - [printIfInfoEnabled,60] - [5e11b353-ede5-4f6e-810d-e7a7f8941802] Success to connect to server [127.0.0.1:8848] on start up,connectionId=1658396501931_127.0.0.1_43015
17:41:42.035 [main] INFO  c.a.n.c.r.client - [printIfInfoEnabled,60] - [5e11b353-ede5-4f6e-810d-e7a7f8941802]Register server push request handler:com.alibaba.nacos.common.remote.client.RpcClient$ConnectResetRequestHandler
17:41:42.036 [main] INFO  c.a.n.c.r.client - [printIfInfoEnabled,60] - [5e11b353-ede5-4f6e-810d-e7a7f8941802]Register server push request handler:com.alibaba.nacos.common.remote.client.RpcClient$4
17:41:42.036 [main] INFO  c.a.n.c.r.client - [printIfInfoEnabled,60] - [5e11b353-ede5-4f6e-810d-e7a7f8941802]Register server push request handler:com.alibaba.nacos.client.naming.remote.gprc.NamingPushRequestHandler
17:41:42.037 [main] INFO  c.a.n.c.r.client - [printIfInfoEnabled,60] - [5e11b353-ede5-4f6e-810d-e7a7f8941802]Registry connection listener to current client:com.alibaba.nacos.client.naming.remote.gprc.NamingGrpcConnectionEventListener
17:41:42.280 [main] INFO  s.d.s.w.PropertySourcedRequestMappingHandlerMapping - [initHandlerMethods,69] - Mapped URL path [/v2/api-docs] onto method [springfox.documentation.swagger2.web.Swagger2Controller#getDocumentation(String, HttpServletRequest)]
17:41:43.550 [main] INFO  c.a.n.c.i.CredentialWatcher - [loadCredential,165] - null No credential found
17:41:43.565 [main] INFO  c.a.n.client.naming - [isChangedServiceInfo,167] - init new ips(0) service: DEFAULT_GROUP@@ruoyi-file@@DEFAULT -> []
17:41:43.572 [main] INFO  c.a.n.client.naming - [processServiceInfo,152] - current ips:(0) service: DEFAULT_GROUP@@ruoyi-file@@DEFAULT -> []
17:41:43.577 [main] INFO  o.a.c.h.Http11NioProtocol - [log,173] - Starting ProtocolHandler ["http-nio-9300"]
17:41:43.592 [main] INFO  c.a.n.client.naming - [registerService,97] - [REGISTER-SERVICE] public registering service ruoyi-file with instance Instance{instanceId='null', ip='192.168.1.122', port=9300, weight=1.0, healthy=true, enabled=true, ephemeral=true, clusterName='DEFAULT', serviceName='null', metadata={preserved.register.source=SPRING_CLOUD}}
17:41:43.596 [main] INFO  c.a.c.n.r.NacosServiceRegistry - [register,75] - nacos registry, DEFAULT_GROUP ruoyi-file 192.168.1.122:9300 register finished
17:41:44.032 [main] INFO  s.d.s.w.p.DocumentationPluginsBootstrapper - [start,160] - Context refreshed
17:41:44.042 [main] INFO  s.d.s.w.p.DocumentationPluginsBootstrapper - [start,163] - Found 1 custom documentation plugin(s)
17:41:44.075 [main] INFO  s.d.s.w.s.ApiListingReferenceScanner - [scan,41] - Scanning for api listing references
17:41:44.084 [nacos-grpc-client-executor-6] INFO  c.a.n.c.r.client - [printIfInfoEnabled,60] - [5e11b353-ede5-4f6e-810d-e7a7f8941802]receive server push request,request=NotifySubscriberRequest,requestId=26
17:41:44.087 [nacos-grpc-client-executor-6] INFO  c.a.n.client.naming - [isChangedServiceInfo,167] - init new ips(1) service: DEFAULT_GROUP@@ruoyi-file -> [{"ip":"192.168.1.122","port":9300,"weight":1.0,"healthy":true,"enabled":true,"ephemeral":true,"clusterName":"DEFAULT","serviceName":"DEFAULT_GROUP@@ruoyi-file","metadata":{"preserved.register.source":"SPRING_CLOUD"},"ipDeleteTimeout":30000,"instanceHeartBeatInterval":5000,"instanceHeartBeatTimeOut":15000}]
17:41:44.088 [nacos-grpc-client-executor-6] INFO  c.a.n.client.naming - [processServiceInfo,152] - current ips:(1) service: DEFAULT_GROUP@@ruoyi-file -> [{"ip":"192.168.1.122","port":9300,"weight":1.0,"healthy":true,"enabled":true,"ephemeral":true,"clusterName":"DEFAULT","serviceName":"DEFAULT_GROUP@@ruoyi-file","metadata":{"preserved.register.source":"SPRING_CLOUD"},"ipDeleteTimeout":30000,"instanceHeartBeatInterval":5000,"instanceHeartBeatTimeOut":15000}]
17:41:44.088 [nacos-grpc-client-executor-6] INFO  c.a.n.c.r.client - [printIfInfoEnabled,60] - [5e11b353-ede5-4f6e-810d-e7a7f8941802]ack server push request,request=NotifySubscriberRequest,requestId=26
17:41:44.288 [main] INFO  c.r.f.CFFileApplication - [logStarted,61] - Started CFFileApplication in 11.648 seconds (JVM running for 12.813)
17:41:44.299 [main] INFO  c.a.n.c.c.i.ClientWorker - [addCacheDataIfAbsent,346] - [config_rpc_client] [subscribe] ruoyi-file-dev.yml+DEFAULT_GROUP
17:41:44.299 [main] INFO  c.a.n.c.c.i.CacheData - [addListener,128] - [config_rpc_client] [add-listener] ok, tenant=, dataId=ruoyi-file-dev.yml, group=DEFAULT_GROUP, cnt=1
17:41:44.300 [main] INFO  c.a.n.c.c.i.ClientWorker - [addCacheDataIfAbsent,346] - [config_rpc_client] [subscribe] ruoyi-file+DEFAULT_GROUP
17:41:44.300 [main] INFO  c.a.n.c.c.i.CacheData - [addListener,128] - [config_rpc_client] [add-listener] ok, tenant=, dataId=ruoyi-file, group=DEFAULT_GROUP, cnt=1
17:41:44.300 [main] INFO  c.a.n.c.c.i.ClientWorker - [addCacheDataIfAbsent,346] - [config_rpc_client] [subscribe] ruoyi-file.yml+DEFAULT_GROUP
17:41:44.300 [main] INFO  c.a.n.c.c.i.CacheData - [addListener,128] - [config_rpc_client] [add-listener] ok, tenant=, dataId=ruoyi-file.yml, group=DEFAULT_GROUP, cnt=1
17:41:44.573 [com.alibaba.nacos.client.naming.updater.0] INFO  c.a.n.client.naming - [isChangedServiceInfo,221] - new ips(1) service: DEFAULT_GROUP@@ruoyi-file@@DEFAULT -> [{"ip":"192.168.1.122","port":9300,"weight":1.0,"healthy":true,"enabled":true,"ephemeral":true,"clusterName":"DEFAULT","serviceName":"DEFAULT_GROUP@@ruoyi-file","metadata":{"preserved.register.source":"SPRING_CLOUD"},"ipDeleteTimeout":30000,"instanceHeartBeatInterval":5000,"instanceHeartBeatTimeOut":15000}]
17:41:44.573 [com.alibaba.nacos.client.naming.updater.0] INFO  c.a.n.client.naming - [processServiceInfo,152] - current ips:(1) service: DEFAULT_GROUP@@ruoyi-file@@DEFAULT -> [{"ip":"192.168.1.122","port":9300,"weight":1.0,"healthy":true,"enabled":true,"ephemeral":true,"clusterName":"DEFAULT","serviceName":"DEFAULT_GROUP@@ruoyi-file","metadata":{"preserved.register.source":"SPRING_CLOUD"},"ipDeleteTimeout":30000,"instanceHeartBeatInterval":5000,"instanceHeartBeatTimeOut":15000}]
17:42:02.992 [http-nio-9300-exec-1] INFO  o.a.c.c.C.[.[.[/] - [log,173] - Initializing Spring DispatcherServlet 'dispatcherServlet'
18:11:42.097 [lettuce-nioEventLoop-4-1] INFO  i.l.c.p.CommandHandler - [log,217] - null Unexpected exception during request: java.io.IOException: 远程主机强迫关闭了一个现有的连接。
java.io.IOException: 远程主机强迫关闭了一个现有的连接。
	at sun.nio.ch.SocketDispatcher.read0(Native Method)
	at sun.nio.ch.SocketDispatcher.read(SocketDispatcher.java:43)
	at sun.nio.ch.IOUtil.readIntoNativeBuffer(IOUtil.java:223)
	at sun.nio.ch.IOUtil.read(IOUtil.java:192)
	at sun.nio.ch.SocketChannelImpl.read(SocketChannelImpl.java:380)
	at io.netty.buffer.PooledByteBuf.setBytes(PooledByteBuf.java:253)
	at io.netty.buffer.AbstractByteBuf.writeBytes(AbstractByteBuf.java:1132)
	at io.netty.channel.socket.nio.NioSocketChannel.doReadBytes(NioSocketChannel.java:350)
	at io.netty.channel.nio.AbstractNioByteChannel$NioByteUnsafe.read(AbstractNioByteChannel.java:151)
	at io.netty.channel.nio.NioEventLoop.processSelectedKey(NioEventLoop.java:719)
	at io.netty.channel.nio.NioEventLoop.processSelectedKeysOptimized(NioEventLoop.java:655)
	at io.netty.channel.nio.NioEventLoop.processSelectedKeys(NioEventLoop.java:581)
	at io.netty.channel.nio.NioEventLoop.run(NioEventLoop.java:493)
	at io.netty.util.concurrent.SingleThreadEventExecutor$4.run(SingleThreadEventExecutor.java:989)
	at io.netty.util.internal.ThreadExecutorMap$2.run(ThreadExecutorMap.java:74)
	at io.netty.util.concurrent.FastThreadLocalRunnable.run(FastThreadLocalRunnable.java:30)
	at java.lang.Thread.run(Thread.java:748)
18:11:42.159 [lettuce-eventExecutorLoop-2-8] INFO  i.l.c.p.ConnectionWatchdog - [log,171] - Reconnecting, last destination was localhost/127.0.0.1:6379
18:11:44.570 [com.alibaba.nacos.client.remote.worker] INFO  c.a.n.c.r.client - [printIfInfoEnabled,60] - [config-0-e99bb00d-17dc-47a2-919a-85f945648cfc] try to re connect to a new server ,server is  not appointed,will choose a random server.
18:11:44.571 [com.alibaba.nacos.client.remote.worker] INFO  c.a.n.c.r.client - [printIfInfoEnabled,60] - [5e11b353-ede5-4f6e-810d-e7a7f8941802] try to re connect to a new server ,server is  not appointed,will choose a random server.
18:11:46.801 [com.alibaba.nacos.client.remote.worker] INFO  c.a.n.c.r.client - [printIfInfoEnabled,60] - [config-0-e99bb00d-17dc-47a2-919a-85f945648cfc] fail to connect server,after trying 1 times, last try server is {serverIp='127.0.0.1', server main port=8848},error=unknown
18:11:46.803 [com.alibaba.nacos.client.remote.worker] INFO  c.a.n.c.r.client - [printIfInfoEnabled,60] - [5e11b353-ede5-4f6e-810d-e7a7f8941802] fail to connect server,after trying 1 times, last try server is {serverIp='127.0.0.1', server main port=8848},error=unknown
18:11:47.657 [lettuce-eventExecutorLoop-2-12] INFO  i.l.c.p.ConnectionWatchdog - [log,171] - Reconnecting, last destination was localhost:6379
18:11:48.009 [com.alibaba.nacos.client.remote.worker] INFO  c.a.n.c.r.client - [printIfInfoEnabled,60] - [config-0-e99bb00d-17dc-47a2-919a-85f945648cfc] fail to connect server,after trying 2 times, last try server is {serverIp='127.0.0.1', server main port=8848},error=unknown
18:11:48.010 [com.alibaba.nacos.client.remote.worker] INFO  c.a.n.c.r.client - [printIfInfoEnabled,60] - [5e11b353-ede5-4f6e-810d-e7a7f8941802] fail to connect server,after trying 2 times, last try server is {serverIp='127.0.0.1', server main port=8848},error=unknown
