21:23:19.215 [background-preinit] INFO  o.h.v.i.util.Version - [<clinit>,21] - HV000001: Hibernate Validator 6.2.0.Final
21:23:20.205 [main] INFO  c.a.n.c.c.i.LocalConfigInfoProcessor - [<clinit>,212] - LOCAL_SNAPSHOT_PATH:C:\Users\Administrator\nacos\config
21:23:20.379 [main] INFO  o.r.Reflections - [scan,232] - Reflections took 61 ms to scan 1 urls, producing 3 keys and 6 values 
21:23:20.440 [main] INFO  o.r.Reflections - [scan,232] - Reflections took 15 ms to scan 1 urls, producing 4 keys and 9 values 
21:23:20.458 [main] INFO  o.r.Reflections - [scan,232] - Reflections took 16 ms to scan 1 urls, producing 3 keys and 10 values 
21:23:20.822 [main] INFO  o.r.Reflections - [scan,232] - Reflections took 358 ms to scan 212 urls, producing 0 keys and 0 values 
21:23:20.836 [main] INFO  o.r.Reflections - [scan,232] - Reflections took 12 ms to scan 1 urls, producing 1 keys and 5 values 
21:23:20.850 [main] INFO  o.r.Reflections - [scan,232] - Reflections took 12 ms to scan 1 urls, producing 1 keys and 7 values 
21:23:20.872 [main] INFO  o.r.Reflections - [scan,232] - Reflections took 19 ms to scan 1 urls, producing 2 keys and 8 values 
21:23:21.111 [main] INFO  o.r.Reflections - [scan,232] - Reflections took 236 ms to scan 212 urls, producing 0 keys and 0 values 
21:23:21.113 [main] INFO  c.a.n.c.r.client - [printIfInfoEnabled,60] - [config-0-49d54c5a-f7a3-4741-a11e-93c94117457b]RpcClient init label, labels={module=config, Vipserver-Tag=null, source=sdk, Amory-Tag=null, Location-Tag=null, taskId=0, AppName=unknown}
21:23:21.113 [main] INFO  c.a.n.c.r.client - [printIfInfoEnabled,60] - [config-0-49d54c5a-f7a3-4741-a11e-93c94117457b]Register server push request handler:com.alibaba.nacos.client.config.impl.ClientWorker$ConfigRpcTransportClient$$Lambda$328/285074186
21:23:21.114 [main] INFO  c.a.n.c.r.client - [printIfInfoEnabled,60] - [config-0-49d54c5a-f7a3-4741-a11e-93c94117457b]Register server push request handler:com.alibaba.nacos.client.config.impl.ClientWorker$ConfigRpcTransportClient$$Lambda$329/15892131
21:23:21.115 [main] INFO  c.a.n.c.r.client - [printIfInfoEnabled,60] - [config-0-49d54c5a-f7a3-4741-a11e-93c94117457b]Registry connection listener to current client:com.alibaba.nacos.client.config.impl.ClientWorker$ConfigRpcTransportClient$1
21:23:21.115 [main] INFO  c.a.n.c.r.client - [printIfInfoEnabled,60] - [config-0-49d54c5a-f7a3-4741-a11e-93c94117457b]RpcClient init, ServerListFactory =com.alibaba.nacos.client.config.impl.ClientWorker$ConfigRpcTransportClient$2
21:23:21.118 [main] INFO  c.a.n.c.r.client - [printIfInfoEnabled,60] - [config-0-49d54c5a-f7a3-4741-a11e-93c94117457b] Try to connect to server on start up, server: {serverIp='127.0.0.1', server main port=8848}
21:23:23.230 [main] INFO  c.a.n.c.r.client - [printIfInfoEnabled,60] - [config-0-49d54c5a-f7a3-4741-a11e-93c94117457b] Success to connect to server [127.0.0.1:8848] on start up,connectionId=1663421002920_127.0.0.1_2035
21:23:23.230 [com.alibaba.nacos.client.remote.worker] INFO  c.a.n.c.r.client - [printIfInfoEnabled,60] - [config-0-49d54c5a-f7a3-4741-a11e-93c94117457b]Notify connected event to listeners.
21:23:23.231 [com.alibaba.nacos.client.remote.worker] INFO  c.a.n.c.c.i.ClientWorker - [onConnected,625] - [config-0-49d54c5a-f7a3-4741-a11e-93c94117457b] Connected,notify listen context...
21:23:23.231 [main] INFO  c.a.n.c.r.client - [printIfInfoEnabled,60] - [config-0-49d54c5a-f7a3-4741-a11e-93c94117457b]Register server push request handler:com.alibaba.nacos.common.remote.client.RpcClient$ConnectResetRequestHandler
21:23:23.231 [main] INFO  c.a.n.c.r.client - [printIfInfoEnabled,60] - [config-0-49d54c5a-f7a3-4741-a11e-93c94117457b]Register server push request handler:com.alibaba.nacos.common.remote.client.RpcClient$4
21:23:23.270 [main] INFO  c.a.n.c.c.i.Limiter - [<clinit>,54] - limitTime:5.0
21:23:23.284 [main] INFO  c.a.n.c.c.u.JvmUtil - [<clinit>,49] - isMultiInstance:false
21:23:23.315 [main] INFO  c.r.f.CFFileApplication - [logStartupProfileInfo,667] - The following profiles are active: dev
21:23:26.273 [main] INFO  i.s.s.b.a.SeataAutoConfiguration - [globalTransactionScanner,65] - Automatically configure Seata
21:23:26.405 [main] INFO  i.s.c.ConfigurationFactory - [<clinit>,65] - load Configuration:FileConfiguration$$EnhancerByCGLIB$$862af1eb
21:23:26.437 [main] INFO  i.s.c.ConfigurationFactory - [buildConfiguration,123] - load Configuration:FileConfiguration$$EnhancerByCGLIB$$862af1eb
21:23:26.643 [main] INFO  i.s.s.a.GlobalTransactionScanner - [initClient,164] - Initializing Global Transaction Clients ... 
21:23:26.879 [main] INFO  i.s.c.r.n.NettyClientBootstrap - [start,147] - NettyClientBootstrap has started
21:23:26.880 [main] INFO  i.s.s.a.GlobalTransactionScanner - [initClient,172] - Transaction Manager Client is initialized. applicationId[ruoyi-file] txServiceGroup[ruoyi-file-seata-service-group]
21:23:26.966 [main] INFO  i.s.r.d.AsyncWorker - [init,125] - Async Commit Buffer Limit: 10000
21:23:26.967 [main] INFO  i.s.r.d.x.ResourceManagerXA - [init,40] - ResourceManagerXA init ...
21:23:27.004 [main] INFO  i.s.c.r.n.NettyClientBootstrap - [start,147] - NettyClientBootstrap has started
21:23:27.005 [main] INFO  i.s.s.a.GlobalTransactionScanner - [initClient,177] - Resource Manager is initialized. applicationId[ruoyi-file] txServiceGroup[ruoyi-file-seata-service-group]
21:23:27.005 [main] INFO  i.s.s.a.GlobalTransactionScanner - [initClient,181] - Global Transaction Clients are initialized. 
21:23:27.721 [main] INFO  o.a.c.h.Http11NioProtocol - [log,173] - Initializing ProtocolHandler ["http-nio-9300"]
21:23:27.722 [main] INFO  o.a.c.c.StandardService - [log,173] - Starting service [Tomcat]
21:23:27.722 [main] INFO  o.a.c.c.StandardEngine - [log,173] - Starting Servlet engine: [Apache Tomcat/9.0.46]
21:23:27.887 [main] INFO  o.a.c.c.C.[.[.[/] - [log,173] - Initializing Spring embedded WebApplicationContext
21:23:28.145 [main] INFO  i.s.s.a.d.SeataAutoDataSourceProxyCreator - [getAdvicesAndAdvisorsForBean,45] - Auto proxy of [dataSource]
21:23:29.795 [main] INFO  c.a.c.s.SentinelWebAutoConfiguration - [addInterceptors,80] - [Sentinel Starter] register SentinelWebInterceptor with urlPatterns: [/**].
21:23:32.117 [main] INFO  c.a.n.client.naming - [call,65] - initializer namespace from System Property :null
21:23:32.118 [main] INFO  c.a.n.client.naming - [call,74] - initializer namespace from System Environment :null
21:23:32.119 [main] INFO  c.a.n.client.naming - [call,84] - initializer namespace from System Property :null
21:23:32.145 [main] INFO  c.a.n.c.r.client - [printIfInfoEnabled,60] - [cfdabe8d-a01f-4d04-80e5-2bb9fb322af7]RpcClient init label, labels={module=naming, source=sdk}
21:23:32.146 [main] INFO  c.a.n.c.r.client - [printIfInfoEnabled,60] - [cfdabe8d-a01f-4d04-80e5-2bb9fb322af7]RpcClient init, ServerListFactory =com.alibaba.nacos.client.naming.core.ServerListManager
21:23:32.146 [main] INFO  c.a.n.c.r.client - [printIfInfoEnabled,60] - [cfdabe8d-a01f-4d04-80e5-2bb9fb322af7] Try to connect to server on start up, server: {serverIp='127.0.0.1', server main port=8848}
21:23:32.260 [main] INFO  c.a.n.c.r.client - [printIfInfoEnabled,60] - [cfdabe8d-a01f-4d04-80e5-2bb9fb322af7] Success to connect to server [127.0.0.1:8848] on start up,connectionId=1663421012154_127.0.0.1_2216
21:23:32.260 [main] INFO  c.a.n.c.r.client - [printIfInfoEnabled,60] - [cfdabe8d-a01f-4d04-80e5-2bb9fb322af7]Register server push request handler:com.alibaba.nacos.common.remote.client.RpcClient$ConnectResetRequestHandler
21:23:32.261 [main] INFO  c.a.n.c.r.client - [printIfInfoEnabled,60] - [cfdabe8d-a01f-4d04-80e5-2bb9fb322af7]Register server push request handler:com.alibaba.nacos.common.remote.client.RpcClient$4
21:23:32.262 [main] INFO  c.a.n.c.r.client - [printIfInfoEnabled,60] - [cfdabe8d-a01f-4d04-80e5-2bb9fb322af7]Register server push request handler:com.alibaba.nacos.client.naming.remote.gprc.NamingPushRequestHandler
21:23:32.263 [main] INFO  c.a.n.c.r.client - [printIfInfoEnabled,60] - [cfdabe8d-a01f-4d04-80e5-2bb9fb322af7]Registry connection listener to current client:com.alibaba.nacos.client.naming.remote.gprc.NamingGrpcConnectionEventListener
21:23:32.768 [main] INFO  s.d.s.w.PropertySourcedRequestMappingHandlerMapping - [initHandlerMethods,69] - Mapped URL path [/v2/api-docs] onto method [springfox.documentation.swagger2.web.Swagger2Controller#getDocumentation(String, HttpServletRequest)]
21:23:35.107 [main] INFO  c.a.n.c.i.CredentialWatcher - [loadCredential,165] - null No credential found
21:23:35.128 [main] INFO  c.a.n.client.naming - [isChangedServiceInfo,167] - init new ips(0) service: DEFAULT_GROUP@@ruoyi-file@@DEFAULT -> []
21:23:35.137 [main] INFO  c.a.n.client.naming - [processServiceInfo,152] - current ips:(0) service: DEFAULT_GROUP@@ruoyi-file@@DEFAULT -> []
21:23:35.144 [main] INFO  o.a.c.h.Http11NioProtocol - [log,173] - Starting ProtocolHandler ["http-nio-9300"]
21:23:35.161 [main] INFO  c.a.n.client.naming - [registerService,97] - [REGISTER-SERVICE] public registering service ruoyi-file with instance Instance{instanceId='null', ip='192.168.0.131', port=9300, weight=1.0, healthy=true, enabled=true, ephemeral=true, clusterName='DEFAULT', serviceName='null', metadata={preserved.register.source=SPRING_CLOUD}}
21:23:35.167 [main] INFO  c.a.c.n.r.NacosServiceRegistry - [register,75] - nacos registry, DEFAULT_GROUP ruoyi-file 192.168.0.131:9300 register finished
21:23:35.639 [nacos-grpc-client-executor-7] INFO  c.a.n.c.r.client - [printIfInfoEnabled,60] - [cfdabe8d-a01f-4d04-80e5-2bb9fb322af7]receive server push request,request=NotifySubscriberRequest,requestId=13
21:23:35.643 [nacos-grpc-client-executor-7] INFO  c.a.n.client.naming - [isChangedServiceInfo,167] - init new ips(1) service: DEFAULT_GROUP@@ruoyi-file -> [{"ip":"192.168.0.131","port":9300,"weight":1.0,"healthy":true,"enabled":true,"ephemeral":true,"clusterName":"DEFAULT","serviceName":"DEFAULT_GROUP@@ruoyi-file","metadata":{"preserved.register.source":"SPRING_CLOUD"},"ipDeleteTimeout":30000,"instanceHeartBeatInterval":5000,"instanceHeartBeatTimeOut":15000}]
21:23:35.644 [nacos-grpc-client-executor-7] INFO  c.a.n.client.naming - [processServiceInfo,152] - current ips:(1) service: DEFAULT_GROUP@@ruoyi-file -> [{"ip":"192.168.0.131","port":9300,"weight":1.0,"healthy":true,"enabled":true,"ephemeral":true,"clusterName":"DEFAULT","serviceName":"DEFAULT_GROUP@@ruoyi-file","metadata":{"preserved.register.source":"SPRING_CLOUD"},"ipDeleteTimeout":30000,"instanceHeartBeatInterval":5000,"instanceHeartBeatTimeOut":15000}]
21:23:35.645 [nacos-grpc-client-executor-7] INFO  c.a.n.c.r.client - [printIfInfoEnabled,60] - [cfdabe8d-a01f-4d04-80e5-2bb9fb322af7]ack server push request,request=NotifySubscriberRequest,requestId=13
21:23:35.770 [main] INFO  s.d.s.w.p.DocumentationPluginsBootstrapper - [start,160] - Context refreshed
21:23:35.814 [main] INFO  s.d.s.w.p.DocumentationPluginsBootstrapper - [start,163] - Found 1 custom documentation plugin(s)
21:23:35.856 [main] INFO  s.d.s.w.s.ApiListingReferenceScanner - [scan,41] - Scanning for api listing references
21:23:36.063 [main] INFO  c.r.f.CFFileApplication - [logStarted,61] - Started CFFileApplication in 17.793 seconds (JVM running for 19.178)
21:23:36.075 [main] INFO  c.a.n.c.c.i.ClientWorker - [addCacheDataIfAbsent,346] - [config_rpc_client] [subscribe] ruoyi-file-dev.yml+DEFAULT_GROUP
21:23:36.076 [main] INFO  c.a.n.c.c.i.CacheData - [addListener,128] - [config_rpc_client] [add-listener] ok, tenant=, dataId=ruoyi-file-dev.yml, group=DEFAULT_GROUP, cnt=1
21:23:36.077 [main] INFO  c.a.n.c.c.i.ClientWorker - [addCacheDataIfAbsent,346] - [config_rpc_client] [subscribe] ruoyi-file+DEFAULT_GROUP
21:23:36.077 [main] INFO  c.a.n.c.c.i.CacheData - [addListener,128] - [config_rpc_client] [add-listener] ok, tenant=, dataId=ruoyi-file, group=DEFAULT_GROUP, cnt=1
21:23:36.077 [main] INFO  c.a.n.c.c.i.ClientWorker - [addCacheDataIfAbsent,346] - [config_rpc_client] [subscribe] ruoyi-file.yml+DEFAULT_GROUP
21:23:36.077 [main] INFO  c.a.n.c.c.i.CacheData - [addListener,128] - [config_rpc_client] [add-listener] ok, tenant=, dataId=ruoyi-file.yml, group=DEFAULT_GROUP, cnt=1
21:23:36.135 [com.alibaba.nacos.client.naming.updater.0] INFO  c.a.n.client.naming - [isChangedServiceInfo,221] - new ips(1) service: DEFAULT_GROUP@@ruoyi-file@@DEFAULT -> [{"ip":"192.168.0.131","port":9300,"weight":1.0,"healthy":true,"enabled":true,"ephemeral":true,"clusterName":"DEFAULT","serviceName":"DEFAULT_GROUP@@ruoyi-file","metadata":{"preserved.register.source":"SPRING_CLOUD"},"ipDeleteTimeout":30000,"instanceHeartBeatInterval":5000,"instanceHeartBeatTimeOut":15000}]
21:23:36.135 [com.alibaba.nacos.client.naming.updater.0] INFO  c.a.n.client.naming - [processServiceInfo,152] - current ips:(1) service: DEFAULT_GROUP@@ruoyi-file@@DEFAULT -> [{"ip":"192.168.0.131","port":9300,"weight":1.0,"healthy":true,"enabled":true,"ephemeral":true,"clusterName":"DEFAULT","serviceName":"DEFAULT_GROUP@@ruoyi-file","metadata":{"preserved.register.source":"SPRING_CLOUD"},"ipDeleteTimeout":30000,"instanceHeartBeatInterval":5000,"instanceHeartBeatTimeOut":15000}]
21:23:44.149 [http-nio-9300-exec-1] INFO  o.a.c.c.C.[.[.[/] - [log,173] - Initializing Spring DispatcherServlet 'dispatcherServlet'
