11:06:19.291 [background-preinit] INFO  o.h.v.i.util.Version - [<clinit>,21] - HV000001: Hibernate Validator 6.2.0.Final
11:06:19.863 [main] INFO  c.a.n.c.c.i.LocalConfigInfoProcessor - [<clinit>,212] - LOCAL_SNAPSHOT_PATH:C:\Users\Administrator\nacos\config
11:06:20.014 [main] INFO  o.r.Reflections - [scan,232] - Reflections took 51 ms to scan 1 urls, producing 3 keys and 6 values 
11:06:20.084 [main] INFO  o.r.Reflections - [scan,232] - Reflections took 12 ms to scan 1 urls, producing 4 keys and 9 values 
11:06:20.096 [main] INFO  o.r.Reflections - [scan,232] - Reflections took 10 ms to scan 1 urls, producing 3 keys and 10 values 
11:06:20.246 [main] INFO  o.r.Reflections - [scan,232] - Reflections took 146 ms to scan 212 urls, producing 0 keys and 0 values 
11:06:20.256 [main] INFO  o.r.Reflections - [scan,232] - Reflections took 9 ms to scan 1 urls, producing 1 keys and 5 values 
11:06:20.267 [main] INFO  o.r.Reflections - [scan,232] - Reflections took 9 ms to scan 1 urls, producing 1 keys and 7 values 
11:06:20.278 [main] INFO  o.r.Reflections - [scan,232] - Reflections took 9 ms to scan 1 urls, producing 2 keys and 8 values 
11:06:20.409 [main] INFO  o.r.Reflections - [scan,232] - Reflections took 129 ms to scan 212 urls, producing 0 keys and 0 values 
11:06:20.409 [main] INFO  c.a.n.c.r.client - [printIfInfoEnabled,60] - [config-0-b46206f3-bcd1-439e-a03d-04700808e3fb]RpcClient init label, labels={module=config, Vipserver-Tag=null, source=sdk, Amory-Tag=null, Location-Tag=null, taskId=0, AppName=unknown}
11:06:20.410 [main] INFO  c.a.n.c.r.client - [printIfInfoEnabled,60] - [config-0-b46206f3-bcd1-439e-a03d-04700808e3fb]Register server push request handler:com.alibaba.nacos.client.config.impl.ClientWorker$ConfigRpcTransportClient$$Lambda$328/15892131
11:06:20.410 [main] INFO  c.a.n.c.r.client - [printIfInfoEnabled,60] - [config-0-b46206f3-bcd1-439e-a03d-04700808e3fb]Register server push request handler:com.alibaba.nacos.client.config.impl.ClientWorker$ConfigRpcTransportClient$$Lambda$329/484841769
11:06:20.411 [main] INFO  c.a.n.c.r.client - [printIfInfoEnabled,60] - [config-0-b46206f3-bcd1-439e-a03d-04700808e3fb]Registry connection listener to current client:com.alibaba.nacos.client.config.impl.ClientWorker$ConfigRpcTransportClient$1
11:06:20.411 [main] INFO  c.a.n.c.r.client - [printIfInfoEnabled,60] - [config-0-b46206f3-bcd1-439e-a03d-04700808e3fb]RpcClient init, ServerListFactory =com.alibaba.nacos.client.config.impl.ClientWorker$ConfigRpcTransportClient$2
11:06:20.413 [main] INFO  c.a.n.c.r.client - [printIfInfoEnabled,60] - [config-0-b46206f3-bcd1-439e-a03d-04700808e3fb] Try to connect to server on start up, server: {serverIp='127.0.0.1', server main port=8848}
11:06:21.485 [main] INFO  c.a.n.c.r.client - [printIfInfoEnabled,60] - [config-0-b46206f3-bcd1-439e-a03d-04700808e3fb] Success to connect to server [127.0.0.1:8848] on start up,connectionId=1629083181271_127.0.0.1_63867
11:06:21.485 [com.alibaba.nacos.client.remote.worker] INFO  c.a.n.c.r.client - [printIfInfoEnabled,60] - [config-0-b46206f3-bcd1-439e-a03d-04700808e3fb]Notify connected event to listeners.
11:06:21.485 [com.alibaba.nacos.client.remote.worker] INFO  c.a.n.c.c.i.ClientWorker - [onConnected,625] - [config-0-b46206f3-bcd1-439e-a03d-04700808e3fb] Connected,notify listen context...
11:06:21.485 [main] INFO  c.a.n.c.r.client - [printIfInfoEnabled,60] - [config-0-b46206f3-bcd1-439e-a03d-04700808e3fb]Register server push request handler:com.alibaba.nacos.common.remote.client.RpcClient$ConnectResetRequestHandler
11:06:21.486 [main] INFO  c.a.n.c.r.client - [printIfInfoEnabled,60] - [config-0-b46206f3-bcd1-439e-a03d-04700808e3fb]Register server push request handler:com.alibaba.nacos.common.remote.client.RpcClient$4
11:06:21.512 [main] INFO  c.a.n.c.c.i.Limiter - [<clinit>,54] - limitTime:5.0
11:06:21.523 [main] INFO  c.a.n.c.c.u.JvmUtil - [<clinit>,49] - isMultiInstance:false
11:06:21.540 [main] INFO  c.r.f.CFFileApplication - [logStartupProfileInfo,667] - The following profiles are active: dev
11:06:22.904 [main] INFO  i.s.s.b.a.SeataAutoConfiguration - [globalTransactionScanner,65] - Automatically configure Seata
11:06:22.938 [main] INFO  i.s.c.ConfigurationFactory - [<clinit>,65] - load Configuration:FileConfiguration$$EnhancerByCGLIB$$862af1eb
11:06:22.946 [main] INFO  i.s.c.ConfigurationFactory - [buildConfiguration,123] - load Configuration:FileConfiguration$$EnhancerByCGLIB$$862af1eb
11:06:22.993 [main] INFO  i.s.s.a.GlobalTransactionScanner - [initClient,164] - Initializing Global Transaction Clients ... 
11:06:23.039 [main] INFO  i.s.c.r.n.NettyClientBootstrap - [start,147] - NettyClientBootstrap has started
11:06:23.040 [main] INFO  i.s.s.a.GlobalTransactionScanner - [initClient,172] - Transaction Manager Client is initialized. applicationId[ruoyi-file] txServiceGroup[ruoyi-file-seata-service-group]
11:06:23.048 [main] INFO  i.s.r.d.AsyncWorker - [init,125] - Async Commit Buffer Limit: 10000
11:06:23.049 [main] INFO  i.s.r.d.x.ResourceManagerXA - [init,40] - ResourceManagerXA init ...
11:06:23.054 [main] INFO  i.s.c.r.n.NettyClientBootstrap - [start,147] - NettyClientBootstrap has started
11:06:23.064 [main] INFO  i.s.s.a.GlobalTransactionScanner - [initClient,177] - Resource Manager is initialized. applicationId[ruoyi-file] txServiceGroup[ruoyi-file-seata-service-group]
11:06:23.064 [main] INFO  i.s.s.a.GlobalTransactionScanner - [initClient,181] - Global Transaction Clients are initialized. 
11:06:23.529 [main] INFO  o.a.c.h.Http11NioProtocol - [log,173] - Initializing ProtocolHandler ["http-nio-9300"]
11:06:23.529 [main] INFO  o.a.c.c.StandardService - [log,173] - Starting service [Tomcat]
11:06:23.530 [main] INFO  o.a.c.c.StandardEngine - [log,173] - Starting Servlet engine: [Apache Tomcat/9.0.46]
11:06:23.613 [main] INFO  o.a.c.c.C.[.[.[/] - [log,173] - Initializing Spring embedded WebApplicationContext
11:06:23.701 [main] INFO  o.a.c.c.StandardService - [log,173] - Stopping service [Tomcat]
