18:32:46.073 [main] ERROR c.a.n.c.r.client - [printIfErrorEnabled,99] - Send request fail, request=ConfigQueryRequest{headers={charset=UTF-8, exConfigInfo=true, Client-AppName=unknown, Client-RequestTS=1653561165926, Client-RequestToken=1f219c989b1645f0936f78f73fa65af6, Timestamp=1653561165928, notify=false}, requestId='null'}, retryTimes=0,errorMessage=Client not connected,current status:STARTING
18:32:46.176 [main] ERROR c.a.n.c.r.client - [printIfErrorEnabled,99] - Send request fail, request=ConfigQueryRequest{headers={charset=UTF-8, exConfigInfo=true, Client-AppName=unknown, Client-RequestTS=1653561165926, Client-RequestToken=1f219c989b1645f0936f78f73fa65af6, Timestamp=1653561165928, notify=false}, requestId='null'}, retryTimes=1,errorMessage=Client not connected,current status:STARTING
18:32:46.276 [main] ERROR c.a.n.c.r.client - [printIfErrorEnabled,99] - Send request fail, request=ConfigQueryRequest{headers={charset=UTF-8, exConfigInfo=true, Client-AppName=unknown, Client-RequestTS=1653561165926, Client-RequestToken=1f219c989b1645f0936f78f73fa65af6, Timestamp=1653561165928, notify=false}, requestId='null'}, retryTimes=2,errorMessage=Client not connected,current status:STARTING
18:32:46.387 [main] ERROR c.a.n.c.r.client - [printIfErrorEnabled,99] - Send request fail, request=ConfigQueryRequest{headers={charset=UTF-8, exConfigInfo=true, Client-AppName=unknown, Client-RequestTS=1653561166285, Client-RequestToken=6ab250f454433eac0c758a4a853e658c, Timestamp=1653561166285, notify=false}, requestId='null'}, retryTimes=0,errorMessage=Client not connected,current status:STARTING
18:32:46.487 [main] ERROR c.a.n.c.r.client - [printIfErrorEnabled,99] - Send request fail, request=ConfigQueryRequest{headers={charset=UTF-8, exConfigInfo=true, Client-AppName=unknown, Client-RequestTS=1653561166285, Client-RequestToken=6ab250f454433eac0c758a4a853e658c, Timestamp=1653561166285, notify=false}, requestId='null'}, retryTimes=1,errorMessage=Client not connected,current status:STARTING
18:32:46.588 [main] ERROR c.a.n.c.r.client - [printIfErrorEnabled,99] - Send request fail, request=ConfigQueryRequest{headers={charset=UTF-8, exConfigInfo=true, Client-AppName=unknown, Client-RequestTS=1653561166285, Client-RequestToken=6ab250f454433eac0c758a4a853e658c, Timestamp=1653561166285, notify=false}, requestId='null'}, retryTimes=2,errorMessage=Client not connected,current status:STARTING
18:32:46.690 [main] ERROR c.a.n.c.r.client - [printIfErrorEnabled,99] - Send request fail, request=ConfigQueryRequest{headers={charset=UTF-8, exConfigInfo=true, Client-AppName=unknown, Client-RequestTS=1653561166589, Client-RequestToken=f4e16b9578474793fb950de0641db802, Timestamp=1653561166589, notify=false}, requestId='null'}, retryTimes=0,errorMessage=Client not connected,current status:STARTING
18:32:46.790 [main] ERROR c.a.n.c.r.client - [printIfErrorEnabled,99] - Send request fail, request=ConfigQueryRequest{headers={charset=UTF-8, exConfigInfo=true, Client-AppName=unknown, Client-RequestTS=1653561166589, Client-RequestToken=f4e16b9578474793fb950de0641db802, Timestamp=1653561166589, notify=false}, requestId='null'}, retryTimes=1,errorMessage=Client not connected,current status:STARTING
18:32:46.891 [main] ERROR c.a.n.c.r.client - [printIfErrorEnabled,99] - Send request fail, request=ConfigQueryRequest{headers={charset=UTF-8, exConfigInfo=true, Client-AppName=unknown, Client-RequestTS=1653561166589, Client-RequestToken=f4e16b9578474793fb950de0641db802, Timestamp=1653561166589, notify=false}, requestId='null'}, retryTimes=2,errorMessage=Client not connected,current status:STARTING
18:32:46.992 [main] ERROR c.a.n.c.r.client - [printIfErrorEnabled,99] - Send request fail, request=ConfigQueryRequest{headers={charset=UTF-8, exConfigInfo=true, Client-AppName=unknown, Client-RequestTS=1653561166891, Client-RequestToken=85e45a63c07cc5b5922f5d97dd9540da, Timestamp=1653561166891, notify=false}, requestId='null'}, retryTimes=0,errorMessage=Client not connected,current status:STARTING
18:32:47.092 [main] ERROR c.a.n.c.r.client - [printIfErrorEnabled,99] - Send request fail, request=ConfigQueryRequest{headers={charset=UTF-8, exConfigInfo=true, Client-AppName=unknown, Client-RequestTS=1653561166891, Client-RequestToken=85e45a63c07cc5b5922f5d97dd9540da, Timestamp=1653561166891, notify=false}, requestId='null'}, retryTimes=1,errorMessage=Client not connected,current status:STARTING
18:32:47.193 [main] ERROR c.a.n.c.r.client - [printIfErrorEnabled,99] - Send request fail, request=ConfigQueryRequest{headers={charset=UTF-8, exConfigInfo=true, Client-AppName=unknown, Client-RequestTS=1653561166891, Client-RequestToken=85e45a63c07cc5b5922f5d97dd9540da, Timestamp=1653561166891, notify=false}, requestId='null'}, retryTimes=2,errorMessage=Client not connected,current status:STARTING
18:32:58.999 [main] ERROR c.a.n.c.r.client - [printIfErrorEnabled,99] - Send request fail, request=SubscribeServiceRequest{headers={app=unknown}, requestId='null'}, retryTimes=0,errorMessage=Client not connected,current status:STARTING
18:32:59.099 [main] ERROR c.a.n.c.r.client - [printIfErrorEnabled,99] - Send request fail, request=SubscribeServiceRequest{headers={app=unknown}, requestId='null'}, retryTimes=1,errorMessage=Client not connected,current status:STARTING
18:32:59.200 [main] ERROR c.a.n.c.r.client - [printIfErrorEnabled,99] - Send request fail, request=SubscribeServiceRequest{headers={app=unknown}, requestId='null'}, retryTimes=2,errorMessage=Client not connected,current status:STARTING
18:32:59.201 [main] ERROR c.a.c.n.d.NacosWatch - [start,127] - namingService subscribe failed, properties:NacosDiscoveryProperties{serverAddr='127.0.0.1:8848', endpoint='', namespace='', watchDelay=30000, logName='', service='ruoyi-system', weight=1.0, clusterName='DEFAULT', group='DEFAULT_GROUP', namingLoadCacheAtStart='false', metadata={preserved.register.source=SPRING_CLOUD}, registerEnabled=true, ip='192.168.0.100', networkInterface='', port=-1, secure=false, accessKey='', secretKey='', heartBeatInterval=null, heartBeatTimeout=null, ipDeleteTimeout=null}
com.alibaba.nacos.api.exception.NacosException: Request nacos server failed: 
	at com.alibaba.nacos.client.naming.remote.gprc.NamingGrpcClientProxy.requestToServer(NamingGrpcClientProxy.java:213)
	at com.alibaba.nacos.client.naming.remote.gprc.NamingGrpcClientProxy.subscribe(NamingGrpcClientProxy.java:172)
	at com.alibaba.nacos.client.naming.remote.NamingClientProxyDelegate.subscribe(NamingClientProxyDelegate.java:146)
	at com.alibaba.nacos.client.naming.NacosNamingService.subscribe(NacosNamingService.java:387)
	at com.alibaba.cloud.nacos.discovery.NacosWatch.start(NacosWatch.java:123)
	at org.springframework.context.support.DefaultLifecycleProcessor.doStart(DefaultLifecycleProcessor.java:178)
	at org.springframework.context.support.DefaultLifecycleProcessor.access$200(DefaultLifecycleProcessor.java:54)
	at org.springframework.context.support.DefaultLifecycleProcessor$LifecycleGroup.start(DefaultLifecycleProcessor.java:356)
	at java.lang.Iterable.forEach(Iterable.java:75)
	at org.springframework.context.support.DefaultLifecycleProcessor.startBeans(DefaultLifecycleProcessor.java:155)
	at org.springframework.context.support.DefaultLifecycleProcessor.onRefresh(DefaultLifecycleProcessor.java:123)
	at org.springframework.context.support.AbstractApplicationContext.finishRefresh(AbstractApplicationContext.java:935)
	at org.springframework.context.support.AbstractApplicationContext.refresh(AbstractApplicationContext.java:586)
	at org.springframework.boot.web.servlet.context.ServletWebServerApplicationContext.refresh(ServletWebServerApplicationContext.java:145)
	at org.springframework.boot.SpringApplication.refresh(SpringApplication.java:758)
	at org.springframework.boot.SpringApplication.refreshContext(SpringApplication.java:438)
	at org.springframework.boot.SpringApplication.run(SpringApplication.java:337)
	at org.springframework.boot.SpringApplication.run(SpringApplication.java:1336)
	at org.springframework.boot.SpringApplication.run(SpringApplication.java:1325)
	at com.ruoyi.system.CFSystemApplication.main(CFSystemApplication.java:22)
Caused by: com.alibaba.nacos.api.exception.NacosException: Client not connected,current status:STARTING
	at com.alibaba.nacos.common.remote.client.RpcClient.request(RpcClient.java:628)
	at com.alibaba.nacos.common.remote.client.RpcClient.request(RpcClient.java:608)
	at com.alibaba.nacos.client.naming.remote.gprc.NamingGrpcClientProxy.requestToServer(NamingGrpcClientProxy.java:203)
	... 19 common frames omitted
18:32:59.317 [main] ERROR c.a.n.c.r.client - [printIfErrorEnabled,99] - Send request fail, request=InstanceRequest{headers={app=unknown}, requestId='null'}, retryTimes=0,errorMessage=Client not connected,current status:STARTING
18:32:59.417 [main] ERROR c.a.n.c.r.client - [printIfErrorEnabled,99] - Send request fail, request=InstanceRequest{headers={app=unknown}, requestId='null'}, retryTimes=1,errorMessage=Client not connected,current status:STARTING
18:32:59.517 [main] ERROR c.a.n.c.r.client - [printIfErrorEnabled,99] - Send request fail, request=InstanceRequest{headers={app=unknown}, requestId='null'}, retryTimes=2,errorMessage=Client not connected,current status:STARTING
18:32:59.517 [main] ERROR c.a.c.n.r.NacosServiceRegistry - [register,79] - nacos registry, ruoyi-system register failed...NacosRegistration{nacosDiscoveryProperties=NacosDiscoveryProperties{serverAddr='127.0.0.1:8848', endpoint='', namespace='', watchDelay=30000, logName='', service='ruoyi-system', weight=1.0, clusterName='DEFAULT', group='DEFAULT_GROUP', namingLoadCacheAtStart='false', metadata={preserved.register.source=SPRING_CLOUD}, registerEnabled=true, ip='192.168.0.100', networkInterface='', port=9201, secure=false, accessKey='', secretKey='', heartBeatInterval=null, heartBeatTimeout=null, ipDeleteTimeout=null}},
com.alibaba.nacos.api.exception.NacosException: Request nacos server failed: 
	at com.alibaba.nacos.client.naming.remote.gprc.NamingGrpcClientProxy.requestToServer(NamingGrpcClientProxy.java:213)
	at com.alibaba.nacos.client.naming.remote.gprc.NamingGrpcClientProxy.registerService(NamingGrpcClientProxy.java:101)
	at com.alibaba.nacos.client.naming.remote.NamingClientProxyDelegate.registerService(NamingClientProxyDelegate.java:95)
	at com.alibaba.nacos.client.naming.NacosNamingService.registerInstance(NacosNamingService.java:139)
	at com.alibaba.cloud.nacos.registry.NacosServiceRegistry.register(NacosServiceRegistry.java:74)
	at org.springframework.cloud.client.serviceregistry.AbstractAutoServiceRegistration.register(AbstractAutoServiceRegistration.java:232)
	at com.alibaba.cloud.nacos.registry.NacosAutoServiceRegistration.register(NacosAutoServiceRegistration.java:78)
	at org.springframework.cloud.client.serviceregistry.AbstractAutoServiceRegistration.start(AbstractAutoServiceRegistration.java:133)
	at org.springframework.cloud.client.serviceregistry.AbstractAutoServiceRegistration.bind(AbstractAutoServiceRegistration.java:98)
	at org.springframework.cloud.client.serviceregistry.AbstractAutoServiceRegistration.onApplicationEvent(AbstractAutoServiceRegistration.java:86)
	at org.springframework.cloud.client.serviceregistry.AbstractAutoServiceRegistration.onApplicationEvent(AbstractAutoServiceRegistration.java:47)
	at org.springframework.context.event.SimpleApplicationEventMulticaster.doInvokeListener(SimpleApplicationEventMulticaster.java:176)
	at org.springframework.context.event.SimpleApplicationEventMulticaster.invokeListener(SimpleApplicationEventMulticaster.java:169)
	at org.springframework.context.event.SimpleApplicationEventMulticaster.multicastEvent(SimpleApplicationEventMulticaster.java:143)
	at org.springframework.context.support.AbstractApplicationContext.publishEvent(AbstractApplicationContext.java:421)
	at org.springframework.context.support.AbstractApplicationContext.publishEvent(AbstractApplicationContext.java:378)
	at org.springframework.boot.web.servlet.context.WebServerStartStopLifecycle.start(WebServerStartStopLifecycle.java:46)
	at org.springframework.context.support.DefaultLifecycleProcessor.doStart(DefaultLifecycleProcessor.java:178)
	at org.springframework.context.support.DefaultLifecycleProcessor.access$200(DefaultLifecycleProcessor.java:54)
	at org.springframework.context.support.DefaultLifecycleProcessor$LifecycleGroup.start(DefaultLifecycleProcessor.java:356)
	at java.lang.Iterable.forEach(Iterable.java:75)
	at org.springframework.context.support.DefaultLifecycleProcessor.startBeans(DefaultLifecycleProcessor.java:155)
	at org.springframework.context.support.DefaultLifecycleProcessor.onRefresh(DefaultLifecycleProcessor.java:123)
	at org.springframework.context.support.AbstractApplicationContext.finishRefresh(AbstractApplicationContext.java:935)
	at org.springframework.context.support.AbstractApplicationContext.refresh(AbstractApplicationContext.java:586)
	at org.springframework.boot.web.servlet.context.ServletWebServerApplicationContext.refresh(ServletWebServerApplicationContext.java:145)
	at org.springframework.boot.SpringApplication.refresh(SpringApplication.java:758)
	at org.springframework.boot.SpringApplication.refreshContext(SpringApplication.java:438)
	at org.springframework.boot.SpringApplication.run(SpringApplication.java:337)
	at org.springframework.boot.SpringApplication.run(SpringApplication.java:1336)
	at org.springframework.boot.SpringApplication.run(SpringApplication.java:1325)
	at com.ruoyi.system.CFSystemApplication.main(CFSystemApplication.java:22)
Caused by: com.alibaba.nacos.api.exception.NacosException: Client not connected,current status:STARTING
	at com.alibaba.nacos.common.remote.client.RpcClient.request(RpcClient.java:628)
	at com.alibaba.nacos.common.remote.client.RpcClient.request(RpcClient.java:608)
	at com.alibaba.nacos.client.naming.remote.gprc.NamingGrpcClientProxy.requestToServer(NamingGrpcClientProxy.java:203)
	... 31 common frames omitted
18:33:00.281 [main] ERROR o.s.b.SpringApplication - [reportFailure,847] - Application run failed
org.springframework.context.ApplicationContextException: Failed to start bean 'webServerStartStop'; nested exception is java.lang.reflect.UndeclaredThrowableException
	at org.springframework.context.support.DefaultLifecycleProcessor.doStart(DefaultLifecycleProcessor.java:181)
	at org.springframework.context.support.DefaultLifecycleProcessor.access$200(DefaultLifecycleProcessor.java:54)
	at org.springframework.context.support.DefaultLifecycleProcessor$LifecycleGroup.start(DefaultLifecycleProcessor.java:356)
	at java.lang.Iterable.forEach(Iterable.java:75)
	at org.springframework.context.support.DefaultLifecycleProcessor.startBeans(DefaultLifecycleProcessor.java:155)
	at org.springframework.context.support.DefaultLifecycleProcessor.onRefresh(DefaultLifecycleProcessor.java:123)
	at org.springframework.context.support.AbstractApplicationContext.finishRefresh(AbstractApplicationContext.java:935)
	at org.springframework.context.support.AbstractApplicationContext.refresh(AbstractApplicationContext.java:586)
	at org.springframework.boot.web.servlet.context.ServletWebServerApplicationContext.refresh(ServletWebServerApplicationContext.java:145)
	at org.springframework.boot.SpringApplication.refresh(SpringApplication.java:758)
	at org.springframework.boot.SpringApplication.refreshContext(SpringApplication.java:438)
	at org.springframework.boot.SpringApplication.run(SpringApplication.java:337)
	at org.springframework.boot.SpringApplication.run(SpringApplication.java:1336)
	at org.springframework.boot.SpringApplication.run(SpringApplication.java:1325)
	at com.ruoyi.system.CFSystemApplication.main(CFSystemApplication.java:22)
Caused by: java.lang.reflect.UndeclaredThrowableException: null
	at org.springframework.util.ReflectionUtils.rethrowRuntimeException(ReflectionUtils.java:147)
	at com.alibaba.cloud.nacos.registry.NacosServiceRegistry.register(NacosServiceRegistry.java:83)
	at org.springframework.cloud.client.serviceregistry.AbstractAutoServiceRegistration.register(AbstractAutoServiceRegistration.java:232)
	at com.alibaba.cloud.nacos.registry.NacosAutoServiceRegistration.register(NacosAutoServiceRegistration.java:78)
	at org.springframework.cloud.client.serviceregistry.AbstractAutoServiceRegistration.start(AbstractAutoServiceRegistration.java:133)
	at org.springframework.cloud.client.serviceregistry.AbstractAutoServiceRegistration.bind(AbstractAutoServiceRegistration.java:98)
	at org.springframework.cloud.client.serviceregistry.AbstractAutoServiceRegistration.onApplicationEvent(AbstractAutoServiceRegistration.java:86)
	at org.springframework.cloud.client.serviceregistry.AbstractAutoServiceRegistration.onApplicationEvent(AbstractAutoServiceRegistration.java:47)
	at org.springframework.context.event.SimpleApplicationEventMulticaster.doInvokeListener(SimpleApplicationEventMulticaster.java:176)
	at org.springframework.context.event.SimpleApplicationEventMulticaster.invokeListener(SimpleApplicationEventMulticaster.java:169)
	at org.springframework.context.event.SimpleApplicationEventMulticaster.multicastEvent(SimpleApplicationEventMulticaster.java:143)
	at org.springframework.context.support.AbstractApplicationContext.publishEvent(AbstractApplicationContext.java:421)
	at org.springframework.context.support.AbstractApplicationContext.publishEvent(AbstractApplicationContext.java:378)
	at org.springframework.boot.web.servlet.context.WebServerStartStopLifecycle.start(WebServerStartStopLifecycle.java:46)
	at org.springframework.context.support.DefaultLifecycleProcessor.doStart(DefaultLifecycleProcessor.java:178)
	... 14 common frames omitted
Caused by: com.alibaba.nacos.api.exception.NacosException: Request nacos server failed: 
	at com.alibaba.nacos.client.naming.remote.gprc.NamingGrpcClientProxy.requestToServer(NamingGrpcClientProxy.java:213)
	at com.alibaba.nacos.client.naming.remote.gprc.NamingGrpcClientProxy.registerService(NamingGrpcClientProxy.java:101)
	at com.alibaba.nacos.client.naming.remote.NamingClientProxyDelegate.registerService(NamingClientProxyDelegate.java:95)
	at com.alibaba.nacos.client.naming.NacosNamingService.registerInstance(NacosNamingService.java:139)
	at com.alibaba.cloud.nacos.registry.NacosServiceRegistry.register(NacosServiceRegistry.java:74)
	... 27 common frames omitted
Caused by: com.alibaba.nacos.api.exception.NacosException: Client not connected,current status:STARTING
	at com.alibaba.nacos.common.remote.client.RpcClient.request(RpcClient.java:628)
	at com.alibaba.nacos.common.remote.client.RpcClient.request(RpcClient.java:608)
	at com.alibaba.nacos.client.naming.remote.gprc.NamingGrpcClientProxy.requestToServer(NamingGrpcClientProxy.java:203)
	... 31 common frames omitted
18:33:02.647 [com.alibaba.nacos.client.remote.worker] ERROR c.a.n.c.r.client - [connectToServer,292] - [0dbc6845-2ce6-4945-9891-c9723593d6e0]Fail to connect to server!,error={}
java.util.concurrent.RejectedExecutionException: Task com.alibaba.nacos.shaded.io.grpc.internal.SerializingExecutor@528e788c rejected from java.util.concurrent.ThreadPoolExecutor@3a08071[Terminated, pool size = 0, active threads = 0, queued tasks = 0, completed tasks = 10]
	at java.util.concurrent.ThreadPoolExecutor$AbortPolicy.rejectedExecution(ThreadPoolExecutor.java:2063)
	at java.util.concurrent.ThreadPoolExecutor.reject(ThreadPoolExecutor.java:830)
	at java.util.concurrent.ThreadPoolExecutor.execute(ThreadPoolExecutor.java:1379)
	at com.alibaba.nacos.shaded.io.grpc.internal.SerializingExecutor.schedule(SerializingExecutor.java:93)
	at com.alibaba.nacos.shaded.io.grpc.internal.SerializingExecutor.execute(SerializingExecutor.java:86)
	at com.alibaba.nacos.shaded.io.grpc.internal.ClientCallImpl$ClientStreamListenerImpl.closedInternal(ClientCallImpl.java:696)
	at com.alibaba.nacos.shaded.io.grpc.internal.ClientCallImpl$ClientStreamListenerImpl.closed(ClientCallImpl.java:646)
	at com.alibaba.nacos.shaded.io.grpc.internal.ClientCallImpl$ClientStreamListenerImpl.closed(ClientCallImpl.java:639)
	at com.alibaba.nacos.shaded.io.grpc.internal.DelayedStream.cancel(DelayedStream.java:302)
	at com.alibaba.nacos.shaded.io.grpc.internal.DelayedClientTransport$PendingStream.cancel(DelayedClientTransport.java:363)
	at com.alibaba.nacos.shaded.io.grpc.internal.DelayedClientTransport.shutdownNow(DelayedClientTransport.java:241)
	at com.alibaba.nacos.shaded.io.grpc.internal.ManagedChannelImpl$UncommittedRetriableStreamsRegistry.onShutdownNow(ManagedChannelImpl.java:1021)
	at com.alibaba.nacos.shaded.io.grpc.internal.ManagedChannelImpl.shutdownNow(ManagedChannelImpl.java:752)
	at com.alibaba.nacos.shaded.io.grpc.internal.ManagedChannelImpl.shutdownNow(ManagedChannelImpl.java:105)
	at com.alibaba.nacos.shaded.io.grpc.internal.ForwardingManagedChannel.shutdownNow(ForwardingManagedChannel.java:52)
	at com.alibaba.nacos.shaded.io.grpc.internal.ManagedChannelOrphanWrapper.shutdownNow(ManagedChannelOrphanWrapper.java:66)
	at com.alibaba.nacos.common.remote.client.grpc.GrpcClient.shuntDownChannel(GrpcClient.java:123)
	at com.alibaba.nacos.common.remote.client.grpc.GrpcClient.connectToServer(GrpcClient.java:263)
	at com.alibaba.nacos.common.remote.client.RpcClient.reconnect(RpcClient.java:501)
	at com.alibaba.nacos.common.remote.client.RpcClient$3.run(RpcClient.java:337)
	at java.util.concurrent.Executors$RunnableAdapter.call(Executors.java:511)
	at java.util.concurrent.FutureTask.run(FutureTask.java:266)
	at java.util.concurrent.ScheduledThreadPoolExecutor$ScheduledFutureTask.access$201(ScheduledThreadPoolExecutor.java:180)
	at java.util.concurrent.ScheduledThreadPoolExecutor$ScheduledFutureTask.run(ScheduledThreadPoolExecutor.java:293)
	at java.util.concurrent.ThreadPoolExecutor.runWorker(ThreadPoolExecutor.java:1149)
	at java.util.concurrent.ThreadPoolExecutor$Worker.run(ThreadPoolExecutor.java:624)
	at java.lang.Thread.run(Thread.java:748)
