00:00:05.427 [com.alibaba.nacos.client.naming.updater.1] ERROR c.a.n.c.r.client - [printIfErrorEnabled,99] - Send request fail, request=ServiceQueryRequest{headers={app=unknown}, requestId='null'}, retryTimes=0,errorMessage=Client not connected,current status:UNHEALTHY
00:00:05.529 [com.alibaba.nacos.client.naming.updater.1] ERROR c.a.n.c.r.client - [printIfErrorEnabled,99] - Send request fail, request=ServiceQueryRequest{headers={app=unknown}, requestId='null'}, retryTimes=1,errorMessage=Client not connected,current status:UNHEALTHY
00:00:05.630 [com.alibaba.nacos.client.naming.updater.1] ERROR c.a.n.c.r.client - [printIfErrorEnabled,99] - Send request fail, request=ServiceQueryRequest{headers={app=unknown}, requestId='null'}, retryTimes=2,errorMessage=Client not connected,current status:UNHEALTHY
00:01:05.732 [com.alibaba.nacos.client.naming.updater.1] ERROR c.a.n.c.r.client - [printIfErrorEnabled,99] - Send request fail, request=ServiceQueryRequest{headers={app=unknown}, requestId='null'}, retryTimes=0,errorMessage=Client not connected,current status:UNHEALTHY
00:01:05.832 [com.alibaba.nacos.client.naming.updater.1] ERROR c.a.n.c.r.client - [printIfErrorEnabled,99] - Send request fail, request=ServiceQueryRequest{headers={app=unknown}, requestId='null'}, retryTimes=1,errorMessage=Client not connected,current status:UNHEALTHY
00:01:05.933 [com.alibaba.nacos.client.naming.updater.1] ERROR c.a.n.c.r.client - [printIfErrorEnabled,99] - Send request fail, request=ServiceQueryRequest{headers={app=unknown}, requestId='null'}, retryTimes=2,errorMessage=Client not connected,current status:UNHEALTHY
00:02:06.035 [com.alibaba.nacos.client.naming.updater.1] ERROR c.a.n.c.r.client - [printIfErrorEnabled,99] - Send request fail, request=ServiceQueryRequest{headers={app=unknown}, requestId='null'}, retryTimes=0,errorMessage=Client not connected,current status:UNHEALTHY
00:02:06.135 [com.alibaba.nacos.client.naming.updater.1] ERROR c.a.n.c.r.client - [printIfErrorEnabled,99] - Send request fail, request=ServiceQueryRequest{headers={app=unknown}, requestId='null'}, retryTimes=1,errorMessage=Client not connected,current status:UNHEALTHY
00:02:06.235 [com.alibaba.nacos.client.naming.updater.1] ERROR c.a.n.c.r.client - [printIfErrorEnabled,99] - Send request fail, request=ServiceQueryRequest{headers={app=unknown}, requestId='null'}, retryTimes=2,errorMessage=Client not connected,current status:UNHEALTHY
00:03:06.336 [com.alibaba.nacos.client.naming.updater.1] ERROR c.a.n.c.r.client - [printIfErrorEnabled,99] - Send request fail, request=ServiceQueryRequest{headers={app=unknown}, requestId='null'}, retryTimes=0,errorMessage=Client not connected,current status:UNHEALTHY
00:03:06.437 [com.alibaba.nacos.client.naming.updater.1] ERROR c.a.n.c.r.client - [printIfErrorEnabled,99] - Send request fail, request=ServiceQueryRequest{headers={app=unknown}, requestId='null'}, retryTimes=1,errorMessage=Client not connected,current status:UNHEALTHY
00:03:06.537 [com.alibaba.nacos.client.naming.updater.1] ERROR c.a.n.c.r.client - [printIfErrorEnabled,99] - Send request fail, request=ServiceQueryRequest{headers={app=unknown}, requestId='null'}, retryTimes=2,errorMessage=Client not connected,current status:UNHEALTHY
00:04:06.639 [com.alibaba.nacos.client.naming.updater.1] ERROR c.a.n.c.r.client - [printIfErrorEnabled,99] - Send request fail, request=ServiceQueryRequest{headers={app=unknown}, requestId='null'}, retryTimes=0,errorMessage=Client not connected,current status:UNHEALTHY
00:04:06.739 [com.alibaba.nacos.client.naming.updater.1] ERROR c.a.n.c.r.client - [printIfErrorEnabled,99] - Send request fail, request=ServiceQueryRequest{headers={app=unknown}, requestId='null'}, retryTimes=1,errorMessage=Client not connected,current status:UNHEALTHY
00:04:06.840 [com.alibaba.nacos.client.naming.updater.1] ERROR c.a.n.c.r.client - [printIfErrorEnabled,99] - Send request fail, request=ServiceQueryRequest{headers={app=unknown}, requestId='null'}, retryTimes=2,errorMessage=Client not connected,current status:UNHEALTHY
00:04:29.448 [com.alibaba.nacos.client.Worker] ERROR c.a.n.c.r.client - [printIfErrorEnabled,99] - Send request fail, request=ConfigBatchListenRequest{headers={Client-AppName=unknown, Client-RequestTS=1629302669347, charset=UTF-8, Client-RequestToken=7201ffbff896dd7fb0670acbf5c69ddc, exConfigInfo=true, Timestamp=1629302669347}, requestId='null'}, retryTimes=0,errorMessage=Client not connected,current status:UNHEALTHY
00:04:29.549 [com.alibaba.nacos.client.Worker] ERROR c.a.n.c.r.client - [printIfErrorEnabled,99] - Send request fail, request=ConfigBatchListenRequest{headers={Client-AppName=unknown, Client-RequestTS=1629302669347, charset=UTF-8, Client-RequestToken=7201ffbff896dd7fb0670acbf5c69ddc, exConfigInfo=true, Timestamp=1629302669347}, requestId='null'}, retryTimes=1,errorMessage=Client not connected,current status:UNHEALTHY
00:04:29.649 [com.alibaba.nacos.client.Worker] ERROR c.a.n.c.r.client - [printIfErrorEnabled,99] - Send request fail, request=ConfigBatchListenRequest{headers={Client-AppName=unknown, Client-RequestTS=1629302669347, charset=UTF-8, Client-RequestToken=7201ffbff896dd7fb0670acbf5c69ddc, exConfigInfo=true, Timestamp=1629302669347}, requestId='null'}, retryTimes=2,errorMessage=Client not connected,current status:UNHEALTHY
00:04:29.649 [com.alibaba.nacos.client.Worker] ERROR c.a.n.c.c.i.ClientWorker - [executeConfigListen,797] - Async listen config change error 
com.alibaba.nacos.api.exception.NacosException: Client not connected,current status:UNHEALTHY
	at com.alibaba.nacos.common.remote.client.RpcClient.request(RpcClient.java:628)
	at com.alibaba.nacos.client.config.impl.ClientWorker$ConfigRpcTransportClient.requestProxy(ClientWorker.java:976)
	at com.alibaba.nacos.client.config.impl.ClientWorker$ConfigRpcTransportClient.requestProxy(ClientWorker.java:951)
	at com.alibaba.nacos.client.config.impl.ClientWorker$ConfigRpcTransportClient.executeConfigListen(ClientWorker.java:757)
	at com.alibaba.nacos.client.config.impl.ClientWorker$ConfigRpcTransportClient$3.run(ClientWorker.java:677)
	at java.util.concurrent.Executors$RunnableAdapter.call(Executors.java:511)
	at java.util.concurrent.FutureTask.run(FutureTask.java:266)
	at java.util.concurrent.ScheduledThreadPoolExecutor$ScheduledFutureTask.access$201(ScheduledThreadPoolExecutor.java:180)
	at java.util.concurrent.ScheduledThreadPoolExecutor$ScheduledFutureTask.run(ScheduledThreadPoolExecutor.java:293)
	at java.util.concurrent.ThreadPoolExecutor.runWorker(ThreadPoolExecutor.java:1149)
	at java.util.concurrent.ThreadPoolExecutor$Worker.run(ThreadPoolExecutor.java:624)
	at java.lang.Thread.run(Thread.java:748)
00:05:06.942 [com.alibaba.nacos.client.naming.updater.1] ERROR c.a.n.c.r.client - [printIfErrorEnabled,99] - Send request fail, request=ServiceQueryRequest{headers={app=unknown}, requestId='null'}, retryTimes=0,errorMessage=Client not connected,current status:UNHEALTHY
00:05:07.043 [com.alibaba.nacos.client.naming.updater.1] ERROR c.a.n.c.r.client - [printIfErrorEnabled,99] - Send request fail, request=ServiceQueryRequest{headers={app=unknown}, requestId='null'}, retryTimes=1,errorMessage=Client not connected,current status:UNHEALTHY
00:05:07.143 [com.alibaba.nacos.client.naming.updater.1] ERROR c.a.n.c.r.client - [printIfErrorEnabled,99] - Send request fail, request=ServiceQueryRequest{headers={app=unknown}, requestId='null'}, retryTimes=2,errorMessage=Client not connected,current status:UNHEALTHY
00:06:07.244 [com.alibaba.nacos.client.naming.updater.1] ERROR c.a.n.c.r.client - [printIfErrorEnabled,99] - Send request fail, request=ServiceQueryRequest{headers={app=unknown}, requestId='null'}, retryTimes=0,errorMessage=Client not connected,current status:UNHEALTHY
00:06:07.345 [com.alibaba.nacos.client.naming.updater.1] ERROR c.a.n.c.r.client - [printIfErrorEnabled,99] - Send request fail, request=ServiceQueryRequest{headers={app=unknown}, requestId='null'}, retryTimes=1,errorMessage=Client not connected,current status:UNHEALTHY
00:06:07.446 [com.alibaba.nacos.client.naming.updater.1] ERROR c.a.n.c.r.client - [printIfErrorEnabled,99] - Send request fail, request=ServiceQueryRequest{headers={app=unknown}, requestId='null'}, retryTimes=2,errorMessage=Client not connected,current status:UNHEALTHY
00:07:07.548 [com.alibaba.nacos.client.naming.updater.1] ERROR c.a.n.c.r.client - [printIfErrorEnabled,99] - Send request fail, request=ServiceQueryRequest{headers={app=unknown}, requestId='null'}, retryTimes=0,errorMessage=Client not connected,current status:UNHEALTHY
00:07:07.648 [com.alibaba.nacos.client.naming.updater.1] ERROR c.a.n.c.r.client - [printIfErrorEnabled,99] - Send request fail, request=ServiceQueryRequest{headers={app=unknown}, requestId='null'}, retryTimes=1,errorMessage=Client not connected,current status:UNHEALTHY
00:07:07.749 [com.alibaba.nacos.client.naming.updater.1] ERROR c.a.n.c.r.client - [printIfErrorEnabled,99] - Send request fail, request=ServiceQueryRequest{headers={app=unknown}, requestId='null'}, retryTimes=2,errorMessage=Client not connected,current status:UNHEALTHY
00:08:07.851 [com.alibaba.nacos.client.naming.updater.1] ERROR c.a.n.c.r.client - [printIfErrorEnabled,99] - Send request fail, request=ServiceQueryRequest{headers={app=unknown}, requestId='null'}, retryTimes=0,errorMessage=Client not connected,current status:UNHEALTHY
00:08:07.951 [com.alibaba.nacos.client.naming.updater.1] ERROR c.a.n.c.r.client - [printIfErrorEnabled,99] - Send request fail, request=ServiceQueryRequest{headers={app=unknown}, requestId='null'}, retryTimes=1,errorMessage=Client not connected,current status:UNHEALTHY
00:08:08.052 [com.alibaba.nacos.client.naming.updater.1] ERROR c.a.n.c.r.client - [printIfErrorEnabled,99] - Send request fail, request=ServiceQueryRequest{headers={app=unknown}, requestId='null'}, retryTimes=2,errorMessage=Client not connected,current status:UNHEALTHY
00:09:08.153 [com.alibaba.nacos.client.naming.updater.1] ERROR c.a.n.c.r.client - [printIfErrorEnabled,99] - Send request fail, request=ServiceQueryRequest{headers={app=unknown}, requestId='null'}, retryTimes=0,errorMessage=Client not connected,current status:UNHEALTHY
00:09:08.254 [com.alibaba.nacos.client.naming.updater.1] ERROR c.a.n.c.r.client - [printIfErrorEnabled,99] - Send request fail, request=ServiceQueryRequest{headers={app=unknown}, requestId='null'}, retryTimes=1,errorMessage=Client not connected,current status:UNHEALTHY
00:09:08.354 [com.alibaba.nacos.client.naming.updater.1] ERROR c.a.n.c.r.client - [printIfErrorEnabled,99] - Send request fail, request=ServiceQueryRequest{headers={app=unknown}, requestId='null'}, retryTimes=2,errorMessage=Client not connected,current status:UNHEALTHY
00:09:29.837 [com.alibaba.nacos.client.Worker] ERROR c.a.n.c.r.client - [printIfErrorEnabled,99] - Send request fail, request=ConfigBatchListenRequest{headers={Client-AppName=unknown, Client-RequestTS=1629302969737, charset=UTF-8, Client-RequestToken=80c05934f344fcbc380133780b12bcf6, exConfigInfo=true, Timestamp=1629302969737}, requestId='null'}, retryTimes=0,errorMessage=Client not connected,current status:UNHEALTHY
00:09:29.938 [com.alibaba.nacos.client.Worker] ERROR c.a.n.c.r.client - [printIfErrorEnabled,99] - Send request fail, request=ConfigBatchListenRequest{headers={Client-AppName=unknown, Client-RequestTS=1629302969737, charset=UTF-8, Client-RequestToken=80c05934f344fcbc380133780b12bcf6, exConfigInfo=true, Timestamp=1629302969737}, requestId='null'}, retryTimes=1,errorMessage=Client not connected,current status:UNHEALTHY
00:09:30.038 [com.alibaba.nacos.client.Worker] ERROR c.a.n.c.r.client - [printIfErrorEnabled,99] - Send request fail, request=ConfigBatchListenRequest{headers={Client-AppName=unknown, Client-RequestTS=1629302969737, charset=UTF-8, Client-RequestToken=80c05934f344fcbc380133780b12bcf6, exConfigInfo=true, Timestamp=1629302969737}, requestId='null'}, retryTimes=2,errorMessage=Client not connected,current status:UNHEALTHY
00:09:30.038 [com.alibaba.nacos.client.Worker] ERROR c.a.n.c.c.i.ClientWorker - [executeConfigListen,797] - Async listen config change error 
com.alibaba.nacos.api.exception.NacosException: Client not connected,current status:UNHEALTHY
	at com.alibaba.nacos.common.remote.client.RpcClient.request(RpcClient.java:628)
	at com.alibaba.nacos.client.config.impl.ClientWorker$ConfigRpcTransportClient.requestProxy(ClientWorker.java:976)
	at com.alibaba.nacos.client.config.impl.ClientWorker$ConfigRpcTransportClient.requestProxy(ClientWorker.java:951)
	at com.alibaba.nacos.client.config.impl.ClientWorker$ConfigRpcTransportClient.executeConfigListen(ClientWorker.java:757)
	at com.alibaba.nacos.client.config.impl.ClientWorker$ConfigRpcTransportClient$3.run(ClientWorker.java:677)
	at java.util.concurrent.Executors$RunnableAdapter.call(Executors.java:511)
	at java.util.concurrent.FutureTask.run(FutureTask.java:266)
	at java.util.concurrent.ScheduledThreadPoolExecutor$ScheduledFutureTask.access$201(ScheduledThreadPoolExecutor.java:180)
	at java.util.concurrent.ScheduledThreadPoolExecutor$ScheduledFutureTask.run(ScheduledThreadPoolExecutor.java:293)
	at java.util.concurrent.ThreadPoolExecutor.runWorker(ThreadPoolExecutor.java:1149)
	at java.util.concurrent.ThreadPoolExecutor$Worker.run(ThreadPoolExecutor.java:624)
	at java.lang.Thread.run(Thread.java:748)
00:10:08.456 [com.alibaba.nacos.client.naming.updater.1] ERROR c.a.n.c.r.client - [printIfErrorEnabled,99] - Send request fail, request=ServiceQueryRequest{headers={app=unknown}, requestId='null'}, retryTimes=0,errorMessage=Client not connected,current status:UNHEALTHY
00:10:08.556 [com.alibaba.nacos.client.naming.updater.1] ERROR c.a.n.c.r.client - [printIfErrorEnabled,99] - Send request fail, request=ServiceQueryRequest{headers={app=unknown}, requestId='null'}, retryTimes=1,errorMessage=Client not connected,current status:UNHEALTHY
00:10:08.656 [com.alibaba.nacos.client.naming.updater.1] ERROR c.a.n.c.r.client - [printIfErrorEnabled,99] - Send request fail, request=ServiceQueryRequest{headers={app=unknown}, requestId='null'}, retryTimes=2,errorMessage=Client not connected,current status:UNHEALTHY
