09:00:43.615 [background-preinit] INFO  o.h.v.i.util.Version - [<clinit>,21] - HV000001: Hibernate Validator 6.2.0.Final
09:00:44.306 [main] INFO  c.a.n.c.c.i.LocalConfigInfoProcessor - [<clinit>,212] - LOCAL_SNAPSHOT_PATH:C:\Users\Administrator\nacos\config
09:00:44.342 [main] INFO  o.r.Reflections - [scan,232] - Reflections took 22 ms to scan 1 urls, producing 3 keys and 6 values 
09:00:44.363 [main] INFO  o.r.Reflections - [scan,232] - Reflections took 11 ms to scan 1 urls, producing 4 keys and 9 values 
09:00:44.376 [main] INFO  o.r.Reflections - [scan,232] - Reflections took 10 ms to scan 1 urls, producing 3 keys and 10 values 
09:00:44.552 [main] INFO  o.r.Reflections - [scan,232] - Reflections took 174 ms to scan 201 urls, producing 0 keys and 0 values 
09:00:44.565 [main] INFO  o.r.Reflections - [scan,232] - Reflections took 12 ms to scan 1 urls, producing 1 keys and 5 values 
09:00:44.581 [main] INFO  o.r.Reflections - [scan,232] - Reflections took 13 ms to scan 1 urls, producing 1 keys and 7 values 
09:00:44.595 [main] INFO  o.r.Reflections - [scan,232] - Reflections took 11 ms to scan 1 urls, producing 2 keys and 8 values 
09:00:44.752 [main] INFO  o.r.Reflections - [scan,232] - Reflections took 155 ms to scan 201 urls, producing 0 keys and 0 values 
09:00:44.753 [main] INFO  c.a.n.c.r.client - [printIfInfoEnabled,60] - [config-0-ccee9720-a1a9-43ba-ae57-9842fc7e4f2a]RpcClient init label, labels={module=config, Vipserver-Tag=null, source=sdk, Amory-Tag=null, Location-Tag=null, taskId=0, AppName=unknown}
09:00:44.754 [main] INFO  c.a.n.c.r.client - [printIfInfoEnabled,60] - [config-0-ccee9720-a1a9-43ba-ae57-9842fc7e4f2a]Register server push request handler:com.alibaba.nacos.client.config.impl.ClientWorker$ConfigRpcTransportClient$$Lambda$327/500885941
09:00:44.754 [main] INFO  c.a.n.c.r.client - [printIfInfoEnabled,60] - [config-0-ccee9720-a1a9-43ba-ae57-9842fc7e4f2a]Register server push request handler:com.alibaba.nacos.client.config.impl.ClientWorker$ConfigRpcTransportClient$$Lambda$328/1115381650
09:00:44.754 [main] INFO  c.a.n.c.r.client - [printIfInfoEnabled,60] - [config-0-ccee9720-a1a9-43ba-ae57-9842fc7e4f2a]Registry connection listener to current client:com.alibaba.nacos.client.config.impl.ClientWorker$ConfigRpcTransportClient$1
09:00:44.755 [main] INFO  c.a.n.c.r.client - [printIfInfoEnabled,60] - [config-0-ccee9720-a1a9-43ba-ae57-9842fc7e4f2a]RpcClient init, ServerListFactory =com.alibaba.nacos.client.config.impl.ClientWorker$ConfigRpcTransportClient$2
09:00:44.758 [main] INFO  c.a.n.c.r.client - [printIfInfoEnabled,60] - [config-0-ccee9720-a1a9-43ba-ae57-9842fc7e4f2a] Try to connect to server on start up, server: {serverIp='127.0.0.1', server main port=8848}
09:00:45.973 [main] INFO  c.a.n.c.r.client - [printIfInfoEnabled,60] - [config-0-ccee9720-a1a9-43ba-ae57-9842fc7e4f2a] Success to connect to server [127.0.0.1:8848] on start up,connectionId=1629162045746_127.0.0.1_55348
09:00:45.973 [com.alibaba.nacos.client.remote.worker] INFO  c.a.n.c.r.client - [printIfInfoEnabled,60] - [config-0-ccee9720-a1a9-43ba-ae57-9842fc7e4f2a]Notify connected event to listeners.
09:00:45.973 [main] INFO  c.a.n.c.r.client - [printIfInfoEnabled,60] - [config-0-ccee9720-a1a9-43ba-ae57-9842fc7e4f2a]Register server push request handler:com.alibaba.nacos.common.remote.client.RpcClient$ConnectResetRequestHandler
09:00:45.973 [com.alibaba.nacos.client.remote.worker] INFO  c.a.n.c.c.i.ClientWorker - [onConnected,625] - [config-0-ccee9720-a1a9-43ba-ae57-9842fc7e4f2a] Connected,notify listen context...
09:00:45.974 [main] INFO  c.a.n.c.r.client - [printIfInfoEnabled,60] - [config-0-ccee9720-a1a9-43ba-ae57-9842fc7e4f2a]Register server push request handler:com.alibaba.nacos.common.remote.client.RpcClient$4
09:00:46.001 [main] INFO  c.a.n.c.c.i.Limiter - [<clinit>,54] - limitTime:5.0
09:00:46.336 [main] INFO  c.a.n.c.c.u.JvmUtil - [<clinit>,49] - isMultiInstance:false
09:00:46.376 [main] INFO  c.r.s.CFSystemApplication - [logStartupProfileInfo,667] - The following profiles are active: dev
09:00:49.454 [main] INFO  o.a.c.h.Http11NioProtocol - [log,173] - Initializing ProtocolHandler ["http-nio-9201"]
09:00:49.455 [main] INFO  o.a.c.c.StandardService - [log,173] - Starting service [Tomcat]
09:00:49.455 [main] INFO  o.a.c.c.StandardEngine - [log,173] - Starting Servlet engine: [Apache Tomcat/9.0.46]
09:00:49.601 [main] INFO  o.a.c.c.C.[.[.[/] - [log,173] - Initializing Spring embedded WebApplicationContext
09:00:50.402 [main] INFO  c.a.d.p.DruidDataSource - [init,990] - {dataSource-1,master} inited
09:00:50.403 [main] INFO  c.b.d.d.DynamicRoutingDataSource - [addDataSource,144] - dynamic-datasource - add a datasource named [master] success
09:00:50.404 [main] INFO  c.b.d.d.DynamicRoutingDataSource - [afterPropertiesSet,235] - dynamic-datasource initial loaded [1] datasource,primary datasource named [master]
09:00:53.784 [main] INFO  c.a.c.s.SentinelWebAutoConfiguration - [addInterceptors,80] - [Sentinel Starter] register SentinelWebInterceptor with urlPatterns: [/**].
09:00:54.240 [main] INFO  c.a.n.client.naming - [call,65] - initializer namespace from System Property :null
09:00:54.241 [main] INFO  c.a.n.client.naming - [call,74] - initializer namespace from System Environment :null
09:00:54.241 [main] INFO  c.a.n.client.naming - [call,84] - initializer namespace from System Property :null
09:00:54.255 [main] INFO  c.a.n.c.r.client - [printIfInfoEnabled,60] - [1dc874f3-2210-483a-9331-ab1a03998d2d]RpcClient init label, labels={module=naming, source=sdk}
09:00:54.256 [main] INFO  c.a.n.c.r.client - [printIfInfoEnabled,60] - [1dc874f3-2210-483a-9331-ab1a03998d2d]RpcClient init, ServerListFactory =com.alibaba.nacos.client.naming.core.ServerListManager
09:00:54.257 [main] INFO  c.a.n.c.r.client - [printIfInfoEnabled,60] - [1dc874f3-2210-483a-9331-ab1a03998d2d] Try to connect to server on start up, server: {serverIp='127.0.0.1', server main port=8848}
09:00:54.368 [main] INFO  c.a.n.c.r.client - [printIfInfoEnabled,60] - [1dc874f3-2210-483a-9331-ab1a03998d2d] Success to connect to server [127.0.0.1:8848] on start up,connectionId=1629162054262_127.0.0.1_55470
09:00:54.368 [main] INFO  c.a.n.c.r.client - [printIfInfoEnabled,60] - [1dc874f3-2210-483a-9331-ab1a03998d2d]Register server push request handler:com.alibaba.nacos.common.remote.client.RpcClient$ConnectResetRequestHandler
09:00:54.368 [main] INFO  c.a.n.c.r.client - [printIfInfoEnabled,60] - [1dc874f3-2210-483a-9331-ab1a03998d2d]Register server push request handler:com.alibaba.nacos.common.remote.client.RpcClient$4
09:00:54.369 [main] INFO  c.a.n.c.r.client - [printIfInfoEnabled,60] - [1dc874f3-2210-483a-9331-ab1a03998d2d]Register server push request handler:com.alibaba.nacos.client.naming.remote.gprc.NamingPushRequestHandler
09:00:54.369 [main] INFO  c.a.n.c.r.client - [printIfInfoEnabled,60] - [1dc874f3-2210-483a-9331-ab1a03998d2d]Registry connection listener to current client:com.alibaba.nacos.client.naming.remote.gprc.NamingGrpcConnectionEventListener
09:00:54.596 [main] INFO  s.d.s.w.PropertySourcedRequestMappingHandlerMapping - [initHandlerMethods,69] - Mapped URL path [/v2/api-docs] onto method [springfox.documentation.swagger2.web.Swagger2Controller#getDocumentation(String, HttpServletRequest)]
09:00:55.646 [main] INFO  c.a.n.c.i.CredentialWatcher - [loadCredential,165] - null No credential found
09:00:55.661 [main] INFO  c.a.n.client.naming - [isChangedServiceInfo,167] - init new ips(0) service: DEFAULT_GROUP@@ruoyi-system@@DEFAULT -> []
09:00:55.668 [main] INFO  c.a.n.client.naming - [processServiceInfo,152] - current ips:(0) service: DEFAULT_GROUP@@ruoyi-system@@DEFAULT -> []
09:00:55.672 [main] INFO  o.a.c.h.Http11NioProtocol - [log,173] - Starting ProtocolHandler ["http-nio-9201"]
09:00:55.685 [main] INFO  c.a.n.client.naming - [registerService,97] - [REGISTER-SERVICE] public registering service ruoyi-system with instance Instance{instanceId='null', ip='192.168.0.126', port=9201, weight=1.0, healthy=true, enabled=true, ephemeral=true, clusterName='DEFAULT', serviceName='null', metadata={preserved.register.source=SPRING_CLOUD}}
09:00:55.692 [main] INFO  c.a.c.n.r.NacosServiceRegistry - [register,75] - nacos registry, DEFAULT_GROUP ruoyi-system 192.168.0.126:9201 register finished
09:00:55.976 [main] INFO  s.d.s.w.p.DocumentationPluginsBootstrapper - [start,160] - Context refreshed
09:00:55.988 [main] INFO  s.d.s.w.p.DocumentationPluginsBootstrapper - [start,163] - Found 1 custom documentation plugin(s)
09:00:56.048 [main] INFO  s.d.s.w.s.ApiListingReferenceScanner - [scan,41] - Scanning for api listing references
09:00:56.165 [main] INFO  s.d.s.w.r.o.CachingOperationNameGenerator - [startingWith,40] - Generating unique operation named: addUsingPOST_1
09:00:56.167 [main] INFO  s.d.s.w.r.o.CachingOperationNameGenerator - [startingWith,40] - Generating unique operation named: editUsingPUT_1
09:00:56.169 [main] INFO  s.d.s.w.r.o.CachingOperationNameGenerator - [startingWith,40] - Generating unique operation named: getInfoUsingGET_1
09:00:56.193 [main] INFO  s.d.s.w.r.o.CachingOperationNameGenerator - [startingWith,40] - Generating unique operation named: listUsingGET_1
09:00:56.194 [main] INFO  s.d.s.w.r.o.CachingOperationNameGenerator - [startingWith,40] - Generating unique operation named: removeUsingDELETE_1
09:00:56.199 [nacos-grpc-client-executor-8] INFO  c.a.n.c.r.client - [printIfInfoEnabled,60] - [1dc874f3-2210-483a-9331-ab1a03998d2d]receive server push request,request=NotifySubscriberRequest,requestId=2
09:00:56.202 [nacos-grpc-client-executor-8] INFO  c.a.n.client.naming - [isChangedServiceInfo,167] - init new ips(1) service: DEFAULT_GROUP@@ruoyi-system -> [{"ip":"192.168.0.126","port":9201,"weight":1.0,"healthy":true,"enabled":true,"ephemeral":true,"clusterName":"DEFAULT","serviceName":"DEFAULT_GROUP@@ruoyi-system","metadata":{"preserved.register.source":"SPRING_CLOUD"},"instanceHeartBeatTimeOut":15000,"ipDeleteTimeout":30000,"instanceHeartBeatInterval":5000}]
09:00:56.202 [nacos-grpc-client-executor-8] INFO  c.a.n.client.naming - [processServiceInfo,152] - current ips:(1) service: DEFAULT_GROUP@@ruoyi-system -> [{"ip":"192.168.0.126","port":9201,"weight":1.0,"healthy":true,"enabled":true,"ephemeral":true,"clusterName":"DEFAULT","serviceName":"DEFAULT_GROUP@@ruoyi-system","metadata":{"preserved.register.source":"SPRING_CLOUD"},"instanceHeartBeatTimeOut":15000,"ipDeleteTimeout":30000,"instanceHeartBeatInterval":5000}]
09:00:56.203 [nacos-grpc-client-executor-8] INFO  c.a.n.c.r.client - [printIfInfoEnabled,60] - [1dc874f3-2210-483a-9331-ab1a03998d2d]ack server push request,request=NotifySubscriberRequest,requestId=2
09:00:56.204 [main] INFO  s.d.s.w.r.o.CachingOperationNameGenerator - [startingWith,40] - Generating unique operation named: addUsingPOST_2
09:00:56.206 [main] INFO  s.d.s.w.r.o.CachingOperationNameGenerator - [startingWith,40] - Generating unique operation named: editUsingPUT_2
09:00:56.209 [main] INFO  s.d.s.w.r.o.CachingOperationNameGenerator - [startingWith,40] - Generating unique operation named: exportUsingPOST_1
09:00:56.211 [main] INFO  s.d.s.w.r.o.CachingOperationNameGenerator - [startingWith,40] - Generating unique operation named: getInfoUsingGET_2
09:00:56.213 [main] INFO  s.d.s.w.r.o.CachingOperationNameGenerator - [startingWith,40] - Generating unique operation named: listUsingGET_2
09:00:56.214 [main] INFO  s.d.s.w.r.o.CachingOperationNameGenerator - [startingWith,40] - Generating unique operation named: removeUsingDELETE_2
09:00:56.218 [main] INFO  s.d.s.w.r.o.CachingOperationNameGenerator - [startingWith,40] - Generating unique operation named: addUsingPOST_3
09:00:56.220 [main] INFO  s.d.s.w.r.o.CachingOperationNameGenerator - [startingWith,40] - Generating unique operation named: editUsingPUT_3
09:00:56.223 [main] INFO  s.d.s.w.r.o.CachingOperationNameGenerator - [startingWith,40] - Generating unique operation named: exportUsingPOST_2
09:00:56.225 [main] INFO  s.d.s.w.r.o.CachingOperationNameGenerator - [startingWith,40] - Generating unique operation named: getInfoUsingGET_3
09:00:56.227 [main] INFO  s.d.s.w.r.o.CachingOperationNameGenerator - [startingWith,40] - Generating unique operation named: listUsingGET_3
09:00:56.228 [main] INFO  s.d.s.w.r.o.CachingOperationNameGenerator - [startingWith,40] - Generating unique operation named: refreshCacheUsingDELETE_1
09:00:56.229 [main] INFO  s.d.s.w.r.o.CachingOperationNameGenerator - [startingWith,40] - Generating unique operation named: removeUsingDELETE_3
09:00:56.232 [main] INFO  s.d.s.w.r.o.CachingOperationNameGenerator - [startingWith,40] - Generating unique operation named: addUsingPOST_4
09:00:56.236 [main] INFO  s.d.s.w.r.o.CachingOperationNameGenerator - [startingWith,40] - Generating unique operation named: exportUsingPOST_3
09:00:56.237 [main] INFO  s.d.s.w.r.o.CachingOperationNameGenerator - [startingWith,40] - Generating unique operation named: listUsingGET_4
09:00:56.238 [main] INFO  s.d.s.w.r.o.CachingOperationNameGenerator - [startingWith,40] - Generating unique operation named: removeUsingDELETE_4
09:00:56.244 [main] INFO  s.d.s.w.r.o.CachingOperationNameGenerator - [startingWith,40] - Generating unique operation named: addUsingPOST_5
09:00:56.245 [main] INFO  s.d.s.w.r.o.CachingOperationNameGenerator - [startingWith,40] - Generating unique operation named: editUsingPUT_4
09:00:56.246 [main] INFO  s.d.s.w.r.o.CachingOperationNameGenerator - [startingWith,40] - Generating unique operation named: getInfoUsingGET_4
09:00:56.250 [main] INFO  s.d.s.w.r.o.CachingOperationNameGenerator - [startingWith,40] - Generating unique operation named: listUsingGET_5
09:00:56.251 [main] INFO  s.d.s.w.r.o.CachingOperationNameGenerator - [startingWith,40] - Generating unique operation named: removeUsingDELETE_5
09:00:56.254 [main] INFO  s.d.s.w.r.o.CachingOperationNameGenerator - [startingWith,40] - Generating unique operation named: treeselectUsingGET_1
09:00:56.257 [main] INFO  s.d.s.w.r.o.CachingOperationNameGenerator - [startingWith,40] - Generating unique operation named: addUsingPOST_6
09:00:56.258 [main] INFO  s.d.s.w.r.o.CachingOperationNameGenerator - [startingWith,40] - Generating unique operation named: editUsingPUT_5
09:00:56.259 [main] INFO  s.d.s.w.r.o.CachingOperationNameGenerator - [startingWith,40] - Generating unique operation named: getInfoUsingGET_5
09:00:56.262 [main] INFO  s.d.s.w.r.o.CachingOperationNameGenerator - [startingWith,40] - Generating unique operation named: listUsingGET_6
09:00:56.262 [main] INFO  s.d.s.w.r.o.CachingOperationNameGenerator - [startingWith,40] - Generating unique operation named: removeUsingDELETE_6
09:00:56.267 [main] INFO  s.d.s.w.r.o.CachingOperationNameGenerator - [startingWith,40] - Generating unique operation named: addUsingPOST_7
09:00:56.268 [main] INFO  s.d.s.w.r.o.CachingOperationNameGenerator - [startingWith,40] - Generating unique operation named: cleanUsingDELETE_1
09:00:56.271 [main] INFO  s.d.s.w.r.o.CachingOperationNameGenerator - [startingWith,40] - Generating unique operation named: exportUsingPOST_4
09:00:56.273 [main] INFO  s.d.s.w.r.o.CachingOperationNameGenerator - [startingWith,40] - Generating unique operation named: listUsingGET_7
09:00:56.274 [main] INFO  s.d.s.w.r.o.CachingOperationNameGenerator - [startingWith,40] - Generating unique operation named: removeUsingDELETE_7
09:00:56.276 [main] INFO  s.d.s.w.r.o.CachingOperationNameGenerator - [startingWith,40] - Generating unique operation named: addUsingPOST_8
09:00:56.277 [main] INFO  s.d.s.w.r.o.CachingOperationNameGenerator - [startingWith,40] - Generating unique operation named: editUsingPUT_6
09:00:56.280 [main] INFO  s.d.s.w.r.o.CachingOperationNameGenerator - [startingWith,40] - Generating unique operation named: exportUsingPOST_5
09:00:56.281 [main] INFO  s.d.s.w.r.o.CachingOperationNameGenerator - [startingWith,40] - Generating unique operation named: getInfoUsingGET_6
09:00:56.282 [main] INFO  s.d.s.w.r.o.CachingOperationNameGenerator - [startingWith,40] - Generating unique operation named: listUsingGET_8
09:00:56.283 [main] INFO  s.d.s.w.r.o.CachingOperationNameGenerator - [startingWith,40] - Generating unique operation named: optionselectUsingGET_1
09:00:56.284 [main] INFO  s.d.s.w.r.o.CachingOperationNameGenerator - [startingWith,40] - Generating unique operation named: removeUsingDELETE_8
09:00:56.296 [main] INFO  s.d.s.w.r.o.CachingOperationNameGenerator - [startingWith,40] - Generating unique operation named: addUsingPOST_9
09:00:56.299 [main] INFO  s.d.s.w.r.o.CachingOperationNameGenerator - [startingWith,40] - Generating unique operation named: editUsingPUT_7
09:00:56.302 [main] INFO  s.d.s.w.r.o.CachingOperationNameGenerator - [startingWith,40] - Generating unique operation named: exportUsingPOST_6
09:00:56.304 [main] INFO  s.d.s.w.r.o.CachingOperationNameGenerator - [startingWith,40] - Generating unique operation named: getInfoUsingGET_7
09:00:56.306 [main] INFO  s.d.s.w.r.o.CachingOperationNameGenerator - [startingWith,40] - Generating unique operation named: listUsingGET_9
09:00:56.306 [main] INFO  s.d.s.w.r.o.CachingOperationNameGenerator - [startingWith,40] - Generating unique operation named: optionselectUsingGET_2
09:00:56.307 [main] INFO  s.d.s.w.r.o.CachingOperationNameGenerator - [startingWith,40] - Generating unique operation named: removeUsingDELETE_9
09:00:56.310 [main] INFO  s.d.s.w.r.o.CachingOperationNameGenerator - [startingWith,40] - Generating unique operation named: addUsingPOST_10
09:00:56.311 [main] INFO  s.d.s.w.r.o.CachingOperationNameGenerator - [startingWith,40] - Generating unique operation named: changeStatusUsingPUT_1
09:00:56.312 [main] INFO  s.d.s.w.r.o.CachingOperationNameGenerator - [startingWith,40] - Generating unique operation named: editUsingPUT_8
09:00:56.322 [main] INFO  s.d.s.w.r.o.CachingOperationNameGenerator - [startingWith,40] - Generating unique operation named: exportUsingPOST_7
09:00:56.323 [main] INFO  s.d.s.w.r.o.CachingOperationNameGenerator - [startingWith,40] - Generating unique operation named: getInfoUsingGET_8
09:00:56.324 [main] INFO  s.d.s.w.r.o.CachingOperationNameGenerator - [startingWith,40] - Generating unique operation named: getInfoUsingGET_9
09:00:56.325 [main] INFO  s.d.s.w.r.o.CachingOperationNameGenerator - [startingWith,40] - Generating unique operation named: getInfoUsingGET_10
09:00:56.343 [main] INFO  s.d.s.w.r.o.CachingOperationNameGenerator - [startingWith,40] - Generating unique operation named: listUsingGET_10
09:00:56.344 [main] INFO  s.d.s.w.r.o.CachingOperationNameGenerator - [startingWith,40] - Generating unique operation named: removeUsingDELETE_10
09:00:56.347 [main] INFO  s.d.s.w.r.o.CachingOperationNameGenerator - [startingWith,40] - Generating unique operation named: listUsingGET_11
09:00:56.367 [main] INFO  c.r.s.CFSystemApplication - [logStarted,61] - Started CFSystemApplication in 13.525 seconds (JVM running for 14.421)
09:00:56.380 [main] INFO  c.a.n.c.c.i.ClientWorker - [addCacheDataIfAbsent,346] - [config_rpc_client] [subscribe] ruoyi-system+DEFAULT_GROUP
09:00:56.382 [main] INFO  c.a.n.c.c.i.CacheData - [addListener,128] - [config_rpc_client] [add-listener] ok, tenant=, dataId=ruoyi-system, group=DEFAULT_GROUP, cnt=1
09:00:56.382 [main] INFO  c.a.n.c.c.i.ClientWorker - [addCacheDataIfAbsent,346] - [config_rpc_client] [subscribe] ruoyi-system.yml+DEFAULT_GROUP
09:00:56.383 [main] INFO  c.a.n.c.c.i.CacheData - [addListener,128] - [config_rpc_client] [add-listener] ok, tenant=, dataId=ruoyi-system.yml, group=DEFAULT_GROUP, cnt=1
09:00:56.384 [main] INFO  c.a.n.c.c.i.ClientWorker - [addCacheDataIfAbsent,346] - [config_rpc_client] [subscribe] ruoyi-system-dev.yml+DEFAULT_GROUP
09:00:56.384 [main] INFO  c.a.n.c.c.i.CacheData - [addListener,128] - [config_rpc_client] [add-listener] ok, tenant=, dataId=ruoyi-system-dev.yml, group=DEFAULT_GROUP, cnt=1
09:00:56.669 [com.alibaba.nacos.client.naming.updater.0] INFO  c.a.n.client.naming - [isChangedServiceInfo,221] - new ips(1) service: DEFAULT_GROUP@@ruoyi-system@@DEFAULT -> [{"ip":"192.168.0.126","port":9201,"weight":1.0,"healthy":true,"enabled":true,"ephemeral":true,"clusterName":"DEFAULT","serviceName":"DEFAULT_GROUP@@ruoyi-system","metadata":{"preserved.register.source":"SPRING_CLOUD"},"instanceHeartBeatTimeOut":15000,"ipDeleteTimeout":30000,"instanceHeartBeatInterval":5000}]
09:00:56.669 [com.alibaba.nacos.client.naming.updater.0] INFO  c.a.n.client.naming - [processServiceInfo,152] - current ips:(1) service: DEFAULT_GROUP@@ruoyi-system@@DEFAULT -> [{"ip":"192.168.0.126","port":9201,"weight":1.0,"healthy":true,"enabled":true,"ephemeral":true,"clusterName":"DEFAULT","serviceName":"DEFAULT_GROUP@@ruoyi-system","metadata":{"preserved.register.source":"SPRING_CLOUD"},"instanceHeartBeatTimeOut":15000,"ipDeleteTimeout":30000,"instanceHeartBeatInterval":5000}]
09:10:32.347 [http-nio-9201-exec-1] INFO  o.a.c.c.C.[.[.[/] - [log,173] - Initializing Spring DispatcherServlet 'dispatcherServlet'
14:46:41.539 [background-preinit] INFO  o.h.v.i.util.Version - [<clinit>,21] - HV000001: Hibernate Validator 6.2.0.Final
14:46:42.283 [main] INFO  c.a.n.c.c.i.LocalConfigInfoProcessor - [<clinit>,212] - LOCAL_SNAPSHOT_PATH:C:\Users\Administrator\nacos\config
14:46:42.321 [main] INFO  o.r.Reflections - [scan,232] - Reflections took 23 ms to scan 1 urls, producing 3 keys and 6 values 
14:46:42.344 [main] INFO  o.r.Reflections - [scan,232] - Reflections took 12 ms to scan 1 urls, producing 4 keys and 9 values 
14:46:42.358 [main] INFO  o.r.Reflections - [scan,232] - Reflections took 11 ms to scan 1 urls, producing 3 keys and 10 values 
14:46:42.516 [main] INFO  o.r.Reflections - [scan,232] - Reflections took 156 ms to scan 201 urls, producing 0 keys and 0 values 
14:46:42.527 [main] INFO  o.r.Reflections - [scan,232] - Reflections took 10 ms to scan 1 urls, producing 1 keys and 5 values 
14:46:42.539 [main] INFO  o.r.Reflections - [scan,232] - Reflections took 10 ms to scan 1 urls, producing 1 keys and 7 values 
14:46:42.552 [main] INFO  o.r.Reflections - [scan,232] - Reflections took 11 ms to scan 1 urls, producing 2 keys and 8 values 
14:46:42.687 [main] INFO  o.r.Reflections - [scan,232] - Reflections took 132 ms to scan 201 urls, producing 0 keys and 0 values 
14:46:42.687 [main] INFO  c.a.n.c.r.client - [printIfInfoEnabled,60] - [config-0-ba1658e7-f13a-4e89-a81e-e7cdff83efdf]RpcClient init label, labels={module=config, Vipserver-Tag=null, source=sdk, Amory-Tag=null, Location-Tag=null, taskId=0, AppName=unknown}
14:46:42.688 [main] INFO  c.a.n.c.r.client - [printIfInfoEnabled,60] - [config-0-ba1658e7-f13a-4e89-a81e-e7cdff83efdf]Register server push request handler:com.alibaba.nacos.client.config.impl.ClientWorker$ConfigRpcTransportClient$$Lambda$327/500885941
14:46:42.688 [main] INFO  c.a.n.c.r.client - [printIfInfoEnabled,60] - [config-0-ba1658e7-f13a-4e89-a81e-e7cdff83efdf]Register server push request handler:com.alibaba.nacos.client.config.impl.ClientWorker$ConfigRpcTransportClient$$Lambda$328/1115381650
14:46:42.688 [main] INFO  c.a.n.c.r.client - [printIfInfoEnabled,60] - [config-0-ba1658e7-f13a-4e89-a81e-e7cdff83efdf]Registry connection listener to current client:com.alibaba.nacos.client.config.impl.ClientWorker$ConfigRpcTransportClient$1
14:46:42.689 [main] INFO  c.a.n.c.r.client - [printIfInfoEnabled,60] - [config-0-ba1658e7-f13a-4e89-a81e-e7cdff83efdf]RpcClient init, ServerListFactory =com.alibaba.nacos.client.config.impl.ClientWorker$ConfigRpcTransportClient$2
14:46:42.691 [main] INFO  c.a.n.c.r.client - [printIfInfoEnabled,60] - [config-0-ba1658e7-f13a-4e89-a81e-e7cdff83efdf] Try to connect to server on start up, server: {serverIp='127.0.0.1', server main port=8848}
14:46:43.847 [main] INFO  c.a.n.c.r.client - [printIfInfoEnabled,60] - [config-0-ba1658e7-f13a-4e89-a81e-e7cdff83efdf] Success to connect to server [127.0.0.1:8848] on start up,connectionId=1629182803632_127.0.0.1_63221
14:46:43.847 [com.alibaba.nacos.client.remote.worker] INFO  c.a.n.c.r.client - [printIfInfoEnabled,60] - [config-0-ba1658e7-f13a-4e89-a81e-e7cdff83efdf]Notify connected event to listeners.
14:46:43.847 [main] INFO  c.a.n.c.r.client - [printIfInfoEnabled,60] - [config-0-ba1658e7-f13a-4e89-a81e-e7cdff83efdf]Register server push request handler:com.alibaba.nacos.common.remote.client.RpcClient$ConnectResetRequestHandler
14:46:43.847 [com.alibaba.nacos.client.remote.worker] INFO  c.a.n.c.c.i.ClientWorker - [onConnected,625] - [config-0-ba1658e7-f13a-4e89-a81e-e7cdff83efdf] Connected,notify listen context...
14:46:43.848 [main] INFO  c.a.n.c.r.client - [printIfInfoEnabled,60] - [config-0-ba1658e7-f13a-4e89-a81e-e7cdff83efdf]Register server push request handler:com.alibaba.nacos.common.remote.client.RpcClient$4
14:46:43.876 [main] INFO  c.a.n.c.c.i.Limiter - [<clinit>,54] - limitTime:5.0
14:46:43.888 [main] INFO  c.a.n.c.c.u.JvmUtil - [<clinit>,49] - isMultiInstance:false
14:46:43.914 [main] INFO  c.r.s.CFSystemApplication - [logStartupProfileInfo,667] - The following profiles are active: dev
14:46:46.119 [main] INFO  o.a.c.h.Http11NioProtocol - [log,173] - Initializing ProtocolHandler ["http-nio-9201"]
14:46:46.120 [main] INFO  o.a.c.c.StandardService - [log,173] - Starting service [Tomcat]
14:46:46.120 [main] INFO  o.a.c.c.StandardEngine - [log,173] - Starting Servlet engine: [Apache Tomcat/9.0.46]
14:46:46.265 [main] INFO  o.a.c.c.C.[.[.[/] - [log,173] - Initializing Spring embedded WebApplicationContext
14:46:46.670 [main] INFO  c.a.d.p.DruidDataSource - [init,990] - {dataSource-1,master} inited
14:46:46.671 [main] INFO  c.b.d.d.DynamicRoutingDataSource - [addDataSource,144] - dynamic-datasource - add a datasource named [master] success
14:46:46.671 [main] INFO  c.b.d.d.DynamicRoutingDataSource - [afterPropertiesSet,235] - dynamic-datasource initial loaded [1] datasource,primary datasource named [master]
14:46:49.513 [main] INFO  c.a.c.s.SentinelWebAutoConfiguration - [addInterceptors,80] - [Sentinel Starter] register SentinelWebInterceptor with urlPatterns: [/**].
14:46:49.944 [main] INFO  c.a.n.client.naming - [call,65] - initializer namespace from System Property :null
14:46:49.944 [main] INFO  c.a.n.client.naming - [call,74] - initializer namespace from System Environment :null
14:46:49.945 [main] INFO  c.a.n.client.naming - [call,84] - initializer namespace from System Property :null
14:46:49.962 [main] INFO  c.a.n.c.r.client - [printIfInfoEnabled,60] - [36658d8b-7034-4a71-865c-e0f6b6be2d7f]RpcClient init label, labels={module=naming, source=sdk}
14:46:49.962 [main] INFO  c.a.n.c.r.client - [printIfInfoEnabled,60] - [36658d8b-7034-4a71-865c-e0f6b6be2d7f]RpcClient init, ServerListFactory =com.alibaba.nacos.client.naming.core.ServerListManager
14:46:49.963 [main] INFO  c.a.n.c.r.client - [printIfInfoEnabled,60] - [36658d8b-7034-4a71-865c-e0f6b6be2d7f] Try to connect to server on start up, server: {serverIp='127.0.0.1', server main port=8848}
14:46:50.086 [main] INFO  c.a.n.c.r.client - [printIfInfoEnabled,60] - [36658d8b-7034-4a71-865c-e0f6b6be2d7f] Success to connect to server [127.0.0.1:8848] on start up,connectionId=1629182809968_127.0.0.1_59990
14:46:50.086 [main] INFO  c.a.n.c.r.client - [printIfInfoEnabled,60] - [36658d8b-7034-4a71-865c-e0f6b6be2d7f]Register server push request handler:com.alibaba.nacos.common.remote.client.RpcClient$ConnectResetRequestHandler
14:46:50.086 [main] INFO  c.a.n.c.r.client - [printIfInfoEnabled,60] - [36658d8b-7034-4a71-865c-e0f6b6be2d7f]Register server push request handler:com.alibaba.nacos.common.remote.client.RpcClient$4
14:46:50.087 [main] INFO  c.a.n.c.r.client - [printIfInfoEnabled,60] - [36658d8b-7034-4a71-865c-e0f6b6be2d7f]Register server push request handler:com.alibaba.nacos.client.naming.remote.gprc.NamingPushRequestHandler
14:46:50.087 [main] INFO  c.a.n.c.r.client - [printIfInfoEnabled,60] - [36658d8b-7034-4a71-865c-e0f6b6be2d7f]Registry connection listener to current client:com.alibaba.nacos.client.naming.remote.gprc.NamingGrpcConnectionEventListener
14:46:50.319 [main] INFO  s.d.s.w.PropertySourcedRequestMappingHandlerMapping - [initHandlerMethods,69] - Mapped URL path [/v2/api-docs] onto method [springfox.documentation.swagger2.web.Swagger2Controller#getDocumentation(String, HttpServletRequest)]
14:46:51.341 [main] INFO  c.a.n.c.i.CredentialWatcher - [loadCredential,165] - null No credential found
14:46:51.365 [main] INFO  c.a.n.client.naming - [isChangedServiceInfo,167] - init new ips(1) service: DEFAULT_GROUP@@ruoyi-system@@DEFAULT -> [{"ip":"192.168.0.126","port":9201,"weight":1.0,"healthy":true,"enabled":true,"ephemeral":true,"clusterName":"DEFAULT","serviceName":"DEFAULT_GROUP@@ruoyi-system","metadata":{"preserved.register.source":"SPRING_CLOUD"},"ipDeleteTimeout":30000,"instanceHeartBeatInterval":5000,"instanceHeartBeatTimeOut":15000}]
14:46:51.375 [main] INFO  c.a.n.client.naming - [processServiceInfo,152] - current ips:(1) service: DEFAULT_GROUP@@ruoyi-system@@DEFAULT -> [{"ip":"192.168.0.126","port":9201,"weight":1.0,"healthy":true,"enabled":true,"ephemeral":true,"clusterName":"DEFAULT","serviceName":"DEFAULT_GROUP@@ruoyi-system","metadata":{"preserved.register.source":"SPRING_CLOUD"},"ipDeleteTimeout":30000,"instanceHeartBeatInterval":5000,"instanceHeartBeatTimeOut":15000}]
14:46:51.384 [main] INFO  o.a.c.h.Http11NioProtocol - [log,173] - Starting ProtocolHandler ["http-nio-9201"]
14:46:51.391 [main] INFO  c.a.n.client.naming - [shutdown,242] - com.alibaba.nacos.client.naming.cache.ServiceInfoHolder do shutdown begin
14:46:51.391 [main] INFO  c.a.n.client.naming - [shutdown,132] - com.alibaba.nacos.client.naming.backups.FailoverReactor do shutdown begin
14:46:51.694 [main] INFO  c.a.n.client.naming - [shutdown,134] - com.alibaba.nacos.client.naming.backups.FailoverReactor do shutdown stop
14:46:51.694 [main] INFO  c.a.n.client.naming - [shutdown,244] - com.alibaba.nacos.client.naming.cache.ServiceInfoHolder do shutdown stop
14:46:51.694 [main] INFO  c.a.n.client.naming - [shutdown,176] - com.alibaba.nacos.client.naming.remote.NamingClientProxyDelegate do shutdown begin
14:46:51.694 [main] INFO  c.a.n.client.naming - [shutdown,130] - com.alibaba.nacos.client.naming.core.ServiceInfoUpdateService do shutdown begin
14:46:51.932 [nacos-grpc-client-executor-5] INFO  c.a.n.c.r.client - [printIfInfoEnabled,60] - [36658d8b-7034-4a71-865c-e0f6b6be2d7f]receive server push request,request=NotifySubscriberRequest,requestId=28
14:46:51.932 [nacos-grpc-client-executor-5] INFO  c.a.n.client.naming - [isChangedServiceInfo,167] - init new ips(1) service: DEFAULT_GROUP@@ruoyi-system -> [{"ip":"192.168.0.126","port":9201,"weight":1.0,"healthy":true,"enabled":true,"ephemeral":true,"clusterName":"DEFAULT","serviceName":"DEFAULT_GROUP@@ruoyi-system","metadata":{"preserved.register.source":"SPRING_CLOUD"},"ipDeleteTimeout":30000,"instanceHeartBeatInterval":5000,"instanceHeartBeatTimeOut":15000}]
14:46:51.933 [nacos-grpc-client-executor-5] INFO  c.a.n.client.naming - [processServiceInfo,152] - current ips:(1) service: DEFAULT_GROUP@@ruoyi-system -> [{"ip":"192.168.0.126","port":9201,"weight":1.0,"healthy":true,"enabled":true,"ephemeral":true,"clusterName":"DEFAULT","serviceName":"DEFAULT_GROUP@@ruoyi-system","metadata":{"preserved.register.source":"SPRING_CLOUD"},"ipDeleteTimeout":30000,"instanceHeartBeatInterval":5000,"instanceHeartBeatTimeOut":15000}]
14:46:51.933 [nacos-grpc-client-executor-5] INFO  c.a.n.c.r.client - [printIfInfoEnabled,60] - [36658d8b-7034-4a71-865c-e0f6b6be2d7f]ack server push request,request=NotifySubscriberRequest,requestId=28
14:46:51.998 [main] INFO  c.a.n.client.naming - [shutdown,132] - com.alibaba.nacos.client.naming.core.ServiceInfoUpdateService do shutdown stop
14:46:51.998 [main] INFO  c.a.n.client.naming - [shutdown,175] - com.alibaba.nacos.client.naming.core.ServerListManager do shutdown begin
14:46:51.999 [main] INFO  c.a.n.client.naming - [shutdown,180] - com.alibaba.nacos.client.naming.core.ServerListManager do shutdown stop
14:46:51.999 [main] INFO  c.a.n.client.naming - [shutdown,479] - com.alibaba.nacos.client.naming.remote.http.NamingHttpClientProxy do shutdown begin
14:46:51.999 [main] INFO  c.a.n.client.naming - [shutdown,160] - com.alibaba.nacos.client.naming.beat.BeatReactor do shutdown begin
14:46:51.999 [main] INFO  c.a.n.client.naming - [shutdown,162] - com.alibaba.nacos.client.naming.beat.BeatReactor do shutdown stop
14:46:51.999 [main] INFO  c.a.n.c.i.CredentialWatcher - [stop,105] - [null] CredentialWatcher is stopped
14:46:52.000 [main] INFO  c.a.n.c.i.CredentialService - [free,98] - [null] CredentialService is freed
14:46:52.000 [main] INFO  c.a.n.client.naming - [shutdown,483] - com.alibaba.nacos.client.naming.remote.http.NamingHttpClientProxy do shutdown stop
14:46:52.002 [nacos-grpc-client-executor-6] INFO  c.a.n.c.r.client - [printIfInfoEnabled,60] - [1629182809968_127.0.0.1_59990]Ignore complete event,isRunning:false,isAbandon=false
14:46:52.003 [com.alibaba.nacos.client.remote.worker] INFO  c.a.n.c.r.client - [printIfInfoEnabled,60] - [36658d8b-7034-4a71-865c-e0f6b6be2d7f]Notify disconnected event to listeners
14:46:52.004 [main] INFO  c.a.n.client.naming - [shutdown,182] - com.alibaba.nacos.client.naming.remote.NamingClientProxyDelegate do shutdown stop
14:46:52.229 [main] INFO  c.b.d.d.DynamicRoutingDataSource - [destroy,215] - dynamic-datasource start closing ....
14:46:52.325 [main] INFO  c.a.d.p.DruidDataSource - [close,2043] - {dataSource-1} closing ...
14:46:52.330 [main] INFO  c.a.d.p.DruidDataSource - [close,2116] - {dataSource-1} closed
14:46:52.330 [main] INFO  c.b.d.d.DynamicRoutingDataSource - [destroy,219] - dynamic-datasource all closed success,bye
14:46:52.332 [main] INFO  o.a.c.h.Http11NioProtocol - [log,173] - Pausing ProtocolHandler ["http-nio-9201"]
14:46:52.332 [main] INFO  o.a.c.c.StandardService - [log,173] - Stopping service [Tomcat]
14:46:52.337 [main] INFO  o.a.c.h.Http11NioProtocol - [log,173] - Stopping ProtocolHandler ["http-nio-9201"]
14:46:52.338 [main] INFO  o.a.c.h.Http11NioProtocol - [log,173] - Destroying ProtocolHandler ["http-nio-9201"]
14:50:07.745 [background-preinit] INFO  o.h.v.i.util.Version - [<clinit>,21] - HV000001: Hibernate Validator 6.2.0.Final
14:50:08.553 [main] INFO  c.a.n.c.c.i.LocalConfigInfoProcessor - [<clinit>,212] - LOCAL_SNAPSHOT_PATH:C:\Users\Administrator\nacos\config
14:50:08.593 [main] INFO  o.r.Reflections - [scan,232] - Reflections took 26 ms to scan 1 urls, producing 3 keys and 6 values 
14:50:08.619 [main] INFO  o.r.Reflections - [scan,232] - Reflections took 14 ms to scan 1 urls, producing 4 keys and 9 values 
14:50:08.633 [main] INFO  o.r.Reflections - [scan,232] - Reflections took 11 ms to scan 1 urls, producing 3 keys and 10 values 
14:50:08.796 [main] INFO  o.r.Reflections - [scan,232] - Reflections took 161 ms to scan 201 urls, producing 0 keys and 0 values 
14:50:08.807 [main] INFO  o.r.Reflections - [scan,232] - Reflections took 10 ms to scan 1 urls, producing 1 keys and 5 values 
14:50:08.821 [main] INFO  o.r.Reflections - [scan,232] - Reflections took 12 ms to scan 1 urls, producing 1 keys and 7 values 
14:50:08.836 [main] INFO  o.r.Reflections - [scan,232] - Reflections took 13 ms to scan 1 urls, producing 2 keys and 8 values 
14:50:08.981 [main] INFO  o.r.Reflections - [scan,232] - Reflections took 143 ms to scan 201 urls, producing 0 keys and 0 values 
14:50:08.982 [main] INFO  c.a.n.c.r.client - [printIfInfoEnabled,60] - [config-0-e2ecf7d3-b28e-46f8-985e-c983127325b2]RpcClient init label, labels={module=config, Vipserver-Tag=null, source=sdk, Amory-Tag=null, Location-Tag=null, taskId=0, AppName=unknown}
14:50:08.983 [main] INFO  c.a.n.c.r.client - [printIfInfoEnabled,60] - [config-0-e2ecf7d3-b28e-46f8-985e-c983127325b2]Register server push request handler:com.alibaba.nacos.client.config.impl.ClientWorker$ConfigRpcTransportClient$$Lambda$327/500885941
14:50:08.983 [main] INFO  c.a.n.c.r.client - [printIfInfoEnabled,60] - [config-0-e2ecf7d3-b28e-46f8-985e-c983127325b2]Register server push request handler:com.alibaba.nacos.client.config.impl.ClientWorker$ConfigRpcTransportClient$$Lambda$328/1115381650
14:50:08.983 [main] INFO  c.a.n.c.r.client - [printIfInfoEnabled,60] - [config-0-e2ecf7d3-b28e-46f8-985e-c983127325b2]Registry connection listener to current client:com.alibaba.nacos.client.config.impl.ClientWorker$ConfigRpcTransportClient$1
14:50:08.984 [main] INFO  c.a.n.c.r.client - [printIfInfoEnabled,60] - [config-0-e2ecf7d3-b28e-46f8-985e-c983127325b2]RpcClient init, ServerListFactory =com.alibaba.nacos.client.config.impl.ClientWorker$ConfigRpcTransportClient$2
14:50:08.986 [main] INFO  c.a.n.c.r.client - [printIfInfoEnabled,60] - [config-0-e2ecf7d3-b28e-46f8-985e-c983127325b2] Try to connect to server on start up, server: {serverIp='127.0.0.1', server main port=8848}
14:50:10.180 [main] INFO  c.a.n.c.r.client - [printIfInfoEnabled,60] - [config-0-e2ecf7d3-b28e-46f8-985e-c983127325b2] Success to connect to server [127.0.0.1:8848] on start up,connectionId=1629183009959_127.0.0.1_61678
14:50:10.180 [com.alibaba.nacos.client.remote.worker] INFO  c.a.n.c.r.client - [printIfInfoEnabled,60] - [config-0-e2ecf7d3-b28e-46f8-985e-c983127325b2]Notify connected event to listeners.
14:50:10.180 [main] INFO  c.a.n.c.r.client - [printIfInfoEnabled,60] - [config-0-e2ecf7d3-b28e-46f8-985e-c983127325b2]Register server push request handler:com.alibaba.nacos.common.remote.client.RpcClient$ConnectResetRequestHandler
14:50:10.180 [com.alibaba.nacos.client.remote.worker] INFO  c.a.n.c.c.i.ClientWorker - [onConnected,625] - [config-0-e2ecf7d3-b28e-46f8-985e-c983127325b2] Connected,notify listen context...
14:50:10.181 [main] INFO  c.a.n.c.r.client - [printIfInfoEnabled,60] - [config-0-e2ecf7d3-b28e-46f8-985e-c983127325b2]Register server push request handler:com.alibaba.nacos.common.remote.client.RpcClient$4
14:50:10.209 [main] INFO  c.a.n.c.c.i.Limiter - [<clinit>,54] - limitTime:5.0
14:50:10.220 [main] INFO  c.a.n.c.c.u.JvmUtil - [<clinit>,49] - isMultiInstance:false
14:50:10.243 [main] INFO  c.r.s.CFSystemApplication - [logStartupProfileInfo,667] - The following profiles are active: dev
14:50:12.243 [main] INFO  o.a.c.h.Http11NioProtocol - [log,173] - Initializing ProtocolHandler ["http-nio-9201"]
14:50:12.243 [main] INFO  o.a.c.c.StandardService - [log,173] - Starting service [Tomcat]
14:50:12.243 [main] INFO  o.a.c.c.StandardEngine - [log,173] - Starting Servlet engine: [Apache Tomcat/9.0.46]
14:50:12.342 [main] INFO  o.a.c.c.C.[.[.[/] - [log,173] - Initializing Spring embedded WebApplicationContext
14:50:12.628 [main] INFO  c.a.d.p.DruidDataSource - [init,990] - {dataSource-1,master} inited
14:50:12.628 [main] INFO  c.b.d.d.DynamicRoutingDataSource - [addDataSource,144] - dynamic-datasource - add a datasource named [master] success
14:50:12.628 [main] INFO  c.b.d.d.DynamicRoutingDataSource - [afterPropertiesSet,235] - dynamic-datasource initial loaded [1] datasource,primary datasource named [master]
14:50:14.715 [main] INFO  c.a.c.s.SentinelWebAutoConfiguration - [addInterceptors,80] - [Sentinel Starter] register SentinelWebInterceptor with urlPatterns: [/**].
14:50:15.149 [main] INFO  c.a.n.client.naming - [call,65] - initializer namespace from System Property :null
14:50:15.150 [main] INFO  c.a.n.client.naming - [call,74] - initializer namespace from System Environment :null
14:50:15.151 [main] INFO  c.a.n.client.naming - [call,84] - initializer namespace from System Property :null
14:50:15.173 [main] INFO  c.a.n.c.r.client - [printIfInfoEnabled,60] - [04693a22-1980-4831-abfc-494d14239a81]RpcClient init label, labels={module=naming, source=sdk}
14:50:15.174 [main] INFO  c.a.n.c.r.client - [printIfInfoEnabled,60] - [04693a22-1980-4831-abfc-494d14239a81]RpcClient init, ServerListFactory =com.alibaba.nacos.client.naming.core.ServerListManager
14:50:15.174 [main] INFO  c.a.n.c.r.client - [printIfInfoEnabled,60] - [04693a22-1980-4831-abfc-494d14239a81] Try to connect to server on start up, server: {serverIp='127.0.0.1', server main port=8848}
14:50:15.303 [main] INFO  c.a.n.c.r.client - [printIfInfoEnabled,60] - [04693a22-1980-4831-abfc-494d14239a81] Success to connect to server [127.0.0.1:8848] on start up,connectionId=1629183015181_127.0.0.1_54236
14:50:15.303 [main] INFO  c.a.n.c.r.client - [printIfInfoEnabled,60] - [04693a22-1980-4831-abfc-494d14239a81]Register server push request handler:com.alibaba.nacos.common.remote.client.RpcClient$ConnectResetRequestHandler
14:50:15.303 [main] INFO  c.a.n.c.r.client - [printIfInfoEnabled,60] - [04693a22-1980-4831-abfc-494d14239a81]Register server push request handler:com.alibaba.nacos.common.remote.client.RpcClient$4
14:50:15.304 [main] INFO  c.a.n.c.r.client - [printIfInfoEnabled,60] - [04693a22-1980-4831-abfc-494d14239a81]Register server push request handler:com.alibaba.nacos.client.naming.remote.gprc.NamingPushRequestHandler
14:50:15.304 [main] INFO  c.a.n.c.r.client - [printIfInfoEnabled,60] - [04693a22-1980-4831-abfc-494d14239a81]Registry connection listener to current client:com.alibaba.nacos.client.naming.remote.gprc.NamingGrpcConnectionEventListener
14:50:15.630 [main] INFO  s.d.s.w.PropertySourcedRequestMappingHandlerMapping - [initHandlerMethods,69] - Mapped URL path [/v2/api-docs] onto method [springfox.documentation.swagger2.web.Swagger2Controller#getDocumentation(String, HttpServletRequest)]
14:50:16.941 [main] INFO  c.a.n.c.i.CredentialWatcher - [loadCredential,165] - null No credential found
14:50:16.957 [main] INFO  c.a.n.client.naming - [isChangedServiceInfo,167] - init new ips(0) service: DEFAULT_GROUP@@ruoyi-system@@DEFAULT -> []
14:50:16.964 [main] INFO  c.a.n.client.naming - [processServiceInfo,152] - current ips:(0) service: DEFAULT_GROUP@@ruoyi-system@@DEFAULT -> []
14:50:16.968 [main] INFO  o.a.c.h.Http11NioProtocol - [log,173] - Starting ProtocolHandler ["http-nio-9201"]
14:50:16.983 [main] INFO  c.a.n.client.naming - [registerService,97] - [REGISTER-SERVICE] public registering service ruoyi-system with instance Instance{instanceId='null', ip='192.168.0.126', port=9201, weight=1.0, healthy=true, enabled=true, ephemeral=true, clusterName='DEFAULT', serviceName='null', metadata={preserved.register.source=SPRING_CLOUD}}
14:50:16.988 [main] INFO  c.a.c.n.r.NacosServiceRegistry - [register,75] - nacos registry, DEFAULT_GROUP ruoyi-system 192.168.0.126:9201 register finished
14:50:17.326 [main] INFO  s.d.s.w.p.DocumentationPluginsBootstrapper - [start,160] - Context refreshed
14:50:17.340 [main] INFO  s.d.s.w.p.DocumentationPluginsBootstrapper - [start,163] - Found 1 custom documentation plugin(s)
14:50:17.401 [main] INFO  s.d.s.w.s.ApiListingReferenceScanner - [scan,41] - Scanning for api listing references
14:50:17.465 [nacos-grpc-client-executor-7] INFO  c.a.n.c.r.client - [printIfInfoEnabled,60] - [04693a22-1980-4831-abfc-494d14239a81]receive server push request,request=NotifySubscriberRequest,requestId=36
14:50:17.469 [nacos-grpc-client-executor-7] INFO  c.a.n.client.naming - [isChangedServiceInfo,167] - init new ips(1) service: DEFAULT_GROUP@@ruoyi-system -> [{"ip":"192.168.0.126","port":9201,"weight":1.0,"healthy":true,"enabled":true,"ephemeral":true,"clusterName":"DEFAULT","serviceName":"DEFAULT_GROUP@@ruoyi-system","metadata":{"preserved.register.source":"SPRING_CLOUD"},"ipDeleteTimeout":30000,"instanceHeartBeatInterval":5000,"instanceHeartBeatTimeOut":15000}]
14:50:17.470 [nacos-grpc-client-executor-7] INFO  c.a.n.client.naming - [processServiceInfo,152] - current ips:(1) service: DEFAULT_GROUP@@ruoyi-system -> [{"ip":"192.168.0.126","port":9201,"weight":1.0,"healthy":true,"enabled":true,"ephemeral":true,"clusterName":"DEFAULT","serviceName":"DEFAULT_GROUP@@ruoyi-system","metadata":{"preserved.register.source":"SPRING_CLOUD"},"ipDeleteTimeout":30000,"instanceHeartBeatInterval":5000,"instanceHeartBeatTimeOut":15000}]
14:50:17.471 [nacos-grpc-client-executor-7] INFO  c.a.n.c.r.client - [printIfInfoEnabled,60] - [04693a22-1980-4831-abfc-494d14239a81]ack server push request,request=NotifySubscriberRequest,requestId=36
14:50:17.577 [main] INFO  s.d.s.w.r.o.CachingOperationNameGenerator - [startingWith,40] - Generating unique operation named: addUsingPOST_1
14:50:17.580 [main] INFO  s.d.s.w.r.o.CachingOperationNameGenerator - [startingWith,40] - Generating unique operation named: editUsingPUT_1
14:50:17.584 [main] INFO  s.d.s.w.r.o.CachingOperationNameGenerator - [startingWith,40] - Generating unique operation named: getInfoUsingGET_1
14:50:17.595 [main] INFO  s.d.s.w.r.o.CachingOperationNameGenerator - [startingWith,40] - Generating unique operation named: listUsingGET_1
14:50:17.597 [main] INFO  s.d.s.w.r.o.CachingOperationNameGenerator - [startingWith,40] - Generating unique operation named: removeUsingDELETE_1
14:50:17.607 [main] INFO  s.d.s.w.r.o.CachingOperationNameGenerator - [startingWith,40] - Generating unique operation named: addUsingPOST_2
14:50:17.609 [main] INFO  s.d.s.w.r.o.CachingOperationNameGenerator - [startingWith,40] - Generating unique operation named: editUsingPUT_2
14:50:17.614 [main] INFO  s.d.s.w.r.o.CachingOperationNameGenerator - [startingWith,40] - Generating unique operation named: exportUsingPOST_1
14:50:17.616 [main] INFO  s.d.s.w.r.o.CachingOperationNameGenerator - [startingWith,40] - Generating unique operation named: getInfoUsingGET_2
14:50:17.618 [main] INFO  s.d.s.w.r.o.CachingOperationNameGenerator - [startingWith,40] - Generating unique operation named: listUsingGET_2
14:50:17.620 [main] INFO  s.d.s.w.r.o.CachingOperationNameGenerator - [startingWith,40] - Generating unique operation named: removeUsingDELETE_2
14:50:17.626 [main] INFO  s.d.s.w.r.o.CachingOperationNameGenerator - [startingWith,40] - Generating unique operation named: addUsingPOST_3
14:50:17.628 [main] INFO  s.d.s.w.r.o.CachingOperationNameGenerator - [startingWith,40] - Generating unique operation named: editUsingPUT_3
14:50:17.634 [main] INFO  s.d.s.w.r.o.CachingOperationNameGenerator - [startingWith,40] - Generating unique operation named: exportUsingPOST_2
14:50:17.635 [main] INFO  s.d.s.w.r.o.CachingOperationNameGenerator - [startingWith,40] - Generating unique operation named: getInfoUsingGET_3
14:50:17.637 [main] INFO  s.d.s.w.r.o.CachingOperationNameGenerator - [startingWith,40] - Generating unique operation named: listUsingGET_3
14:50:17.639 [main] INFO  s.d.s.w.r.o.CachingOperationNameGenerator - [startingWith,40] - Generating unique operation named: refreshCacheUsingDELETE_1
14:50:17.641 [main] INFO  s.d.s.w.r.o.CachingOperationNameGenerator - [startingWith,40] - Generating unique operation named: removeUsingDELETE_3
14:50:17.645 [main] INFO  s.d.s.w.r.o.CachingOperationNameGenerator - [startingWith,40] - Generating unique operation named: addUsingPOST_4
14:50:17.652 [main] INFO  s.d.s.w.r.o.CachingOperationNameGenerator - [startingWith,40] - Generating unique operation named: exportUsingPOST_3
14:50:17.655 [main] INFO  s.d.s.w.r.o.CachingOperationNameGenerator - [startingWith,40] - Generating unique operation named: listUsingGET_4
14:50:17.657 [main] INFO  s.d.s.w.r.o.CachingOperationNameGenerator - [startingWith,40] - Generating unique operation named: removeUsingDELETE_4
14:50:17.666 [main] INFO  s.d.s.w.r.o.CachingOperationNameGenerator - [startingWith,40] - Generating unique operation named: addUsingPOST_5
14:50:17.668 [main] INFO  s.d.s.w.r.o.CachingOperationNameGenerator - [startingWith,40] - Generating unique operation named: editUsingPUT_4
14:50:17.670 [main] INFO  s.d.s.w.r.o.CachingOperationNameGenerator - [startingWith,40] - Generating unique operation named: getInfoUsingGET_4
14:50:17.678 [main] INFO  s.d.s.w.r.o.CachingOperationNameGenerator - [startingWith,40] - Generating unique operation named: listUsingGET_5
14:50:17.680 [main] INFO  s.d.s.w.r.o.CachingOperationNameGenerator - [startingWith,40] - Generating unique operation named: removeUsingDELETE_5
14:50:17.684 [main] INFO  s.d.s.w.r.o.CachingOperationNameGenerator - [startingWith,40] - Generating unique operation named: treeselectUsingGET_1
14:50:17.688 [main] INFO  s.d.s.w.r.o.CachingOperationNameGenerator - [startingWith,40] - Generating unique operation named: addUsingPOST_6
14:50:17.689 [main] INFO  s.d.s.w.r.o.CachingOperationNameGenerator - [startingWith,40] - Generating unique operation named: editUsingPUT_5
14:50:17.690 [main] INFO  s.d.s.w.r.o.CachingOperationNameGenerator - [startingWith,40] - Generating unique operation named: getInfoUsingGET_5
14:50:17.694 [main] INFO  s.d.s.w.r.o.CachingOperationNameGenerator - [startingWith,40] - Generating unique operation named: listUsingGET_6
14:50:17.695 [main] INFO  s.d.s.w.r.o.CachingOperationNameGenerator - [startingWith,40] - Generating unique operation named: removeUsingDELETE_6
14:50:17.702 [main] INFO  s.d.s.w.r.o.CachingOperationNameGenerator - [startingWith,40] - Generating unique operation named: addUsingPOST_7
14:50:17.703 [main] INFO  s.d.s.w.r.o.CachingOperationNameGenerator - [startingWith,40] - Generating unique operation named: cleanUsingDELETE_1
14:50:17.708 [main] INFO  s.d.s.w.r.o.CachingOperationNameGenerator - [startingWith,40] - Generating unique operation named: exportUsingPOST_4
14:50:17.710 [main] INFO  s.d.s.w.r.o.CachingOperationNameGenerator - [startingWith,40] - Generating unique operation named: listUsingGET_7
14:50:17.710 [main] INFO  s.d.s.w.r.o.CachingOperationNameGenerator - [startingWith,40] - Generating unique operation named: removeUsingDELETE_7
14:50:17.714 [main] INFO  s.d.s.w.r.o.CachingOperationNameGenerator - [startingWith,40] - Generating unique operation named: addUsingPOST_8
14:50:17.715 [main] INFO  s.d.s.w.r.o.CachingOperationNameGenerator - [startingWith,40] - Generating unique operation named: editUsingPUT_6
14:50:17.719 [main] INFO  s.d.s.w.r.o.CachingOperationNameGenerator - [startingWith,40] - Generating unique operation named: exportUsingPOST_5
14:50:17.720 [main] INFO  s.d.s.w.r.o.CachingOperationNameGenerator - [startingWith,40] - Generating unique operation named: getInfoUsingGET_6
14:50:17.722 [main] INFO  s.d.s.w.r.o.CachingOperationNameGenerator - [startingWith,40] - Generating unique operation named: listUsingGET_8
14:50:17.723 [main] INFO  s.d.s.w.r.o.CachingOperationNameGenerator - [startingWith,40] - Generating unique operation named: optionselectUsingGET_1
14:50:17.724 [main] INFO  s.d.s.w.r.o.CachingOperationNameGenerator - [startingWith,40] - Generating unique operation named: removeUsingDELETE_8
14:50:17.742 [main] INFO  s.d.s.w.r.o.CachingOperationNameGenerator - [startingWith,40] - Generating unique operation named: addUsingPOST_9
14:50:17.745 [main] INFO  s.d.s.w.r.o.CachingOperationNameGenerator - [startingWith,40] - Generating unique operation named: editUsingPUT_7
14:50:17.749 [main] INFO  s.d.s.w.r.o.CachingOperationNameGenerator - [startingWith,40] - Generating unique operation named: exportUsingPOST_6
14:50:17.751 [main] INFO  s.d.s.w.r.o.CachingOperationNameGenerator - [startingWith,40] - Generating unique operation named: getInfoUsingGET_7
14:50:17.752 [main] INFO  s.d.s.w.r.o.CachingOperationNameGenerator - [startingWith,40] - Generating unique operation named: listUsingGET_9
14:50:17.754 [main] INFO  s.d.s.w.r.o.CachingOperationNameGenerator - [startingWith,40] - Generating unique operation named: optionselectUsingGET_2
14:50:17.755 [main] INFO  s.d.s.w.r.o.CachingOperationNameGenerator - [startingWith,40] - Generating unique operation named: removeUsingDELETE_9
14:50:17.757 [main] INFO  s.d.s.w.r.o.CachingOperationNameGenerator - [startingWith,40] - Generating unique operation named: addUsingPOST_10
14:50:17.759 [main] INFO  s.d.s.w.r.o.CachingOperationNameGenerator - [startingWith,40] - Generating unique operation named: changeStatusUsingPUT_1
14:50:17.760 [main] INFO  s.d.s.w.r.o.CachingOperationNameGenerator - [startingWith,40] - Generating unique operation named: editUsingPUT_8
14:50:17.767 [main] INFO  s.d.s.w.r.o.CachingOperationNameGenerator - [startingWith,40] - Generating unique operation named: exportUsingPOST_7
14:50:17.769 [main] INFO  s.d.s.w.r.o.CachingOperationNameGenerator - [startingWith,40] - Generating unique operation named: getInfoUsingGET_8
14:50:17.770 [main] INFO  s.d.s.w.r.o.CachingOperationNameGenerator - [startingWith,40] - Generating unique operation named: getInfoUsingGET_9
14:50:17.771 [main] INFO  s.d.s.w.r.o.CachingOperationNameGenerator - [startingWith,40] - Generating unique operation named: getInfoUsingGET_10
14:50:17.794 [main] INFO  s.d.s.w.r.o.CachingOperationNameGenerator - [startingWith,40] - Generating unique operation named: listUsingGET_10
14:50:17.795 [main] INFO  s.d.s.w.r.o.CachingOperationNameGenerator - [startingWith,40] - Generating unique operation named: removeUsingDELETE_10
14:50:17.802 [main] INFO  s.d.s.w.r.o.CachingOperationNameGenerator - [startingWith,40] - Generating unique operation named: listUsingGET_11
14:50:17.828 [main] INFO  c.r.s.CFSystemApplication - [logStarted,61] - Started CFSystemApplication in 10.962 seconds (JVM running for 11.901)
14:50:17.842 [main] INFO  c.a.n.c.c.i.ClientWorker - [addCacheDataIfAbsent,346] - [config_rpc_client] [subscribe] ruoyi-system+DEFAULT_GROUP
14:50:17.843 [main] INFO  c.a.n.c.c.i.CacheData - [addListener,128] - [config_rpc_client] [add-listener] ok, tenant=, dataId=ruoyi-system, group=DEFAULT_GROUP, cnt=1
14:50:17.843 [main] INFO  c.a.n.c.c.i.ClientWorker - [addCacheDataIfAbsent,346] - [config_rpc_client] [subscribe] ruoyi-system.yml+DEFAULT_GROUP
14:50:17.844 [main] INFO  c.a.n.c.c.i.CacheData - [addListener,128] - [config_rpc_client] [add-listener] ok, tenant=, dataId=ruoyi-system.yml, group=DEFAULT_GROUP, cnt=1
14:50:17.844 [main] INFO  c.a.n.c.c.i.ClientWorker - [addCacheDataIfAbsent,346] - [config_rpc_client] [subscribe] ruoyi-system-dev.yml+DEFAULT_GROUP
14:50:17.844 [main] INFO  c.a.n.c.c.i.CacheData - [addListener,128] - [config_rpc_client] [add-listener] ok, tenant=, dataId=ruoyi-system-dev.yml, group=DEFAULT_GROUP, cnt=1
14:50:17.964 [com.alibaba.nacos.client.naming.updater.0] INFO  c.a.n.client.naming - [isChangedServiceInfo,221] - new ips(1) service: DEFAULT_GROUP@@ruoyi-system@@DEFAULT -> [{"ip":"192.168.0.126","port":9201,"weight":1.0,"healthy":true,"enabled":true,"ephemeral":true,"clusterName":"DEFAULT","serviceName":"DEFAULT_GROUP@@ruoyi-system","metadata":{"preserved.register.source":"SPRING_CLOUD"},"ipDeleteTimeout":30000,"instanceHeartBeatInterval":5000,"instanceHeartBeatTimeOut":15000}]
14:50:17.965 [com.alibaba.nacos.client.naming.updater.0] INFO  c.a.n.client.naming - [processServiceInfo,152] - current ips:(1) service: DEFAULT_GROUP@@ruoyi-system@@DEFAULT -> [{"ip":"192.168.0.126","port":9201,"weight":1.0,"healthy":true,"enabled":true,"ephemeral":true,"clusterName":"DEFAULT","serviceName":"DEFAULT_GROUP@@ruoyi-system","metadata":{"preserved.register.source":"SPRING_CLOUD"},"ipDeleteTimeout":30000,"instanceHeartBeatInterval":5000,"instanceHeartBeatTimeOut":15000}]
14:50:54.482 [http-nio-9201-exec-1] INFO  o.a.c.c.C.[.[.[/] - [log,173] - Initializing Spring DispatcherServlet 'dispatcherServlet'
