16:06:18.647 [background-preinit] INFO  o.h.v.i.util.Version - [<clinit>,21] - HV000001: Hibernate Validator 6.2.0.Final
16:06:19.119 [main] INFO  c.a.n.c.c.i.LocalConfigInfoProcessor - [<clinit>,212] - LOCAL_SNAPSHOT_PATH:C:\Users\26095\nacos\config
16:06:19.173 [main] INFO  o.r.Reflections - [scan,232] - Reflections took 30 ms to scan 1 urls, producing 3 keys and 6 values 
16:06:19.194 [main] INFO  o.r.Reflections - [scan,232] - Reflections took 8 ms to scan 1 urls, producing 4 keys and 9 values 
16:06:19.204 [main] INFO  o.r.Reflections - [scan,232] - Reflections took 8 ms to scan 1 urls, producing 3 keys and 10 values 
16:06:19.214 [main] INFO  o.r.Reflections - [scan,232] - Reflections took 8 ms to scan 1 urls, producing 1 keys and 5 values 
16:06:19.236 [main] INFO  o.r.Reflections - [scan,232] - Reflections took 7 ms to scan 1 urls, producing 1 keys and 7 values 
16:06:19.247 [main] INFO  o.r.Reflections - [scan,232] - Reflections took 10 ms to scan 1 urls, producing 2 keys and 8 values 
16:06:19.250 [main] INFO  c.a.n.c.r.client - [printIfInfoEnabled,60] - [config-0-fcdedcb3-e8ac-432c-a2a9-648f29533fd0]RpcClient init label, labels={module=config, Vipserver-Tag=null, source=sdk, Amory-Tag=null, Location-Tag=null, taskId=0, AppName=unknown}
16:06:19.250 [main] INFO  c.a.n.c.r.client - [printIfInfoEnabled,60] - [config-0-fcdedcb3-e8ac-432c-a2a9-648f29533fd0]Register server push request handler:com.alibaba.nacos.client.config.impl.ClientWorker$ConfigRpcTransportClient$$Lambda/0x000001cf433b0890
16:06:19.250 [main] INFO  c.a.n.c.r.client - [printIfInfoEnabled,60] - [config-0-fcdedcb3-e8ac-432c-a2a9-648f29533fd0]Register server push request handler:com.alibaba.nacos.client.config.impl.ClientWorker$ConfigRpcTransportClient$$Lambda/0x000001cf433b0ab0
16:06:19.251 [main] INFO  c.a.n.c.r.client - [printIfInfoEnabled,60] - [config-0-fcdedcb3-e8ac-432c-a2a9-648f29533fd0]Registry connection listener to current client:com.alibaba.nacos.client.config.impl.ClientWorker$ConfigRpcTransportClient$1
16:06:19.251 [main] INFO  c.a.n.c.r.client - [printIfInfoEnabled,60] - [config-0-fcdedcb3-e8ac-432c-a2a9-648f29533fd0]RpcClient init, ServerListFactory =com.alibaba.nacos.client.config.impl.ClientWorker$ConfigRpcTransportClient$2
16:06:19.253 [main] INFO  c.a.n.c.r.client - [printIfInfoEnabled,60] - [config-0-fcdedcb3-e8ac-432c-a2a9-648f29533fd0] Try to connect to server on start up, server: {serverIp='127.0.0.1', server main port=8848}
16:06:19.884 [main] INFO  c.a.n.c.r.client - [printIfInfoEnabled,60] - [config-0-fcdedcb3-e8ac-432c-a2a9-648f29533fd0] Success to connect to server [127.0.0.1:8848] on start up,connectionId=1711181179703_127.0.0.1_63538
16:06:19.885 [com.alibaba.nacos.client.remote.worker] INFO  c.a.n.c.r.client - [printIfInfoEnabled,60] - [config-0-fcdedcb3-e8ac-432c-a2a9-648f29533fd0]Notify connected event to listeners.
16:06:19.885 [main] INFO  c.a.n.c.r.client - [printIfInfoEnabled,60] - [config-0-fcdedcb3-e8ac-432c-a2a9-648f29533fd0]Register server push request handler:com.alibaba.nacos.common.remote.client.RpcClient$ConnectResetRequestHandler
16:06:19.885 [com.alibaba.nacos.client.remote.worker] INFO  c.a.n.c.c.i.ClientWorker - [onConnected,625] - [config-0-fcdedcb3-e8ac-432c-a2a9-648f29533fd0] Connected,notify listen context...
16:06:19.886 [main] INFO  c.a.n.c.r.client - [printIfInfoEnabled,60] - [config-0-fcdedcb3-e8ac-432c-a2a9-648f29533fd0]Register server push request handler:com.alibaba.nacos.common.remote.client.RpcClient$4
16:06:19.921 [main] INFO  c.a.n.c.c.i.Limiter - [<clinit>,54] - limitTime:5.0
16:06:19.935 [main] INFO  c.a.n.c.c.u.JvmUtil - [<clinit>,49] - isMultiInstance:false
16:06:19.971 [main] INFO  c.r.s.CFSystemApplication - [logStartupProfileInfo,667] - The following profiles are active: prod
16:06:22.204 [main] INFO  o.a.c.h.Http11NioProtocol - [log,173] - Initializing ProtocolHandler ["http-nio-9201"]
16:06:22.205 [main] INFO  o.a.c.c.StandardService - [log,173] - Starting service [Tomcat]
16:06:22.205 [main] INFO  o.a.c.c.StandardEngine - [log,173] - Starting Servlet engine: [Apache Tomcat/9.0.46]
16:06:22.353 [main] INFO  o.a.c.c.C.[.[.[/] - [log,173] - Initializing Spring embedded WebApplicationContext
16:06:22.945 [main] INFO  c.a.d.p.DruidDataSource - [init,990] - {dataSource-1,master} inited
16:06:22.945 [main] INFO  c.b.d.d.DynamicRoutingDataSource - [addDataSource,144] - dynamic-datasource - add a datasource named [master] success
16:06:22.946 [main] INFO  c.b.d.d.DynamicRoutingDataSource - [afterPropertiesSet,235] - dynamic-datasource initial loaded [1] datasource,primary datasource named [master]
16:06:25.016 [main] INFO  c.a.c.s.SentinelWebAutoConfiguration - [addInterceptors,80] - [Sentinel Starter] register SentinelWebInterceptor with urlPatterns: [/**].
16:06:25.197 [main] INFO  c.a.n.client.naming - [call,65] - initializer namespace from System Property :null
16:06:25.197 [main] INFO  c.a.n.client.naming - [call,74] - initializer namespace from System Environment :null
16:06:25.197 [main] INFO  c.a.n.client.naming - [call,84] - initializer namespace from System Property :null
16:06:25.212 [main] INFO  c.a.n.c.r.client - [printIfInfoEnabled,60] - [e866cede-b2af-427f-9527-a848a4f4d3ae]RpcClient init label, labels={module=naming, source=sdk}
16:06:25.213 [main] INFO  c.a.n.c.r.client - [printIfInfoEnabled,60] - [e866cede-b2af-427f-9527-a848a4f4d3ae]RpcClient init, ServerListFactory =com.alibaba.nacos.client.naming.core.ServerListManager
16:06:25.213 [main] INFO  c.a.n.c.r.client - [printIfInfoEnabled,60] - [e866cede-b2af-427f-9527-a848a4f4d3ae] Try to connect to server on start up, server: {serverIp='127.0.0.1', server main port=8848}
16:06:25.343 [main] INFO  c.a.n.c.r.client - [printIfInfoEnabled,60] - [e866cede-b2af-427f-9527-a848a4f4d3ae] Success to connect to server [127.0.0.1:8848] on start up,connectionId=1711181185222_127.0.0.1_63546
16:06:25.343 [main] INFO  c.a.n.c.r.client - [printIfInfoEnabled,60] - [e866cede-b2af-427f-9527-a848a4f4d3ae]Register server push request handler:com.alibaba.nacos.common.remote.client.RpcClient$ConnectResetRequestHandler
16:06:25.344 [main] INFO  c.a.n.c.r.client - [printIfInfoEnabled,60] - [e866cede-b2af-427f-9527-a848a4f4d3ae]Register server push request handler:com.alibaba.nacos.common.remote.client.RpcClient$4
16:06:25.345 [main] INFO  c.a.n.c.r.client - [printIfInfoEnabled,60] - [e866cede-b2af-427f-9527-a848a4f4d3ae]Register server push request handler:com.alibaba.nacos.client.naming.remote.gprc.NamingPushRequestHandler
16:06:25.345 [main] INFO  c.a.n.c.r.client - [printIfInfoEnabled,60] - [e866cede-b2af-427f-9527-a848a4f4d3ae]Registry connection listener to current client:com.alibaba.nacos.client.naming.remote.gprc.NamingGrpcConnectionEventListener
16:06:25.633 [main] INFO  s.d.s.w.PropertySourcedRequestMappingHandlerMapping - [initHandlerMethods,69] - Mapped URL path [/v2/api-docs] onto method [springfox.documentation.swagger2.web.Swagger2Controller#getDocumentation(String, HttpServletRequest)]
16:06:26.569 [main] INFO  c.a.n.c.i.CredentialWatcher - [loadCredential,165] - null No credential found
16:06:26.581 [main] INFO  c.a.n.client.naming - [isChangedServiceInfo,167] - init new ips(0) service: DEFAULT_GROUP@@ruoyi-system@@DEFAULT -> []
16:06:26.588 [main] INFO  c.a.n.client.naming - [processServiceInfo,152] - current ips:(0) service: DEFAULT_GROUP@@ruoyi-system@@DEFAULT -> []
16:06:26.596 [main] INFO  o.a.c.h.Http11NioProtocol - [log,173] - Starting ProtocolHandler ["http-nio-9201"]
16:06:26.614 [main] INFO  c.a.n.client.naming - [registerService,97] - [REGISTER-SERVICE] public registering service ruoyi-system with instance Instance{instanceId='null', ip='192.168.194.32', port=9201, weight=1.0, healthy=true, enabled=true, ephemeral=true, clusterName='DEFAULT', serviceName='null', metadata={preserved.register.source=SPRING_CLOUD}}
16:06:26.621 [main] INFO  c.a.c.n.r.NacosServiceRegistry - [register,75] - nacos registry, DEFAULT_GROUP ruoyi-system 192.168.194.32:9201 register finished
16:06:26.629 [main] INFO  s.d.s.w.p.DocumentationPluginsBootstrapper - [start,160] - Context refreshed
16:06:26.639 [main] INFO  s.d.s.w.p.DocumentationPluginsBootstrapper - [start,163] - Found 1 custom documentation plugin(s)
16:06:26.680 [main] INFO  s.d.s.w.s.ApiListingReferenceScanner - [scan,41] - Scanning for api listing references
16:06:26.807 [main] INFO  s.d.s.w.r.o.CachingOperationNameGenerator - [startingWith,40] - Generating unique operation named: addUsingPOST_1
16:06:26.809 [main] INFO  s.d.s.w.r.o.CachingOperationNameGenerator - [startingWith,40] - Generating unique operation named: editUsingPUT_1
16:06:26.813 [main] INFO  s.d.s.w.r.o.CachingOperationNameGenerator - [startingWith,40] - Generating unique operation named: getInfoUsingGET_1
16:06:26.820 [main] INFO  s.d.s.w.r.o.CachingOperationNameGenerator - [startingWith,40] - Generating unique operation named: listUsingGET_1
16:06:26.821 [main] INFO  s.d.s.w.r.o.CachingOperationNameGenerator - [startingWith,40] - Generating unique operation named: removeUsingDELETE_1
16:06:26.833 [main] INFO  s.d.s.w.r.o.CachingOperationNameGenerator - [startingWith,40] - Generating unique operation named: addUsingPOST_2
16:06:26.836 [main] INFO  s.d.s.w.r.o.CachingOperationNameGenerator - [startingWith,40] - Generating unique operation named: editUsingPUT_2
16:06:26.840 [main] INFO  s.d.s.w.r.o.CachingOperationNameGenerator - [startingWith,40] - Generating unique operation named: exportUsingPOST_1
16:06:26.842 [main] INFO  s.d.s.w.r.o.CachingOperationNameGenerator - [startingWith,40] - Generating unique operation named: getInfoUsingGET_2
16:06:26.844 [main] INFO  s.d.s.w.r.o.CachingOperationNameGenerator - [startingWith,40] - Generating unique operation named: listUsingGET_2
16:06:26.846 [main] INFO  s.d.s.w.r.o.CachingOperationNameGenerator - [startingWith,40] - Generating unique operation named: removeUsingDELETE_2
16:06:26.851 [main] INFO  s.d.s.w.r.o.CachingOperationNameGenerator - [startingWith,40] - Generating unique operation named: addUsingPOST_3
16:06:26.852 [main] INFO  s.d.s.w.r.o.CachingOperationNameGenerator - [startingWith,40] - Generating unique operation named: editUsingPUT_3
16:06:26.856 [main] INFO  s.d.s.w.r.o.CachingOperationNameGenerator - [startingWith,40] - Generating unique operation named: exportUsingPOST_2
16:06:26.857 [main] INFO  s.d.s.w.r.o.CachingOperationNameGenerator - [startingWith,40] - Generating unique operation named: getInfoUsingGET_3
16:06:26.859 [main] INFO  s.d.s.w.r.o.CachingOperationNameGenerator - [startingWith,40] - Generating unique operation named: listUsingGET_3
16:06:26.861 [main] INFO  s.d.s.w.r.o.CachingOperationNameGenerator - [startingWith,40] - Generating unique operation named: refreshCacheUsingDELETE_1
16:06:26.862 [main] INFO  s.d.s.w.r.o.CachingOperationNameGenerator - [startingWith,40] - Generating unique operation named: removeUsingDELETE_3
16:06:26.865 [main] INFO  s.d.s.w.r.o.CachingOperationNameGenerator - [startingWith,40] - Generating unique operation named: addUsingPOST_4
16:06:26.869 [main] INFO  s.d.s.w.r.o.CachingOperationNameGenerator - [startingWith,40] - Generating unique operation named: exportUsingPOST_3
16:06:26.871 [main] INFO  s.d.s.w.r.o.CachingOperationNameGenerator - [startingWith,40] - Generating unique operation named: listUsingGET_4
16:06:26.872 [main] INFO  s.d.s.w.r.o.CachingOperationNameGenerator - [startingWith,40] - Generating unique operation named: removeUsingDELETE_4
16:06:26.878 [main] INFO  s.d.s.w.r.o.CachingOperationNameGenerator - [startingWith,40] - Generating unique operation named: addUsingPOST_5
16:06:26.879 [main] INFO  s.d.s.w.r.o.CachingOperationNameGenerator - [startingWith,40] - Generating unique operation named: editUsingPUT_4
16:06:26.880 [main] INFO  s.d.s.w.r.o.CachingOperationNameGenerator - [startingWith,40] - Generating unique operation named: getInfoUsingGET_4
16:06:26.887 [main] INFO  s.d.s.w.r.o.CachingOperationNameGenerator - [startingWith,40] - Generating unique operation named: listUsingGET_5
16:06:26.889 [main] INFO  s.d.s.w.r.o.CachingOperationNameGenerator - [startingWith,40] - Generating unique operation named: removeUsingDELETE_5
16:06:26.891 [main] INFO  s.d.s.w.r.o.CachingOperationNameGenerator - [startingWith,40] - Generating unique operation named: treeselectUsingGET_1
16:06:26.895 [main] INFO  s.d.s.w.r.o.CachingOperationNameGenerator - [startingWith,40] - Generating unique operation named: addUsingPOST_6
16:06:26.896 [main] INFO  s.d.s.w.r.o.CachingOperationNameGenerator - [startingWith,40] - Generating unique operation named: editUsingPUT_5
16:06:26.897 [main] INFO  s.d.s.w.r.o.CachingOperationNameGenerator - [startingWith,40] - Generating unique operation named: getInfoUsingGET_5
16:06:26.900 [main] INFO  s.d.s.w.r.o.CachingOperationNameGenerator - [startingWith,40] - Generating unique operation named: listUsingGET_6
16:06:26.901 [main] INFO  s.d.s.w.r.o.CachingOperationNameGenerator - [startingWith,40] - Generating unique operation named: removeUsingDELETE_6
16:06:26.906 [main] INFO  s.d.s.w.r.o.CachingOperationNameGenerator - [startingWith,40] - Generating unique operation named: addUsingPOST_7
16:06:26.906 [main] INFO  s.d.s.w.r.o.CachingOperationNameGenerator - [startingWith,40] - Generating unique operation named: cleanUsingDELETE_1
16:06:26.910 [main] INFO  s.d.s.w.r.o.CachingOperationNameGenerator - [startingWith,40] - Generating unique operation named: exportUsingPOST_4
16:06:26.911 [main] INFO  s.d.s.w.r.o.CachingOperationNameGenerator - [startingWith,40] - Generating unique operation named: listUsingGET_7
16:06:26.912 [main] INFO  s.d.s.w.r.o.CachingOperationNameGenerator - [startingWith,40] - Generating unique operation named: removeUsingDELETE_7
16:06:26.916 [main] INFO  s.d.s.w.r.o.CachingOperationNameGenerator - [startingWith,40] - Generating unique operation named: addUsingPOST_8
16:06:26.917 [main] INFO  s.d.s.w.r.o.CachingOperationNameGenerator - [startingWith,40] - Generating unique operation named: editUsingPUT_6
16:06:26.920 [main] INFO  s.d.s.w.r.o.CachingOperationNameGenerator - [startingWith,40] - Generating unique operation named: exportUsingPOST_5
16:06:26.921 [main] INFO  s.d.s.w.r.o.CachingOperationNameGenerator - [startingWith,40] - Generating unique operation named: getInfoUsingGET_6
16:06:26.922 [main] INFO  s.d.s.w.r.o.CachingOperationNameGenerator - [startingWith,40] - Generating unique operation named: listUsingGET_8
16:06:26.923 [main] INFO  s.d.s.w.r.o.CachingOperationNameGenerator - [startingWith,40] - Generating unique operation named: optionselectUsingGET_1
16:06:26.924 [main] INFO  s.d.s.w.r.o.CachingOperationNameGenerator - [startingWith,40] - Generating unique operation named: removeUsingDELETE_8
16:06:26.937 [main] INFO  s.d.s.w.r.o.CachingOperationNameGenerator - [startingWith,40] - Generating unique operation named: addUsingPOST_9
16:06:26.940 [main] INFO  s.d.s.w.r.o.CachingOperationNameGenerator - [startingWith,40] - Generating unique operation named: editUsingPUT_7
16:06:26.943 [main] INFO  s.d.s.w.r.o.CachingOperationNameGenerator - [startingWith,40] - Generating unique operation named: exportUsingPOST_6
16:06:26.944 [main] INFO  s.d.s.w.r.o.CachingOperationNameGenerator - [startingWith,40] - Generating unique operation named: getInfoUsingGET_7
16:06:26.946 [main] INFO  s.d.s.w.r.o.CachingOperationNameGenerator - [startingWith,40] - Generating unique operation named: listUsingGET_9
16:06:26.946 [main] INFO  s.d.s.w.r.o.CachingOperationNameGenerator - [startingWith,40] - Generating unique operation named: optionselectUsingGET_2
16:06:26.947 [main] INFO  s.d.s.w.r.o.CachingOperationNameGenerator - [startingWith,40] - Generating unique operation named: removeUsingDELETE_9
16:06:26.949 [main] INFO  s.d.s.w.r.o.CachingOperationNameGenerator - [startingWith,40] - Generating unique operation named: addUsingPOST_10
16:06:26.963 [main] INFO  s.d.s.w.r.o.CachingOperationNameGenerator - [startingWith,40] - Generating unique operation named: changeStatusUsingPUT_1
16:06:26.964 [main] INFO  s.d.s.w.r.o.CachingOperationNameGenerator - [startingWith,40] - Generating unique operation named: editUsingPUT_8
16:06:26.969 [main] INFO  s.d.s.w.r.o.CachingOperationNameGenerator - [startingWith,40] - Generating unique operation named: exportUsingPOST_7
16:06:26.971 [main] INFO  s.d.s.w.r.o.CachingOperationNameGenerator - [startingWith,40] - Generating unique operation named: getInfoUsingGET_8
16:06:26.972 [main] INFO  s.d.s.w.r.o.CachingOperationNameGenerator - [startingWith,40] - Generating unique operation named: getInfoUsingGET_9
16:06:26.972 [main] INFO  s.d.s.w.r.o.CachingOperationNameGenerator - [startingWith,40] - Generating unique operation named: getInfoUsingGET_10
16:06:26.980 [main] INFO  s.d.s.w.r.o.CachingOperationNameGenerator - [startingWith,40] - Generating unique operation named: listUsingGET_10
16:06:26.981 [main] INFO  s.d.s.w.r.o.CachingOperationNameGenerator - [startingWith,40] - Generating unique operation named: removeUsingDELETE_10
16:06:26.983 [main] INFO  s.d.s.w.r.o.CachingOperationNameGenerator - [startingWith,40] - Generating unique operation named: listUsingGET_11
16:06:27.002 [main] INFO  c.r.s.CFSystemApplication - [logStarted,61] - Started CFSystemApplication in 8.79 seconds (JVM running for 9.802)
16:06:27.015 [main] INFO  c.a.n.c.c.i.ClientWorker - [addCacheDataIfAbsent,346] - [config_rpc_client] [subscribe] ruoyi-system-prod.yml+DEFAULT_GROUP
16:06:27.016 [main] INFO  c.a.n.c.c.i.CacheData - [addListener,128] - [config_rpc_client] [add-listener] ok, tenant=, dataId=ruoyi-system-prod.yml, group=DEFAULT_GROUP, cnt=1
16:06:27.017 [main] INFO  c.a.n.c.c.i.ClientWorker - [addCacheDataIfAbsent,346] - [config_rpc_client] [subscribe] ruoyi-system+DEFAULT_GROUP
16:06:27.017 [main] INFO  c.a.n.c.c.i.CacheData - [addListener,128] - [config_rpc_client] [add-listener] ok, tenant=, dataId=ruoyi-system, group=DEFAULT_GROUP, cnt=1
16:06:27.018 [main] INFO  c.a.n.c.c.i.ClientWorker - [addCacheDataIfAbsent,346] - [config_rpc_client] [subscribe] ruoyi-system.yml+DEFAULT_GROUP
16:06:27.018 [main] INFO  c.a.n.c.c.i.CacheData - [addListener,128] - [config_rpc_client] [add-listener] ok, tenant=, dataId=ruoyi-system.yml, group=DEFAULT_GROUP, cnt=1
16:06:27.186 [nacos-grpc-client-executor-8] INFO  c.a.n.c.r.client - [printIfInfoEnabled,60] - [e866cede-b2af-427f-9527-a848a4f4d3ae]receive server push request,request=NotifySubscriberRequest,requestId=13
16:06:27.188 [nacos-grpc-client-executor-8] INFO  c.a.n.client.naming - [isChangedServiceInfo,167] - init new ips(1) service: DEFAULT_GROUP@@ruoyi-system -> [{"ip":"192.168.194.32","port":9201,"weight":1.0,"healthy":true,"enabled":true,"ephemeral":true,"clusterName":"DEFAULT","serviceName":"DEFAULT_GROUP@@ruoyi-system","metadata":{"preserved.register.source":"SPRING_CLOUD"},"ipDeleteTimeout":30000,"instanceHeartBeatTimeOut":15000,"instanceHeartBeatInterval":5000}]
16:06:27.188 [nacos-grpc-client-executor-8] INFO  c.a.n.client.naming - [processServiceInfo,152] - current ips:(1) service: DEFAULT_GROUP@@ruoyi-system -> [{"ip":"192.168.194.32","port":9201,"weight":1.0,"healthy":true,"enabled":true,"ephemeral":true,"clusterName":"DEFAULT","serviceName":"DEFAULT_GROUP@@ruoyi-system","metadata":{"preserved.register.source":"SPRING_CLOUD"},"ipDeleteTimeout":30000,"instanceHeartBeatTimeOut":15000,"instanceHeartBeatInterval":5000}]
16:06:27.193 [nacos-grpc-client-executor-8] INFO  c.a.n.c.r.client - [printIfInfoEnabled,60] - [e866cede-b2af-427f-9527-a848a4f4d3ae]ack server push request,request=NotifySubscriberRequest,requestId=13
16:06:27.416 [RMI TCP Connection(1)-192.168.194.32] INFO  o.a.c.c.C.[.[.[/] - [log,173] - Initializing Spring DispatcherServlet 'dispatcherServlet'
16:06:27.599 [com.alibaba.nacos.client.naming.updater.0] INFO  c.a.n.client.naming - [isChangedServiceInfo,221] - new ips(1) service: DEFAULT_GROUP@@ruoyi-system@@DEFAULT -> [{"ip":"192.168.194.32","port":9201,"weight":1.0,"healthy":true,"enabled":true,"ephemeral":true,"clusterName":"DEFAULT","serviceName":"DEFAULT_GROUP@@ruoyi-system","metadata":{"preserved.register.source":"SPRING_CLOUD"},"ipDeleteTimeout":30000,"instanceHeartBeatTimeOut":15000,"instanceHeartBeatInterval":5000}]
16:06:27.600 [com.alibaba.nacos.client.naming.updater.0] INFO  c.a.n.client.naming - [processServiceInfo,152] - current ips:(1) service: DEFAULT_GROUP@@ruoyi-system@@DEFAULT -> [{"ip":"192.168.194.32","port":9201,"weight":1.0,"healthy":true,"enabled":true,"ephemeral":true,"clusterName":"DEFAULT","serviceName":"DEFAULT_GROUP@@ruoyi-system","metadata":{"preserved.register.source":"SPRING_CLOUD"},"ipDeleteTimeout":30000,"instanceHeartBeatTimeOut":15000,"instanceHeartBeatInterval":5000}]
18:51:06.844 [background-preinit] INFO  o.h.v.i.util.Version - [<clinit>,21] - HV000001: Hibernate Validator 6.2.0.Final
18:51:08.272 [main] INFO  c.a.n.c.c.i.LocalConfigInfoProcessor - [<clinit>,212] - LOCAL_SNAPSHOT_PATH:C:\Users\26095\nacos\config
18:51:08.320 [main] INFO  o.r.Reflections - [scan,232] - Reflections took 25 ms to scan 1 urls, producing 3 keys and 6 values 
18:51:08.345 [main] INFO  o.r.Reflections - [scan,232] - Reflections took 12 ms to scan 1 urls, producing 4 keys and 9 values 
18:51:08.356 [main] INFO  o.r.Reflections - [scan,232] - Reflections took 9 ms to scan 1 urls, producing 3 keys and 10 values 
18:51:08.370 [main] INFO  o.r.Reflections - [scan,232] - Reflections took 11 ms to scan 1 urls, producing 1 keys and 5 values 
18:51:08.379 [main] INFO  o.r.Reflections - [scan,232] - Reflections took 7 ms to scan 1 urls, producing 1 keys and 7 values 
18:51:08.388 [main] INFO  o.r.Reflections - [scan,232] - Reflections took 7 ms to scan 1 urls, producing 2 keys and 8 values 
18:51:08.390 [main] INFO  c.a.n.c.r.client - [printIfInfoEnabled,60] - [config-0-e57d3436-0f82-4b84-9328-86f0e4fe6f16]RpcClient init label, labels={module=config, Vipserver-Tag=null, source=sdk, Amory-Tag=null, Location-Tag=null, taskId=0, AppName=unknown}
18:51:08.391 [main] INFO  c.a.n.c.r.client - [printIfInfoEnabled,60] - [config-0-e57d3436-0f82-4b84-9328-86f0e4fe6f16]Register server push request handler:com.alibaba.nacos.client.config.impl.ClientWorker$ConfigRpcTransportClient$$Lambda/0x000002ab933903f0
18:51:08.391 [main] INFO  c.a.n.c.r.client - [printIfInfoEnabled,60] - [config-0-e57d3436-0f82-4b84-9328-86f0e4fe6f16]Register server push request handler:com.alibaba.nacos.client.config.impl.ClientWorker$ConfigRpcTransportClient$$Lambda/0x000002ab93390610
18:51:08.391 [main] INFO  c.a.n.c.r.client - [printIfInfoEnabled,60] - [config-0-e57d3436-0f82-4b84-9328-86f0e4fe6f16]Registry connection listener to current client:com.alibaba.nacos.client.config.impl.ClientWorker$ConfigRpcTransportClient$1
18:51:08.392 [main] INFO  c.a.n.c.r.client - [printIfInfoEnabled,60] - [config-0-e57d3436-0f82-4b84-9328-86f0e4fe6f16]RpcClient init, ServerListFactory =com.alibaba.nacos.client.config.impl.ClientWorker$ConfigRpcTransportClient$2
18:51:08.394 [main] INFO  c.a.n.c.r.client - [printIfInfoEnabled,60] - [config-0-e57d3436-0f82-4b84-9328-86f0e4fe6f16] Try to connect to server on start up, server: {serverIp='127.0.0.1', server main port=8848}
18:51:08.983 [main] INFO  c.a.n.c.r.client - [printIfInfoEnabled,60] - [config-0-e57d3436-0f82-4b84-9328-86f0e4fe6f16] Success to connect to server [127.0.0.1:8848] on start up,connectionId=1711191068806_127.0.0.1_52159
18:51:08.984 [com.alibaba.nacos.client.remote.worker] INFO  c.a.n.c.r.client - [printIfInfoEnabled,60] - [config-0-e57d3436-0f82-4b84-9328-86f0e4fe6f16]Notify connected event to listeners.
18:51:08.984 [main] INFO  c.a.n.c.r.client - [printIfInfoEnabled,60] - [config-0-e57d3436-0f82-4b84-9328-86f0e4fe6f16]Register server push request handler:com.alibaba.nacos.common.remote.client.RpcClient$ConnectResetRequestHandler
18:51:08.984 [com.alibaba.nacos.client.remote.worker] INFO  c.a.n.c.c.i.ClientWorker - [onConnected,625] - [config-0-e57d3436-0f82-4b84-9328-86f0e4fe6f16] Connected,notify listen context...
18:51:08.984 [main] INFO  c.a.n.c.r.client - [printIfInfoEnabled,60] - [config-0-e57d3436-0f82-4b84-9328-86f0e4fe6f16]Register server push request handler:com.alibaba.nacos.common.remote.client.RpcClient$4
18:51:09.018 [main] INFO  c.a.n.c.c.i.Limiter - [<clinit>,54] - limitTime:5.0
18:51:09.032 [main] INFO  c.a.n.c.c.u.JvmUtil - [<clinit>,49] - isMultiInstance:false
18:51:09.061 [main] INFO  c.r.s.CFSystemApplication - [logStartupProfileInfo,667] - The following profiles are active: prod
18:51:11.571 [main] INFO  o.a.c.h.Http11NioProtocol - [log,173] - Initializing ProtocolHandler ["http-nio-9201"]
18:51:11.571 [main] INFO  o.a.c.c.StandardService - [log,173] - Starting service [Tomcat]
18:51:11.572 [main] INFO  o.a.c.c.StandardEngine - [log,173] - Starting Servlet engine: [Apache Tomcat/9.0.46]
18:51:11.689 [main] INFO  o.a.c.c.C.[.[.[/] - [log,173] - Initializing Spring embedded WebApplicationContext
18:51:12.266 [main] INFO  c.a.d.p.DruidDataSource - [init,990] - {dataSource-1,master} inited
18:51:12.267 [main] INFO  c.b.d.d.DynamicRoutingDataSource - [addDataSource,144] - dynamic-datasource - add a datasource named [master] success
18:51:12.267 [main] INFO  c.b.d.d.DynamicRoutingDataSource - [afterPropertiesSet,235] - dynamic-datasource initial loaded [1] datasource,primary datasource named [master]
18:51:14.244 [main] INFO  c.a.c.s.SentinelWebAutoConfiguration - [addInterceptors,80] - [Sentinel Starter] register SentinelWebInterceptor with urlPatterns: [/**].
18:51:15.426 [main] INFO  c.a.n.client.naming - [call,65] - initializer namespace from System Property :null
18:51:15.426 [main] INFO  c.a.n.client.naming - [call,74] - initializer namespace from System Environment :null
18:51:15.427 [main] INFO  c.a.n.client.naming - [call,84] - initializer namespace from System Property :null
18:51:15.440 [main] INFO  c.a.n.c.r.client - [printIfInfoEnabled,60] - [adb33957-17d2-49a9-b514-91852c4b9bd6]RpcClient init label, labels={module=naming, source=sdk}
18:51:15.441 [main] INFO  c.a.n.c.r.client - [printIfInfoEnabled,60] - [adb33957-17d2-49a9-b514-91852c4b9bd6]RpcClient init, ServerListFactory =com.alibaba.nacos.client.naming.core.ServerListManager
18:51:15.441 [main] INFO  c.a.n.c.r.client - [printIfInfoEnabled,60] - [adb33957-17d2-49a9-b514-91852c4b9bd6] Try to connect to server on start up, server: {serverIp='127.0.0.1', server main port=8848}
18:51:15.561 [main] INFO  c.a.n.c.r.client - [printIfInfoEnabled,60] - [adb33957-17d2-49a9-b514-91852c4b9bd6] Success to connect to server [127.0.0.1:8848] on start up,connectionId=1711191075448_127.0.0.1_52167
18:51:15.561 [main] INFO  c.a.n.c.r.client - [printIfInfoEnabled,60] - [adb33957-17d2-49a9-b514-91852c4b9bd6]Register server push request handler:com.alibaba.nacos.common.remote.client.RpcClient$ConnectResetRequestHandler
18:51:15.561 [main] INFO  c.a.n.c.r.client - [printIfInfoEnabled,60] - [adb33957-17d2-49a9-b514-91852c4b9bd6]Register server push request handler:com.alibaba.nacos.common.remote.client.RpcClient$4
18:51:15.562 [main] INFO  c.a.n.c.r.client - [printIfInfoEnabled,60] - [adb33957-17d2-49a9-b514-91852c4b9bd6]Register server push request handler:com.alibaba.nacos.client.naming.remote.gprc.NamingPushRequestHandler
18:51:15.562 [main] INFO  c.a.n.c.r.client - [printIfInfoEnabled,60] - [adb33957-17d2-49a9-b514-91852c4b9bd6]Registry connection listener to current client:com.alibaba.nacos.client.naming.remote.gprc.NamingGrpcConnectionEventListener
18:51:15.835 [main] INFO  s.d.s.w.PropertySourcedRequestMappingHandlerMapping - [initHandlerMethods,69] - Mapped URL path [/v2/api-docs] onto method [springfox.documentation.swagger2.web.Swagger2Controller#getDocumentation(String, HttpServletRequest)]
18:51:17.725 [main] INFO  c.a.n.c.i.CredentialWatcher - [loadCredential,165] - null No credential found
18:51:17.737 [main] INFO  c.a.n.client.naming - [isChangedServiceInfo,167] - init new ips(0) service: DEFAULT_GROUP@@ruoyi-system@@DEFAULT -> []
18:51:17.745 [main] INFO  c.a.n.client.naming - [processServiceInfo,152] - current ips:(0) service: DEFAULT_GROUP@@ruoyi-system@@DEFAULT -> []
18:51:17.752 [main] INFO  o.a.c.h.Http11NioProtocol - [log,173] - Starting ProtocolHandler ["http-nio-9201"]
18:51:17.770 [main] INFO  c.a.n.client.naming - [registerService,97] - [REGISTER-SERVICE] public registering service ruoyi-system with instance Instance{instanceId='null', ip='192.168.194.32', port=9201, weight=1.0, healthy=true, enabled=true, ephemeral=true, clusterName='DEFAULT', serviceName='null', metadata={preserved.register.source=SPRING_CLOUD}}
18:51:17.778 [main] INFO  c.a.c.n.r.NacosServiceRegistry - [register,75] - nacos registry, DEFAULT_GROUP ruoyi-system 192.168.194.32:9201 register finished
18:51:18.270 [nacos-grpc-client-executor-7] INFO  c.a.n.c.r.client - [printIfInfoEnabled,60] - [adb33957-17d2-49a9-b514-91852c4b9bd6]receive server push request,request=NotifySubscriberRequest,requestId=9
18:51:18.272 [nacos-grpc-client-executor-7] INFO  c.a.n.client.naming - [isChangedServiceInfo,167] - init new ips(1) service: DEFAULT_GROUP@@ruoyi-system -> [{"ip":"192.168.194.32","port":9201,"weight":1.0,"healthy":true,"enabled":true,"ephemeral":true,"clusterName":"DEFAULT","serviceName":"DEFAULT_GROUP@@ruoyi-system","metadata":{"preserved.register.source":"SPRING_CLOUD"},"ipDeleteTimeout":30000,"instanceHeartBeatInterval":5000,"instanceHeartBeatTimeOut":15000}]
18:51:18.272 [nacos-grpc-client-executor-7] INFO  c.a.n.client.naming - [processServiceInfo,152] - current ips:(1) service: DEFAULT_GROUP@@ruoyi-system -> [{"ip":"192.168.194.32","port":9201,"weight":1.0,"healthy":true,"enabled":true,"ephemeral":true,"clusterName":"DEFAULT","serviceName":"DEFAULT_GROUP@@ruoyi-system","metadata":{"preserved.register.source":"SPRING_CLOUD"},"ipDeleteTimeout":30000,"instanceHeartBeatInterval":5000,"instanceHeartBeatTimeOut":15000}]
18:51:18.278 [nacos-grpc-client-executor-7] INFO  c.a.n.c.r.client - [printIfInfoEnabled,60] - [adb33957-17d2-49a9-b514-91852c4b9bd6]ack server push request,request=NotifySubscriberRequest,requestId=9
18:51:18.752 [com.alibaba.nacos.client.naming.updater.0] INFO  c.a.n.client.naming - [isChangedServiceInfo,221] - new ips(1) service: DEFAULT_GROUP@@ruoyi-system@@DEFAULT -> [{"ip":"192.168.194.32","port":9201,"weight":1.0,"healthy":true,"enabled":true,"ephemeral":true,"clusterName":"DEFAULT","serviceName":"DEFAULT_GROUP@@ruoyi-system","metadata":{"preserved.register.source":"SPRING_CLOUD"},"ipDeleteTimeout":30000,"instanceHeartBeatInterval":5000,"instanceHeartBeatTimeOut":15000}]
18:51:18.753 [com.alibaba.nacos.client.naming.updater.0] INFO  c.a.n.client.naming - [processServiceInfo,152] - current ips:(1) service: DEFAULT_GROUP@@ruoyi-system@@DEFAULT -> [{"ip":"192.168.194.32","port":9201,"weight":1.0,"healthy":true,"enabled":true,"ephemeral":true,"clusterName":"DEFAULT","serviceName":"DEFAULT_GROUP@@ruoyi-system","metadata":{"preserved.register.source":"SPRING_CLOUD"},"ipDeleteTimeout":30000,"instanceHeartBeatInterval":5000,"instanceHeartBeatTimeOut":15000}]
18:51:18.788 [main] INFO  s.d.s.w.p.DocumentationPluginsBootstrapper - [start,160] - Context refreshed
18:51:18.799 [main] INFO  s.d.s.w.p.DocumentationPluginsBootstrapper - [start,163] - Found 1 custom documentation plugin(s)
18:51:18.834 [main] INFO  s.d.s.w.s.ApiListingReferenceScanner - [scan,41] - Scanning for api listing references
18:51:18.931 [main] INFO  s.d.s.w.r.o.CachingOperationNameGenerator - [startingWith,40] - Generating unique operation named: addUsingPOST_1
18:51:18.932 [main] INFO  s.d.s.w.r.o.CachingOperationNameGenerator - [startingWith,40] - Generating unique operation named: editUsingPUT_1
18:51:18.934 [main] INFO  s.d.s.w.r.o.CachingOperationNameGenerator - [startingWith,40] - Generating unique operation named: getInfoUsingGET_1
18:51:18.941 [main] INFO  s.d.s.w.r.o.CachingOperationNameGenerator - [startingWith,40] - Generating unique operation named: listUsingGET_1
18:51:18.942 [main] INFO  s.d.s.w.r.o.CachingOperationNameGenerator - [startingWith,40] - Generating unique operation named: removeUsingDELETE_1
18:51:18.949 [main] INFO  s.d.s.w.r.o.CachingOperationNameGenerator - [startingWith,40] - Generating unique operation named: addUsingPOST_2
18:51:18.951 [main] INFO  s.d.s.w.r.o.CachingOperationNameGenerator - [startingWith,40] - Generating unique operation named: editUsingPUT_2
18:51:18.954 [main] INFO  s.d.s.w.r.o.CachingOperationNameGenerator - [startingWith,40] - Generating unique operation named: exportUsingPOST_1
18:51:18.955 [main] INFO  s.d.s.w.r.o.CachingOperationNameGenerator - [startingWith,40] - Generating unique operation named: getInfoUsingGET_2
18:51:18.956 [main] INFO  s.d.s.w.r.o.CachingOperationNameGenerator - [startingWith,40] - Generating unique operation named: listUsingGET_2
18:51:18.958 [main] INFO  s.d.s.w.r.o.CachingOperationNameGenerator - [startingWith,40] - Generating unique operation named: removeUsingDELETE_2
18:51:18.961 [main] INFO  s.d.s.w.r.o.CachingOperationNameGenerator - [startingWith,40] - Generating unique operation named: addUsingPOST_3
18:51:18.962 [main] INFO  s.d.s.w.r.o.CachingOperationNameGenerator - [startingWith,40] - Generating unique operation named: editUsingPUT_3
18:51:18.965 [main] INFO  s.d.s.w.r.o.CachingOperationNameGenerator - [startingWith,40] - Generating unique operation named: exportUsingPOST_2
18:51:18.966 [main] INFO  s.d.s.w.r.o.CachingOperationNameGenerator - [startingWith,40] - Generating unique operation named: getInfoUsingGET_3
18:51:18.967 [main] INFO  s.d.s.w.r.o.CachingOperationNameGenerator - [startingWith,40] - Generating unique operation named: listUsingGET_3
18:51:18.969 [main] INFO  s.d.s.w.r.o.CachingOperationNameGenerator - [startingWith,40] - Generating unique operation named: refreshCacheUsingDELETE_1
18:51:18.970 [main] INFO  s.d.s.w.r.o.CachingOperationNameGenerator - [startingWith,40] - Generating unique operation named: removeUsingDELETE_3
18:51:18.973 [main] INFO  s.d.s.w.r.o.CachingOperationNameGenerator - [startingWith,40] - Generating unique operation named: addUsingPOST_4
18:51:18.978 [main] INFO  s.d.s.w.r.o.CachingOperationNameGenerator - [startingWith,40] - Generating unique operation named: exportUsingPOST_3
18:51:18.981 [main] INFO  s.d.s.w.r.o.CachingOperationNameGenerator - [startingWith,40] - Generating unique operation named: listUsingGET_4
18:51:18.983 [main] INFO  s.d.s.w.r.o.CachingOperationNameGenerator - [startingWith,40] - Generating unique operation named: removeUsingDELETE_4
18:51:18.989 [main] INFO  s.d.s.w.r.o.CachingOperationNameGenerator - [startingWith,40] - Generating unique operation named: addUsingPOST_5
18:51:18.990 [main] INFO  s.d.s.w.r.o.CachingOperationNameGenerator - [startingWith,40] - Generating unique operation named: editUsingPUT_4
18:51:18.991 [main] INFO  s.d.s.w.r.o.CachingOperationNameGenerator - [startingWith,40] - Generating unique operation named: getInfoUsingGET_4
18:51:18.996 [main] INFO  s.d.s.w.r.o.CachingOperationNameGenerator - [startingWith,40] - Generating unique operation named: listUsingGET_5
18:51:18.998 [main] INFO  s.d.s.w.r.o.CachingOperationNameGenerator - [startingWith,40] - Generating unique operation named: removeUsingDELETE_5
18:51:19.003 [main] INFO  s.d.s.w.r.o.CachingOperationNameGenerator - [startingWith,40] - Generating unique operation named: treeselectUsingGET_1
18:51:19.009 [main] INFO  s.d.s.w.r.o.CachingOperationNameGenerator - [startingWith,40] - Generating unique operation named: addUsingPOST_6
18:51:19.011 [main] INFO  s.d.s.w.r.o.CachingOperationNameGenerator - [startingWith,40] - Generating unique operation named: editUsingPUT_5
18:51:19.013 [main] INFO  s.d.s.w.r.o.CachingOperationNameGenerator - [startingWith,40] - Generating unique operation named: getInfoUsingGET_5
18:51:19.019 [main] INFO  s.d.s.w.r.o.CachingOperationNameGenerator - [startingWith,40] - Generating unique operation named: listUsingGET_6
18:51:19.021 [main] INFO  s.d.s.w.r.o.CachingOperationNameGenerator - [startingWith,40] - Generating unique operation named: removeUsingDELETE_6
18:51:19.027 [main] INFO  s.d.s.w.r.o.CachingOperationNameGenerator - [startingWith,40] - Generating unique operation named: addUsingPOST_7
18:51:19.028 [main] INFO  s.d.s.w.r.o.CachingOperationNameGenerator - [startingWith,40] - Generating unique operation named: cleanUsingDELETE_1
18:51:19.032 [main] INFO  s.d.s.w.r.o.CachingOperationNameGenerator - [startingWith,40] - Generating unique operation named: exportUsingPOST_4
18:51:19.034 [main] INFO  s.d.s.w.r.o.CachingOperationNameGenerator - [startingWith,40] - Generating unique operation named: listUsingGET_7
18:51:19.035 [main] INFO  s.d.s.w.r.o.CachingOperationNameGenerator - [startingWith,40] - Generating unique operation named: removeUsingDELETE_7
18:51:19.043 [main] INFO  s.d.s.w.r.o.CachingOperationNameGenerator - [startingWith,40] - Generating unique operation named: addUsingPOST_8
18:51:19.044 [main] INFO  s.d.s.w.r.o.CachingOperationNameGenerator - [startingWith,40] - Generating unique operation named: editUsingPUT_6
18:51:19.047 [main] INFO  s.d.s.w.r.o.CachingOperationNameGenerator - [startingWith,40] - Generating unique operation named: exportUsingPOST_5
18:51:19.048 [main] INFO  s.d.s.w.r.o.CachingOperationNameGenerator - [startingWith,40] - Generating unique operation named: getInfoUsingGET_6
18:51:19.050 [main] INFO  s.d.s.w.r.o.CachingOperationNameGenerator - [startingWith,40] - Generating unique operation named: listUsingGET_8
18:51:19.051 [main] INFO  s.d.s.w.r.o.CachingOperationNameGenerator - [startingWith,40] - Generating unique operation named: optionselectUsingGET_1
18:51:19.052 [main] INFO  s.d.s.w.r.o.CachingOperationNameGenerator - [startingWith,40] - Generating unique operation named: removeUsingDELETE_8
18:51:19.066 [main] INFO  s.d.s.w.r.o.CachingOperationNameGenerator - [startingWith,40] - Generating unique operation named: addUsingPOST_9
18:51:19.069 [main] INFO  s.d.s.w.r.o.CachingOperationNameGenerator - [startingWith,40] - Generating unique operation named: editUsingPUT_7
18:51:19.072 [main] INFO  s.d.s.w.r.o.CachingOperationNameGenerator - [startingWith,40] - Generating unique operation named: exportUsingPOST_6
18:51:19.073 [main] INFO  s.d.s.w.r.o.CachingOperationNameGenerator - [startingWith,40] - Generating unique operation named: getInfoUsingGET_7
18:51:19.074 [main] INFO  s.d.s.w.r.o.CachingOperationNameGenerator - [startingWith,40] - Generating unique operation named: listUsingGET_9
18:51:19.075 [main] INFO  s.d.s.w.r.o.CachingOperationNameGenerator - [startingWith,40] - Generating unique operation named: optionselectUsingGET_2
18:51:19.076 [main] INFO  s.d.s.w.r.o.CachingOperationNameGenerator - [startingWith,40] - Generating unique operation named: removeUsingDELETE_9
18:51:19.078 [main] INFO  s.d.s.w.r.o.CachingOperationNameGenerator - [startingWith,40] - Generating unique operation named: addUsingPOST_10
18:51:19.088 [main] INFO  s.d.s.w.r.o.CachingOperationNameGenerator - [startingWith,40] - Generating unique operation named: changeStatusUsingPUT_1
18:51:19.088 [main] INFO  s.d.s.w.r.o.CachingOperationNameGenerator - [startingWith,40] - Generating unique operation named: editUsingPUT_8
18:51:19.093 [main] INFO  s.d.s.w.r.o.CachingOperationNameGenerator - [startingWith,40] - Generating unique operation named: exportUsingPOST_7
18:51:19.094 [main] INFO  s.d.s.w.r.o.CachingOperationNameGenerator - [startingWith,40] - Generating unique operation named: getInfoUsingGET_8
18:51:19.095 [main] INFO  s.d.s.w.r.o.CachingOperationNameGenerator - [startingWith,40] - Generating unique operation named: getInfoUsingGET_9
18:51:19.096 [main] INFO  s.d.s.w.r.o.CachingOperationNameGenerator - [startingWith,40] - Generating unique operation named: getInfoUsingGET_10
18:51:19.102 [main] INFO  s.d.s.w.r.o.CachingOperationNameGenerator - [startingWith,40] - Generating unique operation named: listUsingGET_10
18:51:19.103 [main] INFO  s.d.s.w.r.o.CachingOperationNameGenerator - [startingWith,40] - Generating unique operation named: removeUsingDELETE_10
18:51:19.106 [main] INFO  s.d.s.w.r.o.CachingOperationNameGenerator - [startingWith,40] - Generating unique operation named: listUsingGET_11
18:51:19.126 [main] INFO  c.r.s.CFSystemApplication - [logStarted,61] - Started CFSystemApplication in 13.645 seconds (JVM running for 14.747)
18:51:19.136 [main] INFO  c.a.n.c.c.i.ClientWorker - [addCacheDataIfAbsent,346] - [config_rpc_client] [subscribe] ruoyi-system-prod.yml+DEFAULT_GROUP
18:51:19.137 [main] INFO  c.a.n.c.c.i.CacheData - [addListener,128] - [config_rpc_client] [add-listener] ok, tenant=, dataId=ruoyi-system-prod.yml, group=DEFAULT_GROUP, cnt=1
18:51:19.137 [main] INFO  c.a.n.c.c.i.ClientWorker - [addCacheDataIfAbsent,346] - [config_rpc_client] [subscribe] ruoyi-system+DEFAULT_GROUP
18:51:19.138 [main] INFO  c.a.n.c.c.i.CacheData - [addListener,128] - [config_rpc_client] [add-listener] ok, tenant=, dataId=ruoyi-system, group=DEFAULT_GROUP, cnt=1
18:51:19.138 [main] INFO  c.a.n.c.c.i.ClientWorker - [addCacheDataIfAbsent,346] - [config_rpc_client] [subscribe] ruoyi-system.yml+DEFAULT_GROUP
18:51:19.139 [main] INFO  c.a.n.c.c.i.CacheData - [addListener,128] - [config_rpc_client] [add-listener] ok, tenant=, dataId=ruoyi-system.yml, group=DEFAULT_GROUP, cnt=1
18:51:19.641 [RMI TCP Connection(3)-192.168.194.32] INFO  o.a.c.c.C.[.[.[/] - [log,173] - Initializing Spring DispatcherServlet 'dispatcherServlet'
