21:23:16.093 [background-preinit] INFO  o.h.v.i.util.Version - [<clinit>,21] - HV000001: Hibernate Validator 6.2.0.Final
21:23:17.194 [main] INFO  c.a.n.c.c.i.LocalConfigInfoProcessor - [<clinit>,212] - LOCAL_SNAPSHOT_PATH:C:\Users\Administrator\nacos\config
21:23:17.242 [main] INFO  o.r.Reflections - [scan,232] - Reflections took 28 ms to scan 1 urls, producing 3 keys and 6 values 
21:23:17.266 [main] INFO  o.r.Reflections - [scan,232] - Reflections took 12 ms to scan 1 urls, producing 4 keys and 9 values 
21:23:17.280 [main] INFO  o.r.Reflections - [scan,232] - Reflections took 11 ms to scan 1 urls, producing 3 keys and 10 values 
21:23:17.473 [main] INFO  o.r.Reflections - [scan,232] - Reflections took 190 ms to scan 202 urls, producing 0 keys and 0 values 
21:23:17.485 [main] INFO  o.r.Reflections - [scan,232] - Reflections took 11 ms to scan 1 urls, producing 1 keys and 5 values 
21:23:17.500 [main] INFO  o.r.Reflections - [scan,232] - Reflections took 13 ms to scan 1 urls, producing 1 keys and 7 values 
21:23:17.516 [main] INFO  o.r.Reflections - [scan,232] - Reflections took 14 ms to scan 1 urls, producing 2 keys and 8 values 
21:23:17.697 [main] INFO  o.r.Reflections - [scan,232] - Reflections took 179 ms to scan 202 urls, producing 0 keys and 0 values 
21:23:17.698 [main] INFO  c.a.n.c.r.client - [printIfInfoEnabled,60] - [config-0-f01cbcbd-6e07-4d2c-90d0-20925f002ae4]RpcClient init label, labels={module=config, Vipserver-Tag=null, source=sdk, Amory-Tag=null, Location-Tag=null, taskId=0, AppName=unknown}
21:23:17.699 [main] INFO  c.a.n.c.r.client - [printIfInfoEnabled,60] - [config-0-f01cbcbd-6e07-4d2c-90d0-20925f002ae4]Register server push request handler:com.alibaba.nacos.client.config.impl.ClientWorker$ConfigRpcTransportClient$$Lambda$327/1115381650
21:23:17.699 [main] INFO  c.a.n.c.r.client - [printIfInfoEnabled,60] - [config-0-f01cbcbd-6e07-4d2c-90d0-20925f002ae4]Register server push request handler:com.alibaba.nacos.client.config.impl.ClientWorker$ConfigRpcTransportClient$$Lambda$328/616412281
21:23:17.700 [main] INFO  c.a.n.c.r.client - [printIfInfoEnabled,60] - [config-0-f01cbcbd-6e07-4d2c-90d0-20925f002ae4]Registry connection listener to current client:com.alibaba.nacos.client.config.impl.ClientWorker$ConfigRpcTransportClient$1
21:23:17.700 [main] INFO  c.a.n.c.r.client - [printIfInfoEnabled,60] - [config-0-f01cbcbd-6e07-4d2c-90d0-20925f002ae4]RpcClient init, ServerListFactory =com.alibaba.nacos.client.config.impl.ClientWorker$ConfigRpcTransportClient$2
21:23:17.703 [main] INFO  c.a.n.c.r.client - [printIfInfoEnabled,60] - [config-0-f01cbcbd-6e07-4d2c-90d0-20925f002ae4] Try to connect to server on start up, server: {serverIp='127.0.0.1', server main port=8848}
21:23:19.739 [main] INFO  c.a.n.c.r.client - [printIfInfoEnabled,60] - [config-0-f01cbcbd-6e07-4d2c-90d0-20925f002ae4] Success to connect to server [127.0.0.1:8848] on start up,connectionId=1663420999495_127.0.0.1_1965
21:23:19.739 [com.alibaba.nacos.client.remote.worker] INFO  c.a.n.c.r.client - [printIfInfoEnabled,60] - [config-0-f01cbcbd-6e07-4d2c-90d0-20925f002ae4]Notify connected event to listeners.
21:23:19.739 [com.alibaba.nacos.client.remote.worker] INFO  c.a.n.c.c.i.ClientWorker - [onConnected,625] - [config-0-f01cbcbd-6e07-4d2c-90d0-20925f002ae4] Connected,notify listen context...
21:23:19.739 [main] INFO  c.a.n.c.r.client - [printIfInfoEnabled,60] - [config-0-f01cbcbd-6e07-4d2c-90d0-20925f002ae4]Register server push request handler:com.alibaba.nacos.common.remote.client.RpcClient$ConnectResetRequestHandler
21:23:19.740 [main] INFO  c.a.n.c.r.client - [printIfInfoEnabled,60] - [config-0-f01cbcbd-6e07-4d2c-90d0-20925f002ae4]Register server push request handler:com.alibaba.nacos.common.remote.client.RpcClient$4
21:23:19.770 [main] INFO  c.a.n.c.c.i.Limiter - [<clinit>,54] - limitTime:5.0
21:23:19.781 [main] INFO  c.a.n.c.c.u.JvmUtil - [<clinit>,49] - isMultiInstance:false
21:23:19.808 [main] INFO  c.s.a.CFArchivesApplication - [logStartupProfileInfo,667] - The following profiles are active: dev
21:23:23.300 [main] INFO  o.a.c.h.Http11NioProtocol - [log,173] - Initializing ProtocolHandler ["http-nio-9400"]
21:23:23.301 [main] INFO  o.a.c.c.StandardService - [log,173] - Starting service [Tomcat]
21:23:23.301 [main] INFO  o.a.c.c.StandardEngine - [log,173] - Starting Servlet engine: [Apache Tomcat/9.0.46]
21:23:23.553 [main] INFO  o.a.c.c.C.[.[.[/] - [log,173] - Initializing Spring embedded WebApplicationContext
21:23:24.167 [main] INFO  c.a.d.p.DruidDataSource - [init,990] - {dataSource-1,master} inited
21:23:24.168 [main] INFO  c.b.d.d.DynamicRoutingDataSource - [addDataSource,144] - dynamic-datasource - add a datasource named [master] success
21:23:24.169 [main] INFO  c.b.d.d.DynamicRoutingDataSource - [afterPropertiesSet,235] - dynamic-datasource initial loaded [1] datasource,primary datasource named [master]
21:23:25.311 [main] INFO  c.a.c.s.SentinelWebAutoConfiguration - [addInterceptors,80] - [Sentinel Starter] register SentinelWebInterceptor with urlPatterns: [/**].
21:23:27.591 [main] INFO  c.a.n.client.naming - [call,65] - initializer namespace from System Property :null
21:23:27.591 [main] INFO  c.a.n.client.naming - [call,74] - initializer namespace from System Environment :null
21:23:27.592 [main] INFO  c.a.n.client.naming - [call,84] - initializer namespace from System Property :null
21:23:27.610 [main] INFO  c.a.n.c.r.client - [printIfInfoEnabled,60] - [5b7f6c46-441b-489f-84e4-81bb095bf2f5]RpcClient init label, labels={module=naming, source=sdk}
21:23:27.611 [main] INFO  c.a.n.c.r.client - [printIfInfoEnabled,60] - [5b7f6c46-441b-489f-84e4-81bb095bf2f5]RpcClient init, ServerListFactory =com.alibaba.nacos.client.naming.core.ServerListManager
21:23:27.612 [main] INFO  c.a.n.c.r.client - [printIfInfoEnabled,60] - [5b7f6c46-441b-489f-84e4-81bb095bf2f5] Try to connect to server on start up, server: {serverIp='127.0.0.1', server main port=8848}
21:23:27.722 [main] INFO  c.a.n.c.r.client - [printIfInfoEnabled,60] - [5b7f6c46-441b-489f-84e4-81bb095bf2f5] Success to connect to server [127.0.0.1:8848] on start up,connectionId=1663421007617_127.0.0.1_2123
21:23:27.722 [main] INFO  c.a.n.c.r.client - [printIfInfoEnabled,60] - [5b7f6c46-441b-489f-84e4-81bb095bf2f5]Register server push request handler:com.alibaba.nacos.common.remote.client.RpcClient$ConnectResetRequestHandler
21:23:27.722 [main] INFO  c.a.n.c.r.client - [printIfInfoEnabled,60] - [5b7f6c46-441b-489f-84e4-81bb095bf2f5]Register server push request handler:com.alibaba.nacos.common.remote.client.RpcClient$4
21:23:27.723 [main] INFO  c.a.n.c.r.client - [printIfInfoEnabled,60] - [5b7f6c46-441b-489f-84e4-81bb095bf2f5]Register server push request handler:com.alibaba.nacos.client.naming.remote.gprc.NamingPushRequestHandler
21:23:27.723 [main] INFO  c.a.n.c.r.client - [printIfInfoEnabled,60] - [5b7f6c46-441b-489f-84e4-81bb095bf2f5]Registry connection listener to current client:com.alibaba.nacos.client.naming.remote.gprc.NamingGrpcConnectionEventListener
21:23:28.138 [main] INFO  s.d.s.w.PropertySourcedRequestMappingHandlerMapping - [initHandlerMethods,69] - Mapped URL path [/v2/api-docs] onto method [springfox.documentation.swagger2.web.Swagger2Controller#getDocumentation(String, HttpServletRequest)]
21:23:30.346 [main] INFO  c.a.n.c.i.CredentialWatcher - [loadCredential,165] - null No credential found
21:23:30.371 [main] INFO  c.a.n.client.naming - [isChangedServiceInfo,167] - init new ips(0) service: DEFAULT_GROUP@@cf-archives@@DEFAULT -> []
21:23:30.380 [main] INFO  c.a.n.client.naming - [processServiceInfo,152] - current ips:(0) service: DEFAULT_GROUP@@cf-archives@@DEFAULT -> []
21:23:30.387 [main] INFO  o.a.c.h.Http11NioProtocol - [log,173] - Starting ProtocolHandler ["http-nio-9400"]
21:23:30.407 [main] INFO  c.a.n.client.naming - [registerService,97] - [REGISTER-SERVICE] public registering service cf-archives with instance Instance{instanceId='null', ip='192.168.0.131', port=9400, weight=1.0, healthy=true, enabled=true, ephemeral=true, clusterName='DEFAULT', serviceName='null', metadata={preserved.register.source=SPRING_CLOUD}}
21:23:30.413 [main] INFO  c.a.c.n.r.NacosServiceRegistry - [register,75] - nacos registry, DEFAULT_GROUP cf-archives 192.168.0.131:9400 register finished
21:23:30.947 [nacos-grpc-client-executor-9] INFO  c.a.n.c.r.client - [printIfInfoEnabled,60] - [5b7f6c46-441b-489f-84e4-81bb095bf2f5]receive server push request,request=NotifySubscriberRequest,requestId=11
21:23:30.950 [nacos-grpc-client-executor-9] INFO  c.a.n.client.naming - [isChangedServiceInfo,167] - init new ips(1) service: DEFAULT_GROUP@@cf-archives -> [{"ip":"192.168.0.131","port":9400,"weight":1.0,"healthy":true,"enabled":true,"ephemeral":true,"clusterName":"DEFAULT","serviceName":"DEFAULT_GROUP@@cf-archives","metadata":{"preserved.register.source":"SPRING_CLOUD"},"ipDeleteTimeout":30000,"instanceHeartBeatInterval":5000,"instanceHeartBeatTimeOut":15000}]
21:23:30.951 [nacos-grpc-client-executor-9] INFO  c.a.n.client.naming - [processServiceInfo,152] - current ips:(1) service: DEFAULT_GROUP@@cf-archives -> [{"ip":"192.168.0.131","port":9400,"weight":1.0,"healthy":true,"enabled":true,"ephemeral":true,"clusterName":"DEFAULT","serviceName":"DEFAULT_GROUP@@cf-archives","metadata":{"preserved.register.source":"SPRING_CLOUD"},"ipDeleteTimeout":30000,"instanceHeartBeatInterval":5000,"instanceHeartBeatTimeOut":15000}]
21:23:30.953 [nacos-grpc-client-executor-9] INFO  c.a.n.c.r.client - [printIfInfoEnabled,60] - [5b7f6c46-441b-489f-84e4-81bb095bf2f5]ack server push request,request=NotifySubscriberRequest,requestId=11
21:23:31.194 [main] INFO  s.d.s.w.p.DocumentationPluginsBootstrapper - [start,160] - Context refreshed
21:23:31.210 [main] INFO  s.d.s.w.p.DocumentationPluginsBootstrapper - [start,163] - Found 1 custom documentation plugin(s)
21:23:31.263 [main] INFO  s.d.s.w.s.ApiListingReferenceScanner - [scan,41] - Scanning for api listing references
21:23:31.383 [com.alibaba.nacos.client.naming.updater.0] INFO  c.a.n.client.naming - [isChangedServiceInfo,221] - new ips(1) service: DEFAULT_GROUP@@cf-archives@@DEFAULT -> [{"ip":"192.168.0.131","port":9400,"weight":1.0,"healthy":true,"enabled":true,"ephemeral":true,"clusterName":"DEFAULT","serviceName":"DEFAULT_GROUP@@cf-archives","metadata":{"preserved.register.source":"SPRING_CLOUD"},"ipDeleteTimeout":30000,"instanceHeartBeatInterval":5000,"instanceHeartBeatTimeOut":15000}]
21:23:31.384 [com.alibaba.nacos.client.naming.updater.0] INFO  c.a.n.client.naming - [processServiceInfo,152] - current ips:(1) service: DEFAULT_GROUP@@cf-archives@@DEFAULT -> [{"ip":"192.168.0.131","port":9400,"weight":1.0,"healthy":true,"enabled":true,"ephemeral":true,"clusterName":"DEFAULT","serviceName":"DEFAULT_GROUP@@cf-archives","metadata":{"preserved.register.source":"SPRING_CLOUD"},"ipDeleteTimeout":30000,"instanceHeartBeatInterval":5000,"instanceHeartBeatTimeOut":15000}]
21:23:31.472 [main] INFO  s.d.s.w.r.o.CachingOperationNameGenerator - [startingWith,40] - Generating unique operation named: addUsingPOST_1
21:23:31.475 [main] INFO  s.d.s.w.r.o.CachingOperationNameGenerator - [startingWith,40] - Generating unique operation named: editUsingPUT_1
21:23:31.487 [main] INFO  s.d.s.w.r.o.CachingOperationNameGenerator - [startingWith,40] - Generating unique operation named: exportUsingPOST_1
21:23:31.490 [main] INFO  s.d.s.w.r.o.CachingOperationNameGenerator - [startingWith,40] - Generating unique operation named: getInfoUsingGET_1
21:23:31.498 [main] INFO  s.d.s.w.r.o.CachingOperationNameGenerator - [startingWith,40] - Generating unique operation named: listUsingGET_1
21:23:31.502 [main] INFO  s.d.s.w.r.o.CachingOperationNameGenerator - [startingWith,40] - Generating unique operation named: removeUsingDELETE_1
21:23:31.514 [main] INFO  s.d.s.w.r.o.CachingOperationNameGenerator - [startingWith,40] - Generating unique operation named: addUsingPOST_2
21:23:31.516 [main] INFO  s.d.s.w.r.o.CachingOperationNameGenerator - [startingWith,40] - Generating unique operation named: editUsingPUT_2
21:23:31.523 [main] INFO  s.d.s.w.r.o.CachingOperationNameGenerator - [startingWith,40] - Generating unique operation named: exportUsingPOST_2
21:23:31.526 [main] INFO  s.d.s.w.r.o.CachingOperationNameGenerator - [startingWith,40] - Generating unique operation named: getInfoUsingGET_2
21:23:31.529 [main] INFO  s.d.s.w.r.o.CachingOperationNameGenerator - [startingWith,40] - Generating unique operation named: listUsingGET_2
21:23:31.532 [main] INFO  s.d.s.w.r.o.CachingOperationNameGenerator - [startingWith,40] - Generating unique operation named: removeUsingDELETE_2
21:23:31.545 [main] INFO  s.d.s.w.r.o.CachingOperationNameGenerator - [startingWith,40] - Generating unique operation named: addUsingPOST_3
21:23:31.548 [main] INFO  s.d.s.w.r.o.CachingOperationNameGenerator - [startingWith,40] - Generating unique operation named: editUsingPUT_3
21:23:31.562 [main] INFO  s.d.s.w.r.o.CachingOperationNameGenerator - [startingWith,40] - Generating unique operation named: exportUsingPOST_3
21:23:31.564 [main] INFO  s.d.s.w.r.o.CachingOperationNameGenerator - [startingWith,40] - Generating unique operation named: getInfoUsingGET_3
21:23:31.567 [main] INFO  s.d.s.w.r.o.CachingOperationNameGenerator - [startingWith,40] - Generating unique operation named: listUsingGET_3
21:23:31.570 [main] INFO  s.d.s.w.r.o.CachingOperationNameGenerator - [startingWith,40] - Generating unique operation named: removeUsingDELETE_3
21:23:31.605 [main] INFO  c.s.a.CFArchivesApplication - [logStarted,61] - Started CFArchivesApplication in 16.514 seconds (JVM running for 17.882)
21:23:31.623 [main] INFO  c.a.n.c.c.i.ClientWorker - [addCacheDataIfAbsent,346] - [config_rpc_client] [subscribe] cf-archives+DEFAULT_GROUP
21:23:31.625 [main] INFO  c.a.n.c.c.i.CacheData - [addListener,128] - [config_rpc_client] [add-listener] ok, tenant=, dataId=cf-archives, group=DEFAULT_GROUP, cnt=1
21:23:31.625 [main] INFO  c.a.n.c.c.i.ClientWorker - [addCacheDataIfAbsent,346] - [config_rpc_client] [subscribe] cf-archives.yml+DEFAULT_GROUP
21:23:31.625 [main] INFO  c.a.n.c.c.i.CacheData - [addListener,128] - [config_rpc_client] [add-listener] ok, tenant=, dataId=cf-archives.yml, group=DEFAULT_GROUP, cnt=1
21:23:31.626 [main] INFO  c.a.n.c.c.i.ClientWorker - [addCacheDataIfAbsent,346] - [config_rpc_client] [subscribe] cf-archives-dev.yml+DEFAULT_GROUP
21:23:31.626 [main] INFO  c.a.n.c.c.i.CacheData - [addListener,128] - [config_rpc_client] [add-listener] ok, tenant=, dataId=cf-archives-dev.yml, group=DEFAULT_GROUP, cnt=1
21:23:44.149 [http-nio-9400-exec-1] INFO  o.a.c.c.C.[.[.[/] - [log,173] - Initializing Spring DispatcherServlet 'dispatcherServlet'
