20:41:57.401 [background-preinit] INFO  o.h.v.i.util.Version - [<clinit>,21] - HV000001: Hibernate Validator 6.2.0.Final
20:41:57.879 [main] INFO  c.a.n.c.c.i.LocalConfigInfoProcessor - [<clinit>,212] - LOCAL_SNAPSHOT_PATH:C:\Users\wanghongyin\nacos\config
20:41:57.908 [main] INFO  o.r.Reflections - [scan,232] - Reflections took 17 ms to scan 1 urls, producing 3 keys and 6 values 
20:41:57.924 [main] INFO  o.r.Reflections - [scan,232] - Reflections took 7 ms to scan 1 urls, producing 4 keys and 9 values 
20:41:57.932 [main] INFO  o.r.Reflections - [scan,232] - Reflections took 6 ms to scan 1 urls, producing 3 keys and 10 values 
20:41:58.030 [main] INFO  o.r.Reflections - [scan,232] - Reflections took 95 ms to scan 213 urls, producing 0 keys and 0 values 
20:41:58.037 [main] INFO  o.r.Reflections - [scan,232] - Reflections took 6 ms to scan 1 urls, producing 1 keys and 5 values 
20:41:58.046 [main] INFO  o.r.Reflections - [scan,232] - Reflections took 8 ms to scan 1 urls, producing 1 keys and 7 values 
20:41:58.055 [main] INFO  o.r.Reflections - [scan,232] - Reflections took 8 ms to scan 1 urls, producing 2 keys and 8 values 
20:41:58.139 [main] INFO  o.r.Reflections - [scan,232] - Reflections took 81 ms to scan 213 urls, producing 0 keys and 0 values 
20:41:58.140 [main] INFO  c.a.n.c.r.client - [printIfInfoEnabled,60] - [config-0-0649a6d2-e3c0-42fc-8371-3683acb6cdb1]RpcClient init label, labels={module=config, Vipserver-Tag=null, source=sdk, Amory-Tag=null, Location-Tag=null, taskId=0, AppName=unknown}
20:41:58.140 [main] INFO  c.a.n.c.r.client - [printIfInfoEnabled,60] - [config-0-0649a6d2-e3c0-42fc-8371-3683acb6cdb1]Register server push request handler:com.alibaba.nacos.client.config.impl.ClientWorker$ConfigRpcTransportClient$$Lambda$327/1850597787
20:41:58.141 [main] INFO  c.a.n.c.r.client - [printIfInfoEnabled,60] - [config-0-0649a6d2-e3c0-42fc-8371-3683acb6cdb1]Register server push request handler:com.alibaba.nacos.client.config.impl.ClientWorker$ConfigRpcTransportClient$$Lambda$328/258737099
20:41:58.141 [main] INFO  c.a.n.c.r.client - [printIfInfoEnabled,60] - [config-0-0649a6d2-e3c0-42fc-8371-3683acb6cdb1]Registry connection listener to current client:com.alibaba.nacos.client.config.impl.ClientWorker$ConfigRpcTransportClient$1
20:41:58.141 [main] INFO  c.a.n.c.r.client - [printIfInfoEnabled,60] - [config-0-0649a6d2-e3c0-42fc-8371-3683acb6cdb1]RpcClient init, ServerListFactory =com.alibaba.nacos.client.config.impl.ClientWorker$ConfigRpcTransportClient$2
20:41:58.143 [main] INFO  c.a.n.c.r.client - [printIfInfoEnabled,60] - [config-0-0649a6d2-e3c0-42fc-8371-3683acb6cdb1] Try to connect to server on start up, server: {serverIp='127.0.0.1', server main port=8848}
20:41:58.879 [main] INFO  c.a.n.c.r.client - [printIfInfoEnabled,60] - [config-0-0649a6d2-e3c0-42fc-8371-3683acb6cdb1] Success to connect to server [127.0.0.1:8848] on start up,connectionId=1711111318690_127.0.0.1_58569
20:41:58.879 [com.alibaba.nacos.client.remote.worker] INFO  c.a.n.c.r.client - [printIfInfoEnabled,60] - [config-0-0649a6d2-e3c0-42fc-8371-3683acb6cdb1]Notify connected event to listeners.
20:41:58.879 [main] INFO  c.a.n.c.r.client - [printIfInfoEnabled,60] - [config-0-0649a6d2-e3c0-42fc-8371-3683acb6cdb1]Register server push request handler:com.alibaba.nacos.common.remote.client.RpcClient$ConnectResetRequestHandler
20:41:58.879 [com.alibaba.nacos.client.remote.worker] INFO  c.a.n.c.c.i.ClientWorker - [onConnected,625] - [config-0-0649a6d2-e3c0-42fc-8371-3683acb6cdb1] Connected,notify listen context...
20:41:58.880 [main] INFO  c.a.n.c.r.client - [printIfInfoEnabled,60] - [config-0-0649a6d2-e3c0-42fc-8371-3683acb6cdb1]Register server push request handler:com.alibaba.nacos.common.remote.client.RpcClient$4
20:41:58.899 [main] INFO  c.a.n.c.c.i.Limiter - [<clinit>,54] - limitTime:5.0
20:41:58.914 [main] INFO  c.a.n.c.c.u.JvmUtil - [<clinit>,49] - isMultiInstance:false
20:41:58.955 [main] INFO  c.s.a.CFArchivesApplication - [logStartupProfileInfo,667] - The following profiles are active: prod
20:42:01.409 [main] INFO  o.a.c.h.Http11NioProtocol - [log,173] - Initializing ProtocolHandler ["http-nio-9400"]
20:42:01.409 [main] INFO  o.a.c.c.StandardService - [log,173] - Starting service [Tomcat]
20:42:01.410 [main] INFO  o.a.c.c.StandardEngine - [log,173] - Starting Servlet engine: [Apache Tomcat/9.0.46]
20:42:01.499 [main] INFO  o.a.c.c.C.[.[.[/] - [log,173] - Initializing Spring embedded WebApplicationContext
20:42:02.077 [main] INFO  c.a.d.p.DruidDataSource - [init,990] - {dataSource-1,master} inited
20:42:02.078 [main] INFO  c.b.d.d.DynamicRoutingDataSource - [addDataSource,144] - dynamic-datasource - add a datasource named [master] success
20:42:02.078 [main] INFO  c.b.d.d.DynamicRoutingDataSource - [afterPropertiesSet,235] - dynamic-datasource initial loaded [1] datasource,primary datasource named [master]
20:42:02.739 [main] INFO  c.a.c.s.SentinelWebAutoConfiguration - [addInterceptors,80] - [Sentinel Starter] register SentinelWebInterceptor with urlPatterns: [/**].
20:42:03.489 [main] INFO  c.a.n.client.naming - [call,65] - initializer namespace from System Property :null
20:42:03.489 [main] INFO  c.a.n.client.naming - [call,74] - initializer namespace from System Environment :null
20:42:03.490 [main] INFO  c.a.n.client.naming - [call,84] - initializer namespace from System Property :null
20:42:03.505 [main] INFO  c.a.n.c.r.client - [printIfInfoEnabled,60] - [859b169f-1000-4b60-ab3d-f911b1ea1edb]RpcClient init label, labels={module=naming, source=sdk}
20:42:03.506 [main] INFO  c.a.n.c.r.client - [printIfInfoEnabled,60] - [859b169f-1000-4b60-ab3d-f911b1ea1edb]RpcClient init, ServerListFactory =com.alibaba.nacos.client.naming.core.ServerListManager
20:42:03.506 [main] INFO  c.a.n.c.r.client - [printIfInfoEnabled,60] - [859b169f-1000-4b60-ab3d-f911b1ea1edb] Try to connect to server on start up, server: {serverIp='127.0.0.1', server main port=8848}
20:42:03.628 [main] INFO  c.a.n.c.r.client - [printIfInfoEnabled,60] - [859b169f-1000-4b60-ab3d-f911b1ea1edb] Success to connect to server [127.0.0.1:8848] on start up,connectionId=1711111323514_127.0.0.1_58588
20:42:03.628 [main] INFO  c.a.n.c.r.client - [printIfInfoEnabled,60] - [859b169f-1000-4b60-ab3d-f911b1ea1edb]Register server push request handler:com.alibaba.nacos.common.remote.client.RpcClient$ConnectResetRequestHandler
20:42:03.628 [main] INFO  c.a.n.c.r.client - [printIfInfoEnabled,60] - [859b169f-1000-4b60-ab3d-f911b1ea1edb]Register server push request handler:com.alibaba.nacos.common.remote.client.RpcClient$4
20:42:03.629 [main] INFO  c.a.n.c.r.client - [printIfInfoEnabled,60] - [859b169f-1000-4b60-ab3d-f911b1ea1edb]Register server push request handler:com.alibaba.nacos.client.naming.remote.gprc.NamingPushRequestHandler
20:42:03.629 [main] INFO  c.a.n.c.r.client - [printIfInfoEnabled,60] - [859b169f-1000-4b60-ab3d-f911b1ea1edb]Registry connection listener to current client:com.alibaba.nacos.client.naming.remote.gprc.NamingGrpcConnectionEventListener
20:42:03.850 [main] INFO  s.d.s.w.PropertySourcedRequestMappingHandlerMapping - [initHandlerMethods,69] - Mapped URL path [/v2/api-docs] onto method [springfox.documentation.swagger2.web.Swagger2Controller#getDocumentation(String, HttpServletRequest)]
20:42:04.822 [main] INFO  c.a.n.c.i.CredentialWatcher - [loadCredential,165] - null No credential found
20:42:04.835 [main] INFO  c.a.n.client.naming - [isChangedServiceInfo,167] - init new ips(0) service: DEFAULT_GROUP@@cf-archives@@DEFAULT -> []
20:42:04.839 [main] INFO  c.a.n.client.naming - [processServiceInfo,152] - current ips:(0) service: DEFAULT_GROUP@@cf-archives@@DEFAULT -> []
20:42:04.849 [main] INFO  o.a.c.h.Http11NioProtocol - [log,173] - Starting ProtocolHandler ["http-nio-9400"]
20:42:04.860 [main] INFO  c.a.n.client.naming - [registerService,97] - [REGISTER-SERVICE] public registering service cf-archives with instance Instance{instanceId='null', ip='192.168.0.110', port=9400, weight=1.0, healthy=true, enabled=true, ephemeral=true, clusterName='DEFAULT', serviceName='null', metadata={preserved.register.source=SPRING_CLOUD}}
20:42:04.865 [main] INFO  c.a.c.n.r.NacosServiceRegistry - [register,75] - nacos registry, DEFAULT_GROUP cf-archives 192.168.0.110:9400 register finished
20:42:05.021 [main] INFO  s.d.s.w.p.DocumentationPluginsBootstrapper - [start,160] - Context refreshed
20:42:05.028 [main] INFO  s.d.s.w.p.DocumentationPluginsBootstrapper - [start,163] - Found 1 custom documentation plugin(s)
20:42:05.055 [main] INFO  s.d.s.w.s.ApiListingReferenceScanner - [scan,41] - Scanning for api listing references
20:42:05.137 [main] INFO  s.d.s.w.r.o.CachingOperationNameGenerator - [startingWith,40] - Generating unique operation named: addUsingPOST_1
20:42:05.138 [main] INFO  s.d.s.w.r.o.CachingOperationNameGenerator - [startingWith,40] - Generating unique operation named: editUsingPUT_1
20:42:05.141 [main] INFO  s.d.s.w.r.o.CachingOperationNameGenerator - [startingWith,40] - Generating unique operation named: exportUsingPOST_1
20:42:05.142 [main] INFO  s.d.s.w.r.o.CachingOperationNameGenerator - [startingWith,40] - Generating unique operation named: getInfoUsingGET_1
20:42:05.143 [main] INFO  s.d.s.w.r.o.CachingOperationNameGenerator - [startingWith,40] - Generating unique operation named: listUsingGET_1
20:42:05.144 [main] INFO  s.d.s.w.r.o.CachingOperationNameGenerator - [startingWith,40] - Generating unique operation named: removeUsingDELETE_1
20:42:05.148 [main] INFO  s.d.s.w.r.o.CachingOperationNameGenerator - [startingWith,40] - Generating unique operation named: addUsingPOST_2
20:42:05.149 [main] INFO  s.d.s.w.r.o.CachingOperationNameGenerator - [startingWith,40] - Generating unique operation named: editUsingPUT_2
20:42:05.151 [main] INFO  s.d.s.w.r.o.CachingOperationNameGenerator - [startingWith,40] - Generating unique operation named: exportUsingPOST_2
20:42:05.152 [main] INFO  s.d.s.w.r.o.CachingOperationNameGenerator - [startingWith,40] - Generating unique operation named: getInfoUsingGET_2
20:42:05.153 [main] INFO  s.d.s.w.r.o.CachingOperationNameGenerator - [startingWith,40] - Generating unique operation named: listUsingGET_2
20:42:05.154 [main] INFO  s.d.s.w.r.o.CachingOperationNameGenerator - [startingWith,40] - Generating unique operation named: removeUsingDELETE_2
20:42:05.159 [main] INFO  s.d.s.w.r.o.CachingOperationNameGenerator - [startingWith,40] - Generating unique operation named: addUsingPOST_3
20:42:05.160 [main] INFO  s.d.s.w.r.o.CachingOperationNameGenerator - [startingWith,40] - Generating unique operation named: editUsingPUT_3
20:42:05.165 [main] INFO  s.d.s.w.r.o.CachingOperationNameGenerator - [startingWith,40] - Generating unique operation named: exportUsingPOST_3
20:42:05.166 [main] INFO  s.d.s.w.r.o.CachingOperationNameGenerator - [startingWith,40] - Generating unique operation named: getInfoUsingGET_3
20:42:05.167 [main] INFO  s.d.s.w.r.o.CachingOperationNameGenerator - [startingWith,40] - Generating unique operation named: listUsingGET_3
20:42:05.168 [main] INFO  s.d.s.w.r.o.CachingOperationNameGenerator - [startingWith,40] - Generating unique operation named: removeUsingDELETE_3
20:42:05.183 [main] INFO  c.s.a.CFArchivesApplication - [logStarted,61] - Started CFArchivesApplication in 8.248 seconds (JVM running for 8.819)
20:42:05.192 [main] INFO  c.a.n.c.c.i.ClientWorker - [addCacheDataIfAbsent,346] - [config_rpc_client] [subscribe] cf-archives+DEFAULT_GROUP
20:42:05.193 [main] INFO  c.a.n.c.c.i.CacheData - [addListener,128] - [config_rpc_client] [add-listener] ok, tenant=, dataId=cf-archives, group=DEFAULT_GROUP, cnt=1
20:42:05.193 [main] INFO  c.a.n.c.c.i.ClientWorker - [addCacheDataIfAbsent,346] - [config_rpc_client] [subscribe] cf-archives.yml+DEFAULT_GROUP
20:42:05.193 [main] INFO  c.a.n.c.c.i.CacheData - [addListener,128] - [config_rpc_client] [add-listener] ok, tenant=, dataId=cf-archives.yml, group=DEFAULT_GROUP, cnt=1
20:42:05.195 [main] INFO  c.a.n.c.c.i.ClientWorker - [addCacheDataIfAbsent,346] - [config_rpc_client] [subscribe] cf-archives-prod.yml+DEFAULT_GROUP
20:42:05.195 [main] INFO  c.a.n.c.c.i.CacheData - [addListener,128] - [config_rpc_client] [add-listener] ok, tenant=, dataId=cf-archives-prod.yml, group=DEFAULT_GROUP, cnt=1
20:42:05.419 [nacos-grpc-client-executor-9] INFO  c.a.n.c.r.client - [printIfInfoEnabled,60] - [859b169f-1000-4b60-ab3d-f911b1ea1edb]receive server push request,request=NotifySubscriberRequest,requestId=29
20:42:05.421 [nacos-grpc-client-executor-9] INFO  c.a.n.client.naming - [isChangedServiceInfo,167] - init new ips(1) service: DEFAULT_GROUP@@cf-archives -> [{"ip":"192.168.0.110","port":9400,"weight":1.0,"healthy":true,"enabled":true,"ephemeral":true,"clusterName":"DEFAULT","serviceName":"DEFAULT_GROUP@@cf-archives","metadata":{"preserved.register.source":"SPRING_CLOUD"},"instanceHeartBeatInterval":5000,"ipDeleteTimeout":30000,"instanceHeartBeatTimeOut":15000}]
20:42:05.421 [nacos-grpc-client-executor-9] INFO  c.a.n.client.naming - [processServiceInfo,152] - current ips:(1) service: DEFAULT_GROUP@@cf-archives -> [{"ip":"192.168.0.110","port":9400,"weight":1.0,"healthy":true,"enabled":true,"ephemeral":true,"clusterName":"DEFAULT","serviceName":"DEFAULT_GROUP@@cf-archives","metadata":{"preserved.register.source":"SPRING_CLOUD"},"instanceHeartBeatInterval":5000,"ipDeleteTimeout":30000,"instanceHeartBeatTimeOut":15000}]
20:42:05.425 [nacos-grpc-client-executor-9] INFO  c.a.n.c.r.client - [printIfInfoEnabled,60] - [859b169f-1000-4b60-ab3d-f911b1ea1edb]ack server push request,request=NotifySubscriberRequest,requestId=29
20:42:05.798 [RMI TCP Connection(9)-192.168.0.110] INFO  o.a.c.c.C.[.[.[/] - [log,173] - Initializing Spring DispatcherServlet 'dispatcherServlet'
20:42:05.855 [com.alibaba.nacos.client.naming.updater.0] INFO  c.a.n.client.naming - [isChangedServiceInfo,221] - new ips(1) service: DEFAULT_GROUP@@cf-archives@@DEFAULT -> [{"ip":"192.168.0.110","port":9400,"weight":1.0,"healthy":true,"enabled":true,"ephemeral":true,"clusterName":"DEFAULT","serviceName":"DEFAULT_GROUP@@cf-archives","metadata":{"preserved.register.source":"SPRING_CLOUD"},"instanceHeartBeatInterval":5000,"ipDeleteTimeout":30000,"instanceHeartBeatTimeOut":15000}]
20:42:05.855 [com.alibaba.nacos.client.naming.updater.0] INFO  c.a.n.client.naming - [processServiceInfo,152] - current ips:(1) service: DEFAULT_GROUP@@cf-archives@@DEFAULT -> [{"ip":"192.168.0.110","port":9400,"weight":1.0,"healthy":true,"enabled":true,"ephemeral":true,"clusterName":"DEFAULT","serviceName":"DEFAULT_GROUP@@cf-archives","metadata":{"preserved.register.source":"SPRING_CLOUD"},"instanceHeartBeatInterval":5000,"ipDeleteTimeout":30000,"instanceHeartBeatTimeOut":15000}]
20:44:48.673 [background-preinit] INFO  o.h.v.i.util.Version - [<clinit>,21] - HV000001: Hibernate Validator 6.2.0.Final
20:44:49.146 [main] INFO  c.a.n.c.c.i.LocalConfigInfoProcessor - [<clinit>,212] - LOCAL_SNAPSHOT_PATH:C:\Users\wanghongyin\nacos\config
20:44:49.176 [main] INFO  o.r.Reflections - [scan,232] - Reflections took 15 ms to scan 1 urls, producing 3 keys and 6 values 
20:44:49.195 [main] INFO  o.r.Reflections - [scan,232] - Reflections took 8 ms to scan 1 urls, producing 4 keys and 9 values 
20:44:49.203 [main] INFO  o.r.Reflections - [scan,232] - Reflections took 7 ms to scan 1 urls, producing 3 keys and 10 values 
20:44:49.298 [main] INFO  o.r.Reflections - [scan,232] - Reflections took 93 ms to scan 213 urls, producing 0 keys and 0 values 
20:44:49.306 [main] INFO  o.r.Reflections - [scan,232] - Reflections took 7 ms to scan 1 urls, producing 1 keys and 5 values 
20:44:49.316 [main] INFO  o.r.Reflections - [scan,232] - Reflections took 8 ms to scan 1 urls, producing 1 keys and 7 values 
20:44:49.326 [main] INFO  o.r.Reflections - [scan,232] - Reflections took 9 ms to scan 1 urls, producing 2 keys and 8 values 
20:44:49.404 [main] INFO  o.r.Reflections - [scan,232] - Reflections took 77 ms to scan 213 urls, producing 0 keys and 0 values 
20:44:49.405 [main] INFO  c.a.n.c.r.client - [printIfInfoEnabled,60] - [config-0-179c5ba5-09d2-4a0a-995b-618a393107b9]RpcClient init label, labels={module=config, Vipserver-Tag=null, source=sdk, Amory-Tag=null, Location-Tag=null, taskId=0, AppName=unknown}
20:44:49.405 [main] INFO  c.a.n.c.r.client - [printIfInfoEnabled,60] - [config-0-179c5ba5-09d2-4a0a-995b-618a393107b9]Register server push request handler:com.alibaba.nacos.client.config.impl.ClientWorker$ConfigRpcTransportClient$$Lambda$327/1850597787
20:44:49.405 [main] INFO  c.a.n.c.r.client - [printIfInfoEnabled,60] - [config-0-179c5ba5-09d2-4a0a-995b-618a393107b9]Register server push request handler:com.alibaba.nacos.client.config.impl.ClientWorker$ConfigRpcTransportClient$$Lambda$328/258737099
20:44:49.406 [main] INFO  c.a.n.c.r.client - [printIfInfoEnabled,60] - [config-0-179c5ba5-09d2-4a0a-995b-618a393107b9]Registry connection listener to current client:com.alibaba.nacos.client.config.impl.ClientWorker$ConfigRpcTransportClient$1
20:44:49.406 [main] INFO  c.a.n.c.r.client - [printIfInfoEnabled,60] - [config-0-179c5ba5-09d2-4a0a-995b-618a393107b9]RpcClient init, ServerListFactory =com.alibaba.nacos.client.config.impl.ClientWorker$ConfigRpcTransportClient$2
20:44:49.408 [main] INFO  c.a.n.c.r.client - [printIfInfoEnabled,60] - [config-0-179c5ba5-09d2-4a0a-995b-618a393107b9] Try to connect to server on start up, server: {serverIp='127.0.0.1', server main port=8848}
20:44:50.143 [main] INFO  c.a.n.c.r.client - [printIfInfoEnabled,60] - [config-0-179c5ba5-09d2-4a0a-995b-618a393107b9] Success to connect to server [127.0.0.1:8848] on start up,connectionId=1711111489945_127.0.0.1_60549
20:44:50.143 [com.alibaba.nacos.client.remote.worker] INFO  c.a.n.c.r.client - [printIfInfoEnabled,60] - [config-0-179c5ba5-09d2-4a0a-995b-618a393107b9]Notify connected event to listeners.
20:44:50.143 [main] INFO  c.a.n.c.r.client - [printIfInfoEnabled,60] - [config-0-179c5ba5-09d2-4a0a-995b-618a393107b9]Register server push request handler:com.alibaba.nacos.common.remote.client.RpcClient$ConnectResetRequestHandler
20:44:50.144 [com.alibaba.nacos.client.remote.worker] INFO  c.a.n.c.c.i.ClientWorker - [onConnected,625] - [config-0-179c5ba5-09d2-4a0a-995b-618a393107b9] Connected,notify listen context...
20:44:50.144 [main] INFO  c.a.n.c.r.client - [printIfInfoEnabled,60] - [config-0-179c5ba5-09d2-4a0a-995b-618a393107b9]Register server push request handler:com.alibaba.nacos.common.remote.client.RpcClient$4
20:44:50.164 [main] INFO  c.a.n.c.c.i.Limiter - [<clinit>,54] - limitTime:5.0
20:44:50.172 [main] INFO  c.a.n.c.c.u.JvmUtil - [<clinit>,49] - isMultiInstance:false
20:44:50.196 [main] INFO  c.s.a.CFArchivesApplication - [logStartupProfileInfo,667] - The following profiles are active: prod
20:44:51.509 [main] INFO  o.a.c.h.Http11NioProtocol - [log,173] - Initializing ProtocolHandler ["http-nio-9400"]
20:44:51.509 [main] INFO  o.a.c.c.StandardService - [log,173] - Starting service [Tomcat]
20:44:51.509 [main] INFO  o.a.c.c.StandardEngine - [log,173] - Starting Servlet engine: [Apache Tomcat/9.0.46]
20:44:51.588 [main] INFO  o.a.c.c.C.[.[.[/] - [log,173] - Initializing Spring embedded WebApplicationContext
20:44:52.082 [main] INFO  c.a.d.p.DruidDataSource - [init,990] - {dataSource-1,master} inited
20:44:52.083 [main] INFO  c.b.d.d.DynamicRoutingDataSource - [addDataSource,144] - dynamic-datasource - add a datasource named [master] success
20:44:52.083 [main] INFO  c.b.d.d.DynamicRoutingDataSource - [afterPropertiesSet,235] - dynamic-datasource initial loaded [1] datasource,primary datasource named [master]
20:44:52.571 [main] INFO  c.a.c.s.SentinelWebAutoConfiguration - [addInterceptors,80] - [Sentinel Starter] register SentinelWebInterceptor with urlPatterns: [/**].
20:44:53.154 [main] INFO  c.a.n.client.naming - [call,65] - initializer namespace from System Property :null
20:44:53.155 [main] INFO  c.a.n.client.naming - [call,74] - initializer namespace from System Environment :null
20:44:53.155 [main] INFO  c.a.n.client.naming - [call,84] - initializer namespace from System Property :null
20:44:53.167 [main] INFO  c.a.n.c.r.client - [printIfInfoEnabled,60] - [548f6033-d977-4602-aa4c-023257dc29e7]RpcClient init label, labels={module=naming, source=sdk}
20:44:53.167 [main] INFO  c.a.n.c.r.client - [printIfInfoEnabled,60] - [548f6033-d977-4602-aa4c-023257dc29e7]RpcClient init, ServerListFactory =com.alibaba.nacos.client.naming.core.ServerListManager
20:44:53.172 [main] INFO  c.a.n.c.r.client - [printIfInfoEnabled,60] - [548f6033-d977-4602-aa4c-023257dc29e7] Try to connect to server on start up, server: {serverIp='127.0.0.1', server main port=8848}
20:44:53.289 [main] INFO  c.a.n.c.r.client - [printIfInfoEnabled,60] - [548f6033-d977-4602-aa4c-023257dc29e7] Success to connect to server [127.0.0.1:8848] on start up,connectionId=1711111493176_127.0.0.1_60571
20:44:53.289 [main] INFO  c.a.n.c.r.client - [printIfInfoEnabled,60] - [548f6033-d977-4602-aa4c-023257dc29e7]Register server push request handler:com.alibaba.nacos.common.remote.client.RpcClient$ConnectResetRequestHandler
20:44:53.299 [main] INFO  c.a.n.c.r.client - [printIfInfoEnabled,60] - [548f6033-d977-4602-aa4c-023257dc29e7]Register server push request handler:com.alibaba.nacos.common.remote.client.RpcClient$4
20:44:53.300 [main] INFO  c.a.n.c.r.client - [printIfInfoEnabled,60] - [548f6033-d977-4602-aa4c-023257dc29e7]Register server push request handler:com.alibaba.nacos.client.naming.remote.gprc.NamingPushRequestHandler
20:44:53.300 [main] INFO  c.a.n.c.r.client - [printIfInfoEnabled,60] - [548f6033-d977-4602-aa4c-023257dc29e7]Registry connection listener to current client:com.alibaba.nacos.client.naming.remote.gprc.NamingGrpcConnectionEventListener
20:44:53.462 [main] INFO  s.d.s.w.PropertySourcedRequestMappingHandlerMapping - [initHandlerMethods,69] - Mapped URL path [/v2/api-docs] onto method [springfox.documentation.swagger2.web.Swagger2Controller#getDocumentation(String, HttpServletRequest)]
20:44:54.354 [main] INFO  c.a.n.c.i.CredentialWatcher - [loadCredential,165] - null No credential found
20:44:54.367 [main] INFO  c.a.n.client.naming - [isChangedServiceInfo,167] - init new ips(0) service: DEFAULT_GROUP@@cf-archives@@DEFAULT -> []
20:44:54.372 [main] INFO  c.a.n.client.naming - [processServiceInfo,152] - current ips:(0) service: DEFAULT_GROUP@@cf-archives@@DEFAULT -> []
20:44:54.379 [main] INFO  o.a.c.h.Http11NioProtocol - [log,173] - Starting ProtocolHandler ["http-nio-9400"]
20:44:54.390 [main] INFO  c.a.n.client.naming - [registerService,97] - [REGISTER-SERVICE] public registering service cf-archives with instance Instance{instanceId='null', ip='192.168.0.110', port=9400, weight=1.0, healthy=true, enabled=true, ephemeral=true, clusterName='DEFAULT', serviceName='null', metadata={preserved.register.source=SPRING_CLOUD}}
20:44:54.394 [main] INFO  c.a.c.n.r.NacosServiceRegistry - [register,75] - nacos registry, DEFAULT_GROUP cf-archives 192.168.0.110:9400 register finished
20:44:54.538 [main] INFO  s.d.s.w.p.DocumentationPluginsBootstrapper - [start,160] - Context refreshed
20:44:54.551 [main] INFO  s.d.s.w.p.DocumentationPluginsBootstrapper - [start,163] - Found 1 custom documentation plugin(s)
20:44:54.578 [main] INFO  s.d.s.w.s.ApiListingReferenceScanner - [scan,41] - Scanning for api listing references
20:44:54.652 [main] INFO  s.d.s.w.r.o.CachingOperationNameGenerator - [startingWith,40] - Generating unique operation named: addUsingPOST_1
20:44:54.652 [main] INFO  s.d.s.w.r.o.CachingOperationNameGenerator - [startingWith,40] - Generating unique operation named: editUsingPUT_1
20:44:54.655 [main] INFO  s.d.s.w.r.o.CachingOperationNameGenerator - [startingWith,40] - Generating unique operation named: exportUsingPOST_1
20:44:54.656 [main] INFO  s.d.s.w.r.o.CachingOperationNameGenerator - [startingWith,40] - Generating unique operation named: getInfoUsingGET_1
20:44:54.657 [main] INFO  s.d.s.w.r.o.CachingOperationNameGenerator - [startingWith,40] - Generating unique operation named: listUsingGET_1
20:44:54.657 [main] INFO  s.d.s.w.r.o.CachingOperationNameGenerator - [startingWith,40] - Generating unique operation named: removeUsingDELETE_1
20:44:54.660 [main] INFO  s.d.s.w.r.o.CachingOperationNameGenerator - [startingWith,40] - Generating unique operation named: addUsingPOST_2
20:44:54.661 [main] INFO  s.d.s.w.r.o.CachingOperationNameGenerator - [startingWith,40] - Generating unique operation named: editUsingPUT_2
20:44:54.663 [main] INFO  s.d.s.w.r.o.CachingOperationNameGenerator - [startingWith,40] - Generating unique operation named: exportUsingPOST_2
20:44:54.664 [main] INFO  s.d.s.w.r.o.CachingOperationNameGenerator - [startingWith,40] - Generating unique operation named: getInfoUsingGET_2
20:44:54.665 [main] INFO  s.d.s.w.r.o.CachingOperationNameGenerator - [startingWith,40] - Generating unique operation named: listUsingGET_2
20:44:54.666 [main] INFO  s.d.s.w.r.o.CachingOperationNameGenerator - [startingWith,40] - Generating unique operation named: removeUsingDELETE_2
20:44:54.670 [main] INFO  s.d.s.w.r.o.CachingOperationNameGenerator - [startingWith,40] - Generating unique operation named: addUsingPOST_3
20:44:54.671 [main] INFO  s.d.s.w.r.o.CachingOperationNameGenerator - [startingWith,40] - Generating unique operation named: editUsingPUT_3
20:44:54.675 [main] INFO  s.d.s.w.r.o.CachingOperationNameGenerator - [startingWith,40] - Generating unique operation named: exportUsingPOST_3
20:44:54.675 [main] INFO  s.d.s.w.r.o.CachingOperationNameGenerator - [startingWith,40] - Generating unique operation named: getInfoUsingGET_3
20:44:54.676 [main] INFO  s.d.s.w.r.o.CachingOperationNameGenerator - [startingWith,40] - Generating unique operation named: listUsingGET_3
20:44:54.677 [main] INFO  s.d.s.w.r.o.CachingOperationNameGenerator - [startingWith,40] - Generating unique operation named: removeUsingDELETE_3
20:44:54.692 [main] INFO  c.s.a.CFArchivesApplication - [logStarted,61] - Started CFArchivesApplication in 6.437 seconds (JVM running for 7.01)
20:44:54.700 [main] INFO  c.a.n.c.c.i.ClientWorker - [addCacheDataIfAbsent,346] - [config_rpc_client] [subscribe] cf-archives+DEFAULT_GROUP
20:44:54.701 [main] INFO  c.a.n.c.c.i.CacheData - [addListener,128] - [config_rpc_client] [add-listener] ok, tenant=, dataId=cf-archives, group=DEFAULT_GROUP, cnt=1
20:44:54.701 [main] INFO  c.a.n.c.c.i.ClientWorker - [addCacheDataIfAbsent,346] - [config_rpc_client] [subscribe] cf-archives.yml+DEFAULT_GROUP
20:44:54.701 [main] INFO  c.a.n.c.c.i.CacheData - [addListener,128] - [config_rpc_client] [add-listener] ok, tenant=, dataId=cf-archives.yml, group=DEFAULT_GROUP, cnt=1
20:44:54.707 [main] INFO  c.a.n.c.c.i.ClientWorker - [addCacheDataIfAbsent,346] - [config_rpc_client] [subscribe] cf-archives-prod.yml+DEFAULT_GROUP
20:44:54.707 [main] INFO  c.a.n.c.c.i.CacheData - [addListener,128] - [config_rpc_client] [add-listener] ok, tenant=, dataId=cf-archives-prod.yml, group=DEFAULT_GROUP, cnt=1
20:44:54.884 [nacos-grpc-client-executor-8] INFO  c.a.n.c.r.client - [printIfInfoEnabled,60] - [548f6033-d977-4602-aa4c-023257dc29e7]receive server push request,request=NotifySubscriberRequest,requestId=61
20:44:54.887 [nacos-grpc-client-executor-8] INFO  c.a.n.client.naming - [isChangedServiceInfo,167] - init new ips(1) service: DEFAULT_GROUP@@cf-archives -> [{"ip":"192.168.0.110","port":9400,"weight":1.0,"healthy":true,"enabled":true,"ephemeral":true,"clusterName":"DEFAULT","serviceName":"DEFAULT_GROUP@@cf-archives","metadata":{"preserved.register.source":"SPRING_CLOUD"},"ipDeleteTimeout":30000,"instanceHeartBeatTimeOut":15000,"instanceHeartBeatInterval":5000}]
20:44:54.889 [nacos-grpc-client-executor-8] INFO  c.a.n.client.naming - [processServiceInfo,152] - current ips:(1) service: DEFAULT_GROUP@@cf-archives -> [{"ip":"192.168.0.110","port":9400,"weight":1.0,"healthy":true,"enabled":true,"ephemeral":true,"clusterName":"DEFAULT","serviceName":"DEFAULT_GROUP@@cf-archives","metadata":{"preserved.register.source":"SPRING_CLOUD"},"ipDeleteTimeout":30000,"instanceHeartBeatTimeOut":15000,"instanceHeartBeatInterval":5000}]
20:44:54.900 [nacos-grpc-client-executor-8] INFO  c.a.n.c.r.client - [printIfInfoEnabled,60] - [548f6033-d977-4602-aa4c-023257dc29e7]ack server push request,request=NotifySubscriberRequest,requestId=61
20:44:55.178 [RMI TCP Connection(5)-192.168.0.110] INFO  o.a.c.c.C.[.[.[/] - [log,173] - Initializing Spring DispatcherServlet 'dispatcherServlet'
20:44:55.374 [com.alibaba.nacos.client.naming.updater.0] INFO  c.a.n.client.naming - [isChangedServiceInfo,221] - new ips(1) service: DEFAULT_GROUP@@cf-archives@@DEFAULT -> [{"ip":"192.168.0.110","port":9400,"weight":1.0,"healthy":true,"enabled":true,"ephemeral":true,"clusterName":"DEFAULT","serviceName":"DEFAULT_GROUP@@cf-archives","metadata":{"preserved.register.source":"SPRING_CLOUD"},"ipDeleteTimeout":30000,"instanceHeartBeatTimeOut":15000,"instanceHeartBeatInterval":5000}]
20:44:55.375 [com.alibaba.nacos.client.naming.updater.0] INFO  c.a.n.client.naming - [processServiceInfo,152] - current ips:(1) service: DEFAULT_GROUP@@cf-archives@@DEFAULT -> [{"ip":"192.168.0.110","port":9400,"weight":1.0,"healthy":true,"enabled":true,"ephemeral":true,"clusterName":"DEFAULT","serviceName":"DEFAULT_GROUP@@cf-archives","metadata":{"preserved.register.source":"SPRING_CLOUD"},"ipDeleteTimeout":30000,"instanceHeartBeatTimeOut":15000,"instanceHeartBeatInterval":5000}]
23:06:40.716 [background-preinit] INFO  o.h.v.i.util.Version - [<clinit>,21] - HV000001: Hibernate Validator 6.2.0.Final
23:06:41.137 [main] INFO  c.a.n.c.c.i.LocalConfigInfoProcessor - [<clinit>,212] - LOCAL_SNAPSHOT_PATH:C:\Users\wanghongyin\nacos\config
23:06:41.164 [main] INFO  o.r.Reflections - [scan,232] - Reflections took 15 ms to scan 1 urls, producing 3 keys and 6 values 
23:06:41.179 [main] INFO  o.r.Reflections - [scan,232] - Reflections took 7 ms to scan 1 urls, producing 4 keys and 9 values 
23:06:41.187 [main] INFO  o.r.Reflections - [scan,232] - Reflections took 7 ms to scan 1 urls, producing 3 keys and 10 values 
23:06:41.284 [main] INFO  o.r.Reflections - [scan,232] - Reflections took 95 ms to scan 213 urls, producing 0 keys and 0 values 
23:06:41.291 [main] INFO  o.r.Reflections - [scan,232] - Reflections took 7 ms to scan 1 urls, producing 1 keys and 5 values 
23:06:41.306 [main] INFO  o.r.Reflections - [scan,232] - Reflections took 14 ms to scan 1 urls, producing 1 keys and 7 values 
23:06:41.318 [main] INFO  o.r.Reflections - [scan,232] - Reflections took 10 ms to scan 1 urls, producing 2 keys and 8 values 
23:06:41.392 [main] INFO  o.r.Reflections - [scan,232] - Reflections took 73 ms to scan 213 urls, producing 0 keys and 0 values 
23:06:41.393 [main] INFO  c.a.n.c.r.client - [printIfInfoEnabled,60] - [config-0-96278166-2c58-4b56-84f6-9c31c251e1f9]RpcClient init label, labels={module=config, Vipserver-Tag=null, source=sdk, Amory-Tag=null, Location-Tag=null, taskId=0, AppName=unknown}
23:06:41.393 [main] INFO  c.a.n.c.r.client - [printIfInfoEnabled,60] - [config-0-96278166-2c58-4b56-84f6-9c31c251e1f9]Register server push request handler:com.alibaba.nacos.client.config.impl.ClientWorker$ConfigRpcTransportClient$$Lambda$327/1850597787
23:06:41.393 [main] INFO  c.a.n.c.r.client - [printIfInfoEnabled,60] - [config-0-96278166-2c58-4b56-84f6-9c31c251e1f9]Register server push request handler:com.alibaba.nacos.client.config.impl.ClientWorker$ConfigRpcTransportClient$$Lambda$328/258737099
23:06:41.394 [main] INFO  c.a.n.c.r.client - [printIfInfoEnabled,60] - [config-0-96278166-2c58-4b56-84f6-9c31c251e1f9]Registry connection listener to current client:com.alibaba.nacos.client.config.impl.ClientWorker$ConfigRpcTransportClient$1
23:06:41.394 [main] INFO  c.a.n.c.r.client - [printIfInfoEnabled,60] - [config-0-96278166-2c58-4b56-84f6-9c31c251e1f9]RpcClient init, ServerListFactory =com.alibaba.nacos.client.config.impl.ClientWorker$ConfigRpcTransportClient$2
23:06:41.396 [main] INFO  c.a.n.c.r.client - [printIfInfoEnabled,60] - [config-0-96278166-2c58-4b56-84f6-9c31c251e1f9] Try to connect to server on start up, server: {serverIp='127.0.0.1', server main port=8848}
23:06:42.124 [main] INFO  c.a.n.c.r.client - [printIfInfoEnabled,60] - [config-0-96278166-2c58-4b56-84f6-9c31c251e1f9] Success to connect to server [127.0.0.1:8848] on start up,connectionId=1711120001932_127.0.0.1_64323
23:06:42.125 [com.alibaba.nacos.client.remote.worker] INFO  c.a.n.c.r.client - [printIfInfoEnabled,60] - [config-0-96278166-2c58-4b56-84f6-9c31c251e1f9]Notify connected event to listeners.
23:06:42.125 [main] INFO  c.a.n.c.r.client - [printIfInfoEnabled,60] - [config-0-96278166-2c58-4b56-84f6-9c31c251e1f9]Register server push request handler:com.alibaba.nacos.common.remote.client.RpcClient$ConnectResetRequestHandler
23:06:42.125 [com.alibaba.nacos.client.remote.worker] INFO  c.a.n.c.c.i.ClientWorker - [onConnected,625] - [config-0-96278166-2c58-4b56-84f6-9c31c251e1f9] Connected,notify listen context...
23:06:42.125 [main] INFO  c.a.n.c.r.client - [printIfInfoEnabled,60] - [config-0-96278166-2c58-4b56-84f6-9c31c251e1f9]Register server push request handler:com.alibaba.nacos.common.remote.client.RpcClient$4
23:06:42.145 [main] INFO  c.a.n.c.c.i.Limiter - [<clinit>,54] - limitTime:5.0
23:06:42.157 [main] INFO  c.a.n.c.c.u.JvmUtil - [<clinit>,49] - isMultiInstance:false
23:06:42.181 [main] INFO  c.s.a.CFArchivesApplication - [logStartupProfileInfo,667] - The following profiles are active: prod
23:06:43.443 [main] INFO  o.a.c.h.Http11NioProtocol - [log,173] - Initializing ProtocolHandler ["http-nio-9400"]
23:06:43.443 [main] INFO  o.a.c.c.StandardService - [log,173] - Starting service [Tomcat]
23:06:43.443 [main] INFO  o.a.c.c.StandardEngine - [log,173] - Starting Servlet engine: [Apache Tomcat/9.0.46]
23:06:43.509 [main] INFO  o.a.c.c.C.[.[.[/] - [log,173] - Initializing Spring embedded WebApplicationContext
23:06:44.065 [main] INFO  c.a.d.p.DruidDataSource - [init,990] - {dataSource-1,master} inited
23:06:44.066 [main] INFO  c.b.d.d.DynamicRoutingDataSource - [addDataSource,144] - dynamic-datasource - add a datasource named [master] success
23:06:44.067 [main] INFO  c.b.d.d.DynamicRoutingDataSource - [afterPropertiesSet,235] - dynamic-datasource initial loaded [1] datasource,primary datasource named [master]
23:06:44.596 [main] INFO  c.a.c.s.SentinelWebAutoConfiguration - [addInterceptors,80] - [Sentinel Starter] register SentinelWebInterceptor with urlPatterns: [/**].
23:06:45.220 [main] INFO  c.a.n.client.naming - [call,65] - initializer namespace from System Property :null
23:06:45.221 [main] INFO  c.a.n.client.naming - [call,74] - initializer namespace from System Environment :null
23:06:45.221 [main] INFO  c.a.n.client.naming - [call,84] - initializer namespace from System Property :null
23:06:45.232 [main] INFO  c.a.n.c.r.client - [printIfInfoEnabled,60] - [cbeaedfd-b526-4f47-8400-c248d4ed7b53]RpcClient init label, labels={module=naming, source=sdk}
23:06:45.233 [main] INFO  c.a.n.c.r.client - [printIfInfoEnabled,60] - [cbeaedfd-b526-4f47-8400-c248d4ed7b53]RpcClient init, ServerListFactory =com.alibaba.nacos.client.naming.core.ServerListManager
23:06:45.234 [main] INFO  c.a.n.c.r.client - [printIfInfoEnabled,60] - [cbeaedfd-b526-4f47-8400-c248d4ed7b53] Try to connect to server on start up, server: {serverIp='127.0.0.1', server main port=8848}
23:06:45.351 [main] INFO  c.a.n.c.r.client - [printIfInfoEnabled,60] - [cbeaedfd-b526-4f47-8400-c248d4ed7b53] Success to connect to server [127.0.0.1:8848] on start up,connectionId=1711120005239_127.0.0.1_64341
23:06:45.351 [main] INFO  c.a.n.c.r.client - [printIfInfoEnabled,60] - [cbeaedfd-b526-4f47-8400-c248d4ed7b53]Register server push request handler:com.alibaba.nacos.common.remote.client.RpcClient$ConnectResetRequestHandler
23:06:45.351 [main] INFO  c.a.n.c.r.client - [printIfInfoEnabled,60] - [cbeaedfd-b526-4f47-8400-c248d4ed7b53]Register server push request handler:com.alibaba.nacos.common.remote.client.RpcClient$4
23:06:45.352 [main] INFO  c.a.n.c.r.client - [printIfInfoEnabled,60] - [cbeaedfd-b526-4f47-8400-c248d4ed7b53]Register server push request handler:com.alibaba.nacos.client.naming.remote.gprc.NamingPushRequestHandler
23:06:45.352 [main] INFO  c.a.n.c.r.client - [printIfInfoEnabled,60] - [cbeaedfd-b526-4f47-8400-c248d4ed7b53]Registry connection listener to current client:com.alibaba.nacos.client.naming.remote.gprc.NamingGrpcConnectionEventListener
23:06:45.524 [main] INFO  s.d.s.w.PropertySourcedRequestMappingHandlerMapping - [initHandlerMethods,69] - Mapped URL path [/v2/api-docs] onto method [springfox.documentation.swagger2.web.Swagger2Controller#getDocumentation(String, HttpServletRequest)]
23:06:46.404 [main] INFO  c.a.n.c.i.CredentialWatcher - [loadCredential,165] - null No credential found
23:06:46.414 [main] INFO  c.a.n.client.naming - [isChangedServiceInfo,167] - init new ips(0) service: DEFAULT_GROUP@@cf-archives@@DEFAULT -> []
23:06:46.419 [main] INFO  c.a.n.client.naming - [processServiceInfo,152] - current ips:(0) service: DEFAULT_GROUP@@cf-archives@@DEFAULT -> []
23:06:46.430 [main] INFO  o.a.c.h.Http11NioProtocol - [log,173] - Starting ProtocolHandler ["http-nio-9400"]
23:06:46.440 [main] INFO  c.a.n.client.naming - [registerService,97] - [REGISTER-SERVICE] public registering service cf-archives with instance Instance{instanceId='null', ip='192.168.0.110', port=9400, weight=1.0, healthy=true, enabled=true, ephemeral=true, clusterName='DEFAULT', serviceName='null', metadata={preserved.register.source=SPRING_CLOUD}}
23:06:46.444 [main] INFO  c.a.c.n.r.NacosServiceRegistry - [register,75] - nacos registry, DEFAULT_GROUP cf-archives 192.168.0.110:9400 register finished
23:06:46.598 [main] INFO  s.d.s.w.p.DocumentationPluginsBootstrapper - [start,160] - Context refreshed
23:06:46.605 [main] INFO  s.d.s.w.p.DocumentationPluginsBootstrapper - [start,163] - Found 1 custom documentation plugin(s)
23:06:46.635 [main] INFO  s.d.s.w.s.ApiListingReferenceScanner - [scan,41] - Scanning for api listing references
23:06:46.739 [main] INFO  s.d.s.w.r.o.CachingOperationNameGenerator - [startingWith,40] - Generating unique operation named: addUsingPOST_1
23:06:46.740 [main] INFO  s.d.s.w.r.o.CachingOperationNameGenerator - [startingWith,40] - Generating unique operation named: editUsingPUT_1
23:06:46.743 [main] INFO  s.d.s.w.r.o.CachingOperationNameGenerator - [startingWith,40] - Generating unique operation named: exportUsingPOST_1
23:06:46.745 [main] INFO  s.d.s.w.r.o.CachingOperationNameGenerator - [startingWith,40] - Generating unique operation named: getInfoUsingGET_1
23:06:46.746 [main] INFO  s.d.s.w.r.o.CachingOperationNameGenerator - [startingWith,40] - Generating unique operation named: listUsingGET_1
23:06:46.747 [main] INFO  s.d.s.w.r.o.CachingOperationNameGenerator - [startingWith,40] - Generating unique operation named: removeUsingDELETE_1
23:06:46.751 [main] INFO  s.d.s.w.r.o.CachingOperationNameGenerator - [startingWith,40] - Generating unique operation named: addUsingPOST_2
23:06:46.752 [main] INFO  s.d.s.w.r.o.CachingOperationNameGenerator - [startingWith,40] - Generating unique operation named: editUsingPUT_2
23:06:46.755 [main] INFO  s.d.s.w.r.o.CachingOperationNameGenerator - [startingWith,40] - Generating unique operation named: exportUsingPOST_2
23:06:46.757 [main] INFO  s.d.s.w.r.o.CachingOperationNameGenerator - [startingWith,40] - Generating unique operation named: getInfoUsingGET_2
23:06:46.758 [main] INFO  s.d.s.w.r.o.CachingOperationNameGenerator - [startingWith,40] - Generating unique operation named: listUsingGET_2
23:06:46.759 [main] INFO  s.d.s.w.r.o.CachingOperationNameGenerator - [startingWith,40] - Generating unique operation named: removeUsingDELETE_2
23:06:46.775 [main] INFO  c.s.a.CFArchivesApplication - [logStarted,61] - Started CFArchivesApplication in 6.437 seconds (JVM running for 6.943)
23:06:46.787 [main] INFO  c.a.n.c.c.i.ClientWorker - [addCacheDataIfAbsent,346] - [config_rpc_client] [subscribe] cf-archives+DEFAULT_GROUP
23:06:46.788 [main] INFO  c.a.n.c.c.i.CacheData - [addListener,128] - [config_rpc_client] [add-listener] ok, tenant=, dataId=cf-archives, group=DEFAULT_GROUP, cnt=1
23:06:46.788 [main] INFO  c.a.n.c.c.i.ClientWorker - [addCacheDataIfAbsent,346] - [config_rpc_client] [subscribe] cf-archives.yml+DEFAULT_GROUP
23:06:46.788 [main] INFO  c.a.n.c.c.i.CacheData - [addListener,128] - [config_rpc_client] [add-listener] ok, tenant=, dataId=cf-archives.yml, group=DEFAULT_GROUP, cnt=1
23:06:46.797 [main] INFO  c.a.n.c.c.i.ClientWorker - [addCacheDataIfAbsent,346] - [config_rpc_client] [subscribe] cf-archives-prod.yml+DEFAULT_GROUP
23:06:46.798 [main] INFO  c.a.n.c.c.i.CacheData - [addListener,128] - [config_rpc_client] [add-listener] ok, tenant=, dataId=cf-archives-prod.yml, group=DEFAULT_GROUP, cnt=1
23:06:46.919 [nacos-grpc-client-executor-5] INFO  c.a.n.c.r.client - [printIfInfoEnabled,60] - [cbeaedfd-b526-4f47-8400-c248d4ed7b53]receive server push request,request=NotifySubscriberRequest,requestId=86
23:06:46.921 [nacos-grpc-client-executor-5] INFO  c.a.n.client.naming - [isChangedServiceInfo,167] - init new ips(1) service: DEFAULT_GROUP@@cf-archives -> [{"ip":"192.168.0.110","port":9400,"weight":1.0,"healthy":true,"enabled":true,"ephemeral":true,"clusterName":"DEFAULT","serviceName":"DEFAULT_GROUP@@cf-archives","metadata":{"preserved.register.source":"SPRING_CLOUD"},"instanceHeartBeatInterval":5000,"instanceHeartBeatTimeOut":15000,"ipDeleteTimeout":30000}]
23:06:46.922 [nacos-grpc-client-executor-5] INFO  c.a.n.client.naming - [processServiceInfo,152] - current ips:(1) service: DEFAULT_GROUP@@cf-archives -> [{"ip":"192.168.0.110","port":9400,"weight":1.0,"healthy":true,"enabled":true,"ephemeral":true,"clusterName":"DEFAULT","serviceName":"DEFAULT_GROUP@@cf-archives","metadata":{"preserved.register.source":"SPRING_CLOUD"},"instanceHeartBeatInterval":5000,"instanceHeartBeatTimeOut":15000,"ipDeleteTimeout":30000}]
23:06:46.928 [nacos-grpc-client-executor-5] INFO  c.a.n.c.r.client - [printIfInfoEnabled,60] - [cbeaedfd-b526-4f47-8400-c248d4ed7b53]ack server push request,request=NotifySubscriberRequest,requestId=86
23:06:47.043 [RMI TCP Connection(5)-192.168.0.110] INFO  o.a.c.c.C.[.[.[/] - [log,173] - Initializing Spring DispatcherServlet 'dispatcherServlet'
23:06:47.417 [com.alibaba.nacos.client.naming.updater.0] INFO  c.a.n.client.naming - [isChangedServiceInfo,221] - new ips(1) service: DEFAULT_GROUP@@cf-archives@@DEFAULT -> [{"ip":"192.168.0.110","port":9400,"weight":1.0,"healthy":true,"enabled":true,"ephemeral":true,"clusterName":"DEFAULT","serviceName":"DEFAULT_GROUP@@cf-archives","metadata":{"preserved.register.source":"SPRING_CLOUD"},"instanceHeartBeatInterval":5000,"instanceHeartBeatTimeOut":15000,"ipDeleteTimeout":30000}]
23:06:47.417 [com.alibaba.nacos.client.naming.updater.0] INFO  c.a.n.client.naming - [processServiceInfo,152] - current ips:(1) service: DEFAULT_GROUP@@cf-archives@@DEFAULT -> [{"ip":"192.168.0.110","port":9400,"weight":1.0,"healthy":true,"enabled":true,"ephemeral":true,"clusterName":"DEFAULT","serviceName":"DEFAULT_GROUP@@cf-archives","metadata":{"preserved.register.source":"SPRING_CLOUD"},"instanceHeartBeatInterval":5000,"instanceHeartBeatTimeOut":15000,"ipDeleteTimeout":30000}]
