10:02:57.886 [background-preinit] INFO  o.h.v.i.util.Version - [<clinit>,21] - HV000001: Hibernate Validator 6.2.0.Final
10:02:58.577 [main] INFO  c.a.n.c.c.i.LocalConfigInfoProcessor - [<clinit>,212] - LOCAL_SNAPSHOT_PATH:C:\Users\Administrator\nacos\config
10:02:58.611 [main] INFO  o.r.Reflections - [scan,232] - Reflections took 21 ms to scan 1 urls, producing 3 keys and 6 values 
10:02:58.633 [main] INFO  o.r.Reflections - [scan,232] - Reflections took 12 ms to scan 1 urls, producing 4 keys and 9 values 
10:02:58.645 [main] INFO  o.r.Reflections - [scan,232] - Reflections took 10 ms to scan 1 urls, producing 3 keys and 10 values 
10:02:58.791 [main] INFO  o.r.Reflections - [scan,232] - Reflections took 143 ms to scan 201 urls, producing 0 keys and 0 values 
10:02:58.801 [main] INFO  o.r.Reflections - [scan,232] - Reflections took 9 ms to scan 1 urls, producing 1 keys and 5 values 
10:02:58.812 [main] INFO  o.r.Reflections - [scan,232] - Reflections took 9 ms to scan 1 urls, producing 1 keys and 7 values 
10:02:58.824 [main] INFO  o.r.Reflections - [scan,232] - Reflections took 10 ms to scan 1 urls, producing 2 keys and 8 values 
10:02:58.952 [main] INFO  o.r.Reflections - [scan,232] - Reflections took 125 ms to scan 201 urls, producing 0 keys and 0 values 
10:02:58.952 [main] INFO  c.a.n.c.r.client - [printIfInfoEnabled,60] - [config-0-e230f627-b9ae-499a-9a9a-720b08e4a128]RpcClient init label, labels={module=config, Vipserver-Tag=null, source=sdk, Amory-Tag=null, Location-Tag=null, taskId=0, AppName=unknown}
10:02:58.953 [main] INFO  c.a.n.c.r.client - [printIfInfoEnabled,60] - [config-0-e230f627-b9ae-499a-9a9a-720b08e4a128]Register server push request handler:com.alibaba.nacos.client.config.impl.ClientWorker$ConfigRpcTransportClient$$Lambda$330/87242619
10:02:58.953 [main] INFO  c.a.n.c.r.client - [printIfInfoEnabled,60] - [config-0-e230f627-b9ae-499a-9a9a-720b08e4a128]Register server push request handler:com.alibaba.nacos.client.config.impl.ClientWorker$ConfigRpcTransportClient$$Lambda$331/864248990
10:02:58.953 [main] INFO  c.a.n.c.r.client - [printIfInfoEnabled,60] - [config-0-e230f627-b9ae-499a-9a9a-720b08e4a128]Registry connection listener to current client:com.alibaba.nacos.client.config.impl.ClientWorker$ConfigRpcTransportClient$1
10:02:58.954 [main] INFO  c.a.n.c.r.client - [printIfInfoEnabled,60] - [config-0-e230f627-b9ae-499a-9a9a-720b08e4a128]RpcClient init, ServerListFactory =com.alibaba.nacos.client.config.impl.ClientWorker$ConfigRpcTransportClient$2
10:02:58.956 [main] INFO  c.a.n.c.r.client - [printIfInfoEnabled,60] - [config-0-e230f627-b9ae-499a-9a9a-720b08e4a128] Try to connect to server on start up, server: {serverIp='127.0.0.1', server main port=8848}
10:03:00.029 [main] INFO  c.a.n.c.r.client - [printIfInfoEnabled,60] - [config-0-e230f627-b9ae-499a-9a9a-720b08e4a128] Success to connect to server [127.0.0.1:8848] on start up,connectionId=1629079379845_127.0.0.1_50635
10:03:00.029 [com.alibaba.nacos.client.remote.worker] INFO  c.a.n.c.r.client - [printIfInfoEnabled,60] - [config-0-e230f627-b9ae-499a-9a9a-720b08e4a128]Notify connected event to listeners.
10:03:00.029 [com.alibaba.nacos.client.remote.worker] INFO  c.a.n.c.c.i.ClientWorker - [onConnected,625] - [config-0-e230f627-b9ae-499a-9a9a-720b08e4a128] Connected,notify listen context...
10:03:00.029 [main] INFO  c.a.n.c.r.client - [printIfInfoEnabled,60] - [config-0-e230f627-b9ae-499a-9a9a-720b08e4a128]Register server push request handler:com.alibaba.nacos.common.remote.client.RpcClient$ConnectResetRequestHandler
10:03:00.029 [main] INFO  c.a.n.c.r.client - [printIfInfoEnabled,60] - [config-0-e230f627-b9ae-499a-9a9a-720b08e4a128]Register server push request handler:com.alibaba.nacos.common.remote.client.RpcClient$4
10:03:00.057 [main] INFO  c.a.n.c.c.i.Limiter - [<clinit>,54] - limitTime:5.0
10:03:00.069 [main] INFO  c.a.n.c.c.u.JvmUtil - [<clinit>,49] - isMultiInstance:false
10:03:00.105 [main] INFO  c.s.a.CFArchivesApplication - [logStartupProfileInfo,667] - The following profiles are active: dev
10:03:01.760 [main] INFO  o.a.c.h.Http11NioProtocol - [log,173] - Initializing ProtocolHandler ["http-nio-9400"]
10:03:01.760 [main] INFO  o.a.c.c.StandardService - [log,173] - Starting service [Tomcat]
10:03:01.760 [main] INFO  o.a.c.c.StandardEngine - [log,173] - Starting Servlet engine: [Apache Tomcat/9.0.46]
10:03:01.847 [main] INFO  o.a.c.c.C.[.[.[/] - [log,173] - Initializing Spring embedded WebApplicationContext
10:03:02.136 [main] INFO  c.a.d.p.DruidDataSource - [init,990] - {dataSource-1,master} inited
10:03:02.137 [main] INFO  c.b.d.d.DynamicRoutingDataSource - [addDataSource,144] - dynamic-datasource - add a datasource named [master] success
10:03:02.137 [main] INFO  c.b.d.d.DynamicRoutingDataSource - [afterPropertiesSet,235] - dynamic-datasource initial loaded [1] datasource,primary datasource named [master]
10:03:02.814 [main] INFO  c.a.c.s.SentinelWebAutoConfiguration - [addInterceptors,80] - [Sentinel Starter] register SentinelWebInterceptor with urlPatterns: [/**].
10:03:03.682 [main] INFO  c.a.n.client.naming - [call,65] - initializer namespace from System Property :null
10:03:03.683 [main] INFO  c.a.n.client.naming - [call,74] - initializer namespace from System Environment :null
10:03:03.683 [main] INFO  c.a.n.client.naming - [call,84] - initializer namespace from System Property :null
10:03:03.697 [main] INFO  c.a.n.c.r.client - [printIfInfoEnabled,60] - [319b8048-4278-4547-bd60-333e718de684]RpcClient init label, labels={module=naming, source=sdk}
10:03:03.697 [main] INFO  c.a.n.c.r.client - [printIfInfoEnabled,60] - [319b8048-4278-4547-bd60-333e718de684]RpcClient init, ServerListFactory =com.alibaba.nacos.client.naming.core.ServerListManager
10:03:03.698 [main] INFO  c.a.n.c.r.client - [printIfInfoEnabled,60] - [319b8048-4278-4547-bd60-333e718de684] Try to connect to server on start up, server: {serverIp='127.0.0.1', server main port=8848}
10:03:03.806 [main] INFO  c.a.n.c.r.client - [printIfInfoEnabled,60] - [319b8048-4278-4547-bd60-333e718de684] Success to connect to server [127.0.0.1:8848] on start up,connectionId=1629079383702_127.0.0.1_50645
10:03:03.806 [main] INFO  c.a.n.c.r.client - [printIfInfoEnabled,60] - [319b8048-4278-4547-bd60-333e718de684]Register server push request handler:com.alibaba.nacos.common.remote.client.RpcClient$ConnectResetRequestHandler
10:03:03.806 [main] INFO  c.a.n.c.r.client - [printIfInfoEnabled,60] - [319b8048-4278-4547-bd60-333e718de684]Register server push request handler:com.alibaba.nacos.common.remote.client.RpcClient$4
10:03:03.806 [main] INFO  c.a.n.c.r.client - [printIfInfoEnabled,60] - [319b8048-4278-4547-bd60-333e718de684]Register server push request handler:com.alibaba.nacos.client.naming.remote.gprc.NamingPushRequestHandler
10:03:03.806 [main] INFO  c.a.n.c.r.client - [printIfInfoEnabled,60] - [319b8048-4278-4547-bd60-333e718de684]Registry connection listener to current client:com.alibaba.nacos.client.naming.remote.gprc.NamingGrpcConnectionEventListener
10:03:04.035 [main] INFO  s.d.s.w.PropertySourcedRequestMappingHandlerMapping - [initHandlerMethods,69] - Mapped URL path [/v2/api-docs] onto method [springfox.documentation.swagger2.web.Swagger2Controller#getDocumentation(String, HttpServletRequest)]
10:03:05.194 [main] INFO  c.a.n.c.i.CredentialWatcher - [loadCredential,165] - null No credential found
10:03:05.208 [main] INFO  c.a.n.client.naming - [isChangedServiceInfo,167] - init new ips(0) service: DEFAULT_GROUP@@cf-archives@@DEFAULT -> []
10:03:05.214 [main] INFO  c.a.n.client.naming - [processServiceInfo,152] - current ips:(0) service: DEFAULT_GROUP@@cf-archives@@DEFAULT -> []
10:03:05.218 [main] INFO  o.a.c.h.Http11NioProtocol - [log,173] - Starting ProtocolHandler ["http-nio-9400"]
10:03:05.231 [main] INFO  c.a.n.client.naming - [registerService,97] - [REGISTER-SERVICE] public registering service cf-archives with instance Instance{instanceId='null', ip='192.168.0.126', port=9400, weight=1.0, healthy=true, enabled=true, ephemeral=true, clusterName='DEFAULT', serviceName='null', metadata={preserved.register.source=SPRING_CLOUD}}
10:03:05.236 [main] INFO  c.a.c.n.r.NacosServiceRegistry - [register,75] - nacos registry, DEFAULT_GROUP cf-archives 192.168.0.126:9400 register finished
10:03:05.482 [main] INFO  s.d.s.w.p.DocumentationPluginsBootstrapper - [start,160] - Context refreshed
10:03:05.491 [main] INFO  s.d.s.w.p.DocumentationPluginsBootstrapper - [start,163] - Found 1 custom documentation plugin(s)
10:03:05.522 [main] INFO  s.d.s.w.s.ApiListingReferenceScanner - [scan,41] - Scanning for api listing references
10:03:05.613 [main] INFO  s.d.s.w.r.o.CachingOperationNameGenerator - [startingWith,40] - Generating unique operation named: addUsingPOST_1
10:03:05.614 [main] INFO  s.d.s.w.r.o.CachingOperationNameGenerator - [startingWith,40] - Generating unique operation named: editUsingPUT_1
10:03:05.618 [main] INFO  s.d.s.w.r.o.CachingOperationNameGenerator - [startingWith,40] - Generating unique operation named: exportUsingPOST_1
10:03:05.619 [main] INFO  s.d.s.w.r.o.CachingOperationNameGenerator - [startingWith,40] - Generating unique operation named: getInfoUsingGET_1
10:03:05.621 [main] INFO  s.d.s.w.r.o.CachingOperationNameGenerator - [startingWith,40] - Generating unique operation named: listUsingGET_1
10:03:05.622 [main] INFO  s.d.s.w.r.o.CachingOperationNameGenerator - [startingWith,40] - Generating unique operation named: removeUsingDELETE_1
10:03:05.627 [main] INFO  s.d.s.w.r.o.CachingOperationNameGenerator - [startingWith,40] - Generating unique operation named: addUsingPOST_2
10:03:05.628 [main] INFO  s.d.s.w.r.o.CachingOperationNameGenerator - [startingWith,40] - Generating unique operation named: editUsingPUT_2
10:03:05.634 [main] INFO  s.d.s.w.r.o.CachingOperationNameGenerator - [startingWith,40] - Generating unique operation named: exportUsingPOST_2
10:03:05.635 [main] INFO  s.d.s.w.r.o.CachingOperationNameGenerator - [startingWith,40] - Generating unique operation named: getInfoUsingGET_2
10:03:05.637 [main] INFO  s.d.s.w.r.o.CachingOperationNameGenerator - [startingWith,40] - Generating unique operation named: listUsingGET_2
10:03:05.638 [main] INFO  s.d.s.w.r.o.CachingOperationNameGenerator - [startingWith,40] - Generating unique operation named: removeUsingDELETE_2
10:03:05.657 [main] INFO  c.s.a.CFArchivesApplication - [logStarted,61] - Started CFArchivesApplication in 8.593 seconds (JVM running for 10.233)
10:03:05.666 [main] INFO  c.a.n.c.c.i.ClientWorker - [addCacheDataIfAbsent,346] - [config_rpc_client] [subscribe] cf-archives+DEFAULT_GROUP
10:03:05.667 [main] INFO  c.a.n.c.c.i.CacheData - [addListener,128] - [config_rpc_client] [add-listener] ok, tenant=, dataId=cf-archives, group=DEFAULT_GROUP, cnt=1
10:03:05.667 [main] INFO  c.a.n.c.c.i.ClientWorker - [addCacheDataIfAbsent,346] - [config_rpc_client] [subscribe] cf-archives.yml+DEFAULT_GROUP
10:03:05.667 [main] INFO  c.a.n.c.c.i.CacheData - [addListener,128] - [config_rpc_client] [add-listener] ok, tenant=, dataId=cf-archives.yml, group=DEFAULT_GROUP, cnt=1
10:03:05.668 [main] INFO  c.a.n.c.c.i.ClientWorker - [addCacheDataIfAbsent,346] - [config_rpc_client] [subscribe] cf-archives-dev.yml+DEFAULT_GROUP
10:03:05.668 [main] INFO  c.a.n.c.c.i.CacheData - [addListener,128] - [config_rpc_client] [add-listener] ok, tenant=, dataId=cf-archives-dev.yml, group=DEFAULT_GROUP, cnt=1
10:03:05.737 [nacos-grpc-client-executor-6] INFO  c.a.n.c.r.client - [printIfInfoEnabled,60] - [319b8048-4278-4547-bd60-333e718de684]receive server push request,request=NotifySubscriberRequest,requestId=21
10:03:05.739 [nacos-grpc-client-executor-6] INFO  c.a.n.client.naming - [isChangedServiceInfo,167] - init new ips(1) service: DEFAULT_GROUP@@cf-archives -> [{"ip":"192.168.0.126","port":9400,"weight":1.0,"healthy":true,"enabled":true,"ephemeral":true,"clusterName":"DEFAULT","serviceName":"DEFAULT_GROUP@@cf-archives","metadata":{"preserved.register.source":"SPRING_CLOUD"},"instanceHeartBeatInterval":5000,"instanceHeartBeatTimeOut":15000,"ipDeleteTimeout":30000}]
10:03:05.740 [nacos-grpc-client-executor-6] INFO  c.a.n.client.naming - [processServiceInfo,152] - current ips:(1) service: DEFAULT_GROUP@@cf-archives -> [{"ip":"192.168.0.126","port":9400,"weight":1.0,"healthy":true,"enabled":true,"ephemeral":true,"clusterName":"DEFAULT","serviceName":"DEFAULT_GROUP@@cf-archives","metadata":{"preserved.register.source":"SPRING_CLOUD"},"instanceHeartBeatInterval":5000,"instanceHeartBeatTimeOut":15000,"ipDeleteTimeout":30000}]
10:03:05.740 [nacos-grpc-client-executor-6] INFO  c.a.n.c.r.client - [printIfInfoEnabled,60] - [319b8048-4278-4547-bd60-333e718de684]ack server push request,request=NotifySubscriberRequest,requestId=21
10:03:06.213 [com.alibaba.nacos.client.naming.updater.0] INFO  c.a.n.client.naming - [isChangedServiceInfo,221] - new ips(1) service: DEFAULT_GROUP@@cf-archives@@DEFAULT -> [{"ip":"192.168.0.126","port":9400,"weight":1.0,"healthy":true,"enabled":true,"ephemeral":true,"clusterName":"DEFAULT","serviceName":"DEFAULT_GROUP@@cf-archives","metadata":{"preserved.register.source":"SPRING_CLOUD"},"instanceHeartBeatInterval":5000,"instanceHeartBeatTimeOut":15000,"ipDeleteTimeout":30000}]
10:03:06.213 [com.alibaba.nacos.client.naming.updater.0] INFO  c.a.n.client.naming - [processServiceInfo,152] - current ips:(1) service: DEFAULT_GROUP@@cf-archives@@DEFAULT -> [{"ip":"192.168.0.126","port":9400,"weight":1.0,"healthy":true,"enabled":true,"ephemeral":true,"clusterName":"DEFAULT","serviceName":"DEFAULT_GROUP@@cf-archives","metadata":{"preserved.register.source":"SPRING_CLOUD"},"instanceHeartBeatInterval":5000,"instanceHeartBeatTimeOut":15000,"ipDeleteTimeout":30000}]
10:03:22.308 [http-nio-9400-exec-1] INFO  o.a.c.c.C.[.[.[/] - [log,173] - Initializing Spring DispatcherServlet 'dispatcherServlet'
