16:05:43.743 [background-preinit] INFO  o.h.v.i.util.Version - [<clinit>,21] - HV000001: Hibernate Validator 6.2.0.Final
16:05:44.289 [main] INFO  c.a.n.c.c.i.LocalConfigInfoProcessor - [<clinit>,212] - LOCAL_SNAPSHOT_PATH:C:\Users\26095\nacos\config
16:05:44.348 [main] INFO  o.r.Reflections - [scan,232] - Reflections took 32 ms to scan 1 urls, producing 3 keys and 6 values 
16:05:44.375 [main] INFO  o.r.Reflections - [scan,232] - Reflections took 10 ms to scan 1 urls, producing 4 keys and 9 values 
16:05:44.387 [main] INFO  o.r.Reflections - [scan,232] - Reflections took 10 ms to scan 1 urls, producing 3 keys and 10 values 
16:05:44.401 [main] INFO  o.r.Reflections - [scan,232] - Reflections took 11 ms to scan 1 urls, producing 1 keys and 5 values 
16:05:44.422 [main] INFO  o.r.Reflections - [scan,232] - Reflections took 7 ms to scan 1 urls, producing 1 keys and 7 values 
16:05:44.432 [main] INFO  o.r.Reflections - [scan,232] - Reflections took 8 ms to scan 1 urls, producing 2 keys and 8 values 
16:05:44.434 [main] INFO  c.a.n.c.r.client - [printIfInfoEnabled,60] - [config-0-226abf47-c9ae-4418-9195-e94b8cc22131]RpcClient init label, labels={module=config, Vipserver-Tag=null, source=sdk, Amory-Tag=null, Location-Tag=null, taskId=0, AppName=unknown}
16:05:44.435 [main] INFO  c.a.n.c.r.client - [printIfInfoEnabled,60] - [config-0-226abf47-c9ae-4418-9195-e94b8cc22131]Register server push request handler:com.alibaba.nacos.client.config.impl.ClientWorker$ConfigRpcTransportClient$$Lambda/0x000001ff81384f98
16:05:44.435 [main] INFO  c.a.n.c.r.client - [printIfInfoEnabled,60] - [config-0-226abf47-c9ae-4418-9195-e94b8cc22131]Register server push request handler:com.alibaba.nacos.client.config.impl.ClientWorker$ConfigRpcTransportClient$$Lambda/0x000001ff813851b8
16:05:44.435 [main] INFO  c.a.n.c.r.client - [printIfInfoEnabled,60] - [config-0-226abf47-c9ae-4418-9195-e94b8cc22131]Registry connection listener to current client:com.alibaba.nacos.client.config.impl.ClientWorker$ConfigRpcTransportClient$1
16:05:44.436 [main] INFO  c.a.n.c.r.client - [printIfInfoEnabled,60] - [config-0-226abf47-c9ae-4418-9195-e94b8cc22131]RpcClient init, ServerListFactory =com.alibaba.nacos.client.config.impl.ClientWorker$ConfigRpcTransportClient$2
16:05:44.438 [main] INFO  c.a.n.c.r.client - [printIfInfoEnabled,60] - [config-0-226abf47-c9ae-4418-9195-e94b8cc22131] Try to connect to server on start up, server: {serverIp='127.0.0.1', server main port=8848}
16:05:45.078 [main] INFO  c.a.n.c.r.client - [printIfInfoEnabled,60] - [config-0-226abf47-c9ae-4418-9195-e94b8cc22131] Success to connect to server [127.0.0.1:8848] on start up,connectionId=1711181144910_127.0.0.1_63495
16:05:45.079 [com.alibaba.nacos.client.remote.worker] INFO  c.a.n.c.r.client - [printIfInfoEnabled,60] - [config-0-226abf47-c9ae-4418-9195-e94b8cc22131]Notify connected event to listeners.
16:05:45.079 [main] INFO  c.a.n.c.r.client - [printIfInfoEnabled,60] - [config-0-226abf47-c9ae-4418-9195-e94b8cc22131]Register server push request handler:com.alibaba.nacos.common.remote.client.RpcClient$ConnectResetRequestHandler
16:05:45.079 [com.alibaba.nacos.client.remote.worker] INFO  c.a.n.c.c.i.ClientWorker - [onConnected,625] - [config-0-226abf47-c9ae-4418-9195-e94b8cc22131] Connected,notify listen context...
16:05:45.079 [main] INFO  c.a.n.c.r.client - [printIfInfoEnabled,60] - [config-0-226abf47-c9ae-4418-9195-e94b8cc22131]Register server push request handler:com.alibaba.nacos.common.remote.client.RpcClient$4
16:05:45.114 [main] INFO  c.a.n.c.c.i.Limiter - [<clinit>,54] - limitTime:5.0
16:05:45.131 [main] INFO  c.a.n.c.c.u.JvmUtil - [<clinit>,49] - isMultiInstance:false
16:05:45.163 [main] INFO  c.s.a.CFArchivesApplication - [logStartupProfileInfo,667] - The following profiles are active: prod
16:05:47.982 [main] INFO  o.a.c.h.Http11NioProtocol - [log,173] - Initializing ProtocolHandler ["http-nio-9400"]
16:05:47.982 [main] INFO  o.a.c.c.StandardService - [log,173] - Starting service [Tomcat]
16:05:47.982 [main] INFO  o.a.c.c.StandardEngine - [log,173] - Starting Servlet engine: [Apache Tomcat/9.0.46]
16:05:48.117 [main] INFO  o.a.c.c.C.[.[.[/] - [log,173] - Initializing Spring embedded WebApplicationContext
16:05:48.684 [main] INFO  c.a.d.p.DruidDataSource - [init,990] - {dataSource-1,master} inited
16:05:48.685 [main] INFO  c.b.d.d.DynamicRoutingDataSource - [addDataSource,144] - dynamic-datasource - add a datasource named [master] success
16:05:48.685 [main] INFO  c.b.d.d.DynamicRoutingDataSource - [afterPropertiesSet,235] - dynamic-datasource initial loaded [1] datasource,primary datasource named [master]
16:05:49.338 [main] INFO  c.a.c.s.SentinelWebAutoConfiguration - [addInterceptors,80] - [Sentinel Starter] register SentinelWebInterceptor with urlPatterns: [/**].
16:05:49.827 [main] INFO  c.a.n.client.naming - [call,65] - initializer namespace from System Property :null
16:05:49.828 [main] INFO  c.a.n.client.naming - [call,74] - initializer namespace from System Environment :null
16:05:49.828 [main] INFO  c.a.n.client.naming - [call,84] - initializer namespace from System Property :null
16:05:49.843 [main] INFO  c.a.n.c.r.client - [printIfInfoEnabled,60] - [ef8cf7b3-d3ea-438a-8d3a-96fd1e437e0a]RpcClient init label, labels={module=naming, source=sdk}
16:05:49.844 [main] INFO  c.a.n.c.r.client - [printIfInfoEnabled,60] - [ef8cf7b3-d3ea-438a-8d3a-96fd1e437e0a]RpcClient init, ServerListFactory =com.alibaba.nacos.client.naming.core.ServerListManager
16:05:49.844 [main] INFO  c.a.n.c.r.client - [printIfInfoEnabled,60] - [ef8cf7b3-d3ea-438a-8d3a-96fd1e437e0a] Try to connect to server on start up, server: {serverIp='127.0.0.1', server main port=8848}
16:05:49.971 [main] INFO  c.a.n.c.r.client - [printIfInfoEnabled,60] - [ef8cf7b3-d3ea-438a-8d3a-96fd1e437e0a] Success to connect to server [127.0.0.1:8848] on start up,connectionId=1711181149851_127.0.0.1_63504
16:05:49.971 [main] INFO  c.a.n.c.r.client - [printIfInfoEnabled,60] - [ef8cf7b3-d3ea-438a-8d3a-96fd1e437e0a]Register server push request handler:com.alibaba.nacos.common.remote.client.RpcClient$ConnectResetRequestHandler
16:05:49.971 [main] INFO  c.a.n.c.r.client - [printIfInfoEnabled,60] - [ef8cf7b3-d3ea-438a-8d3a-96fd1e437e0a]Register server push request handler:com.alibaba.nacos.common.remote.client.RpcClient$4
16:05:49.972 [main] INFO  c.a.n.c.r.client - [printIfInfoEnabled,60] - [ef8cf7b3-d3ea-438a-8d3a-96fd1e437e0a]Register server push request handler:com.alibaba.nacos.client.naming.remote.gprc.NamingPushRequestHandler
16:05:49.972 [main] INFO  c.a.n.c.r.client - [printIfInfoEnabled,60] - [ef8cf7b3-d3ea-438a-8d3a-96fd1e437e0a]Registry connection listener to current client:com.alibaba.nacos.client.naming.remote.gprc.NamingGrpcConnectionEventListener
16:05:50.262 [main] INFO  s.d.s.w.PropertySourcedRequestMappingHandlerMapping - [initHandlerMethods,69] - Mapped URL path [/v2/api-docs] onto method [springfox.documentation.swagger2.web.Swagger2Controller#getDocumentation(String, HttpServletRequest)]
16:05:51.556 [main] INFO  c.a.n.c.i.CredentialWatcher - [loadCredential,165] - null No credential found
16:05:51.569 [main] INFO  c.a.n.client.naming - [isChangedServiceInfo,167] - init new ips(0) service: DEFAULT_GROUP@@cf-archives@@DEFAULT -> []
16:05:51.576 [main] INFO  c.a.n.client.naming - [processServiceInfo,152] - current ips:(0) service: DEFAULT_GROUP@@cf-archives@@DEFAULT -> []
16:05:51.585 [main] INFO  o.a.c.h.Http11NioProtocol - [log,173] - Starting ProtocolHandler ["http-nio-9400"]
16:05:51.606 [main] INFO  c.a.n.client.naming - [registerService,97] - [REGISTER-SERVICE] public registering service cf-archives with instance Instance{instanceId='null', ip='192.168.194.32', port=9400, weight=1.0, healthy=true, enabled=true, ephemeral=true, clusterName='DEFAULT', serviceName='null', metadata={preserved.register.source=SPRING_CLOUD}}
16:05:51.615 [main] INFO  c.a.c.n.r.NacosServiceRegistry - [register,75] - nacos registry, DEFAULT_GROUP cf-archives 192.168.194.32:9400 register finished
16:05:51.625 [main] INFO  s.d.s.w.p.DocumentationPluginsBootstrapper - [start,160] - Context refreshed
16:05:51.637 [main] INFO  s.d.s.w.p.DocumentationPluginsBootstrapper - [start,163] - Found 1 custom documentation plugin(s)
16:05:51.670 [main] INFO  s.d.s.w.s.ApiListingReferenceScanner - [scan,41] - Scanning for api listing references
16:05:51.782 [main] INFO  s.d.s.w.r.o.CachingOperationNameGenerator - [startingWith,40] - Generating unique operation named: addUsingPOST_1
16:05:51.784 [main] INFO  s.d.s.w.r.o.CachingOperationNameGenerator - [startingWith,40] - Generating unique operation named: editUsingPUT_1
16:05:51.790 [main] INFO  s.d.s.w.r.o.CachingOperationNameGenerator - [startingWith,40] - Generating unique operation named: exportUsingPOST_1
16:05:51.792 [main] INFO  s.d.s.w.r.o.CachingOperationNameGenerator - [startingWith,40] - Generating unique operation named: getInfoUsingGET_1
16:05:51.795 [main] INFO  s.d.s.w.r.o.CachingOperationNameGenerator - [startingWith,40] - Generating unique operation named: listUsingGET_1
16:05:51.797 [main] INFO  s.d.s.w.r.o.CachingOperationNameGenerator - [startingWith,40] - Generating unique operation named: removeUsingDELETE_1
16:05:51.803 [main] INFO  s.d.s.w.r.o.CachingOperationNameGenerator - [startingWith,40] - Generating unique operation named: addUsingPOST_2
16:05:51.804 [main] INFO  s.d.s.w.r.o.CachingOperationNameGenerator - [startingWith,40] - Generating unique operation named: editUsingPUT_2
16:05:51.808 [main] INFO  s.d.s.w.r.o.CachingOperationNameGenerator - [startingWith,40] - Generating unique operation named: exportUsingPOST_2
16:05:51.810 [main] INFO  s.d.s.w.r.o.CachingOperationNameGenerator - [startingWith,40] - Generating unique operation named: getInfoUsingGET_2
16:05:51.813 [main] INFO  s.d.s.w.r.o.CachingOperationNameGenerator - [startingWith,40] - Generating unique operation named: listUsingGET_2
16:05:51.814 [main] INFO  s.d.s.w.r.o.CachingOperationNameGenerator - [startingWith,40] - Generating unique operation named: removeUsingDELETE_2
16:05:51.839 [main] INFO  c.s.a.CFArchivesApplication - [logStarted,61] - Started CFArchivesApplication in 8.629 seconds (JVM running for 10.502)
16:05:51.853 [main] INFO  c.a.n.c.c.i.ClientWorker - [addCacheDataIfAbsent,346] - [config_rpc_client] [subscribe] cf-archives+DEFAULT_GROUP
16:05:51.854 [main] INFO  c.a.n.c.c.i.CacheData - [addListener,128] - [config_rpc_client] [add-listener] ok, tenant=, dataId=cf-archives, group=DEFAULT_GROUP, cnt=1
16:05:51.854 [main] INFO  c.a.n.c.c.i.ClientWorker - [addCacheDataIfAbsent,346] - [config_rpc_client] [subscribe] cf-archives.yml+DEFAULT_GROUP
16:05:51.855 [main] INFO  c.a.n.c.c.i.CacheData - [addListener,128] - [config_rpc_client] [add-listener] ok, tenant=, dataId=cf-archives.yml, group=DEFAULT_GROUP, cnt=1
16:05:51.856 [main] INFO  c.a.n.c.c.i.ClientWorker - [addCacheDataIfAbsent,346] - [config_rpc_client] [subscribe] cf-archives-prod.yml+DEFAULT_GROUP
16:05:51.856 [main] INFO  c.a.n.c.c.i.CacheData - [addListener,128] - [config_rpc_client] [add-listener] ok, tenant=, dataId=cf-archives-prod.yml, group=DEFAULT_GROUP, cnt=1
16:05:52.038 [RMI TCP Connection(2)-192.168.194.32] INFO  o.a.c.c.C.[.[.[/] - [log,173] - Initializing Spring DispatcherServlet 'dispatcherServlet'
16:05:52.153 [nacos-grpc-client-executor-9] INFO  c.a.n.c.r.client - [printIfInfoEnabled,60] - [ef8cf7b3-d3ea-438a-8d3a-96fd1e437e0a]receive server push request,request=NotifySubscriberRequest,requestId=8
16:05:52.154 [nacos-grpc-client-executor-9] INFO  c.a.n.client.naming - [isChangedServiceInfo,167] - init new ips(1) service: DEFAULT_GROUP@@cf-archives -> [{"ip":"192.168.194.32","port":9400,"weight":1.0,"healthy":true,"enabled":true,"ephemeral":true,"clusterName":"DEFAULT","serviceName":"DEFAULT_GROUP@@cf-archives","metadata":{"preserved.register.source":"SPRING_CLOUD"},"ipDeleteTimeout":30000,"instanceHeartBeatTimeOut":15000,"instanceHeartBeatInterval":5000}]
16:05:52.155 [nacos-grpc-client-executor-9] INFO  c.a.n.client.naming - [processServiceInfo,152] - current ips:(1) service: DEFAULT_GROUP@@cf-archives -> [{"ip":"192.168.194.32","port":9400,"weight":1.0,"healthy":true,"enabled":true,"ephemeral":true,"clusterName":"DEFAULT","serviceName":"DEFAULT_GROUP@@cf-archives","metadata":{"preserved.register.source":"SPRING_CLOUD"},"ipDeleteTimeout":30000,"instanceHeartBeatTimeOut":15000,"instanceHeartBeatInterval":5000}]
16:05:52.161 [nacos-grpc-client-executor-9] INFO  c.a.n.c.r.client - [printIfInfoEnabled,60] - [ef8cf7b3-d3ea-438a-8d3a-96fd1e437e0a]ack server push request,request=NotifySubscriberRequest,requestId=8
16:05:52.583 [com.alibaba.nacos.client.naming.updater.0] INFO  c.a.n.client.naming - [isChangedServiceInfo,221] - new ips(1) service: DEFAULT_GROUP@@cf-archives@@DEFAULT -> [{"ip":"192.168.194.32","port":9400,"weight":1.0,"healthy":true,"enabled":true,"ephemeral":true,"clusterName":"DEFAULT","serviceName":"DEFAULT_GROUP@@cf-archives","metadata":{"preserved.register.source":"SPRING_CLOUD"},"ipDeleteTimeout":30000,"instanceHeartBeatTimeOut":15000,"instanceHeartBeatInterval":5000}]
16:05:52.583 [com.alibaba.nacos.client.naming.updater.0] INFO  c.a.n.client.naming - [processServiceInfo,152] - current ips:(1) service: DEFAULT_GROUP@@cf-archives@@DEFAULT -> [{"ip":"192.168.194.32","port":9400,"weight":1.0,"healthy":true,"enabled":true,"ephemeral":true,"clusterName":"DEFAULT","serviceName":"DEFAULT_GROUP@@cf-archives","metadata":{"preserved.register.source":"SPRING_CLOUD"},"ipDeleteTimeout":30000,"instanceHeartBeatTimeOut":15000,"instanceHeartBeatInterval":5000}]
18:51:47.199 [background-preinit] INFO  o.h.v.i.util.Version - [<clinit>,21] - HV000001: Hibernate Validator 6.2.0.Final
18:51:48.642 [main] INFO  c.a.n.c.c.i.LocalConfigInfoProcessor - [<clinit>,212] - LOCAL_SNAPSHOT_PATH:C:\Users\26095\nacos\config
18:51:48.692 [main] INFO  o.r.Reflections - [scan,232] - Reflections took 27 ms to scan 1 urls, producing 3 keys and 6 values 
18:51:48.711 [main] INFO  o.r.Reflections - [scan,232] - Reflections took 8 ms to scan 1 urls, producing 4 keys and 9 values 
18:51:48.720 [main] INFO  o.r.Reflections - [scan,232] - Reflections took 7 ms to scan 1 urls, producing 3 keys and 10 values 
18:51:48.728 [main] INFO  o.r.Reflections - [scan,232] - Reflections took 6 ms to scan 1 urls, producing 1 keys and 5 values 
18:51:48.738 [main] INFO  o.r.Reflections - [scan,232] - Reflections took 9 ms to scan 1 urls, producing 1 keys and 7 values 
18:51:48.746 [main] INFO  o.r.Reflections - [scan,232] - Reflections took 7 ms to scan 1 urls, producing 2 keys and 8 values 
18:51:48.748 [main] INFO  c.a.n.c.r.client - [printIfInfoEnabled,60] - [config-0-914c8d94-a5ef-41c9-ae54-81f7c10ec8e2]RpcClient init label, labels={module=config, Vipserver-Tag=null, source=sdk, Amory-Tag=null, Location-Tag=null, taskId=0, AppName=unknown}
18:51:48.748 [main] INFO  c.a.n.c.r.client - [printIfInfoEnabled,60] - [config-0-914c8d94-a5ef-41c9-ae54-81f7c10ec8e2]Register server push request handler:com.alibaba.nacos.client.config.impl.ClientWorker$ConfigRpcTransportClient$$Lambda/0x000001c84a390200
18:51:48.749 [main] INFO  c.a.n.c.r.client - [printIfInfoEnabled,60] - [config-0-914c8d94-a5ef-41c9-ae54-81f7c10ec8e2]Register server push request handler:com.alibaba.nacos.client.config.impl.ClientWorker$ConfigRpcTransportClient$$Lambda/0x000001c84a390420
18:51:48.749 [main] INFO  c.a.n.c.r.client - [printIfInfoEnabled,60] - [config-0-914c8d94-a5ef-41c9-ae54-81f7c10ec8e2]Registry connection listener to current client:com.alibaba.nacos.client.config.impl.ClientWorker$ConfigRpcTransportClient$1
18:51:48.749 [main] INFO  c.a.n.c.r.client - [printIfInfoEnabled,60] - [config-0-914c8d94-a5ef-41c9-ae54-81f7c10ec8e2]RpcClient init, ServerListFactory =com.alibaba.nacos.client.config.impl.ClientWorker$ConfigRpcTransportClient$2
18:51:48.751 [main] INFO  c.a.n.c.r.client - [printIfInfoEnabled,60] - [config-0-914c8d94-a5ef-41c9-ae54-81f7c10ec8e2] Try to connect to server on start up, server: {serverIp='127.0.0.1', server main port=8848}
18:51:49.345 [main] INFO  c.a.n.c.r.client - [printIfInfoEnabled,60] - [config-0-914c8d94-a5ef-41c9-ae54-81f7c10ec8e2] Success to connect to server [127.0.0.1:8848] on start up,connectionId=1711191109176_127.0.0.1_52204
18:51:49.346 [com.alibaba.nacos.client.remote.worker] INFO  c.a.n.c.r.client - [printIfInfoEnabled,60] - [config-0-914c8d94-a5ef-41c9-ae54-81f7c10ec8e2]Notify connected event to listeners.
18:51:49.346 [main] INFO  c.a.n.c.r.client - [printIfInfoEnabled,60] - [config-0-914c8d94-a5ef-41c9-ae54-81f7c10ec8e2]Register server push request handler:com.alibaba.nacos.common.remote.client.RpcClient$ConnectResetRequestHandler
18:51:49.346 [com.alibaba.nacos.client.remote.worker] INFO  c.a.n.c.c.i.ClientWorker - [onConnected,625] - [config-0-914c8d94-a5ef-41c9-ae54-81f7c10ec8e2] Connected,notify listen context...
18:51:49.346 [main] INFO  c.a.n.c.r.client - [printIfInfoEnabled,60] - [config-0-914c8d94-a5ef-41c9-ae54-81f7c10ec8e2]Register server push request handler:com.alibaba.nacos.common.remote.client.RpcClient$4
18:51:49.384 [main] INFO  c.a.n.c.c.i.Limiter - [<clinit>,54] - limitTime:5.0
18:51:49.396 [main] INFO  c.a.n.c.c.u.JvmUtil - [<clinit>,49] - isMultiInstance:false
18:51:49.425 [main] INFO  c.s.a.CFArchivesApplication - [logStartupProfileInfo,667] - The following profiles are active: prod
18:51:51.531 [main] INFO  o.a.c.h.Http11NioProtocol - [log,173] - Initializing ProtocolHandler ["http-nio-9400"]
18:51:51.532 [main] INFO  o.a.c.c.StandardService - [log,173] - Starting service [Tomcat]
18:51:51.532 [main] INFO  o.a.c.c.StandardEngine - [log,173] - Starting Servlet engine: [Apache Tomcat/9.0.46]
18:51:51.644 [main] INFO  o.a.c.c.C.[.[.[/] - [log,173] - Initializing Spring embedded WebApplicationContext
18:51:52.162 [main] INFO  c.a.d.p.DruidDataSource - [init,990] - {dataSource-1,master} inited
18:51:52.163 [main] INFO  c.b.d.d.DynamicRoutingDataSource - [addDataSource,144] - dynamic-datasource - add a datasource named [master] success
18:51:52.163 [main] INFO  c.b.d.d.DynamicRoutingDataSource - [afterPropertiesSet,235] - dynamic-datasource initial loaded [1] datasource,primary datasource named [master]
18:51:52.809 [main] INFO  c.a.c.s.SentinelWebAutoConfiguration - [addInterceptors,80] - [Sentinel Starter] register SentinelWebInterceptor with urlPatterns: [/**].
18:51:54.259 [main] INFO  c.a.n.client.naming - [call,65] - initializer namespace from System Property :null
18:51:54.259 [main] INFO  c.a.n.client.naming - [call,74] - initializer namespace from System Environment :null
18:51:54.260 [main] INFO  c.a.n.client.naming - [call,84] - initializer namespace from System Property :null
18:51:54.276 [main] INFO  c.a.n.c.r.client - [printIfInfoEnabled,60] - [f3195846-7cf4-4a83-af16-83992b5c8615]RpcClient init label, labels={module=naming, source=sdk}
18:51:54.276 [main] INFO  c.a.n.c.r.client - [printIfInfoEnabled,60] - [f3195846-7cf4-4a83-af16-83992b5c8615]RpcClient init, ServerListFactory =com.alibaba.nacos.client.naming.core.ServerListManager
18:51:54.277 [main] INFO  c.a.n.c.r.client - [printIfInfoEnabled,60] - [f3195846-7cf4-4a83-af16-83992b5c8615] Try to connect to server on start up, server: {serverIp='127.0.0.1', server main port=8848}
18:51:54.410 [main] INFO  c.a.n.c.r.client - [printIfInfoEnabled,60] - [f3195846-7cf4-4a83-af16-83992b5c8615] Success to connect to server [127.0.0.1:8848] on start up,connectionId=1711191114291_127.0.0.1_52211
18:51:54.410 [main] INFO  c.a.n.c.r.client - [printIfInfoEnabled,60] - [f3195846-7cf4-4a83-af16-83992b5c8615]Register server push request handler:com.alibaba.nacos.common.remote.client.RpcClient$ConnectResetRequestHandler
18:51:54.410 [main] INFO  c.a.n.c.r.client - [printIfInfoEnabled,60] - [f3195846-7cf4-4a83-af16-83992b5c8615]Register server push request handler:com.alibaba.nacos.common.remote.client.RpcClient$4
18:51:54.411 [main] INFO  c.a.n.c.r.client - [printIfInfoEnabled,60] - [f3195846-7cf4-4a83-af16-83992b5c8615]Register server push request handler:com.alibaba.nacos.client.naming.remote.gprc.NamingPushRequestHandler
18:51:54.411 [main] INFO  c.a.n.c.r.client - [printIfInfoEnabled,60] - [f3195846-7cf4-4a83-af16-83992b5c8615]Registry connection listener to current client:com.alibaba.nacos.client.naming.remote.gprc.NamingGrpcConnectionEventListener
18:51:54.695 [main] INFO  s.d.s.w.PropertySourcedRequestMappingHandlerMapping - [initHandlerMethods,69] - Mapped URL path [/v2/api-docs] onto method [springfox.documentation.swagger2.web.Swagger2Controller#getDocumentation(String, HttpServletRequest)]
18:51:57.016 [main] INFO  c.a.n.c.i.CredentialWatcher - [loadCredential,165] - null No credential found
18:51:57.027 [main] INFO  c.a.n.client.naming - [isChangedServiceInfo,167] - init new ips(0) service: DEFAULT_GROUP@@cf-archives@@DEFAULT -> []
18:51:57.034 [main] INFO  c.a.n.client.naming - [processServiceInfo,152] - current ips:(0) service: DEFAULT_GROUP@@cf-archives@@DEFAULT -> []
18:51:57.042 [main] INFO  o.a.c.h.Http11NioProtocol - [log,173] - Starting ProtocolHandler ["http-nio-9400"]
18:51:57.062 [main] INFO  c.a.n.client.naming - [registerService,97] - [REGISTER-SERVICE] public registering service cf-archives with instance Instance{instanceId='null', ip='192.168.194.32', port=9400, weight=1.0, healthy=true, enabled=true, ephemeral=true, clusterName='DEFAULT', serviceName='null', metadata={preserved.register.source=SPRING_CLOUD}}
18:51:57.070 [main] INFO  c.a.c.n.r.NacosServiceRegistry - [register,75] - nacos registry, DEFAULT_GROUP cf-archives 192.168.194.32:9400 register finished
18:51:57.574 [nacos-grpc-client-executor-7] INFO  c.a.n.c.r.client - [printIfInfoEnabled,60] - [f3195846-7cf4-4a83-af16-83992b5c8615]receive server push request,request=NotifySubscriberRequest,requestId=15
18:51:57.575 [nacos-grpc-client-executor-7] INFO  c.a.n.client.naming - [isChangedServiceInfo,167] - init new ips(1) service: DEFAULT_GROUP@@cf-archives -> [{"ip":"192.168.194.32","port":9400,"weight":1.0,"healthy":true,"enabled":true,"ephemeral":true,"clusterName":"DEFAULT","serviceName":"DEFAULT_GROUP@@cf-archives","metadata":{"preserved.register.source":"SPRING_CLOUD"},"ipDeleteTimeout":30000,"instanceHeartBeatInterval":5000,"instanceHeartBeatTimeOut":15000}]
18:51:57.576 [nacos-grpc-client-executor-7] INFO  c.a.n.client.naming - [processServiceInfo,152] - current ips:(1) service: DEFAULT_GROUP@@cf-archives -> [{"ip":"192.168.194.32","port":9400,"weight":1.0,"healthy":true,"enabled":true,"ephemeral":true,"clusterName":"DEFAULT","serviceName":"DEFAULT_GROUP@@cf-archives","metadata":{"preserved.register.source":"SPRING_CLOUD"},"ipDeleteTimeout":30000,"instanceHeartBeatInterval":5000,"instanceHeartBeatTimeOut":15000}]
18:51:57.583 [nacos-grpc-client-executor-7] INFO  c.a.n.c.r.client - [printIfInfoEnabled,60] - [f3195846-7cf4-4a83-af16-83992b5c8615]ack server push request,request=NotifySubscriberRequest,requestId=15
18:51:58.054 [com.alibaba.nacos.client.naming.updater.0] INFO  c.a.n.client.naming - [isChangedServiceInfo,221] - new ips(1) service: DEFAULT_GROUP@@cf-archives@@DEFAULT -> [{"ip":"192.168.194.32","port":9400,"weight":1.0,"healthy":true,"enabled":true,"ephemeral":true,"clusterName":"DEFAULT","serviceName":"DEFAULT_GROUP@@cf-archives","metadata":{"preserved.register.source":"SPRING_CLOUD"},"ipDeleteTimeout":30000,"instanceHeartBeatInterval":5000,"instanceHeartBeatTimeOut":15000}]
18:51:58.054 [com.alibaba.nacos.client.naming.updater.0] INFO  c.a.n.client.naming - [processServiceInfo,152] - current ips:(1) service: DEFAULT_GROUP@@cf-archives@@DEFAULT -> [{"ip":"192.168.194.32","port":9400,"weight":1.0,"healthy":true,"enabled":true,"ephemeral":true,"clusterName":"DEFAULT","serviceName":"DEFAULT_GROUP@@cf-archives","metadata":{"preserved.register.source":"SPRING_CLOUD"},"ipDeleteTimeout":30000,"instanceHeartBeatInterval":5000,"instanceHeartBeatTimeOut":15000}]
18:51:58.095 [main] INFO  s.d.s.w.p.DocumentationPluginsBootstrapper - [start,160] - Context refreshed
18:51:58.140 [main] INFO  s.d.s.w.p.DocumentationPluginsBootstrapper - [start,163] - Found 1 custom documentation plugin(s)
18:51:58.231 [main] INFO  s.d.s.w.s.ApiListingReferenceScanner - [scan,41] - Scanning for api listing references
18:51:58.530 [main] INFO  s.d.s.w.r.o.CachingOperationNameGenerator - [startingWith,40] - Generating unique operation named: addUsingPOST_1
18:51:58.540 [main] INFO  s.d.s.w.r.o.CachingOperationNameGenerator - [startingWith,40] - Generating unique operation named: editUsingPUT_1
18:51:58.572 [main] INFO  s.d.s.w.r.o.CachingOperationNameGenerator - [startingWith,40] - Generating unique operation named: exportUsingPOST_1
18:51:58.580 [main] INFO  s.d.s.w.r.o.CachingOperationNameGenerator - [startingWith,40] - Generating unique operation named: getInfoUsingGET_1
18:51:58.603 [main] INFO  s.d.s.w.r.o.CachingOperationNameGenerator - [startingWith,40] - Generating unique operation named: listUsingGET_1
18:51:58.607 [main] INFO  s.d.s.w.r.o.CachingOperationNameGenerator - [startingWith,40] - Generating unique operation named: removeUsingDELETE_1
18:51:58.624 [main] INFO  s.d.s.w.r.o.CachingOperationNameGenerator - [startingWith,40] - Generating unique operation named: addUsingPOST_2
18:51:58.627 [main] INFO  s.d.s.w.r.o.CachingOperationNameGenerator - [startingWith,40] - Generating unique operation named: editUsingPUT_2
18:51:58.635 [main] INFO  s.d.s.w.r.o.CachingOperationNameGenerator - [startingWith,40] - Generating unique operation named: exportUsingPOST_2
18:51:58.639 [main] INFO  s.d.s.w.r.o.CachingOperationNameGenerator - [startingWith,40] - Generating unique operation named: getInfoUsingGET_2
18:51:58.643 [main] INFO  s.d.s.w.r.o.CachingOperationNameGenerator - [startingWith,40] - Generating unique operation named: listUsingGET_2
18:51:58.646 [main] INFO  s.d.s.w.r.o.CachingOperationNameGenerator - [startingWith,40] - Generating unique operation named: removeUsingDELETE_2
18:51:58.676 [main] INFO  c.s.a.CFArchivesApplication - [logStarted,61] - Started CFArchivesApplication in 12.867 seconds (JVM running for 13.833)
18:51:58.696 [main] INFO  c.a.n.c.c.i.ClientWorker - [addCacheDataIfAbsent,346] - [config_rpc_client] [subscribe] cf-archives+DEFAULT_GROUP
18:51:58.697 [main] INFO  c.a.n.c.c.i.CacheData - [addListener,128] - [config_rpc_client] [add-listener] ok, tenant=, dataId=cf-archives, group=DEFAULT_GROUP, cnt=1
18:51:58.697 [main] INFO  c.a.n.c.c.i.ClientWorker - [addCacheDataIfAbsent,346] - [config_rpc_client] [subscribe] cf-archives.yml+DEFAULT_GROUP
18:51:58.697 [main] INFO  c.a.n.c.c.i.CacheData - [addListener,128] - [config_rpc_client] [add-listener] ok, tenant=, dataId=cf-archives.yml, group=DEFAULT_GROUP, cnt=1
18:51:58.699 [main] INFO  c.a.n.c.c.i.ClientWorker - [addCacheDataIfAbsent,346] - [config_rpc_client] [subscribe] cf-archives-prod.yml+DEFAULT_GROUP
18:51:58.699 [main] INFO  c.a.n.c.c.i.CacheData - [addListener,128] - [config_rpc_client] [add-listener] ok, tenant=, dataId=cf-archives-prod.yml, group=DEFAULT_GROUP, cnt=1
18:51:58.734 [http-nio-9400-exec-1] INFO  o.a.c.c.C.[.[.[/] - [log,173] - Initializing Spring DispatcherServlet 'dispatcherServlet'
