11:55:02.965 [main] ERROR c.a.n.c.r.client - [printIfErrorEnabled,99] - Send request fail, request=ConfigQueryRequest{headers={charset=UTF-8, exConfigInfo=true, Client-AppName=unknown, Client-RequestTS=1658721302815, Client-RequestToken=c202370d38a594153e0735a967d5a310, Timestamp=1658721302816, notify=false}, requestId='null'}, retryTimes=0,errorMessage=Client not connected,current status:STARTING
11:55:03.069 [main] ERROR c.a.n.c.r.client - [printIfErrorEnabled,99] - Send request fail, request=ConfigQueryRequest{headers={charset=UTF-8, exConfigInfo=true, Client-AppName=unknown, Client-RequestTS=1658721302815, Client-RequestToken=c202370d38a594153e0735a967d5a310, Timestamp=1658721302816, notify=false}, requestId='null'}, retryTimes=1,errorMessage=Client not connected,current status:STARTING
11:55:03.171 [main] ERROR c.a.n.c.r.client - [printIfErrorEnabled,99] - Send request fail, request=ConfigQueryRequest{headers={charset=UTF-8, exConfigInfo=true, Client-AppName=unknown, Client-RequestTS=1658721302815, Client-RequestToken=c202370d38a594153e0735a967d5a310, Timestamp=1658721302816, notify=false}, requestId='null'}, retryTimes=2,errorMessage=Client not connected,current status:STARTING
11:55:03.279 [main] ERROR c.a.n.c.r.client - [printIfErrorEnabled,99] - Send request fail, request=ConfigQueryRequest{headers={charset=UTF-8, exConfigInfo=true, Client-AppName=unknown, Client-RequestTS=1658721303179, Client-RequestToken=491936c849c51ed9bff076c995f5a7c9, Timestamp=1658721303179, notify=false}, requestId='null'}, retryTimes=0,errorMessage=Client not connected,current status:STARTING
11:55:03.380 [main] ERROR c.a.n.c.r.client - [printIfErrorEnabled,99] - Send request fail, request=ConfigQueryRequest{headers={charset=UTF-8, exConfigInfo=true, Client-AppName=unknown, Client-RequestTS=1658721303179, Client-RequestToken=491936c849c51ed9bff076c995f5a7c9, Timestamp=1658721303179, notify=false}, requestId='null'}, retryTimes=1,errorMessage=Client not connected,current status:STARTING
11:55:03.480 [main] ERROR c.a.n.c.r.client - [printIfErrorEnabled,99] - Send request fail, request=ConfigQueryRequest{headers={charset=UTF-8, exConfigInfo=true, Client-AppName=unknown, Client-RequestTS=1658721303179, Client-RequestToken=491936c849c51ed9bff076c995f5a7c9, Timestamp=1658721303179, notify=false}, requestId='null'}, retryTimes=2,errorMessage=Client not connected,current status:STARTING
11:55:03.582 [main] ERROR c.a.n.c.r.client - [printIfErrorEnabled,99] - Send request fail, request=ConfigQueryRequest{headers={charset=UTF-8, exConfigInfo=true, Client-AppName=unknown, Client-RequestTS=1658721303480, Client-RequestToken=078d05749488f9aad5149d806a586560, Timestamp=1658721303480, notify=false}, requestId='null'}, retryTimes=0,errorMessage=Client not connected,current status:STARTING
11:55:03.682 [main] ERROR c.a.n.c.r.client - [printIfErrorEnabled,99] - Send request fail, request=ConfigQueryRequest{headers={charset=UTF-8, exConfigInfo=true, Client-AppName=unknown, Client-RequestTS=1658721303480, Client-RequestToken=078d05749488f9aad5149d806a586560, Timestamp=1658721303480, notify=false}, requestId='null'}, retryTimes=1,errorMessage=Client not connected,current status:STARTING
11:55:03.783 [main] ERROR c.a.n.c.r.client - [printIfErrorEnabled,99] - Send request fail, request=ConfigQueryRequest{headers={charset=UTF-8, exConfigInfo=true, Client-AppName=unknown, Client-RequestTS=1658721303480, Client-RequestToken=078d05749488f9aad5149d806a586560, Timestamp=1658721303480, notify=false}, requestId='null'}, retryTimes=2,errorMessage=Client not connected,current status:STARTING
11:55:03.887 [main] ERROR c.a.n.c.r.client - [printIfErrorEnabled,99] - Send request fail, request=ConfigQueryRequest{headers={charset=UTF-8, exConfigInfo=true, Client-AppName=unknown, Client-RequestTS=1658721303785, Client-RequestToken=71b48736ec8e6768327a2a8af1c7704d, Timestamp=1658721303785, notify=false}, requestId='null'}, retryTimes=0,errorMessage=Client not connected,current status:STARTING
11:55:03.990 [main] ERROR c.a.n.c.r.client - [printIfErrorEnabled,99] - Send request fail, request=ConfigQueryRequest{headers={charset=UTF-8, exConfigInfo=true, Client-AppName=unknown, Client-RequestTS=1658721303785, Client-RequestToken=71b48736ec8e6768327a2a8af1c7704d, Timestamp=1658721303785, notify=false}, requestId='null'}, retryTimes=1,errorMessage=Client not connected,current status:STARTING
11:55:04.090 [main] ERROR c.a.n.c.r.client - [printIfErrorEnabled,99] - Send request fail, request=ConfigQueryRequest{headers={charset=UTF-8, exConfigInfo=true, Client-AppName=unknown, Client-RequestTS=1658721303785, Client-RequestToken=71b48736ec8e6768327a2a8af1c7704d, Timestamp=1658721303785, notify=false}, requestId='null'}, retryTimes=2,errorMessage=Client not connected,current status:STARTING
11:55:12.711 [main] ERROR c.a.n.c.r.client - [printIfErrorEnabled,99] - Send request fail, request=SubscribeServiceRequest{headers={app=unknown}, requestId='null'}, retryTimes=0,errorMessage=Client not connected,current status:STARTING
11:55:12.812 [main] ERROR c.a.n.c.r.client - [printIfErrorEnabled,99] - Send request fail, request=SubscribeServiceRequest{headers={app=unknown}, requestId='null'}, retryTimes=1,errorMessage=Client not connected,current status:STARTING
11:55:12.912 [main] ERROR c.a.n.c.r.client - [printIfErrorEnabled,99] - Send request fail, request=SubscribeServiceRequest{headers={app=unknown}, requestId='null'}, retryTimes=2,errorMessage=Client not connected,current status:STARTING
11:55:13.013 [main] ERROR c.a.c.n.d.NacosWatch - [start,127] - namingService subscribe failed, properties:NacosDiscoveryProperties{serverAddr='127.0.0.1:8848', endpoint='', namespace='', watchDelay=30000, logName='', service='ruoyi-auth', weight=1.0, clusterName='DEFAULT', group='DEFAULT_GROUP', namingLoadCacheAtStart='false', metadata={preserved.register.source=SPRING_CLOUD}, registerEnabled=true, ip='192.168.1.122', networkInterface='', port=-1, secure=false, accessKey='', secretKey='', heartBeatInterval=null, heartBeatTimeout=null, ipDeleteTimeout=null}
com.alibaba.nacos.api.exception.NacosException: Request nacos server failed: 
	at com.alibaba.nacos.client.naming.remote.gprc.NamingGrpcClientProxy.requestToServer(NamingGrpcClientProxy.java:213)
	at com.alibaba.nacos.client.naming.remote.gprc.NamingGrpcClientProxy.subscribe(NamingGrpcClientProxy.java:172)
	at com.alibaba.nacos.client.naming.remote.NamingClientProxyDelegate.subscribe(NamingClientProxyDelegate.java:146)
	at com.alibaba.nacos.client.naming.NacosNamingService.subscribe(NacosNamingService.java:387)
	at com.alibaba.cloud.nacos.discovery.NacosWatch.start(NacosWatch.java:123)
	at org.springframework.context.support.DefaultLifecycleProcessor.doStart(DefaultLifecycleProcessor.java:178)
	at org.springframework.context.support.DefaultLifecycleProcessor.access$200(DefaultLifecycleProcessor.java:54)
	at org.springframework.context.support.DefaultLifecycleProcessor$LifecycleGroup.start(DefaultLifecycleProcessor.java:356)
	at java.lang.Iterable.forEach(Iterable.java:75)
	at org.springframework.context.support.DefaultLifecycleProcessor.startBeans(DefaultLifecycleProcessor.java:155)
	at org.springframework.context.support.DefaultLifecycleProcessor.onRefresh(DefaultLifecycleProcessor.java:123)
	at org.springframework.context.support.AbstractApplicationContext.finishRefresh(AbstractApplicationContext.java:935)
	at org.springframework.context.support.AbstractApplicationContext.refresh(AbstractApplicationContext.java:586)
	at org.springframework.boot.web.servlet.context.ServletWebServerApplicationContext.refresh(ServletWebServerApplicationContext.java:145)
	at org.springframework.boot.SpringApplication.refresh(SpringApplication.java:758)
	at org.springframework.boot.SpringApplication.refreshContext(SpringApplication.java:438)
	at org.springframework.boot.SpringApplication.run(SpringApplication.java:337)
	at org.springframework.boot.SpringApplication.run(SpringApplication.java:1336)
	at org.springframework.boot.SpringApplication.run(SpringApplication.java:1325)
	at com.ruoyi.auth.CFAuthApplication.main(CFAuthApplication.java:19)
Caused by: com.alibaba.nacos.api.exception.NacosException: Client not connected,current status:STARTING
	at com.alibaba.nacos.common.remote.client.RpcClient.request(RpcClient.java:628)
	at com.alibaba.nacos.common.remote.client.RpcClient.request(RpcClient.java:608)
	at com.alibaba.nacos.client.naming.remote.gprc.NamingGrpcClientProxy.requestToServer(NamingGrpcClientProxy.java:203)
	... 19 common frames omitted
11:55:13.131 [main] ERROR c.a.n.c.r.client - [printIfErrorEnabled,99] - Send request fail, request=InstanceRequest{headers={app=unknown}, requestId='null'}, retryTimes=0,errorMessage=Client not connected,current status:STARTING
11:55:13.231 [main] ERROR c.a.n.c.r.client - [printIfErrorEnabled,99] - Send request fail, request=InstanceRequest{headers={app=unknown}, requestId='null'}, retryTimes=1,errorMessage=Client not connected,current status:STARTING
11:55:13.331 [main] ERROR c.a.n.c.r.client - [printIfErrorEnabled,99] - Send request fail, request=InstanceRequest{headers={app=unknown}, requestId='null'}, retryTimes=2,errorMessage=Client not connected,current status:STARTING
11:55:13.331 [main] ERROR c.a.c.n.r.NacosServiceRegistry - [register,79] - nacos registry, ruoyi-auth register failed...NacosRegistration{nacosDiscoveryProperties=NacosDiscoveryProperties{serverAddr='127.0.0.1:8848', endpoint='', namespace='', watchDelay=30000, logName='', service='ruoyi-auth', weight=1.0, clusterName='DEFAULT', group='DEFAULT_GROUP', namingLoadCacheAtStart='false', metadata={preserved.register.source=SPRING_CLOUD}, registerEnabled=true, ip='192.168.1.122', networkInterface='', port=9200, secure=false, accessKey='', secretKey='', heartBeatInterval=null, heartBeatTimeout=null, ipDeleteTimeout=null}},
com.alibaba.nacos.api.exception.NacosException: Request nacos server failed: 
	at com.alibaba.nacos.client.naming.remote.gprc.NamingGrpcClientProxy.requestToServer(NamingGrpcClientProxy.java:213)
	at com.alibaba.nacos.client.naming.remote.gprc.NamingGrpcClientProxy.registerService(NamingGrpcClientProxy.java:101)
	at com.alibaba.nacos.client.naming.remote.NamingClientProxyDelegate.registerService(NamingClientProxyDelegate.java:95)
	at com.alibaba.nacos.client.naming.NacosNamingService.registerInstance(NacosNamingService.java:139)
	at com.alibaba.cloud.nacos.registry.NacosServiceRegistry.register(NacosServiceRegistry.java:74)
	at org.springframework.cloud.client.serviceregistry.AbstractAutoServiceRegistration.register(AbstractAutoServiceRegistration.java:232)
	at com.alibaba.cloud.nacos.registry.NacosAutoServiceRegistration.register(NacosAutoServiceRegistration.java:78)
	at org.springframework.cloud.client.serviceregistry.AbstractAutoServiceRegistration.start(AbstractAutoServiceRegistration.java:133)
	at org.springframework.cloud.client.serviceregistry.AbstractAutoServiceRegistration.bind(AbstractAutoServiceRegistration.java:98)
	at org.springframework.cloud.client.serviceregistry.AbstractAutoServiceRegistration.onApplicationEvent(AbstractAutoServiceRegistration.java:86)
	at org.springframework.cloud.client.serviceregistry.AbstractAutoServiceRegistration.onApplicationEvent(AbstractAutoServiceRegistration.java:47)
	at org.springframework.context.event.SimpleApplicationEventMulticaster.doInvokeListener(SimpleApplicationEventMulticaster.java:176)
	at org.springframework.context.event.SimpleApplicationEventMulticaster.invokeListener(SimpleApplicationEventMulticaster.java:169)
	at org.springframework.context.event.SimpleApplicationEventMulticaster.multicastEvent(SimpleApplicationEventMulticaster.java:143)
	at org.springframework.context.support.AbstractApplicationContext.publishEvent(AbstractApplicationContext.java:421)
	at org.springframework.context.support.AbstractApplicationContext.publishEvent(AbstractApplicationContext.java:378)
	at org.springframework.boot.web.servlet.context.WebServerStartStopLifecycle.start(WebServerStartStopLifecycle.java:46)
	at org.springframework.context.support.DefaultLifecycleProcessor.doStart(DefaultLifecycleProcessor.java:178)
	at org.springframework.context.support.DefaultLifecycleProcessor.access$200(DefaultLifecycleProcessor.java:54)
	at org.springframework.context.support.DefaultLifecycleProcessor$LifecycleGroup.start(DefaultLifecycleProcessor.java:356)
	at java.lang.Iterable.forEach(Iterable.java:75)
	at org.springframework.context.support.DefaultLifecycleProcessor.startBeans(DefaultLifecycleProcessor.java:155)
	at org.springframework.context.support.DefaultLifecycleProcessor.onRefresh(DefaultLifecycleProcessor.java:123)
	at org.springframework.context.support.AbstractApplicationContext.finishRefresh(AbstractApplicationContext.java:935)
	at org.springframework.context.support.AbstractApplicationContext.refresh(AbstractApplicationContext.java:586)
	at org.springframework.boot.web.servlet.context.ServletWebServerApplicationContext.refresh(ServletWebServerApplicationContext.java:145)
	at org.springframework.boot.SpringApplication.refresh(SpringApplication.java:758)
	at org.springframework.boot.SpringApplication.refreshContext(SpringApplication.java:438)
	at org.springframework.boot.SpringApplication.run(SpringApplication.java:337)
	at org.springframework.boot.SpringApplication.run(SpringApplication.java:1336)
	at org.springframework.boot.SpringApplication.run(SpringApplication.java:1325)
	at com.ruoyi.auth.CFAuthApplication.main(CFAuthApplication.java:19)
Caused by: com.alibaba.nacos.api.exception.NacosException: Client not connected,current status:STARTING
	at com.alibaba.nacos.common.remote.client.RpcClient.request(RpcClient.java:628)
	at com.alibaba.nacos.common.remote.client.RpcClient.request(RpcClient.java:608)
	at com.alibaba.nacos.client.naming.remote.gprc.NamingGrpcClientProxy.requestToServer(NamingGrpcClientProxy.java:203)
	... 31 common frames omitted
11:55:13.823 [grpc-nio-worker-ELG-1-6] ERROR c.a.n.s.i.g.i.ManagedChannelImpl - [uncaughtException,153] - [Channel<69>: (127.0.0.1:9848)] Uncaught exception in the SynchronizationContext. Panic!
java.util.concurrent.RejectedExecutionException: Task com.alibaba.nacos.shaded.io.grpc.internal.DelayedClientTransport$5@4f084d36 rejected from java.util.concurrent.ThreadPoolExecutor@3e75c6ee[Terminated, pool size = 0, active threads = 0, queued tasks = 0, completed tasks = 8]
	at java.util.concurrent.ThreadPoolExecutor$AbortPolicy.rejectedExecution(ThreadPoolExecutor.java:2063)
	at java.util.concurrent.ThreadPoolExecutor.reject(ThreadPoolExecutor.java:830)
	at java.util.concurrent.ThreadPoolExecutor.execute(ThreadPoolExecutor.java:1379)
	at com.alibaba.nacos.shaded.io.grpc.internal.DelayedClientTransport.reprocess(DelayedClientTransport.java:297)
	at com.alibaba.nacos.shaded.io.grpc.internal.ManagedChannelImpl.updateSubchannelPicker(ManagedChannelImpl.java:802)
	at com.alibaba.nacos.shaded.io.grpc.internal.ManagedChannelImpl.access$4300(ManagedChannelImpl.java:106)
	at com.alibaba.nacos.shaded.io.grpc.internal.ManagedChannelImpl$LbHelperImpl$1UpdateBalancingState.run(ManagedChannelImpl.java:1115)
	at com.alibaba.nacos.shaded.io.grpc.SynchronizationContext.drain(SynchronizationContext.java:95)
	at com.alibaba.nacos.shaded.io.grpc.SynchronizationContext.execute(SynchronizationContext.java:127)
	at com.alibaba.nacos.shaded.io.grpc.internal.InternalSubchannel$TransportListener.transportShutdown(InternalSubchannel.java:535)
	at com.alibaba.nacos.shaded.io.grpc.netty.shaded.io.grpc.netty.ClientTransportLifecycleManager.notifyShutdown(ClientTransportLifecycleManager.java:53)
	at com.alibaba.nacos.shaded.io.grpc.netty.shaded.io.grpc.netty.ClientTransportLifecycleManager.notifyTerminated(ClientTransportLifecycleManager.java:69)
	at com.alibaba.nacos.shaded.io.grpc.netty.shaded.io.grpc.netty.NettyClientTransport$5.operationComplete(NettyClientTransport.java:287)
	at com.alibaba.nacos.shaded.io.grpc.netty.shaded.io.grpc.netty.NettyClientTransport$5.operationComplete(NettyClientTransport.java:281)
	at com.alibaba.nacos.shaded.io.grpc.netty.shaded.io.netty.util.concurrent.DefaultPromise.notifyListener0(DefaultPromise.java:500)
	at com.alibaba.nacos.shaded.io.grpc.netty.shaded.io.netty.util.concurrent.DefaultPromise.notifyListenersNow(DefaultPromise.java:474)
	at com.alibaba.nacos.shaded.io.grpc.netty.shaded.io.netty.util.concurrent.DefaultPromise.notifyListeners(DefaultPromise.java:413)
	at com.alibaba.nacos.shaded.io.grpc.netty.shaded.io.netty.util.concurrent.DefaultPromise.setValue0(DefaultPromise.java:538)
	at com.alibaba.nacos.shaded.io.grpc.netty.shaded.io.netty.util.concurrent.DefaultPromise.setFailure0(DefaultPromise.java:531)
	at com.alibaba.nacos.shaded.io.grpc.netty.shaded.io.netty.util.concurrent.DefaultPromise.setFailure(DefaultPromise.java:103)
	at com.alibaba.nacos.shaded.io.grpc.netty.shaded.io.netty.channel.DefaultChannelPromise.setFailure(DefaultChannelPromise.java:89)
	at com.alibaba.nacos.shaded.io.grpc.netty.shaded.io.grpc.netty.WriteBufferingAndExceptionHandler.failWrites(WriteBufferingAndExceptionHandler.java:236)
	at com.alibaba.nacos.shaded.io.grpc.netty.shaded.io.grpc.netty.WriteBufferingAndExceptionHandler.access$100(WriteBufferingAndExceptionHandler.java:43)
	at com.alibaba.nacos.shaded.io.grpc.netty.shaded.io.grpc.netty.WriteBufferingAndExceptionHandler$1ConnectListener.operationComplete(WriteBufferingAndExceptionHandler.java:145)
	at com.alibaba.nacos.shaded.io.grpc.netty.shaded.io.grpc.netty.WriteBufferingAndExceptionHandler$1ConnectListener.operationComplete(WriteBufferingAndExceptionHandler.java:141)
	at com.alibaba.nacos.shaded.io.grpc.netty.shaded.io.netty.util.concurrent.DefaultPromise.notifyListener0(DefaultPromise.java:500)
	at com.alibaba.nacos.shaded.io.grpc.netty.shaded.io.netty.util.concurrent.DefaultPromise.notifyListeners0(DefaultPromise.java:493)
	at com.alibaba.nacos.shaded.io.grpc.netty.shaded.io.netty.util.concurrent.DefaultPromise.notifyListenersNow(DefaultPromise.java:472)
	at com.alibaba.nacos.shaded.io.grpc.netty.shaded.io.netty.util.concurrent.DefaultPromise.notifyListeners(DefaultPromise.java:413)
	at com.alibaba.nacos.shaded.io.grpc.netty.shaded.io.netty.util.concurrent.DefaultPromise.setValue0(DefaultPromise.java:538)
	at com.alibaba.nacos.shaded.io.grpc.netty.shaded.io.netty.util.concurrent.DefaultPromise.setFailure0(DefaultPromise.java:531)
	at com.alibaba.nacos.shaded.io.grpc.netty.shaded.io.netty.util.concurrent.DefaultPromise.tryFailure(DefaultPromise.java:111)
	at com.alibaba.nacos.shaded.io.grpc.netty.shaded.io.netty.channel.nio.AbstractNioChannel$AbstractNioUnsafe.fulfillConnectPromise(AbstractNioChannel.java:323)
	at com.alibaba.nacos.shaded.io.grpc.netty.shaded.io.netty.channel.nio.AbstractNioChannel$AbstractNioUnsafe.finishConnect(AbstractNioChannel.java:339)
	at com.alibaba.nacos.shaded.io.grpc.netty.shaded.io.netty.channel.nio.NioEventLoop.processSelectedKey(NioEventLoop.java:685)
	at com.alibaba.nacos.shaded.io.grpc.netty.shaded.io.netty.channel.nio.NioEventLoop.processSelectedKeysOptimized(NioEventLoop.java:632)
	at com.alibaba.nacos.shaded.io.grpc.netty.shaded.io.netty.channel.nio.NioEventLoop.processSelectedKeys(NioEventLoop.java:549)
	at com.alibaba.nacos.shaded.io.grpc.netty.shaded.io.netty.channel.nio.NioEventLoop.run(NioEventLoop.java:511)
	at com.alibaba.nacos.shaded.io.grpc.netty.shaded.io.netty.util.concurrent.SingleThreadEventExecutor$5.run(SingleThreadEventExecutor.java:918)
	at com.alibaba.nacos.shaded.io.grpc.netty.shaded.io.netty.util.internal.ThreadExecutorMap$2.run(ThreadExecutorMap.java:74)
	at com.alibaba.nacos.shaded.io.grpc.netty.shaded.io.netty.util.concurrent.FastThreadLocalRunnable.run(FastThreadLocalRunnable.java:30)
	at java.lang.Thread.run(Thread.java:748)
11:55:14.261 [main] ERROR o.s.b.SpringApplication - [reportFailure,847] - Application run failed
org.springframework.context.ApplicationContextException: Failed to start bean 'webServerStartStop'; nested exception is java.lang.reflect.UndeclaredThrowableException
	at org.springframework.context.support.DefaultLifecycleProcessor.doStart(DefaultLifecycleProcessor.java:181)
	at org.springframework.context.support.DefaultLifecycleProcessor.access$200(DefaultLifecycleProcessor.java:54)
	at org.springframework.context.support.DefaultLifecycleProcessor$LifecycleGroup.start(DefaultLifecycleProcessor.java:356)
	at java.lang.Iterable.forEach(Iterable.java:75)
	at org.springframework.context.support.DefaultLifecycleProcessor.startBeans(DefaultLifecycleProcessor.java:155)
	at org.springframework.context.support.DefaultLifecycleProcessor.onRefresh(DefaultLifecycleProcessor.java:123)
	at org.springframework.context.support.AbstractApplicationContext.finishRefresh(AbstractApplicationContext.java:935)
	at org.springframework.context.support.AbstractApplicationContext.refresh(AbstractApplicationContext.java:586)
	at org.springframework.boot.web.servlet.context.ServletWebServerApplicationContext.refresh(ServletWebServerApplicationContext.java:145)
	at org.springframework.boot.SpringApplication.refresh(SpringApplication.java:758)
	at org.springframework.boot.SpringApplication.refreshContext(SpringApplication.java:438)
	at org.springframework.boot.SpringApplication.run(SpringApplication.java:337)
	at org.springframework.boot.SpringApplication.run(SpringApplication.java:1336)
	at org.springframework.boot.SpringApplication.run(SpringApplication.java:1325)
	at com.ruoyi.auth.CFAuthApplication.main(CFAuthApplication.java:19)
Caused by: java.lang.reflect.UndeclaredThrowableException: null
	at org.springframework.util.ReflectionUtils.rethrowRuntimeException(ReflectionUtils.java:147)
	at com.alibaba.cloud.nacos.registry.NacosServiceRegistry.register(NacosServiceRegistry.java:83)
	at org.springframework.cloud.client.serviceregistry.AbstractAutoServiceRegistration.register(AbstractAutoServiceRegistration.java:232)
	at com.alibaba.cloud.nacos.registry.NacosAutoServiceRegistration.register(NacosAutoServiceRegistration.java:78)
	at org.springframework.cloud.client.serviceregistry.AbstractAutoServiceRegistration.start(AbstractAutoServiceRegistration.java:133)
	at org.springframework.cloud.client.serviceregistry.AbstractAutoServiceRegistration.bind(AbstractAutoServiceRegistration.java:98)
	at org.springframework.cloud.client.serviceregistry.AbstractAutoServiceRegistration.onApplicationEvent(AbstractAutoServiceRegistration.java:86)
	at org.springframework.cloud.client.serviceregistry.AbstractAutoServiceRegistration.onApplicationEvent(AbstractAutoServiceRegistration.java:47)
	at org.springframework.context.event.SimpleApplicationEventMulticaster.doInvokeListener(SimpleApplicationEventMulticaster.java:176)
	at org.springframework.context.event.SimpleApplicationEventMulticaster.invokeListener(SimpleApplicationEventMulticaster.java:169)
	at org.springframework.context.event.SimpleApplicationEventMulticaster.multicastEvent(SimpleApplicationEventMulticaster.java:143)
	at org.springframework.context.support.AbstractApplicationContext.publishEvent(AbstractApplicationContext.java:421)
	at org.springframework.context.support.AbstractApplicationContext.publishEvent(AbstractApplicationContext.java:378)
	at org.springframework.boot.web.servlet.context.WebServerStartStopLifecycle.start(WebServerStartStopLifecycle.java:46)
	at org.springframework.context.support.DefaultLifecycleProcessor.doStart(DefaultLifecycleProcessor.java:178)
	... 14 common frames omitted
Caused by: com.alibaba.nacos.api.exception.NacosException: Request nacos server failed: 
	at com.alibaba.nacos.client.naming.remote.gprc.NamingGrpcClientProxy.requestToServer(NamingGrpcClientProxy.java:213)
	at com.alibaba.nacos.client.naming.remote.gprc.NamingGrpcClientProxy.registerService(NamingGrpcClientProxy.java:101)
	at com.alibaba.nacos.client.naming.remote.NamingClientProxyDelegate.registerService(NamingClientProxyDelegate.java:95)
	at com.alibaba.nacos.client.naming.NacosNamingService.registerInstance(NacosNamingService.java:139)
	at com.alibaba.cloud.nacos.registry.NacosServiceRegistry.register(NacosServiceRegistry.java:74)
	... 27 common frames omitted
Caused by: com.alibaba.nacos.api.exception.NacosException: Client not connected,current status:STARTING
	at com.alibaba.nacos.common.remote.client.RpcClient.request(RpcClient.java:628)
	at com.alibaba.nacos.common.remote.client.RpcClient.request(RpcClient.java:608)
	at com.alibaba.nacos.client.naming.remote.gprc.NamingGrpcClientProxy.requestToServer(NamingGrpcClientProxy.java:203)
	... 31 common frames omitted
11:55:15.909 [com.alibaba.nacos.client.remote.worker] ERROR c.a.n.c.r.client - [connectToServer,292] - [152616a9-9a72-439e-a40e-a1a783f40277]Fail to connect to server!,error={}
java.util.concurrent.RejectedExecutionException: Task com.alibaba.nacos.shaded.io.grpc.internal.SerializingExecutor@6b0fd861 rejected from java.util.concurrent.ThreadPoolExecutor@3e75c6ee[Terminated, pool size = 0, active threads = 0, queued tasks = 0, completed tasks = 8]
	at java.util.concurrent.ThreadPoolExecutor$AbortPolicy.rejectedExecution(ThreadPoolExecutor.java:2063)
	at java.util.concurrent.ThreadPoolExecutor.reject(ThreadPoolExecutor.java:830)
	at java.util.concurrent.ThreadPoolExecutor.execute(ThreadPoolExecutor.java:1379)
	at com.alibaba.nacos.shaded.io.grpc.internal.SerializingExecutor.schedule(SerializingExecutor.java:93)
	at com.alibaba.nacos.shaded.io.grpc.internal.SerializingExecutor.execute(SerializingExecutor.java:86)
	at com.alibaba.nacos.shaded.io.grpc.internal.ClientCallImpl$ClientStreamListenerImpl.closedInternal(ClientCallImpl.java:696)
	at com.alibaba.nacos.shaded.io.grpc.internal.ClientCallImpl$ClientStreamListenerImpl.closed(ClientCallImpl.java:646)
	at com.alibaba.nacos.shaded.io.grpc.internal.ClientCallImpl$ClientStreamListenerImpl.closed(ClientCallImpl.java:639)
	at com.alibaba.nacos.shaded.io.grpc.internal.DelayedStream.cancel(DelayedStream.java:302)
	at com.alibaba.nacos.shaded.io.grpc.internal.DelayedClientTransport$PendingStream.cancel(DelayedClientTransport.java:363)
	at com.alibaba.nacos.shaded.io.grpc.internal.DelayedClientTransport.shutdownNow(DelayedClientTransport.java:241)
	at com.alibaba.nacos.shaded.io.grpc.internal.ManagedChannelImpl$UncommittedRetriableStreamsRegistry.onShutdownNow(ManagedChannelImpl.java:1021)
	at com.alibaba.nacos.shaded.io.grpc.internal.ManagedChannelImpl.shutdownNow(ManagedChannelImpl.java:752)
	at com.alibaba.nacos.shaded.io.grpc.internal.ManagedChannelImpl.shutdownNow(ManagedChannelImpl.java:105)
	at com.alibaba.nacos.shaded.io.grpc.internal.ForwardingManagedChannel.shutdownNow(ForwardingManagedChannel.java:52)
	at com.alibaba.nacos.shaded.io.grpc.internal.ManagedChannelOrphanWrapper.shutdownNow(ManagedChannelOrphanWrapper.java:66)
	at com.alibaba.nacos.common.remote.client.grpc.GrpcClient.shuntDownChannel(GrpcClient.java:123)
	at com.alibaba.nacos.common.remote.client.grpc.GrpcClient.connectToServer(GrpcClient.java:263)
	at com.alibaba.nacos.common.remote.client.RpcClient.reconnect(RpcClient.java:501)
	at com.alibaba.nacos.common.remote.client.RpcClient$3.run(RpcClient.java:337)
	at java.util.concurrent.Executors$RunnableAdapter.call(Executors.java:511)
	at java.util.concurrent.FutureTask.run(FutureTask.java:266)
	at java.util.concurrent.ScheduledThreadPoolExecutor$ScheduledFutureTask.access$201(ScheduledThreadPoolExecutor.java:180)
	at java.util.concurrent.ScheduledThreadPoolExecutor$ScheduledFutureTask.run(ScheduledThreadPoolExecutor.java:293)
	at java.util.concurrent.ThreadPoolExecutor.runWorker(ThreadPoolExecutor.java:1149)
	at java.util.concurrent.ThreadPoolExecutor$Worker.run(ThreadPoolExecutor.java:624)
	at java.lang.Thread.run(Thread.java:748)
15:14:22.567 [nacos-grpc-client-executor-2400] ERROR c.a.n.c.r.client - [printIfErrorEnabled,99] - [1658721387607_127.0.0.1_63686]Request stream error, switch server,error={}
com.alibaba.nacos.shaded.io.grpc.StatusRuntimeException: UNAVAILABLE: io exception
	at com.alibaba.nacos.shaded.io.grpc.Status.asRuntimeException(Status.java:533)
	at com.alibaba.nacos.shaded.io.grpc.stub.ClientCalls$StreamObserverToCallListenerAdapter.onClose(ClientCalls.java:442)
	at com.alibaba.nacos.shaded.io.grpc.PartialForwardingClientCallListener.onClose(PartialForwardingClientCallListener.java:39)
	at com.alibaba.nacos.shaded.io.grpc.ForwardingClientCallListener.onClose(ForwardingClientCallListener.java:23)
	at com.alibaba.nacos.shaded.io.grpc.ForwardingClientCallListener$SimpleForwardingClientCallListener.onClose(ForwardingClientCallListener.java:40)
	at com.alibaba.nacos.shaded.io.grpc.internal.CensusStatsModule$StatsClientInterceptor$1$1.onClose(CensusStatsModule.java:700)
	at com.alibaba.nacos.shaded.io.grpc.PartialForwardingClientCallListener.onClose(PartialForwardingClientCallListener.java:39)
	at com.alibaba.nacos.shaded.io.grpc.ForwardingClientCallListener.onClose(ForwardingClientCallListener.java:23)
	at com.alibaba.nacos.shaded.io.grpc.ForwardingClientCallListener$SimpleForwardingClientCallListener.onClose(ForwardingClientCallListener.java:40)
	at com.alibaba.nacos.shaded.io.grpc.internal.CensusTracingModule$TracingClientInterceptor$1$1.onClose(CensusTracingModule.java:399)
	at com.alibaba.nacos.shaded.io.grpc.internal.ClientCallImpl.closeObserver(ClientCallImpl.java:510)
	at com.alibaba.nacos.shaded.io.grpc.internal.ClientCallImpl.access$300(ClientCallImpl.java:66)
	at com.alibaba.nacos.shaded.io.grpc.internal.ClientCallImpl$ClientStreamListenerImpl.close(ClientCallImpl.java:630)
	at com.alibaba.nacos.shaded.io.grpc.internal.ClientCallImpl$ClientStreamListenerImpl.access$700(ClientCallImpl.java:518)
	at com.alibaba.nacos.shaded.io.grpc.internal.ClientCallImpl$ClientStreamListenerImpl$1StreamClosed.runInternal(ClientCallImpl.java:692)
	at com.alibaba.nacos.shaded.io.grpc.internal.ClientCallImpl$ClientStreamListenerImpl$1StreamClosed.runInContext(ClientCallImpl.java:681)
	at com.alibaba.nacos.shaded.io.grpc.internal.ContextRunnable.run(ContextRunnable.java:37)
	at com.alibaba.nacos.shaded.io.grpc.internal.SerializingExecutor.run(SerializingExecutor.java:123)
	at java.util.concurrent.ThreadPoolExecutor.runWorker(ThreadPoolExecutor.java:1149)
	at java.util.concurrent.ThreadPoolExecutor$Worker.run(ThreadPoolExecutor.java:624)
	at java.lang.Thread.run(Thread.java:748)
Caused by: java.io.IOException: 远程主机强迫关闭了一个现有的连接。
	at sun.nio.ch.SocketDispatcher.read0(Native Method)
	at sun.nio.ch.SocketDispatcher.read(SocketDispatcher.java:43)
	at sun.nio.ch.IOUtil.readIntoNativeBuffer(IOUtil.java:223)
	at sun.nio.ch.IOUtil.read(IOUtil.java:192)
	at sun.nio.ch.SocketChannelImpl.read(SocketChannelImpl.java:380)
	at com.alibaba.nacos.shaded.io.grpc.netty.shaded.io.netty.buffer.PooledByteBuf.setBytes(PooledByteBuf.java:247)
	at com.alibaba.nacos.shaded.io.grpc.netty.shaded.io.netty.buffer.AbstractByteBuf.writeBytes(AbstractByteBuf.java:1140)
	at com.alibaba.nacos.shaded.io.grpc.netty.shaded.io.netty.channel.socket.nio.NioSocketChannel.doReadBytes(NioSocketChannel.java:347)
	at com.alibaba.nacos.shaded.io.grpc.netty.shaded.io.netty.channel.nio.AbstractNioByteChannel$NioByteUnsafe.read(AbstractNioByteChannel.java:148)
	at com.alibaba.nacos.shaded.io.grpc.netty.shaded.io.netty.channel.nio.NioEventLoop.processSelectedKey(NioEventLoop.java:697)
	at com.alibaba.nacos.shaded.io.grpc.netty.shaded.io.netty.channel.nio.NioEventLoop.processSelectedKeysOptimized(NioEventLoop.java:632)
	at com.alibaba.nacos.shaded.io.grpc.netty.shaded.io.netty.channel.nio.NioEventLoop.processSelectedKeys(NioEventLoop.java:549)
	at com.alibaba.nacos.shaded.io.grpc.netty.shaded.io.netty.channel.nio.NioEventLoop.run(NioEventLoop.java:511)
	at com.alibaba.nacos.shaded.io.grpc.netty.shaded.io.netty.util.concurrent.SingleThreadEventExecutor$5.run(SingleThreadEventExecutor.java:918)
	at com.alibaba.nacos.shaded.io.grpc.netty.shaded.io.netty.util.internal.ThreadExecutorMap$2.run(ThreadExecutorMap.java:74)
	at com.alibaba.nacos.shaded.io.grpc.netty.shaded.io.netty.util.concurrent.FastThreadLocalRunnable.run(FastThreadLocalRunnable.java:30)
	... 1 common frames omitted
15:14:22.567 [nacos-grpc-client-executor-2400] ERROR c.a.n.c.r.client - [printIfErrorEnabled,99] - [1658721384232_127.0.0.1_63665]Request stream error, switch server,error={}
com.alibaba.nacos.shaded.io.grpc.StatusRuntimeException: UNAVAILABLE: io exception
	at com.alibaba.nacos.shaded.io.grpc.Status.asRuntimeException(Status.java:533)
	at com.alibaba.nacos.shaded.io.grpc.stub.ClientCalls$StreamObserverToCallListenerAdapter.onClose(ClientCalls.java:442)
	at com.alibaba.nacos.shaded.io.grpc.PartialForwardingClientCallListener.onClose(PartialForwardingClientCallListener.java:39)
	at com.alibaba.nacos.shaded.io.grpc.ForwardingClientCallListener.onClose(ForwardingClientCallListener.java:23)
	at com.alibaba.nacos.shaded.io.grpc.ForwardingClientCallListener$SimpleForwardingClientCallListener.onClose(ForwardingClientCallListener.java:40)
	at com.alibaba.nacos.shaded.io.grpc.internal.CensusStatsModule$StatsClientInterceptor$1$1.onClose(CensusStatsModule.java:700)
	at com.alibaba.nacos.shaded.io.grpc.PartialForwardingClientCallListener.onClose(PartialForwardingClientCallListener.java:39)
	at com.alibaba.nacos.shaded.io.grpc.ForwardingClientCallListener.onClose(ForwardingClientCallListener.java:23)
	at com.alibaba.nacos.shaded.io.grpc.ForwardingClientCallListener$SimpleForwardingClientCallListener.onClose(ForwardingClientCallListener.java:40)
	at com.alibaba.nacos.shaded.io.grpc.internal.CensusTracingModule$TracingClientInterceptor$1$1.onClose(CensusTracingModule.java:399)
	at com.alibaba.nacos.shaded.io.grpc.internal.ClientCallImpl.closeObserver(ClientCallImpl.java:510)
	at com.alibaba.nacos.shaded.io.grpc.internal.ClientCallImpl.access$300(ClientCallImpl.java:66)
	at com.alibaba.nacos.shaded.io.grpc.internal.ClientCallImpl$ClientStreamListenerImpl.close(ClientCallImpl.java:630)
	at com.alibaba.nacos.shaded.io.grpc.internal.ClientCallImpl$ClientStreamListenerImpl.access$700(ClientCallImpl.java:518)
	at com.alibaba.nacos.shaded.io.grpc.internal.ClientCallImpl$ClientStreamListenerImpl$1StreamClosed.runInternal(ClientCallImpl.java:692)
	at com.alibaba.nacos.shaded.io.grpc.internal.ClientCallImpl$ClientStreamListenerImpl$1StreamClosed.runInContext(ClientCallImpl.java:681)
	at com.alibaba.nacos.shaded.io.grpc.internal.ContextRunnable.run(ContextRunnable.java:37)
	at com.alibaba.nacos.shaded.io.grpc.internal.SerializingExecutor.run(SerializingExecutor.java:123)
	at java.util.concurrent.ThreadPoolExecutor.runWorker(ThreadPoolExecutor.java:1149)
	at java.util.concurrent.ThreadPoolExecutor$Worker.run(ThreadPoolExecutor.java:624)
	at java.lang.Thread.run(Thread.java:748)
Caused by: java.io.IOException: 远程主机强迫关闭了一个现有的连接。
	at sun.nio.ch.SocketDispatcher.read0(Native Method)
	at sun.nio.ch.SocketDispatcher.read(SocketDispatcher.java:43)
	at sun.nio.ch.IOUtil.readIntoNativeBuffer(IOUtil.java:223)
	at sun.nio.ch.IOUtil.read(IOUtil.java:192)
	at sun.nio.ch.SocketChannelImpl.read(SocketChannelImpl.java:380)
	at com.alibaba.nacos.shaded.io.grpc.netty.shaded.io.netty.buffer.PooledByteBuf.setBytes(PooledByteBuf.java:247)
	at com.alibaba.nacos.shaded.io.grpc.netty.shaded.io.netty.buffer.AbstractByteBuf.writeBytes(AbstractByteBuf.java:1140)
	at com.alibaba.nacos.shaded.io.grpc.netty.shaded.io.netty.channel.socket.nio.NioSocketChannel.doReadBytes(NioSocketChannel.java:347)
	at com.alibaba.nacos.shaded.io.grpc.netty.shaded.io.netty.channel.nio.AbstractNioByteChannel$NioByteUnsafe.read(AbstractNioByteChannel.java:148)
	at com.alibaba.nacos.shaded.io.grpc.netty.shaded.io.netty.channel.nio.NioEventLoop.processSelectedKey(NioEventLoop.java:697)
	at com.alibaba.nacos.shaded.io.grpc.netty.shaded.io.netty.channel.nio.NioEventLoop.processSelectedKeysOptimized(NioEventLoop.java:632)
	at com.alibaba.nacos.shaded.io.grpc.netty.shaded.io.netty.channel.nio.NioEventLoop.processSelectedKeys(NioEventLoop.java:549)
	at com.alibaba.nacos.shaded.io.grpc.netty.shaded.io.netty.channel.nio.NioEventLoop.run(NioEventLoop.java:511)
	at com.alibaba.nacos.shaded.io.grpc.netty.shaded.io.netty.util.concurrent.SingleThreadEventExecutor$5.run(SingleThreadEventExecutor.java:918)
	at com.alibaba.nacos.shaded.io.grpc.netty.shaded.io.netty.util.internal.ThreadExecutorMap$2.run(ThreadExecutorMap.java:74)
	at com.alibaba.nacos.shaded.io.grpc.netty.shaded.io.netty.util.concurrent.FastThreadLocalRunnable.run(FastThreadLocalRunnable.java:30)
	... 1 common frames omitted
