00:42:11.719 [boundedElastic-1] ERROR c.r.g.h.GatewayExceptionHandler - [handle,56] - [网关异常处理]请求路径:/reservoir/reservoirInfo/getCurrentInfo,异常信息:503 SERVICE_UNAVAILABLE "Unable to find instance for cf-reservoir"
00:42:21.061 [boundedElastic-1] ERROR c.r.g.h.GatewayExceptionHandler - [handle,56] - [网关异常处理]请求路径:/reservoir/planEdit/getUserList,异常信息:503 SERVICE_UNAVAILABLE "Unable to find instance for cf-reservoir"
00:42:21.069 [boundedElastic-1] ERROR c.r.g.h.GatewayExceptionHandler - [handle,56] - [网关异常处理]请求路径:/reservoir/report/list,异常信息:503 SERVICE_UNAVAILABLE "Unable to find instance for cf-reservoir"
00:42:32.491 [boundedElastic-1] ERROR c.r.g.h.GatewayExceptionHandler - [handle,56] - [网关异常处理]请求路径:/reservoir/reinforcement/latelyReinforcement,异常信息:503 SERVICE_UNAVAILABLE "Unable to find instance for cf-reservoir"
00:42:32.495 [boundedElastic-1] ERROR c.r.g.h.GatewayExceptionHandler - [handle,56] - [网关异常处理]请求路径:/reservoir/reinforcement/getDictByType,异常信息:503 SERVICE_UNAVAILABLE "Unable to find instance for cf-reservoir"
00:42:32.495 [boundedElastic-3] ERROR c.r.g.h.GatewayExceptionHandler - [handle,56] - [网关异常处理]请求路径:/reservoir/reinforcement/list,异常信息:503 SERVICE_UNAVAILABLE "Unable to find instance for cf-reservoir"
00:42:32.498 [boundedElastic-1] ERROR c.r.g.h.GatewayExceptionHandler - [handle,56] - [网关异常处理]请求路径:/reservoir/planEdit/getUserList,异常信息:503 SERVICE_UNAVAILABLE "Unable to find instance for cf-reservoir"
00:42:34.258 [boundedElastic-1] ERROR c.r.g.h.GatewayExceptionHandler - [handle,56] - [网关异常处理]请求路径:/reservoir/appraisal/getDictByType,异常信息:503 SERVICE_UNAVAILABLE "Unable to find instance for cf-reservoir"
00:42:34.261 [boundedElastic-1] ERROR c.r.g.h.GatewayExceptionHandler - [handle,56] - [网关异常处理]请求路径:/reservoir/appraisal/list,异常信息:503 SERVICE_UNAVAILABLE "Unable to find instance for cf-reservoir"
00:42:34.261 [boundedElastic-3] ERROR c.r.g.h.GatewayExceptionHandler - [handle,56] - [网关异常处理]请求路径:/reservoir/appraisal/latelySafetyAppraisal,异常信息:503 SERVICE_UNAVAILABLE "Unable to find instance for cf-reservoir"
00:42:34.263 [boundedElastic-1] ERROR c.r.g.h.GatewayExceptionHandler - [handle,56] - [网关异常处理]请求路径:/reservoir/planEdit/getUserList,异常信息:503 SERVICE_UNAVAILABLE "Unable to find instance for cf-reservoir"
00:42:35.274 [boundedElastic-1] ERROR c.r.g.h.GatewayExceptionHandler - [handle,56] - [网关异常处理]请求路径:/reservoir/cancellation/getLatelyCancellation,异常信息:503 SERVICE_UNAVAILABLE "Unable to find instance for cf-reservoir"
00:42:35.578 [boundedElastic-1] ERROR c.r.g.h.GatewayExceptionHandler - [handle,56] - [网关异常处理]请求路径:/reservoir/cancellation/list,异常信息:503 SERVICE_UNAVAILABLE "Unable to find instance for cf-reservoir"
00:42:35.580 [boundedElastic-1] ERROR c.r.g.h.GatewayExceptionHandler - [handle,56] - [网关异常处理]请求路径:/reservoir/cancellation/getDictByType,异常信息:503 SERVICE_UNAVAILABLE "Unable to find instance for cf-reservoir"
00:42:37.081 [boundedElastic-1] ERROR c.r.g.h.GatewayExceptionHandler - [handle,56] - [网关异常处理]请求路径:/reservoir/training/queryDataDictionary,异常信息:503 SERVICE_UNAVAILABLE "Unable to find instance for cf-reservoir"
00:42:37.084 [boundedElastic-1] ERROR c.r.g.h.GatewayExceptionHandler - [handle,56] - [网关异常处理]请求路径:/reservoir/information/list,异常信息:503 SERVICE_UNAVAILABLE "Unable to find instance for cf-reservoir"
00:42:37.087 [boundedElastic-1] ERROR c.r.g.h.GatewayExceptionHandler - [handle,56] - [网关异常处理]请求路径:/reservoir/information/list,异常信息:503 SERVICE_UNAVAILABLE "Unable to find instance for cf-reservoir"
00:42:37.091 [boundedElastic-3] ERROR c.r.g.h.GatewayExceptionHandler - [handle,56] - [网关异常处理]请求路径:/reservoir/cancellation/getDictByType,异常信息:503 SERVICE_UNAVAILABLE "Unable to find instance for cf-reservoir"
00:42:38.702 [boundedElastic-2] ERROR c.r.g.h.GatewayExceptionHandler - [handle,56] - [网关异常处理]请求路径:/reservoir/border/getLabelList,异常信息:503 SERVICE_UNAVAILABLE "Unable to find instance for cf-reservoir"
00:50:57.037 [boundedElastic-1] ERROR c.r.g.h.GatewayExceptionHandler - [handle,56] - [网关异常处理]请求路径:/archives/archives/list,异常信息:503 SERVICE_UNAVAILABLE "Unable to find instance for cf-archives"
00:50:57.037 [boundedElastic-2] ERROR c.r.g.h.GatewayExceptionHandler - [handle,56] - [网关异常处理]请求路径:/archives/archives/initArchivesForm,异常信息:503 SERVICE_UNAVAILABLE "Unable to find instance for cf-archives"
00:50:57.057 [boundedElastic-5] ERROR c.r.g.h.GatewayExceptionHandler - [handle,56] - [网关异常处理]请求路径:/archives/archivesType/treeselect,异常信息:503 SERVICE_UNAVAILABLE "Unable to find instance for cf-archives"
